[0.010s] Invoking command in '/home/tasl/autoware.auto-ros-bridge/build/autoware_ros_bridge_carla': CMAKE_PREFIX_PATH=/home/tasl/autoware.auto-ros-bridge/install/autoware_control_msgs:/home/tasl/autoware.auto-ros-bridge/install/autoware_auto_control_msgs:/home/tasl/autoware.auto-ros-bridge/install/autoware_ros_bridge_carla:/opt/ros/foxy /usr/bin/cmake --build /home/tasl/autoware.auto-ros-bridge/build/autoware_ros_bridge_carla -- -j16 -l16
[0.036s] [35m[1mScanning dependencies of target sender[0m
[0.043s] [ 33%] Built target jsontest
[0.049s] [ 66%] Built target listener
[0.063s] [ 83%] [32mBuilding CXX object CMakeFiles/sender.dir/src/controlCommandForwarding.cpp.o[0m
[0.981s] [01m[K/home/tasl/autoware.auto-ros-bridge/autoware_ros_bridge_carla/src/controlCommandForwarding.cpp:[m[K In function ‘[01m[Kint main(int, char**)[m[K’:
[0.982s] [01m[K/home/tasl/autoware.auto-ros-bridge/autoware_ros_bridge_carla/src/controlCommandForwarding.cpp:109:48:[m[K [01;31m[Kerror: [m[Kcannot convert ‘[01m[Krapidjson::GenericValue<rapidjson::UTF8<> >[m[K’ to ‘[01m[Kackermann_msgs::msg::AckermannDrive_<std::allocator<void> >::_steering_angle_type[m[K’ {aka ‘[01m[Kfloat[m[K’} in assignment
[0.982s]   109 |     message.steering_angle = d["steering_angle"[01;31m[K][m[K;
[0.982s]       |                                                [01;31m[K^[m[K
[0.982s] [01m[K/home/tasl/autoware.auto-ros-bridge/autoware_ros_bridge_carla/src/controlCommandForwarding.cpp:110:66:[m[K [01;31m[Kerror: [m[Kcannot convert ‘[01m[Krapidjson::GenericValue<rapidjson::UTF8<> >[m[K’ to ‘[01m[Kackermann_msgs::msg::AckermannDrive_<std::allocator<void> >::_steering_angle_velocity_type[m[K’ {aka ‘[01m[Kfloat[m[K’} in assignment
[0.982s]   110 |     message.steering_angle_velocity = d["steering_angle_velocity"[01;31m[K][m[K;
[0.982s]       |                                                                  [01;31m[K^[m[K
[0.982s] [01m[K/home/tasl/autoware.auto-ros-bridge/autoware_ros_bridge_carla/src/controlCommandForwarding.cpp:111:30:[m[K [01;31m[Kerror: [m[Kcannot convert ‘[01m[Krapidjson::GenericValue<rapidjson::UTF8<> >[m[K’ to ‘[01m[Kackermann_msgs::msg::AckermannDrive_<std::allocator<void> >::_speed_type[m[K’ {aka ‘[01m[Kfloat[m[K’} in assignment
[0.982s]   111 |     message.speed = d["speed"[01;31m[K][m[K;
[0.982s]       |                              [01;31m[K^[m[K
[0.982s] [01m[K/home/tasl/autoware.auto-ros-bridge/autoware_ros_bridge_carla/src/controlCommandForwarding.cpp:112:44:[m[K [01;31m[Kerror: [m[Kcannot convert ‘[01m[Krapidjson::GenericValue<rapidjson::UTF8<> >[m[K’ to ‘[01m[Kackermann_msgs::msg::AckermannDrive_<std::allocator<void> >::_acceleration_type[m[K’ {aka ‘[01m[Kfloat[m[K’} in assignment
[0.982s]   112 |     message.acceleration = d["acceleration"[01;31m[K][m[K;
[0.982s]       |                                            [01;31m[K^[m[K
[0.982s] [01m[K/home/tasl/autoware.auto-ros-bridge/autoware_ros_bridge_carla/src/controlCommandForwarding.cpp:113:28:[m[K [01;31m[Kerror: [m[Kcannot convert ‘[01m[Krapidjson::GenericValue<rapidjson::UTF8<> >[m[K’ to ‘[01m[Kackermann_msgs::msg::AckermannDrive_<std::allocator<void> >::_jerk_type[m[K’ {aka ‘[01m[Kfloat[m[K’} in assignment
[0.982s]   113 |     message.jerk = d["jerk"[01;31m[K][m[K;
[0.983s]       |                            [01;31m[K^[m[K
[0.983s] [01m[K/home/tasl/autoware.auto-ros-bridge/autoware_ros_bridge_carla/src/controlCommandForwarding.cpp:115:5:[m[K [01;31m[Kerror: [m[K‘[01m[Kpublisher_[m[K’ was not declared in this scope; did you mean ‘[01m[Krcl_publisher_t[m[K’?
[0.984s]   115 |     [01;31m[Kpublisher_[m[K->publish(message);
[0.984s]       |     [01;31m[K^~~~~~~~~~[m[K
[0.984s]       |     [32m[Krcl_publisher_t[m[K
[0.984s] [01m[K/home/tasl/autoware.auto-ros-bridge/autoware_ros_bridge_carla/src/controlCommandForwarding.cpp:83:7:[m[K [01;35m[Kwarning: [m[Kunused variable ‘[01m[Ksend_num[m[K’ [[01;35m[K-Wunused-variable[m[K]
[0.984s]    83 |   int [01;35m[Ksend_num[m[K;
[0.984s]       |       [01;35m[K^~~~~~~~[m[K
[0.984s] [01m[K/home/tasl/autoware.auto-ros-bridge/autoware_ros_bridge_carla/src/controlCommandForwarding.cpp:84:8:[m[K [01;35m[Kwarning: [m[Kunused variable ‘[01m[Ksend_buf[m[K’ [[01;35m[K-Wunused-variable[m[K]
[0.984s]    84 |   char [01;35m[Ksend_buf[m[K[20] = "i am server!";
[0.984s]       |        [01;35m[K^~~~~~~~[m[K
[1.575s] make[2]: *** [CMakeFiles/sender.dir/build.make:63: CMakeFiles/sender.dir/src/controlCommandForwarding.cpp.o] Error 1
[1.575s] make[1]: *** [CMakeFiles/Makefile2:82: CMakeFiles/sender.dir/all] Error 2
[1.576s] make: *** [Makefile:141: all] Error 2
[1.579s] Invoked command in '/home/tasl/autoware.auto-ros-bridge/build/autoware_ros_bridge_carla' returned '2': CMAKE_PREFIX_PATH=/home/tasl/autoware.auto-ros-bridge/install/autoware_control_msgs:/home/tasl/autoware.auto-ros-bridge/install/autoware_auto_control_msgs:/home/tasl/autoware.auto-ros-bridge/install/autoware_ros_bridge_carla:/opt/ros/foxy /usr/bin/cmake --build /home/tasl/autoware.auto-ros-bridge/build/autoware_ros_bridge_carla -- -j16 -l16
