[0.013s] Invoking command in '/home/tasl/autoware.universe-carla-ros-bridge/build/autoware_ros_bridge_carla': CMAKE_PREFIX_PATH=/opt/ros/galactic:/home/tasl/autoware.universe-carla-ros-bridge/install/carla_msgs:/home/tasl/autoware.universe-carla-ros-bridge/install/autoware_auto_vehicle_msgs:/home/tasl/autoware.universe-carla-ros-bridge/install/autoware_auto_control_msgs:/home/tasl/autoware.universe-carla-ros-bridge/install/autoware_ros_bridge_carla LD_LIBRARY_PATH=/home/tasl/autoware.universe-carla-ros-bridge/install/carla_msgs/lib:/home/tasl/autoware.universe-carla-ros-bridge/install/autoware_auto_vehicle_msgs/lib:/home/tasl/autoware.universe-carla-ros-bridge/install/autoware_auto_control_msgs/lib:/opt/ros/galactic/opt/yaml_cpp_vendor/lib:/opt/ros/galactic/opt/rviz_ogre_vendor/lib:/opt/ros/galactic/lib/x86_64-linux-gnu:/opt/ros/galactic/lib PYTHONPATH=/home/tasl/autoware.universe-carla-ros-bridge/install/carla_msgs/lib/python3.8/site-packages:/home/tasl/autoware.universe-carla-ros-bridge/install/autoware_auto_vehicle_msgs/lib/python3.8/site-packages:/home/tasl/autoware.universe-carla-ros-bridge/install/autoware_auto_control_msgs/lib/python3.8/site-packages:/opt/ros/galactic/lib/python3.8/site-packages /usr/bin/cmake --build /home/tasl/autoware.universe-carla-ros-bridge/build/autoware_ros_bridge_carla -- -j16 -l16
[0.045s] [35m[1mScanning dependencies of target odometry_remapper[0m
[0.053s] [ 11%] Built target jsontest
[0.055s] [ 27%] Built target velocity_reporter
[0.055s] [ 33%] Built target gnss_converter
[0.055s] [ 44%] Built target sensor_converter
[0.057s] [ 55%] Built target listener
[0.058s] [ 66%] Built target steering_reporter
[0.059s] [ 77%] Built target sender
[0.059s] [ 88%] Built target control_command_converter
[0.068s] [ 94%] [32mBuilding CXX object CMakeFiles/odometry_remapper.dir/src/odometry_remapper.cpp.o[0m
[1.312s] [01m[K/home/tasl/autoware.universe-carla-ros-bridge/autoware_ros_bridge_carla/src/odometry_remapper.cpp:[m[K In constructor ‘[01m[KOdometryRemapper::OdometryRemapper()[m[K’:
[1.313s] [01m[K/home/tasl/autoware.universe-carla-ros-bridge/autoware_ros_bridge_carla/src/odometry_remapper.cpp:30:15:[m[K [01;31m[Kerror: [m[Kno match for ‘[01m[Koperator=[m[K’ (operand types are ‘[01m[Kstd_msgs::msg::Float32[m[K’ {aka ‘[01m[Kstd_msgs::msg::Float32_<std::allocator<void> >[m[K’} and ‘[01m[Kint[m[K’)
[1.313s]    30 |       speed = [01;31m[K0[m[K;   //init
[1.313s]       |               [01;31m[K^[m[K
[1.313s] In file included from [01m[K/opt/ros/galactic/include/std_msgs/msg/float32.hpp:7[m[K,
[1.313s]                  from [01m[K/home/tasl/autoware.universe-carla-ros-bridge/autoware_ros_bridge_carla/src/odometry_remapper.cpp:9[m[K:
[1.313s] [01m[K/opt/ros/galactic/include/std_msgs/msg/detail/float32__struct.hpp:31:8:[m[K [01;36m[Knote: [m[Kcandidate: ‘[01m[Kconstexpr std_msgs::msg::Float32_<std::allocator<void> >& std_msgs::msg::Float32_<std::allocator<void> >::operator=(const std_msgs::msg::Float32_<std::allocator<void> >&)[m[K’
[1.313s]    31 | struct [01;36m[KFloat32_[m[K
[1.313s]       |        [01;36m[K^~~~~~~~[m[K
[1.313s] [01m[K/opt/ros/galactic/include/std_msgs/msg/detail/float32__struct.hpp:31:8:[m[K [01;36m[Knote: [m[K  no known conversion for argument 1 from ‘[01m[Kint[m[K’ to ‘[01m[Kconst std_msgs::msg::Float32_<std::allocator<void> >&[m[K’
[1.313s] [01m[K/opt/ros/galactic/include/std_msgs/msg/detail/float32__struct.hpp:31:8:[m[K [01;36m[Knote: [m[Kcandidate: ‘[01m[Kconstexpr std_msgs::msg::Float32_<std::allocator<void> >& std_msgs::msg::Float32_<std::allocator<void> >::operator=(std_msgs::msg::Float32_<std::allocator<void> >&&)[m[K’
[1.314s] [01m[K/opt/ros/galactic/include/std_msgs/msg/detail/float32__struct.hpp:31:8:[m[K [01;36m[Knote: [m[K  no known conversion for argument 1 from ‘[01m[Kint[m[K’ to ‘[01m[Kstd_msgs::msg::Float32_<std::allocator<void> >&&[m[K’
[3.388s] make[2]: *** [CMakeFiles/odometry_remapper.dir/build.make:63: CMakeFiles/odometry_remapper.dir/src/odometry_remapper.cpp.o] Error 1
[3.388s] make[1]: *** [CMakeFiles/Makefile2:337: CMakeFiles/odometry_remapper.dir/all] Error 2
[3.388s] make: *** [Makefile:141: all] Error 2
[3.391s] Invoked command in '/home/tasl/autoware.universe-carla-ros-bridge/build/autoware_ros_bridge_carla' returned '2': CMAKE_PREFIX_PATH=/opt/ros/galactic:/home/tasl/autoware.universe-carla-ros-bridge/install/carla_msgs:/home/tasl/autoware.universe-carla-ros-bridge/install/autoware_auto_vehicle_msgs:/home/tasl/autoware.universe-carla-ros-bridge/install/autoware_auto_control_msgs:/home/tasl/autoware.universe-carla-ros-bridge/install/autoware_ros_bridge_carla LD_LIBRARY_PATH=/home/tasl/autoware.universe-carla-ros-bridge/install/carla_msgs/lib:/home/tasl/autoware.universe-carla-ros-bridge/install/autoware_auto_vehicle_msgs/lib:/home/tasl/autoware.universe-carla-ros-bridge/install/autoware_auto_control_msgs/lib:/opt/ros/galactic/opt/yaml_cpp_vendor/lib:/opt/ros/galactic/opt/rviz_ogre_vendor/lib:/opt/ros/galactic/lib/x86_64-linux-gnu:/opt/ros/galactic/lib PYTHONPATH=/home/tasl/autoware.universe-carla-ros-bridge/install/carla_msgs/lib/python3.8/site-packages:/home/tasl/autoware.universe-carla-ros-bridge/install/autoware_auto_vehicle_msgs/lib/python3.8/site-packages:/home/tasl/autoware.universe-carla-ros-bridge/install/autoware_auto_control_msgs/lib/python3.8/site-packages:/opt/ros/galactic/lib/python3.8/site-packages /usr/bin/cmake --build /home/tasl/autoware.universe-carla-ros-bridge/build/autoware_ros_bridge_carla -- -j16 -l16
