[  1%] [34m[1mGenerating C code for ROS interfaces[0m
[  3%] [34m[1mGenerating C++ code for ROS interfaces[0m
[35m[1mScanning dependencies of target autoware_control_msgs__rosidl_generator_c[0m
[  9%] [32mBuilding C object CMakeFiles/autoware_control_msgs__rosidl_generator_c.dir/rosidl_generator_c/autoware_control_msgs/msg/detail/lateral__functions.c.o[0m
[  9%] [32mBuilding C object CMakeFiles/autoware_control_msgs__rosidl_generator_c.dir/rosidl_generator_c/autoware_control_msgs/msg/detail/longitudinal__functions.c.o[0m
[  9%] [32mBuilding C object CMakeFiles/autoware_control_msgs__rosidl_generator_c.dir/rosidl_generator_c/autoware_control_msgs/msg/detail/control__functions.c.o[0m
[ 10%] [32mBuilding C object CMakeFiles/autoware_control_msgs__rosidl_generator_c.dir/rosidl_generator_c/autoware_control_msgs/msg/detail/control_horizon__functions.c.o[0m
[ 10%] Built target autoware_control_msgs__cpp
[ 12%] [32m[1mLinking C shared library libautoware_control_msgs__rosidl_generator_c.so[0m
[ 18%] [34m[1mGenerating C++ type support for eProsima Fast-RTPS[0m
[ 18%] [34m[1mGenerating C++ type support dispatch for ROS interfaces[0m
[ 18%] [34m[1mGenerating C++ introspection for ROS interfaces[0m
[ 18%] Built target autoware_control_msgs__rosidl_generator_c
[ 20%] [34m[1mGenerating C introspection for ROS interfaces[0m
[ 21%] [34m[1mGenerating C type support dispatch for ROS interfaces[0m
[35m[1mScanning dependencies of target autoware_control_msgs__rosidl_typesupport_cpp[0m
[35m[1mScanning dependencies of target autoware_control_msgs__rosidl_typesupport_fastrtps_cpp[0m
[ 27%] [32mBuilding CXX object CMakeFiles/autoware_control_msgs__rosidl_typesupport_cpp.dir/rosidl_typesupport_cpp/autoware_control_msgs/msg/control_horizon__type_support.cpp.o[0m
[ 27%] [32mBuilding CXX object CMakeFiles/autoware_control_msgs__rosidl_typesupport_cpp.dir/rosidl_typesupport_cpp/autoware_control_msgs/msg/control__type_support.cpp.o[0m
[ 27%] [32mBuilding CXX object CMakeFiles/autoware_control_msgs__rosidl_typesupport_cpp.dir/rosidl_typesupport_cpp/autoware_control_msgs/msg/lateral__type_support.cpp.o[0m
[ 29%] [32mBuilding CXX object CMakeFiles/autoware_control_msgs__rosidl_typesupport_cpp.dir/rosidl_typesupport_cpp/autoware_control_msgs/msg/longitudinal__type_support.cpp.o[0m
[35m[1mScanning dependencies of target autoware_control_msgs__rosidl_typesupport_introspection_cpp[0m
[ 30%] [32mBuilding CXX object CMakeFiles/autoware_control_msgs__rosidl_typesupport_fastrtps_cpp.dir/rosidl_typesupport_fastrtps_cpp/autoware_control_msgs/msg/detail/dds_fastrtps/control_horizon__type_support.cpp.o[0m
[ 32%] [32mBuilding CXX object CMakeFiles/autoware_control_msgs__rosidl_typesupport_fastrtps_cpp.dir/rosidl_typesupport_fastrtps_cpp/autoware_control_msgs/msg/detail/dds_fastrtps/lateral__type_support.cpp.o[0m
[ 34%] [32mBuilding CXX object CMakeFiles/autoware_control_msgs__rosidl_typesupport_fastrtps_cpp.dir/rosidl_typesupport_fastrtps_cpp/autoware_control_msgs/msg/detail/dds_fastrtps/control__type_support.cpp.o[0m
[ 36%] [32mBuilding CXX object CMakeFiles/autoware_control_msgs__rosidl_typesupport_fastrtps_cpp.dir/rosidl_typesupport_fastrtps_cpp/autoware_control_msgs/msg/detail/dds_fastrtps/longitudinal__type_support.cpp.o[0m
[ 38%] [32mBuilding CXX object CMakeFiles/autoware_control_msgs__rosidl_typesupport_introspection_cpp.dir/rosidl_typesupport_introspection_cpp/autoware_control_msgs/msg/detail/control__type_support.cpp.o[0m
[ 40%] [32mBuilding CXX object CMakeFiles/autoware_control_msgs__rosidl_typesupport_introspection_cpp.dir/rosidl_typesupport_introspection_cpp/autoware_control_msgs/msg/detail/control_horizon__type_support.cpp.o[0m
[ 41%] [32mBuilding CXX object CMakeFiles/autoware_control_msgs__rosidl_typesupport_introspection_cpp.dir/rosidl_typesupport_introspection_cpp/autoware_control_msgs/msg/detail/lateral__type_support.cpp.o[0m
[ 43%] [32mBuilding CXX object CMakeFiles/autoware_control_msgs__rosidl_typesupport_introspection_cpp.dir/rosidl_typesupport_introspection_cpp/autoware_control_msgs/msg/detail/longitudinal__type_support.cpp.o[0m
[35m[1mScanning dependencies of target autoware_control_msgs__rosidl_typesupport_c[0m
[ 45%] [32mBuilding CXX object CMakeFiles/autoware_control_msgs__rosidl_typesupport_c.dir/rosidl_typesupport_c/autoware_control_msgs/msg/control__type_support.cpp.o[0m
[ 47%] [32mBuilding CXX object CMakeFiles/autoware_control_msgs__rosidl_typesupport_c.dir/rosidl_typesupport_c/autoware_control_msgs/msg/control_horizon__type_support.cpp.o[0m
[ 49%] [32mBuilding CXX object CMakeFiles/autoware_control_msgs__rosidl_typesupport_c.dir/rosidl_typesupport_c/autoware_control_msgs/msg/lateral__type_support.cpp.o[0m
[35m[1mScanning dependencies of target autoware_control_msgs__rosidl_typesupport_introspection_c[0m
[ 50%] [32mBuilding CXX object CMakeFiles/autoware_control_msgs__rosidl_typesupport_c.dir/rosidl_typesupport_c/autoware_control_msgs/msg/longitudinal__type_support.cpp.o[0m
[ 52%] [32mBuilding C object CMakeFiles/autoware_control_msgs__rosidl_typesupport_introspection_c.dir/rosidl_typesupport_introspection_c/autoware_control_msgs/msg/detail/control__type_support.c.o[0m
[ 54%] [32mBuilding C object CMakeFiles/autoware_control_msgs__rosidl_typesupport_introspection_c.dir/rosidl_typesupport_introspection_c/autoware_control_msgs/msg/detail/longitudinal__type_support.c.o[0m
[ 56%] [32mBuilding C object CMakeFiles/autoware_control_msgs__rosidl_typesupport_introspection_c.dir/rosidl_typesupport_introspection_c/autoware_control_msgs/msg/detail/control_horizon__type_support.c.o[0m
[ 58%] [32mBuilding C object CMakeFiles/autoware_control_msgs__rosidl_typesupport_introspection_c.dir/rosidl_typesupport_introspection_c/autoware_control_msgs/msg/detail/lateral__type_support.c.o[0m
[ 60%] [32m[1mLinking CXX shared library libautoware_control_msgs__rosidl_typesupport_c.so[0m
[ 61%] [32m[1mLinking CXX shared library libautoware_control_msgs__rosidl_typesupport_cpp.so[0m
[ 63%] [32m[1mLinking C shared library libautoware_control_msgs__rosidl_typesupport_introspection_c.so[0m
[ 63%] Built target autoware_control_msgs__rosidl_typesupport_c
[ 63%] Built target autoware_control_msgs__rosidl_typesupport_introspection_c
[ 63%] Built target autoware_control_msgs__rosidl_typesupport_cpp
[ 65%] [32m[1mLinking CXX shared library libautoware_control_msgs__rosidl_typesupport_introspection_cpp.so[0m
[ 65%] Built target autoware_control_msgs__rosidl_typesupport_introspection_cpp
[ 67%] [32m[1mLinking CXX shared library libautoware_control_msgs__rosidl_typesupport_fastrtps_cpp.so[0m
[ 67%] Built target autoware_control_msgs__rosidl_typesupport_fastrtps_cpp
[ 69%] [34m[1mGenerating C type support for eProsima Fast-RTPS[0m
[35m[1mScanning dependencies of target autoware_control_msgs__rosidl_typesupport_fastrtps_c[0m
[ 70%] [32mBuilding CXX object CMakeFiles/autoware_control_msgs__rosidl_typesupport_fastrtps_c.dir/rosidl_typesupport_fastrtps_c/autoware_control_msgs/msg/detail/control__type_support_c.cpp.o[0m
[ 72%] [32mBuilding CXX object CMakeFiles/autoware_control_msgs__rosidl_typesupport_fastrtps_c.dir/rosidl_typesupport_fastrtps_c/autoware_control_msgs/msg/detail/longitudinal__type_support_c.cpp.o[0m
[ 74%] [32mBuilding CXX object CMakeFiles/autoware_control_msgs__rosidl_typesupport_fastrtps_c.dir/rosidl_typesupport_fastrtps_c/autoware_control_msgs/msg/detail/control_horizon__type_support_c.cpp.o[0m
[ 76%] [32mBuilding CXX object CMakeFiles/autoware_control_msgs__rosidl_typesupport_fastrtps_c.dir/rosidl_typesupport_fastrtps_c/autoware_control_msgs/msg/detail/lateral__type_support_c.cpp.o[0m
[ 78%] [32m[1mLinking CXX shared library libautoware_control_msgs__rosidl_typesupport_fastrtps_c.so[0m
[ 78%] Built target autoware_control_msgs__rosidl_typesupport_fastrtps_c
[ 78%] Built target autoware_control_msgs
[ 80%] [34m[1mGenerating Python code for ROS interfaces[0m
[ 80%] Built target autoware_control_msgs__py
[35m[1mScanning dependencies of target autoware_control_msgs__python[0m
[ 87%] [32mBuilding C object CMakeFiles/autoware_control_msgs__python.dir/rosidl_generator_py/autoware_control_msgs/msg/_lateral_s.c.o[0m
[ 87%] [32mBuilding C object CMakeFiles/autoware_control_msgs__python.dir/rosidl_generator_py/autoware_control_msgs/msg/_control_s.c.o[0m
[ 87%] [32mBuilding C object CMakeFiles/autoware_control_msgs__python.dir/rosidl_generator_py/autoware_control_msgs/msg/_control_horizon_s.c.o[0m
[ 87%] [32mBuilding C object CMakeFiles/autoware_control_msgs__python.dir/rosidl_generator_py/autoware_control_msgs/msg/_longitudinal_s.c.o[0m
[ 89%] [32m[1mLinking C shared library rosidl_generator_py/autoware_control_msgs/libautoware_control_msgs__python.so[0m
[ 89%] Built target autoware_control_msgs__python
[35m[1mScanning dependencies of target autoware_control_msgs__rosidl_typesupport_introspection_c__pyext[0m
[35m[1mScanning dependencies of target autoware_control_msgs__rosidl_typesupport_c__pyext[0m
[35m[1mScanning dependencies of target autoware_control_msgs__rosidl_typesupport_fastrtps_c__pyext[0m
[ 94%] [32mBuilding C object CMakeFiles/autoware_control_msgs__rosidl_typesupport_introspection_c__pyext.dir/rosidl_generator_py/autoware_control_msgs/_autoware_control_msgs_s.ep.rosidl_typesupport_introspection_c.c.o[0m
[ 94%] [32mBuilding C object CMakeFiles/autoware_control_msgs__rosidl_typesupport_c__pyext.dir/rosidl_generator_py/autoware_control_msgs/_autoware_control_msgs_s.ep.rosidl_typesupport_c.c.o[0m
[ 94%] [32mBuilding C object CMakeFiles/autoware_control_msgs__rosidl_typesupport_fastrtps_c__pyext.dir/rosidl_generator_py/autoware_control_msgs/_autoware_control_msgs_s.ep.rosidl_typesupport_fastrtps_c.c.o[0m
[ 98%] [32m[1mLinking C shared library rosidl_generator_py/autoware_control_msgs/autoware_control_msgs_s__rosidl_typesupport_introspection_c.cpython-38-x86_64-linux-gnu.so[0m
[ 98%] [32m[1mLinking C shared library rosidl_generator_py/autoware_control_msgs/autoware_control_msgs_s__rosidl_typesupport_c.cpython-38-x86_64-linux-gnu.so[0m
[100%] [32m[1mLinking CXX shared library rosidl_generator_py/autoware_control_msgs/autoware_control_msgs_s__rosidl_typesupport_fastrtps_c.cpython-38-x86_64-linux-gnu.so[0m
[100%] Built target autoware_control_msgs__rosidl_typesupport_introspection_c__pyext
[100%] Built target autoware_control_msgs__rosidl_typesupport_c__pyext
[100%] Built target autoware_control_msgs__rosidl_typesupport_fastrtps_c__pyext
-- Install configuration: ""
-- Up-to-date: /home/tasl/autoware.auto-ros-bridge/install/autoware_control_msgs/share/ament_index/resource_index/rosidl_interfaces/autoware_control_msgs
-- Up-to-date: /home/tasl/autoware.auto-ros-bridge/install/autoware_control_msgs/include/autoware_control_msgs
-- Up-to-date: /home/tasl/autoware.auto-ros-bridge/install/autoware_control_msgs/include/autoware_control_msgs/msg
-- Up-to-date: /home/tasl/autoware.auto-ros-bridge/install/autoware_control_msgs/include/autoware_control_msgs/msg/rosidl_generator_c__visibility_control.h
-- Installing: /home/tasl/autoware.auto-ros-bridge/install/autoware_control_msgs/include/autoware_control_msgs/msg/control_horizon.h
-- Installing: /home/tasl/autoware.auto-ros-bridge/install/autoware_control_msgs/include/autoware_control_msgs/msg/longitudinal.h
-- Installing: /home/tasl/autoware.auto-ros-bridge/install/autoware_control_msgs/include/autoware_control_msgs/msg/control.h
-- Installing: /home/tasl/autoware.auto-ros-bridge/install/autoware_control_msgs/include/autoware_control_msgs/msg/lateral.h
-- Up-to-date: /home/tasl/autoware.auto-ros-bridge/install/autoware_control_msgs/include/autoware_control_msgs/msg/detail
-- Installing: /home/tasl/autoware.auto-ros-bridge/install/autoware_control_msgs/include/autoware_control_msgs/msg/detail/lateral__struct.h
-- Installing: /home/tasl/autoware.auto-ros-bridge/install/autoware_control_msgs/include/autoware_control_msgs/msg/detail/control__type_support.h
-- Installing: /home/tasl/autoware.auto-ros-bridge/install/autoware_control_msgs/include/autoware_control_msgs/msg/detail/longitudinal__functions.c
-- Installing: /home/tasl/autoware.auto-ros-bridge/install/autoware_control_msgs/include/autoware_control_msgs/msg/detail/longitudinal__type_support.h
-- Installing: /home/tasl/autoware.auto-ros-bridge/install/autoware_control_msgs/include/autoware_control_msgs/msg/detail/control__struct.h
-- Installing: /home/tasl/autoware.auto-ros-bridge/install/autoware_control_msgs/include/autoware_control_msgs/msg/detail/control_horizon__struct.h
-- Installing: /home/tasl/autoware.auto-ros-bridge/install/autoware_control_msgs/include/autoware_control_msgs/msg/detail/control_horizon__functions.h
-- Installing: /home/tasl/autoware.auto-ros-bridge/install/autoware_control_msgs/include/autoware_control_msgs/msg/detail/control__functions.h
-- Installing: /home/tasl/autoware.auto-ros-bridge/install/autoware_control_msgs/include/autoware_control_msgs/msg/detail/longitudinal__functions.h
-- Installing: /home/tasl/autoware.auto-ros-bridge/install/autoware_control_msgs/include/autoware_control_msgs/msg/detail/control_horizon__type_support.h
-- Installing: /home/tasl/autoware.auto-ros-bridge/install/autoware_control_msgs/include/autoware_control_msgs/msg/detail/longitudinal__struct.h
-- Installing: /home/tasl/autoware.auto-ros-bridge/install/autoware_control_msgs/include/autoware_control_msgs/msg/detail/lateral__type_support.h
-- Installing: /home/tasl/autoware.auto-ros-bridge/install/autoware_control_msgs/include/autoware_control_msgs/msg/detail/lateral__functions.c
-- Installing: /home/tasl/autoware.auto-ros-bridge/install/autoware_control_msgs/include/autoware_control_msgs/msg/detail/control_horizon__functions.c
-- Installing: /home/tasl/autoware.auto-ros-bridge/install/autoware_control_msgs/include/autoware_control_msgs/msg/detail/lateral__functions.h
-- Installing: /home/tasl/autoware.auto-ros-bridge/install/autoware_control_msgs/include/autoware_control_msgs/msg/detail/control__functions.c
-- Up-to-date: /home/tasl/autoware.auto-ros-bridge/install/autoware_control_msgs/share/autoware_control_msgs/environment/library_path.sh
-- Up-to-date: /home/tasl/autoware.auto-ros-bridge/install/autoware_control_msgs/share/autoware_control_msgs/environment/library_path.dsv
-- Installing: /home/tasl/autoware.auto-ros-bridge/install/autoware_control_msgs/lib/libautoware_control_msgs__rosidl_generator_c.so
-- Set runtime path of "/home/tasl/autoware.auto-ros-bridge/install/autoware_control_msgs/lib/libautoware_control_msgs__rosidl_generator_c.so" to ""
-- Up-to-date: /home/tasl/autoware.auto-ros-bridge/install/autoware_control_msgs/include/autoware_control_msgs
-- Up-to-date: /home/tasl/autoware.auto-ros-bridge/install/autoware_control_msgs/include/autoware_control_msgs/msg
-- Up-to-date: /home/tasl/autoware.auto-ros-bridge/install/autoware_control_msgs/include/autoware_control_msgs/msg/rosidl_typesupport_fastrtps_c__visibility_control.h
-- Up-to-date: /home/tasl/autoware.auto-ros-bridge/install/autoware_control_msgs/include/autoware_control_msgs/msg/detail
-- Installing: /home/tasl/autoware.auto-ros-bridge/install/autoware_control_msgs/include/autoware_control_msgs/msg/detail/lateral__rosidl_typesupport_fastrtps_c.h
-- Installing: /home/tasl/autoware.auto-ros-bridge/install/autoware_control_msgs/include/autoware_control_msgs/msg/detail/control__rosidl_typesupport_fastrtps_c.h
-- Installing: /home/tasl/autoware.auto-ros-bridge/install/autoware_control_msgs/include/autoware_control_msgs/msg/detail/longitudinal__rosidl_typesupport_fastrtps_c.h
-- Installing: /home/tasl/autoware.auto-ros-bridge/install/autoware_control_msgs/include/autoware_control_msgs/msg/detail/control_horizon__rosidl_typesupport_fastrtps_c.h
-- Installing: /home/tasl/autoware.auto-ros-bridge/install/autoware_control_msgs/lib/libautoware_control_msgs__rosidl_typesupport_fastrtps_c.so
-- Set runtime path of "/home/tasl/autoware.auto-ros-bridge/install/autoware_control_msgs/lib/libautoware_control_msgs__rosidl_typesupport_fastrtps_c.so" to ""
-- Up-to-date: /home/tasl/autoware.auto-ros-bridge/install/autoware_control_msgs/include/autoware_control_msgs
-- Up-to-date: /home/tasl/autoware.auto-ros-bridge/install/autoware_control_msgs/include/autoware_control_msgs/msg
-- Up-to-date: /home/tasl/autoware.auto-ros-bridge/install/autoware_control_msgs/include/autoware_control_msgs/msg/rosidl_typesupport_fastrtps_cpp__visibility_control.h
-- Up-to-date: /home/tasl/autoware.auto-ros-bridge/install/autoware_control_msgs/include/autoware_control_msgs/msg/detail
-- Installing: /home/tasl/autoware.auto-ros-bridge/install/autoware_control_msgs/include/autoware_control_msgs/msg/detail/control_horizon__rosidl_typesupport_fastrtps_cpp.hpp
-- Up-to-date: /home/tasl/autoware.auto-ros-bridge/install/autoware_control_msgs/include/autoware_control_msgs/msg/detail/dds_fastrtps
-- Installing: /home/tasl/autoware.auto-ros-bridge/install/autoware_control_msgs/include/autoware_control_msgs/msg/detail/control__rosidl_typesupport_fastrtps_cpp.hpp
-- Installing: /home/tasl/autoware.auto-ros-bridge/install/autoware_control_msgs/include/autoware_control_msgs/msg/detail/lateral__rosidl_typesupport_fastrtps_cpp.hpp
-- Installing: /home/tasl/autoware.auto-ros-bridge/install/autoware_control_msgs/include/autoware_control_msgs/msg/detail/longitudinal__rosidl_typesupport_fastrtps_cpp.hpp
-- Installing: /home/tasl/autoware.auto-ros-bridge/install/autoware_control_msgs/lib/libautoware_control_msgs__rosidl_typesupport_fastrtps_cpp.so
-- Set runtime path of "/home/tasl/autoware.auto-ros-bridge/install/autoware_control_msgs/lib/libautoware_control_msgs__rosidl_typesupport_fastrtps_cpp.so" to ""
-- Up-to-date: /home/tasl/autoware.auto-ros-bridge/install/autoware_control_msgs/include/autoware_control_msgs
-- Up-to-date: /home/tasl/autoware.auto-ros-bridge/install/autoware_control_msgs/include/autoware_control_msgs/msg
-- Up-to-date: /home/tasl/autoware.auto-ros-bridge/install/autoware_control_msgs/include/autoware_control_msgs/msg/rosidl_typesupport_introspection_c__visibility_control.h
-- Up-to-date: /home/tasl/autoware.auto-ros-bridge/install/autoware_control_msgs/include/autoware_control_msgs/msg/detail
-- Installing: /home/tasl/autoware.auto-ros-bridge/install/autoware_control_msgs/include/autoware_control_msgs/msg/detail/control_horizon__rosidl_typesupport_introspection_c.h
-- Installing: /home/tasl/autoware.auto-ros-bridge/install/autoware_control_msgs/include/autoware_control_msgs/msg/detail/longitudinal__type_support.c
-- Installing: /home/tasl/autoware.auto-ros-bridge/install/autoware_control_msgs/include/autoware_control_msgs/msg/detail/control__rosidl_typesupport_introspection_c.h
-- Installing: /home/tasl/autoware.auto-ros-bridge/install/autoware_control_msgs/include/autoware_control_msgs/msg/detail/control__type_support.c
-- Installing: /home/tasl/autoware.auto-ros-bridge/install/autoware_control_msgs/include/autoware_control_msgs/msg/detail/longitudinal__rosidl_typesupport_introspection_c.h
-- Installing: /home/tasl/autoware.auto-ros-bridge/install/autoware_control_msgs/include/autoware_control_msgs/msg/detail/lateral__type_support.c
-- Installing: /home/tasl/autoware.auto-ros-bridge/install/autoware_control_msgs/include/autoware_control_msgs/msg/detail/lateral__rosidl_typesupport_introspection_c.h
-- Installing: /home/tasl/autoware.auto-ros-bridge/install/autoware_control_msgs/include/autoware_control_msgs/msg/detail/control_horizon__type_support.c
-- Installing: /home/tasl/autoware.auto-ros-bridge/install/autoware_control_msgs/lib/libautoware_control_msgs__rosidl_typesupport_introspection_c.so
-- Set runtime path of "/home/tasl/autoware.auto-ros-bridge/install/autoware_control_msgs/lib/libautoware_control_msgs__rosidl_typesupport_introspection_c.so" to ""
-- Installing: /home/tasl/autoware.auto-ros-bridge/install/autoware_control_msgs/lib/libautoware_control_msgs__rosidl_typesupport_c.so
-- Set runtime path of "/home/tasl/autoware.auto-ros-bridge/install/autoware_control_msgs/lib/libautoware_control_msgs__rosidl_typesupport_c.so" to ""
-- Up-to-date: /home/tasl/autoware.auto-ros-bridge/install/autoware_control_msgs/include/autoware_control_msgs
-- Up-to-date: /home/tasl/autoware.auto-ros-bridge/install/autoware_control_msgs/include/autoware_control_msgs/msg
-- Installing: /home/tasl/autoware.auto-ros-bridge/install/autoware_control_msgs/include/autoware_control_msgs/msg/longitudinal.hpp
-- Installing: /home/tasl/autoware.auto-ros-bridge/install/autoware_control_msgs/include/autoware_control_msgs/msg/lateral.hpp
-- Installing: /home/tasl/autoware.auto-ros-bridge/install/autoware_control_msgs/include/autoware_control_msgs/msg/control.hpp
-- Installing: /home/tasl/autoware.auto-ros-bridge/install/autoware_control_msgs/include/autoware_control_msgs/msg/control_horizon.hpp
-- Up-to-date: /home/tasl/autoware.auto-ros-bridge/install/autoware_control_msgs/include/autoware_control_msgs/msg/detail
-- Installing: /home/tasl/autoware.auto-ros-bridge/install/autoware_control_msgs/include/autoware_control_msgs/msg/detail/longitudinal__struct.hpp
-- Installing: /home/tasl/autoware.auto-ros-bridge/install/autoware_control_msgs/include/autoware_control_msgs/msg/detail/control_horizon__struct.hpp
-- Installing: /home/tasl/autoware.auto-ros-bridge/install/autoware_control_msgs/include/autoware_control_msgs/msg/detail/longitudinal__builder.hpp
-- Installing: /home/tasl/autoware.auto-ros-bridge/install/autoware_control_msgs/include/autoware_control_msgs/msg/detail/longitudinal__traits.hpp
-- Installing: /home/tasl/autoware.auto-ros-bridge/install/autoware_control_msgs/include/autoware_control_msgs/msg/detail/lateral__traits.hpp
-- Installing: /home/tasl/autoware.auto-ros-bridge/install/autoware_control_msgs/include/autoware_control_msgs/msg/detail/control__builder.hpp
-- Installing: /home/tasl/autoware.auto-ros-bridge/install/autoware_control_msgs/include/autoware_control_msgs/msg/detail/control_horizon__traits.hpp
-- Installing: /home/tasl/autoware.auto-ros-bridge/install/autoware_control_msgs/include/autoware_control_msgs/msg/detail/control__traits.hpp
-- Installing: /home/tasl/autoware.auto-ros-bridge/install/autoware_control_msgs/include/autoware_control_msgs/msg/detail/lateral__builder.hpp
-- Installing: /home/tasl/autoware.auto-ros-bridge/install/autoware_control_msgs/include/autoware_control_msgs/msg/detail/lateral__struct.hpp
-- Installing: /home/tasl/autoware.auto-ros-bridge/install/autoware_control_msgs/include/autoware_control_msgs/msg/detail/control_horizon__builder.hpp
-- Installing: /home/tasl/autoware.auto-ros-bridge/install/autoware_control_msgs/include/autoware_control_msgs/msg/detail/control__struct.hpp
-- Up-to-date: /home/tasl/autoware.auto-ros-bridge/install/autoware_control_msgs/include/autoware_control_msgs
-- Up-to-date: /home/tasl/autoware.auto-ros-bridge/install/autoware_control_msgs/include/autoware_control_msgs/msg
-- Up-to-date: /home/tasl/autoware.auto-ros-bridge/install/autoware_control_msgs/include/autoware_control_msgs/msg/detail
-- Installing: /home/tasl/autoware.auto-ros-bridge/install/autoware_control_msgs/include/autoware_control_msgs/msg/detail/control__type_support.cpp
-- Installing: /home/tasl/autoware.auto-ros-bridge/install/autoware_control_msgs/include/autoware_control_msgs/msg/detail/control_horizon__type_support.cpp
-- Installing: /home/tasl/autoware.auto-ros-bridge/install/autoware_control_msgs/include/autoware_control_msgs/msg/detail/control__rosidl_typesupport_introspection_cpp.hpp
-- Installing: /home/tasl/autoware.auto-ros-bridge/install/autoware_control_msgs/include/autoware_control_msgs/msg/detail/longitudinal__rosidl_typesupport_introspection_cpp.hpp
-- Installing: /home/tasl/autoware.auto-ros-bridge/install/autoware_control_msgs/include/autoware_control_msgs/msg/detail/lateral__type_support.cpp
-- Installing: /home/tasl/autoware.auto-ros-bridge/install/autoware_control_msgs/include/autoware_control_msgs/msg/detail/control_horizon__rosidl_typesupport_introspection_cpp.hpp
-- Installing: /home/tasl/autoware.auto-ros-bridge/install/autoware_control_msgs/include/autoware_control_msgs/msg/detail/lateral__rosidl_typesupport_introspection_cpp.hpp
-- Installing: /home/tasl/autoware.auto-ros-bridge/install/autoware_control_msgs/include/autoware_control_msgs/msg/detail/longitudinal__type_support.cpp
-- Installing: /home/tasl/autoware.auto-ros-bridge/install/autoware_control_msgs/lib/libautoware_control_msgs__rosidl_typesupport_introspection_cpp.so
-- Set runtime path of "/home/tasl/autoware.auto-ros-bridge/install/autoware_control_msgs/lib/libautoware_control_msgs__rosidl_typesupport_introspection_cpp.so" to ""
-- Installing: /home/tasl/autoware.auto-ros-bridge/install/autoware_control_msgs/lib/libautoware_control_msgs__rosidl_typesupport_cpp.so
-- Set runtime path of "/home/tasl/autoware.auto-ros-bridge/install/autoware_control_msgs/lib/libautoware_control_msgs__rosidl_typesupport_cpp.so" to ""
-- Up-to-date: /home/tasl/autoware.auto-ros-bridge/install/autoware_control_msgs/share/autoware_control_msgs/environment/pythonpath.sh
-- Up-to-date: /home/tasl/autoware.auto-ros-bridge/install/autoware_control_msgs/share/autoware_control_msgs/environment/pythonpath.dsv
-- Up-to-date: /home/tasl/autoware.auto-ros-bridge/install/autoware_control_msgs/lib/python3.8/site-packages/autoware_control_msgs/__init__.py
-- Up-to-date: /home/tasl/autoware.auto-ros-bridge/install/autoware_control_msgs/lib/python3.8/site-packages/autoware_control_msgs/msg
-- Installing: /home/tasl/autoware.auto-ros-bridge/install/autoware_control_msgs/lib/python3.8/site-packages/autoware_control_msgs/msg/__init__.py
-- Installing: /home/tasl/autoware.auto-ros-bridge/install/autoware_control_msgs/lib/python3.8/site-packages/autoware_control_msgs/msg/_control_horizon_s.c
-- Installing: /home/tasl/autoware.auto-ros-bridge/install/autoware_control_msgs/lib/python3.8/site-packages/autoware_control_msgs/msg/_longitudinal_s.c
-- Installing: /home/tasl/autoware.auto-ros-bridge/install/autoware_control_msgs/lib/python3.8/site-packages/autoware_control_msgs/msg/_control_s.c
-- Installing: /home/tasl/autoware.auto-ros-bridge/install/autoware_control_msgs/lib/python3.8/site-packages/autoware_control_msgs/msg/_lateral_s.c
-- Installing: /home/tasl/autoware.auto-ros-bridge/install/autoware_control_msgs/lib/python3.8/site-packages/autoware_control_msgs/msg/_control.py
-- Installing: /home/tasl/autoware.auto-ros-bridge/install/autoware_control_msgs/lib/python3.8/site-packages/autoware_control_msgs/msg/_lateral.py
-- Installing: /home/tasl/autoware.auto-ros-bridge/install/autoware_control_msgs/lib/python3.8/site-packages/autoware_control_msgs/msg/_control_horizon.py
-- Installing: /home/tasl/autoware.auto-ros-bridge/install/autoware_control_msgs/lib/python3.8/site-packages/autoware_control_msgs/msg/_longitudinal.py
-- Installing: /home/tasl/autoware.auto-ros-bridge/install/autoware_control_msgs/lib/python3.8/site-packages/autoware_control_msgs/autoware_control_msgs_s__rosidl_typesupport_fastrtps_c.cpython-38-x86_64-linux-gnu.so
-- Set runtime path of "/home/tasl/autoware.auto-ros-bridge/install/autoware_control_msgs/lib/python3.8/site-packages/autoware_control_msgs/autoware_control_msgs_s__rosidl_typesupport_fastrtps_c.cpython-38-x86_64-linux-gnu.so" to ""
-- Installing: /home/tasl/autoware.auto-ros-bridge/install/autoware_control_msgs/lib/python3.8/site-packages/autoware_control_msgs/autoware_control_msgs_s__rosidl_typesupport_introspection_c.cpython-38-x86_64-linux-gnu.so
-- Set runtime path of "/home/tasl/autoware.auto-ros-bridge/install/autoware_control_msgs/lib/python3.8/site-packages/autoware_control_msgs/autoware_control_msgs_s__rosidl_typesupport_introspection_c.cpython-38-x86_64-linux-gnu.so" to ""
-- Installing: /home/tasl/autoware.auto-ros-bridge/install/autoware_control_msgs/lib/python3.8/site-packages/autoware_control_msgs/autoware_control_msgs_s__rosidl_typesupport_c.cpython-38-x86_64-linux-gnu.so
-- Set runtime path of "/home/tasl/autoware.auto-ros-bridge/install/autoware_control_msgs/lib/python3.8/site-packages/autoware_control_msgs/autoware_control_msgs_s__rosidl_typesupport_c.cpython-38-x86_64-linux-gnu.so" to ""
-- Installing: /home/tasl/autoware.auto-ros-bridge/install/autoware_control_msgs/lib/libautoware_control_msgs__python.so
-- Set runtime path of "/home/tasl/autoware.auto-ros-bridge/install/autoware_control_msgs/lib/libautoware_control_msgs__python.so" to ""
-- Up-to-date: /home/tasl/autoware.auto-ros-bridge/install/autoware_control_msgs/share/autoware_control_msgs/msg/Control.idl
-- Up-to-date: /home/tasl/autoware.auto-ros-bridge/install/autoware_control_msgs/share/autoware_control_msgs/msg/ControlHorizon.idl
-- Up-to-date: /home/tasl/autoware.auto-ros-bridge/install/autoware_control_msgs/share/autoware_control_msgs/msg/Lateral.idl
-- Up-to-date: /home/tasl/autoware.auto-ros-bridge/install/autoware_control_msgs/share/autoware_control_msgs/msg/Longitudinal.idl
-- Up-to-date: /home/tasl/autoware.auto-ros-bridge/install/autoware_control_msgs/share/autoware_control_msgs/msg/Control.msg
-- Up-to-date: /home/tasl/autoware.auto-ros-bridge/install/autoware_control_msgs/share/autoware_control_msgs/msg/ControlHorizon.msg
-- Up-to-date: /home/tasl/autoware.auto-ros-bridge/install/autoware_control_msgs/share/autoware_control_msgs/msg/Lateral.msg
-- Up-to-date: /home/tasl/autoware.auto-ros-bridge/install/autoware_control_msgs/share/autoware_control_msgs/msg/Longitudinal.msg
-- Up-to-date: /home/tasl/autoware.auto-ros-bridge/install/autoware_control_msgs/share/ament_index/resource_index/package_run_dependencies/autoware_control_msgs
-- Up-to-date: /home/tasl/autoware.auto-ros-bridge/install/autoware_control_msgs/share/ament_index/resource_index/parent_prefix_path/autoware_control_msgs
-- Up-to-date: /home/tasl/autoware.auto-ros-bridge/install/autoware_control_msgs/share/autoware_control_msgs/environment/ament_prefix_path.sh
-- Up-to-date: /home/tasl/autoware.auto-ros-bridge/install/autoware_control_msgs/share/autoware_control_msgs/environment/ament_prefix_path.dsv
-- Up-to-date: /home/tasl/autoware.auto-ros-bridge/install/autoware_control_msgs/share/autoware_control_msgs/environment/path.sh
-- Up-to-date: /home/tasl/autoware.auto-ros-bridge/install/autoware_control_msgs/share/autoware_control_msgs/environment/path.dsv
-- Up-to-date: /home/tasl/autoware.auto-ros-bridge/install/autoware_control_msgs/share/autoware_control_msgs/local_setup.bash
-- Up-to-date: /home/tasl/autoware.auto-ros-bridge/install/autoware_control_msgs/share/autoware_control_msgs/local_setup.sh
-- Up-to-date: /home/tasl/autoware.auto-ros-bridge/install/autoware_control_msgs/share/autoware_control_msgs/local_setup.zsh
-- Up-to-date: /home/tasl/autoware.auto-ros-bridge/install/autoware_control_msgs/share/autoware_control_msgs/local_setup.dsv
-- Installing: /home/tasl/autoware.auto-ros-bridge/install/autoware_control_msgs/share/autoware_control_msgs/package.dsv
-- Up-to-date: /home/tasl/autoware.auto-ros-bridge/install/autoware_control_msgs/share/ament_index/resource_index/packages/autoware_control_msgs
-- Up-to-date: /home/tasl/autoware.auto-ros-bridge/install/autoware_control_msgs/share/autoware_control_msgs/cmake/autoware_control_msgs__rosidl_generator_cExport.cmake
-- Up-to-date: /home/tasl/autoware.auto-ros-bridge/install/autoware_control_msgs/share/autoware_control_msgs/cmake/autoware_control_msgs__rosidl_generator_cExport-noconfig.cmake
-- Up-to-date: /home/tasl/autoware.auto-ros-bridge/install/autoware_control_msgs/share/autoware_control_msgs/cmake/autoware_control_msgs__rosidl_typesupport_introspection_cExport.cmake
-- Up-to-date: /home/tasl/autoware.auto-ros-bridge/install/autoware_control_msgs/share/autoware_control_msgs/cmake/autoware_control_msgs__rosidl_typesupport_introspection_cExport-noconfig.cmake
-- Up-to-date: /home/tasl/autoware.auto-ros-bridge/install/autoware_control_msgs/share/autoware_control_msgs/cmake/autoware_control_msgs__rosidl_typesupport_cExport.cmake
-- Up-to-date: /home/tasl/autoware.auto-ros-bridge/install/autoware_control_msgs/share/autoware_control_msgs/cmake/autoware_control_msgs__rosidl_typesupport_cExport-noconfig.cmake
-- Up-to-date: /home/tasl/autoware.auto-ros-bridge/install/autoware_control_msgs/share/autoware_control_msgs/cmake/autoware_control_msgs__rosidl_generator_cppExport.cmake
-- Up-to-date: /home/tasl/autoware.auto-ros-bridge/install/autoware_control_msgs/share/autoware_control_msgs/cmake/autoware_control_msgs__rosidl_typesupport_introspection_cppExport.cmake
-- Up-to-date: /home/tasl/autoware.auto-ros-bridge/install/autoware_control_msgs/share/autoware_control_msgs/cmake/autoware_control_msgs__rosidl_typesupport_introspection_cppExport-noconfig.cmake
-- Up-to-date: /home/tasl/autoware.auto-ros-bridge/install/autoware_control_msgs/share/autoware_control_msgs/cmake/autoware_control_msgs__rosidl_typesupport_cppExport.cmake
-- Up-to-date: /home/tasl/autoware.auto-ros-bridge/install/autoware_control_msgs/share/autoware_control_msgs/cmake/autoware_control_msgs__rosidl_typesupport_cppExport-noconfig.cmake
-- Up-to-date: /home/tasl/autoware.auto-ros-bridge/install/autoware_control_msgs/share/autoware_control_msgs/cmake/rosidl_cmake-extras.cmake
-- Up-to-date: /home/tasl/autoware.auto-ros-bridge/install/autoware_control_msgs/share/autoware_control_msgs/cmake/ament_cmake_export_dependencies-extras.cmake
-- Up-to-date: /home/tasl/autoware.auto-ros-bridge/install/autoware_control_msgs/share/autoware_control_msgs/cmake/ament_cmake_export_libraries-extras.cmake
-- Up-to-date: /home/tasl/autoware.auto-ros-bridge/install/autoware_control_msgs/share/autoware_control_msgs/cmake/ament_cmake_export_targets-extras.cmake
-- Up-to-date: /home/tasl/autoware.auto-ros-bridge/install/autoware_control_msgs/share/autoware_control_msgs/cmake/ament_cmake_export_include_directories-extras.cmake
-- Up-to-date: /home/tasl/autoware.auto-ros-bridge/install/autoware_control_msgs/share/autoware_control_msgs/cmake/rosidl_cmake_export_typesupport_libraries-extras.cmake
-- Up-to-date: /home/tasl/autoware.auto-ros-bridge/install/autoware_control_msgs/share/autoware_control_msgs/cmake/rosidl_cmake_export_typesupport_targets-extras.cmake
-- Up-to-date: /home/tasl/autoware.auto-ros-bridge/install/autoware_control_msgs/share/autoware_control_msgs/cmake/autoware_control_msgsConfig.cmake
-- Up-to-date: /home/tasl/autoware.auto-ros-bridge/install/autoware_control_msgs/share/autoware_control_msgs/cmake/autoware_control_msgsConfig-version.cmake
-- Up-to-date: /home/tasl/autoware.auto-ros-bridge/install/autoware_control_msgs/share/autoware_control_msgs/package.xml
