[0.018s] Invoking command in '/home/tasl/autoware.auto-ros-bridge/build/autoware_ros_bridge_carla': AMENT_PREFIX_PATH=/home/tasl/autoware.auto-ros-bridge/install/autoware_auto_control_msgs:${AMENT_PREFIX_PATH} CMAKE_PREFIX_PATH=/home/tasl/autoware.auto-ros-bridge/install/autoware_control_msgs:/home/tasl/autoware.auto-ros-bridge/install/autoware_auto_control_msgs:/home/tasl/autoware.auto-ros-bridge/install/autoware_ros_bridge_carla:/opt/ros/galactic LD_LIBRARY_PATH=/home/tasl/autoware.auto-ros-bridge/install/autoware_control_msgs/lib:/home/tasl/autoware.auto-ros-bridge/install/autoware_auto_control_msgs/lib:/opt/ros/galactic/opt/yaml_cpp_vendor/lib:/opt/ros/galactic/opt/rviz_ogre_vendor/lib:/opt/ros/galactic/lib/x86_64-linux-gnu:/opt/ros/galactic/lib PYTHONPATH=/home/tasl/autoware.auto-ros-bridge/install/autoware_control_msgs/lib/python3.8/site-packages:/home/tasl/autoware.auto-ros-bridge/install/autoware_auto_control_msgs/lib/python3.8/site-packages:/opt/ros/galactic/lib/python3.8/site-packages /usr/bin/cmake --build /home/tasl/autoware.auto-ros-bridge/build/autoware_ros_bridge_carla -- -j16 -l16
[0.078s] [35m[1mScanning dependencies of target listener[0m
[0.124s] [ 50%] [32mBuilding CXX object CMakeFiles/listener.dir/src/testControlCommand.cpp.o[0m
[9.126s] [100%] [32m[1mLinking CXX executable listener[0m
[9.507s] [100%] Built target listener
[9.520s] Invoked command in '/home/tasl/autoware.auto-ros-bridge/build/autoware_ros_bridge_carla' returned '0': AMENT_PREFIX_PATH=/home/tasl/autoware.auto-ros-bridge/install/autoware_auto_control_msgs:${AMENT_PREFIX_PATH} CMAKE_PREFIX_PATH=/home/tasl/autoware.auto-ros-bridge/install/autoware_control_msgs:/home/tasl/autoware.auto-ros-bridge/install/autoware_auto_control_msgs:/home/tasl/autoware.auto-ros-bridge/install/autoware_ros_bridge_carla:/opt/ros/galactic LD_LIBRARY_PATH=/home/tasl/autoware.auto-ros-bridge/install/autoware_control_msgs/lib:/home/tasl/autoware.auto-ros-bridge/install/autoware_auto_control_msgs/lib:/opt/ros/galactic/opt/yaml_cpp_vendor/lib:/opt/ros/galactic/opt/rviz_ogre_vendor/lib:/opt/ros/galactic/lib/x86_64-linux-gnu:/opt/ros/galactic/lib PYTHONPATH=/home/tasl/autoware.auto-ros-bridge/install/autoware_control_msgs/lib/python3.8/site-packages:/home/tasl/autoware.auto-ros-bridge/install/autoware_auto_control_msgs/lib/python3.8/site-packages:/opt/ros/galactic/lib/python3.8/site-packages /usr/bin/cmake --build /home/tasl/autoware.auto-ros-bridge/build/autoware_ros_bridge_carla -- -j16 -l16
[9.545s] Invoking command in '/home/tasl/autoware.auto-ros-bridge/build/autoware_ros_bridge_carla': AMENT_PREFIX_PATH=/home/tasl/autoware.auto-ros-bridge/install/autoware_auto_control_msgs:${AMENT_PREFIX_PATH} CMAKE_PREFIX_PATH=/home/tasl/autoware.auto-ros-bridge/install/autoware_control_msgs:/home/tasl/autoware.auto-ros-bridge/install/autoware_auto_control_msgs:/home/tasl/autoware.auto-ros-bridge/install/autoware_ros_bridge_carla:/opt/ros/galactic LD_LIBRARY_PATH=/home/tasl/autoware.auto-ros-bridge/install/autoware_control_msgs/lib:/home/tasl/autoware.auto-ros-bridge/install/autoware_auto_control_msgs/lib:/opt/ros/galactic/opt/yaml_cpp_vendor/lib:/opt/ros/galactic/opt/rviz_ogre_vendor/lib:/opt/ros/galactic/lib/x86_64-linux-gnu:/opt/ros/galactic/lib PYTHONPATH=/home/tasl/autoware.auto-ros-bridge/install/autoware_control_msgs/lib/python3.8/site-packages:/home/tasl/autoware.auto-ros-bridge/install/autoware_auto_control_msgs/lib/python3.8/site-packages:/opt/ros/galactic/lib/python3.8/site-packages /usr/bin/cmake --install /home/tasl/autoware.auto-ros-bridge/build/autoware_ros_bridge_carla
[9.556s] -- Install configuration: ""
[9.556s] -- Installing: /home/tasl/autoware.auto-ros-bridge/install/autoware_ros_bridge_carla/lib/autoware_ros_bridge_carla/listener
[9.560s] -- Set runtime path of "/home/tasl/autoware.auto-ros-bridge/install/autoware_ros_bridge_carla/lib/autoware_ros_bridge_carla/listener" to ""
[9.560s] -- Installing: /home/tasl/autoware.auto-ros-bridge/install/autoware_ros_bridge_carla/share/ament_index/resource_index/package_run_dependencies/autoware_ros_bridge_carla
[9.560s] -- Installing: /home/tasl/autoware.auto-ros-bridge/install/autoware_ros_bridge_carla/share/ament_index/resource_index/parent_prefix_path/autoware_ros_bridge_carla
[9.560s] -- Up-to-date: /home/tasl/autoware.auto-ros-bridge/install/autoware_ros_bridge_carla/share/autoware_ros_bridge_carla/environment/ament_prefix_path.sh
[9.561s] -- Installing: /home/tasl/autoware.auto-ros-bridge/install/autoware_ros_bridge_carla/share/autoware_ros_bridge_carla/environment/ament_prefix_path.dsv
[9.561s] -- Up-to-date: /home/tasl/autoware.auto-ros-bridge/install/autoware_ros_bridge_carla/share/autoware_ros_bridge_carla/environment/path.sh
[9.561s] -- Installing: /home/tasl/autoware.auto-ros-bridge/install/autoware_ros_bridge_carla/share/autoware_ros_bridge_carla/environment/path.dsv
[9.561s] -- Up-to-date: /home/tasl/autoware.auto-ros-bridge/install/autoware_ros_bridge_carla/share/autoware_ros_bridge_carla/local_setup.bash
[9.561s] -- Up-to-date: /home/tasl/autoware.auto-ros-bridge/install/autoware_ros_bridge_carla/share/autoware_ros_bridge_carla/local_setup.sh
[9.561s] -- Up-to-date: /home/tasl/autoware.auto-ros-bridge/install/autoware_ros_bridge_carla/share/autoware_ros_bridge_carla/local_setup.zsh
[9.562s] -- Installing: /home/tasl/autoware.auto-ros-bridge/install/autoware_ros_bridge_carla/share/autoware_ros_bridge_carla/local_setup.dsv
[9.562s] -- Installing: /home/tasl/autoware.auto-ros-bridge/install/autoware_ros_bridge_carla/share/autoware_ros_bridge_carla/package.dsv
[9.562s] -- Up-to-date: /home/tasl/autoware.auto-ros-bridge/install/autoware_ros_bridge_carla/share/ament_index/resource_index/packages/autoware_ros_bridge_carla
[9.562s] -- Up-to-date: /home/tasl/autoware.auto-ros-bridge/install/autoware_ros_bridge_carla/share/autoware_ros_bridge_carla/cmake/autoware_ros_bridge_carlaConfig.cmake
[9.562s] -- Up-to-date: /home/tasl/autoware.auto-ros-bridge/install/autoware_ros_bridge_carla/share/autoware_ros_bridge_carla/cmake/autoware_ros_bridge_carlaConfig-version.cmake
[9.562s] -- Installing: /home/tasl/autoware.auto-ros-bridge/install/autoware_ros_bridge_carla/share/autoware_ros_bridge_carla/package.xml
[9.573s] Invoked command in '/home/tasl/autoware.auto-ros-bridge/build/autoware_ros_bridge_carla' returned '0': AMENT_PREFIX_PATH=/home/tasl/autoware.auto-ros-bridge/install/autoware_auto_control_msgs:${AMENT_PREFIX_PATH} CMAKE_PREFIX_PATH=/home/tasl/autoware.auto-ros-bridge/install/autoware_control_msgs:/home/tasl/autoware.auto-ros-bridge/install/autoware_auto_control_msgs:/home/tasl/autoware.auto-ros-bridge/install/autoware_ros_bridge_carla:/opt/ros/galactic LD_LIBRARY_PATH=/home/tasl/autoware.auto-ros-bridge/install/autoware_control_msgs/lib:/home/tasl/autoware.auto-ros-bridge/install/autoware_auto_control_msgs/lib:/opt/ros/galactic/opt/yaml_cpp_vendor/lib:/opt/ros/galactic/opt/rviz_ogre_vendor/lib:/opt/ros/galactic/lib/x86_64-linux-gnu:/opt/ros/galactic/lib PYTHONPATH=/home/tasl/autoware.auto-ros-bridge/install/autoware_control_msgs/lib/python3.8/site-packages:/home/tasl/autoware.auto-ros-bridge/install/autoware_auto_control_msgs/lib/python3.8/site-packages:/opt/ros/galactic/lib/python3.8/site-packages /usr/bin/cmake --install /home/tasl/autoware.auto-ros-bridge/build/autoware_ros_bridge_carla
