[0.011s] Invoking command in '/home/tasl/autoware.universe-carla-ros-bridge/build/autoware_ros_bridge_carla': AMENT_PREFIX_PATH=/home/tasl/autoware.universe-carla-ros-bridge/install/autoware_control_msgs:/home/tasl/autoware.universe-carla-ros-bridge/install/autoware_auto_control_msgs:${AMENT_PREFIX_PATH} CMAKE_PREFIX_PATH=/home/tasl/autoware.universe-carla-ros-bridge/install/autoware_control_msgs:/home/tasl/autoware.universe-carla-ros-bridge/install/autoware_auto_control_msgs:/opt/ros/galactic LD_LIBRARY_PATH=/home/tasl/autoware.universe-carla-ros-bridge/install/autoware_control_msgs/lib:/home/tasl/autoware.universe-carla-ros-bridge/install/autoware_auto_control_msgs/lib:${LD_LIBRARY_PATH} PYTHONPATH=/home/tasl/autoware.universe-carla-ros-bridge/install/autoware_control_msgs/lib/python3.8/site-packages:/home/tasl/autoware.universe-carla-ros-bridge/install/autoware_auto_control_msgs/lib/python3.8/site-packages:${PYTHONPATH} /usr/bin/cmake --build /home/tasl/autoware.universe-carla-ros-bridge/build/autoware_ros_bridge_carla -- -j16 -l16
[0.046s] [35m[1mScanning dependencies of target control_command_converter[0m
[0.055s] [ 25%] Built target jsontest
[0.060s] [ 50%] Built target listener
[0.060s] [ 75%] Built target sender
[0.071s] [ 87%] [32mBuilding CXX object CMakeFiles/control_command_converter.dir/src/control_command_converter.cpp.o[0m
[1.641s] [01m[K/home/tasl/autoware.universe-carla-ros-bridge/autoware_ros_bridge_carla/src/control_command_converter.cpp:[m[K In constructor ‘[01m[KControlCommandConverter::ControlCommandConverter()[m[K’:
[1.641s] [01m[K/home/tasl/autoware.universe-carla-ros-bridge/autoware_ros_bridge_carla/src/control_command_converter.cpp:17:65:[m[K [01;31m[Kerror: [m[Kno matching function for call to ‘[01m[Krclcpp::Subscription<autoware_auto_control_msgs::msg::AckermannControlCommand_<std::allocator<void> > >::Subscription()[m[K’
[1.641s]    17 |     ControlCommandConverter() : Node("control_command_converter"[01;31m[K)[m[K
[1.641s]       |                                                                 [01;31m[K^[m[K
[1.641s] In file included from [01m[K/opt/ros/galactic/include/rclcpp/any_executable.hpp:25[m[K,
[1.641s]                  from [01m[K/opt/ros/galactic/include/rclcpp/memory_strategy.hpp:25[m[K,
[1.641s]                  from [01m[K/opt/ros/galactic/include/rclcpp/memory_strategies.hpp:18[m[K,
[1.641s]                  from [01m[K/opt/ros/galactic/include/rclcpp/executor_options.hpp:20[m[K,
[1.641s]                  from [01m[K/opt/ros/galactic/include/rclcpp/executor.hpp:36[m[K,
[1.642s]                  from [01m[K/opt/ros/galactic/include/rclcpp/executors/multi_threaded_executor.hpp:26[m[K,
[1.642s]                  from [01m[K/opt/ros/galactic/include/rclcpp/executors.hpp:21[m[K,
[1.642s]                  from [01m[K/opt/ros/galactic/include/rclcpp/rclcpp.hpp:156[m[K,
[1.642s]                  from [01m[K/home/tasl/autoware.universe-carla-ros-bridge/autoware_ros_bridge_carla/src/control_command_converter.cpp:4[m[K:
[1.642s] [01m[K/opt/ros/galactic/include/rclcpp/subscription.hpp:102:3:[m[K [01;36m[Knote: [m[Kcandidate: ‘[01m[Krclcpp::Subscription<CallbackMessageT, AllocatorT, MessageMemoryStrategyT>::Subscription(rclcpp::node_interfaces::NodeBaseInterface*, const rosidl_message_type_support_t&, const string&, const rclcpp::QoS&, rclcpp::AnySubscriptionCallback<CallbackMessageT, AllocatorT>, const rclcpp::SubscriptionOptionsWithAllocator<AllocatorT>&, typename MessageMemoryStrategyT::SharedPtr, rclcpp::Subscription<CallbackMessageT, AllocatorT, MessageMemoryStrategyT>::SubscriptionTopicStatisticsSharedPtr) [with CallbackMessageT = autoware_auto_control_msgs::msg::AckermannControlCommand_<std::allocator<void> >; AllocatorT = std::allocator<void>; MessageMemoryStrategyT = rclcpp::message_memory_strategy::MessageMemoryStrategy<autoware_auto_control_msgs::msg::AckermannControlCommand_<std::allocator<void> >, std::allocator<void> >; rosidl_message_type_support_t = rosidl_message_type_support_t; std::string = std::__cxx11::basic_string<char>; typename MessageMemoryStrategyT::SharedPtr = std::shared_ptr<rclcpp::message_memory_strategy::MessageMemoryStrategy<autoware_auto_control_msgs::msg::AckermannControlCommand_<std::allocator<void> >, std::allocator<void> > >; rclcpp::Subscription<CallbackMessageT, AllocatorT, MessageMemoryStrategyT>::SubscriptionTopicStatisticsSharedPtr = std::shared_ptr<rclcpp::topic_statistics::SubscriptionTopicStatistics<autoware_auto_control_msgs::msg::AckermannControlCommand_<std::allocator<void> > > >][m[K’
[1.642s]   102 |   [01;36m[KSubscription[m[K(
[1.642s]       |   [01;36m[K^~~~~~~~~~~~[m[K
[1.642s] [01m[K/opt/ros/galactic/include/rclcpp/subscription.hpp:102:3:[m[K [01;36m[Knote: [m[K  candidate expects 8 arguments, 0 provided
[1.642s] [01m[K/home/tasl/autoware.universe-carla-ros-bridge/autoware_ros_bridge_carla/src/control_command_converter.cpp:17:65:[m[K [01;31m[Kerror: [m[Kno matching function for call to ‘[01m[Krclcpp::Publisher<ackermann_msgs::msg::AckermannDrive_<std::allocator<void> > >::Publisher()[m[K’
[1.642s]    17 |     ControlCommandConverter() : Node("control_command_converter"[01;31m[K)[m[K
[1.642s]       |                                                                 [01;31m[K^[m[K
[1.642s] In file included from [01m[K/opt/ros/galactic/include/rclcpp/topic_statistics/subscription_topic_statistics.hpp:31[m[K,
[1.642s]                  from [01m[K/opt/ros/galactic/include/rclcpp/subscription.hpp:50[m[K,
[1.642s]                  from [01m[K/opt/ros/galactic/include/rclcpp/any_executable.hpp:25[m[K,
[1.642s]                  from [01m[K/opt/ros/galactic/include/rclcpp/memory_strategy.hpp:25[m[K,
[1.642s]                  from [01m[K/opt/ros/galactic/include/rclcpp/memory_strategies.hpp:18[m[K,
[1.643s]                  from [01m[K/opt/ros/galactic/include/rclcpp/executor_options.hpp:20[m[K,
[1.643s]                  from [01m[K/opt/ros/galactic/include/rclcpp/executor.hpp:36[m[K,
[1.643s]                  from [01m[K/opt/ros/galactic/include/rclcpp/executors/multi_threaded_executor.hpp:26[m[K,
[1.643s]                  from [01m[K/opt/ros/galactic/include/rclcpp/executors.hpp:21[m[K,
[1.643s]                  from [01m[K/opt/ros/galactic/include/rclcpp/rclcpp.hpp:156[m[K,
[1.643s]                  from [01m[K/home/tasl/autoware.universe-carla-ros-bridge/autoware_ros_bridge_carla/src/control_command_converter.cpp:4[m[K:
[1.643s] [01m[K/opt/ros/galactic/include/rclcpp/publisher.hpp:75:3:[m[K [01;36m[Knote: [m[Kcandidate: ‘[01m[Krclcpp::Publisher<MessageT, AllocatorT>::Publisher(rclcpp::node_interfaces::NodeBaseInterface*, const string&, const rclcpp::QoS&, const rclcpp::PublisherOptionsWithAllocator<AllocatorT>&) [with MessageT = ackermann_msgs::msg::AckermannDrive_<std::allocator<void> >; AllocatorT = std::allocator<void>; std::string = std::__cxx11::basic_string<char>][m[K’
[1.643s]    75 |   [01;36m[KPublisher[m[K(
[1.643s]       |   [01;36m[K^~~~~~~~~[m[K
[1.643s] [01m[K/opt/ros/galactic/include/rclcpp/publisher.hpp:75:3:[m[K [01;36m[Knote: [m[K  candidate expects 4 arguments, 0 provided
[1.643s] [01m[K/opt/ros/galactic/include/rclcpp/publisher.hpp:53:7:[m[K [01;36m[Knote: [m[Kcandidate: ‘[01m[Krclcpp::Publisher<ackermann_msgs::msg::AckermannDrive_<std::allocator<void> > >::Publisher(const rclcpp::Publisher<ackermann_msgs::msg::AckermannDrive_<std::allocator<void> > >&)[m[K’
[1.643s]    53 | class [01;36m[KPublisher[m[K : public PublisherBase
[1.643s]       |       [01;36m[K^~~~~~~~~[m[K
[1.643s] [01m[K/opt/ros/galactic/include/rclcpp/publisher.hpp:53:7:[m[K [01;36m[Knote: [m[K  candidate expects 1 argument, 0 provided
[1.670s] [01m[K/home/tasl/autoware.universe-carla-ros-bridge/autoware_ros_bridge_carla/src/control_command_converter.cpp:21:104:[m[K [01;31m[Kerror: [m[Kno match for ‘[01m[Koperator=[m[K’ (operand types are ‘[01m[Krclcpp::Subscription<autoware_auto_control_msgs::msg::AckermannControlCommand_<std::allocator<void> > >[m[K’ and ‘[01m[Kstd::shared_ptr<rclcpp::Subscription<autoware_auto_control_msgs::msg::AckermannControlCommand_<std::allocator<void> > > >[m[K’)
[1.670s]    21 |       "/control/command/control_cmd", 10, std::bind(&ControlCommandConverter::topic_callback, this, _1)[01;31m[K)[m[K;
[1.670s]       |                                                                                                        [01;31m[K^[m[K
[1.670s] In file included from [01m[K/opt/ros/galactic/include/rclcpp/context.hpp:34[m[K,
[1.670s]                  from [01m[K/opt/ros/galactic/include/rclcpp/executor.hpp:33[m[K,
[1.670s]                  from [01m[K/opt/ros/galactic/include/rclcpp/executors/multi_threaded_executor.hpp:26[m[K,
[1.671s]                  from [01m[K/opt/ros/galactic/include/rclcpp/executors.hpp:21[m[K,
[1.671s]                  from [01m[K/opt/ros/galactic/include/rclcpp/rclcpp.hpp:156[m[K,
[1.671s]                  from [01m[K/home/tasl/autoware.universe-carla-ros-bridge/autoware_ros_bridge_carla/src/control_command_converter.cpp:4[m[K:
[1.671s] [01m[K/opt/ros/galactic/include/rclcpp/subscription.hpp:333:3:[m[K [01;36m[Knote: [m[Kcandidate: ‘[01m[Krclcpp::Subscription<CallbackMessageT, AllocatorT, MessageMemoryStrategyT>& rclcpp::Subscription<CallbackMessageT, AllocatorT, MessageMemoryStrategyT>::operator=(const rclcpp::Subscription<CallbackMessageT, AllocatorT, MessageMemoryStrategyT>&) [with CallbackMessageT = autoware_auto_control_msgs::msg::AckermannControlCommand_<std::allocator<void> >; AllocatorT = std::allocator<void>; MessageMemoryStrategyT = rclcpp::message_memory_strategy::MessageMemoryStrategy<autoware_auto_control_msgs::msg::AckermannControlCommand_<std::allocator<void> >, std::allocator<void> >][m[K’ <deleted>
[1.671s]   333 |   [01;36m[KRCLCPP_DISABLE_COPY[m[K(Subscription)
[1.671s]       |   [01;36m[K^~~~~~~~~~~~~~~~~~~[m[K
[1.671s] [01m[K/opt/ros/galactic/include/rclcpp/subscription.hpp:333:3:[m[K [01;36m[Knote: [m[K  no known conversion for argument 1 from ‘[01m[Kstd::shared_ptr<rclcpp::Subscription<autoware_auto_control_msgs::msg::AckermannControlCommand_<std::allocator<void> > > >[m[K’ to ‘[01m[Kconst rclcpp::Subscription<autoware_auto_control_msgs::msg::AckermannControlCommand_<std::allocator<void> > >&[m[K’
[1.671s]   333 |   [01;36m[KRCLCPP_DISABLE_COPY[m[K(Subscription)
[1.671s]       |   [01;36m[K^~~~~~~~~~~~~~~~~~~[m[K
[1.675s] [01m[K/home/tasl/autoware.universe-carla-ros-bridge/autoware_ros_bridge_carla/src/control_command_converter.cpp:22:97:[m[K [01;31m[Kerror: [m[Kno match for ‘[01m[Koperator=[m[K’ (operand types are ‘[01m[Krclcpp::Publisher<ackermann_msgs::msg::AckermannDrive_<std::allocator<void> > >[m[K’ and ‘[01m[Kstd::shared_ptr<rclcpp::Publisher<ackermann_msgs::msg::AckermannDrive_<std::allocator<void> > > >[m[K’)
[1.675s]    22 |       publisher_ = this->create_publisher<AckermannDrive>("/carla/ego_vehicle/ackermann_cmd", 10[01;31m[K)[m[K;
[1.675s]       |                                                                                                 [01;31m[K^[m[K
[1.675s] In file included from [01m[K/opt/ros/galactic/include/rclcpp/topic_statistics/subscription_topic_statistics.hpp:31[m[K,
[1.675s]                  from [01m[K/opt/ros/galactic/include/rclcpp/subscription.hpp:50[m[K,
[1.675s]                  from [01m[K/opt/ros/galactic/include/rclcpp/any_executable.hpp:25[m[K,
[1.675s]                  from [01m[K/opt/ros/galactic/include/rclcpp/memory_strategy.hpp:25[m[K,
[1.675s]                  from [01m[K/opt/ros/galactic/include/rclcpp/memory_strategies.hpp:18[m[K,
[1.675s]                  from [01m[K/opt/ros/galactic/include/rclcpp/executor_options.hpp:20[m[K,
[1.676s]                  from [01m[K/opt/ros/galactic/include/rclcpp/executor.hpp:36[m[K,
[1.676s]                  from [01m[K/opt/ros/galactic/include/rclcpp/executors/multi_threaded_executor.hpp:26[m[K,
[1.676s]                  from [01m[K/opt/ros/galactic/include/rclcpp/executors.hpp:21[m[K,
[1.676s]                  from [01m[K/opt/ros/galactic/include/rclcpp/rclcpp.hpp:156[m[K,
[1.676s]                  from [01m[K/home/tasl/autoware.universe-carla-ros-bridge/autoware_ros_bridge_carla/src/control_command_converter.cpp:4[m[K:
[1.676s] [01m[K/opt/ros/galactic/include/rclcpp/publisher.hpp:53:7:[m[K [01;36m[Knote: [m[Kcandidate: ‘[01m[Krclcpp::Publisher<ackermann_msgs::msg::AckermannDrive_<std::allocator<void> > >& rclcpp::Publisher<ackermann_msgs::msg::AckermannDrive_<std::allocator<void> > >::operator=(const rclcpp::Publisher<ackermann_msgs::msg::AckermannDrive_<std::allocator<void> > >&)[m[K’ <deleted>
[1.676s]    53 | class [01;36m[KPublisher[m[K : public PublisherBase
[1.676s]       |       [01;36m[K^~~~~~~~~[m[K
[1.676s] [01m[K/opt/ros/galactic/include/rclcpp/publisher.hpp:53:7:[m[K [01;36m[Knote: [m[K  no known conversion for argument 1 from ‘[01m[Kstd::shared_ptr<rclcpp::Publisher<ackermann_msgs::msg::AckermannDrive_<std::allocator<void> > > >[m[K’ to ‘[01m[Kconst rclcpp::Publisher<ackermann_msgs::msg::AckermannDrive_<std::allocator<void> > >&[m[K’
[1.878s] [01m[K/home/tasl/autoware.universe-carla-ros-bridge/autoware_ros_bridge_carla/src/control_command_converter.cpp:[m[K In member function ‘[01m[Kvoid ControlCommandConverter::topic_callback(autoware_auto_control_msgs::msg::AckermannControlCommand_<std::allocator<void> >::ConstSharedPtr)[m[K’:
[1.878s] [01m[K/home/tasl/autoware.universe-carla-ros-bridge/autoware_ros_bridge_carla/src/control_command_converter.cpp:44:12:[m[K [01;31m[Kerror: [m[Krequest for member ‘[01m[Kpublisher_[m[K’ in ‘[01m[K(ControlCommandConverter*)this[m[K’, which is of pointer type ‘[01m[KControlCommandConverter*[m[K’ (maybe you meant to use ‘[01m[K->[m[K’ ?)
[1.878s]    44 |       this.[01;31m[Kpublisher_[m[K.publish(message);
[1.878s]       |            [01;31m[K^~~~~~~~~~[m[K
[1.878s] [01m[K/home/tasl/autoware.universe-carla-ros-bridge/autoware_ros_bridge_carla/src/control_command_converter.cpp:[m[K In function ‘[01m[Kint main(int, char**)[m[K’:
[1.879s] [01m[K/home/tasl/autoware.universe-carla-ros-bridge/autoware_ros_bridge_carla/src/control_command_converter.cpp:58:16:[m[K [01;31m[Kerror: [m[Kno matching function for call to ‘[01m[Kspin()[m[K’
[1.879s]    58 |   rclcpp::spin([01;31m[K)[m[K;
[1.879s]       |                [01;31m[K^[m[K
[1.879s] In file included from [01m[K/opt/ros/galactic/include/rclcpp/rclcpp.hpp:156[m[K,
[1.879s]                  from [01m[K/home/tasl/autoware.universe-carla-ros-bridge/autoware_ros_bridge_carla/src/control_command_converter.cpp:4[m[K:
[1.879s] [01m[K/opt/ros/galactic/include/rclcpp/executors.hpp:45:1:[m[K [01;36m[Knote: [m[Kcandidate: ‘[01m[Kvoid rclcpp::spin(rclcpp::node_interfaces::NodeBaseInterface::SharedPtr)[m[K’
[1.879s]    45 | [01;36m[Kspin[m[K(rclcpp::node_interfaces::NodeBaseInterface::SharedPtr node_ptr);
[1.879s]       | [01;36m[K^~~~[m[K
[1.879s] [01m[K/opt/ros/galactic/include/rclcpp/executors.hpp:45:1:[m[K [01;36m[Knote: [m[K  candidate expects 1 argument, 0 provided
[1.879s] [01m[K/opt/ros/galactic/include/rclcpp/executors.hpp:49:1:[m[K [01;36m[Knote: [m[Kcandidate: ‘[01m[Kvoid rclcpp::spin(rclcpp::Node::SharedPtr)[m[K’
[1.879s]    49 | [01;36m[Kspin[m[K(rclcpp::Node::SharedPtr node_ptr);
[1.879s]       | [01;36m[K^~~~[m[K
[1.880s] [01m[K/opt/ros/galactic/include/rclcpp/executors.hpp:49:1:[m[K [01;36m[Knote: [m[K  candidate expects 1 argument, 0 provided
[3.340s] make[2]: *** [CMakeFiles/control_command_converter.dir/build.make:63: CMakeFiles/control_command_converter.dir/src/control_command_converter.cpp.o] Error 1
[3.340s] make[1]: *** [CMakeFiles/Makefile2:84: CMakeFiles/control_command_converter.dir/all] Error 2
[3.340s] make: *** [Makefile:141: all] Error 2
[3.342s] Invoked command in '/home/tasl/autoware.universe-carla-ros-bridge/build/autoware_ros_bridge_carla' returned '2': AMENT_PREFIX_PATH=/home/tasl/autoware.universe-carla-ros-bridge/install/autoware_control_msgs:/home/tasl/autoware.universe-carla-ros-bridge/install/autoware_auto_control_msgs:${AMENT_PREFIX_PATH} CMAKE_PREFIX_PATH=/home/tasl/autoware.universe-carla-ros-bridge/install/autoware_control_msgs:/home/tasl/autoware.universe-carla-ros-bridge/install/autoware_auto_control_msgs:/opt/ros/galactic LD_LIBRARY_PATH=/home/tasl/autoware.universe-carla-ros-bridge/install/autoware_control_msgs/lib:/home/tasl/autoware.universe-carla-ros-bridge/install/autoware_auto_control_msgs/lib:${LD_LIBRARY_PATH} PYTHONPATH=/home/tasl/autoware.universe-carla-ros-bridge/install/autoware_control_msgs/lib/python3.8/site-packages:/home/tasl/autoware.universe-carla-ros-bridge/install/autoware_auto_control_msgs/lib/python3.8/site-packages:${PYTHONPATH} /usr/bin/cmake --build /home/tasl/autoware.universe-carla-ros-bridge/build/autoware_ros_bridge_carla -- -j16 -l16
