[0.026s] Invoking command in '/home/tasl/autoware.universe-carla-ros-bridge/build/autoware_ros_bridge_carla': CMAKE_PREFIX_PATH=/opt/ros/galactic:/home/tasl/autoware.universe-carla-ros-bridge/install/carla_msgs:/home/tasl/autoware.universe-carla-ros-bridge/install/autoware_auto_vehicle_msgs:/home/tasl/autoware.universe-carla-ros-bridge/install/autoware_auto_control_msgs:/home/tasl/autoware.universe-carla-ros-bridge/install/autoware_ros_bridge_carla /usr/bin/cmake --build /home/tasl/autoware.universe-carla-ros-bridge/build/autoware_ros_bridge_carla -- -j16 -l16
[0.106s] [35m[1mScanning dependencies of target odometry_remapper[0m
[0.108s] [ 14%] Built target jsontest
[0.119s] [ 28%] Built target control_command_converter
[0.128s] [ 71%] Built target listener
[0.129s] [ 71%] Built target steering_reporter
[0.129s] [ 71%] Built target sender
[0.129s] [ 85%] Built target velocity_reporter
[0.149s] [ 92%] [32mBuilding CXX object CMakeFiles/odometry_remapper.dir/src/odometry_remapper.cpp.o[0m
[11.397s] [100%] [32m[1mLinking CXX executable odometry_remapper[0m
[11.927s] [100%] Built target odometry_remapper
[11.943s] Invoked command in '/home/tasl/autoware.universe-carla-ros-bridge/build/autoware_ros_bridge_carla' returned '0': CMAKE_PREFIX_PATH=/opt/ros/galactic:/home/tasl/autoware.universe-carla-ros-bridge/install/carla_msgs:/home/tasl/autoware.universe-carla-ros-bridge/install/autoware_auto_vehicle_msgs:/home/tasl/autoware.universe-carla-ros-bridge/install/autoware_auto_control_msgs:/home/tasl/autoware.universe-carla-ros-bridge/install/autoware_ros_bridge_carla /usr/bin/cmake --build /home/tasl/autoware.universe-carla-ros-bridge/build/autoware_ros_bridge_carla -- -j16 -l16
[12.041s] Invoking command in '/home/tasl/autoware.universe-carla-ros-bridge/build/autoware_ros_bridge_carla': CMAKE_PREFIX_PATH=/opt/ros/galactic:/home/tasl/autoware.universe-carla-ros-bridge/install/carla_msgs:/home/tasl/autoware.universe-carla-ros-bridge/install/autoware_auto_vehicle_msgs:/home/tasl/autoware.universe-carla-ros-bridge/install/autoware_auto_control_msgs:/home/tasl/autoware.universe-carla-ros-bridge/install/autoware_ros_bridge_carla /usr/bin/cmake --install /home/tasl/autoware.universe-carla-ros-bridge/build/autoware_ros_bridge_carla
[12.052s] -- Install configuration: ""
[12.052s] -- Up-to-date: /home/tasl/autoware.universe-carla-ros-bridge/install/autoware_ros_bridge_carla/lib/autoware_ros_bridge_carla/listener
[12.053s] -- Up-to-date: /home/tasl/autoware.universe-carla-ros-bridge/install/autoware_ros_bridge_carla/lib/autoware_ros_bridge_carla/jsontest
[12.053s] -- Up-to-date: /home/tasl/autoware.universe-carla-ros-bridge/install/autoware_ros_bridge_carla/lib/autoware_ros_bridge_carla/sender
[12.054s] -- Up-to-date: /home/tasl/autoware.universe-carla-ros-bridge/install/autoware_ros_bridge_carla/lib/autoware_ros_bridge_carla/control_command_converter
[12.054s] -- Installing: /home/tasl/autoware.universe-carla-ros-bridge/install/autoware_ros_bridge_carla/lib/autoware_ros_bridge_carla/odometry_remapper
[12.059s] -- Set runtime path of "/home/tasl/autoware.universe-carla-ros-bridge/install/autoware_ros_bridge_carla/lib/autoware_ros_bridge_carla/odometry_remapper" to ""
[12.060s] -- Up-to-date: /home/tasl/autoware.universe-carla-ros-bridge/install/autoware_ros_bridge_carla/lib/autoware_ros_bridge_carla/velocity_reporter
[12.060s] -- Up-to-date: /home/tasl/autoware.universe-carla-ros-bridge/install/autoware_ros_bridge_carla/lib/autoware_ros_bridge_carla/steering_reporter
[12.060s] -- Up-to-date: /home/tasl/autoware.universe-carla-ros-bridge/install/autoware_ros_bridge_carla/share/ament_index/resource_index/package_run_dependencies/autoware_ros_bridge_carla
[12.061s] -- Up-to-date: /home/tasl/autoware.universe-carla-ros-bridge/install/autoware_ros_bridge_carla/share/ament_index/resource_index/parent_prefix_path/autoware_ros_bridge_carla
[12.061s] -- Up-to-date: /home/tasl/autoware.universe-carla-ros-bridge/install/autoware_ros_bridge_carla/share/autoware_ros_bridge_carla/environment/ament_prefix_path.sh
[12.061s] -- Up-to-date: /home/tasl/autoware.universe-carla-ros-bridge/install/autoware_ros_bridge_carla/share/autoware_ros_bridge_carla/environment/ament_prefix_path.dsv
[12.061s] -- Up-to-date: /home/tasl/autoware.universe-carla-ros-bridge/install/autoware_ros_bridge_carla/share/autoware_ros_bridge_carla/environment/path.sh
[12.062s] -- Up-to-date: /home/tasl/autoware.universe-carla-ros-bridge/install/autoware_ros_bridge_carla/share/autoware_ros_bridge_carla/environment/path.dsv
[12.062s] -- Up-to-date: /home/tasl/autoware.universe-carla-ros-bridge/install/autoware_ros_bridge_carla/share/autoware_ros_bridge_carla/local_setup.bash
[12.062s] -- Up-to-date: /home/tasl/autoware.universe-carla-ros-bridge/install/autoware_ros_bridge_carla/share/autoware_ros_bridge_carla/local_setup.sh
[12.062s] -- Up-to-date: /home/tasl/autoware.universe-carla-ros-bridge/install/autoware_ros_bridge_carla/share/autoware_ros_bridge_carla/local_setup.zsh
[12.062s] -- Up-to-date: /home/tasl/autoware.universe-carla-ros-bridge/install/autoware_ros_bridge_carla/share/autoware_ros_bridge_carla/local_setup.dsv
[12.062s] -- Installing: /home/tasl/autoware.universe-carla-ros-bridge/install/autoware_ros_bridge_carla/share/autoware_ros_bridge_carla/package.dsv
[12.062s] -- Up-to-date: /home/tasl/autoware.universe-carla-ros-bridge/install/autoware_ros_bridge_carla/share/ament_index/resource_index/packages/autoware_ros_bridge_carla
[12.064s] -- Up-to-date: /home/tasl/autoware.universe-carla-ros-bridge/install/autoware_ros_bridge_carla/share/autoware_ros_bridge_carla/cmake/autoware_ros_bridge_carlaConfig.cmake
[12.064s] -- Up-to-date: /home/tasl/autoware.universe-carla-ros-bridge/install/autoware_ros_bridge_carla/share/autoware_ros_bridge_carla/cmake/autoware_ros_bridge_carlaConfig-version.cmake
[12.065s] -- Up-to-date: /home/tasl/autoware.universe-carla-ros-bridge/install/autoware_ros_bridge_carla/share/autoware_ros_bridge_carla/package.xml
[12.075s] Invoked command in '/home/tasl/autoware.universe-carla-ros-bridge/build/autoware_ros_bridge_carla' returned '0': CMAKE_PREFIX_PATH=/opt/ros/galactic:/home/tasl/autoware.universe-carla-ros-bridge/install/carla_msgs:/home/tasl/autoware.universe-carla-ros-bridge/install/autoware_auto_vehicle_msgs:/home/tasl/autoware.universe-carla-ros-bridge/install/autoware_auto_control_msgs:/home/tasl/autoware.universe-carla-ros-bridge/install/autoware_ros_bridge_carla /usr/bin/cmake --install /home/tasl/autoware.universe-carla-ros-bridge/build/autoware_ros_bridge_carla
