[0.277s] DEBUG:colcon:Command line arguments: ['/usr/bin/colcon', 'build']
[0.277s] DEBUG:colcon:Parsed command line arguments: Namespace(allow_overriding=[], ament_cmake_args=None, base_paths=['.'], build_base='build', catkin_cmake_args=None, catkin_skip_building_tests=False, cmake_args=None, cmake_clean_cache=False, cmake_clean_first=False, cmake_force_configure=False, cmake_target=None, cmake_target_skip_unavailable=False, continue_on_error=False, event_handlers=None, executor='parallel', ignore_user_meta=False, install_base='install', log_base=None, log_level=None, main=<bound method BuildVerb.main of <colcon_core.verb.build.BuildVerb object at 0x7f15449aab80>>, merge_install=False, metas=['./colcon.meta'], packages_above=None, packages_above_and_dependencies=None, packages_above_depth=None, packages_end=None, packages_ignore=None, packages_ignore_regex=None, packages_select=None, packages_select_build_failed=False, packages_select_by_dep=None, packages_select_regex=None, packages_select_test_failures=False, packages_skip=None, packages_skip_build_finished=False, packages_skip_by_dep=None, packages_skip_regex=None, packages_skip_test_passed=False, packages_skip_up_to=None, packages_start=None, packages_up_to=None, packages_up_to_regex=None, parallel_workers=16, paths=None, symlink_install=False, test_result_base=None, verb_extension=<colcon_core.verb.build.BuildVerb object at 0x7f15449aab80>, verb_name='build', verb_parser=<colcon_defaults.argument_parser.defaults.DefaultArgumentsDecorator object at 0x7f15441e78b0>)
[0.307s] Level 1:colcon.colcon_core.package_discovery:discover_packages(colcon_meta) check parameters
[0.307s] Level 1:colcon.colcon_core.package_discovery:discover_packages(recursive) check parameters
[0.307s] Level 1:colcon.colcon_core.package_discovery:discover_packages(ignore) check parameters
[0.307s] Level 1:colcon.colcon_core.package_discovery:discover_packages(path) check parameters
[0.307s] Level 1:colcon.colcon_core.package_discovery:discover_packages(colcon_meta) discover
[0.307s] Level 1:colcon.colcon_core.package_discovery:discover_packages(recursive) discover
[0.307s] INFO:colcon.colcon_core.package_discovery:Crawling recursively for packages in '/home/tasl/autoware.auto-ros-bridge'
[0.307s] Level 1:colcon.colcon_core.package_identification:_identify(.) by extensions ['ignore', 'ignore_ament_install']
[0.307s] Level 1:colcon.colcon_core.package_identification:_identify(.) by extension 'ignore'
[0.307s] Level 1:colcon.colcon_core.package_identification:_identify(.) by extension 'ignore_ament_install'
[0.307s] Level 1:colcon.colcon_core.package_identification:_identify(.) by extensions ['colcon_pkg']
[0.307s] Level 1:colcon.colcon_core.package_identification:_identify(.) by extension 'colcon_pkg'
[0.307s] Level 1:colcon.colcon_core.package_identification:_identify(.) by extensions ['colcon_meta']
[0.307s] Level 1:colcon.colcon_core.package_identification:_identify(.) by extension 'colcon_meta'
[0.307s] Level 1:colcon.colcon_core.package_identification:_identify(.) by extensions ['ros']
[0.307s] Level 1:colcon.colcon_core.package_identification:_identify(.) by extension 'ros'
[0.317s] Level 1:colcon.colcon_core.package_identification:_identify(.) by extensions ['cmake', 'python']
[0.317s] Level 1:colcon.colcon_core.package_identification:_identify(.) by extension 'cmake'
[0.317s] Level 1:colcon.colcon_core.package_identification:_identify(.) by extension 'python'
[0.317s] Level 1:colcon.colcon_core.package_identification:_identify(.) by extensions ['python_setup_py']
[0.317s] Level 1:colcon.colcon_core.package_identification:_identify(.) by extension 'python_setup_py'
[0.318s] Level 1:colcon.colcon_core.package_identification:_identify(autoware_ros_bridge_carla) by extensions ['ignore', 'ignore_ament_install']
[0.318s] Level 1:colcon.colcon_core.package_identification:_identify(autoware_ros_bridge_carla) by extension 'ignore'
[0.318s] Level 1:colcon.colcon_core.package_identification:_identify(autoware_ros_bridge_carla) by extension 'ignore_ament_install'
[0.318s] Level 1:colcon.colcon_core.package_identification:_identify(autoware_ros_bridge_carla) by extensions ['colcon_pkg']
[0.318s] Level 1:colcon.colcon_core.package_identification:_identify(autoware_ros_bridge_carla) by extension 'colcon_pkg'
[0.318s] Level 1:colcon.colcon_core.package_identification:_identify(autoware_ros_bridge_carla) by extensions ['colcon_meta']
[0.318s] Level 1:colcon.colcon_core.package_identification:_identify(autoware_ros_bridge_carla) by extension 'colcon_meta'
[0.318s] Level 1:colcon.colcon_core.package_identification:_identify(autoware_ros_bridge_carla) by extensions ['ros']
[0.318s] Level 1:colcon.colcon_core.package_identification:_identify(autoware_ros_bridge_carla) by extension 'ros'
[0.319s] DEBUG:colcon.colcon_core.package_identification:Package 'autoware_ros_bridge_carla' with type 'ros.ament_cmake' and name 'autoware_ros_bridge_carla'
[0.320s] Level 1:colcon.colcon_core.package_identification:_identify(build) by extensions ['ignore', 'ignore_ament_install']
[0.320s] Level 1:colcon.colcon_core.package_identification:_identify(build) by extension 'ignore'
[0.320s] Level 1:colcon.colcon_core.package_identification:_identify(build) ignored
[0.320s] Level 1:colcon.colcon_core.package_identification:_identify(install) by extensions ['ignore', 'ignore_ament_install']
[0.320s] Level 1:colcon.colcon_core.package_identification:_identify(install) by extension 'ignore'
[0.320s] Level 1:colcon.colcon_core.package_identification:_identify(install) ignored
[0.320s] Level 1:colcon.colcon_core.package_identification:_identify(log) by extensions ['ignore', 'ignore_ament_install']
[0.320s] Level 1:colcon.colcon_core.package_identification:_identify(log) by extension 'ignore'
[0.320s] Level 1:colcon.colcon_core.package_identification:_identify(log) ignored
[0.320s] Level 1:colcon.colcon_core.package_discovery:discover_packages(recursive) using defaults
[0.320s] Level 1:colcon.colcon_core.package_discovery:discover_packages(ignore) discover
[0.320s] Level 1:colcon.colcon_core.package_discovery:discover_packages(ignore) using defaults
[0.320s] Level 1:colcon.colcon_core.package_discovery:discover_packages(path) discover
[0.320s] Level 1:colcon.colcon_core.package_discovery:discover_packages(path) using defaults
[0.338s] Level 1:colcon.colcon_core.package_discovery:discover_packages(prefix_path) check parameters
[0.338s] Level 1:colcon.colcon_core.package_discovery:discover_packages(prefix_path) discover
[0.340s] DEBUG:colcon.colcon_installed_package_information.package_discovery:Found 1 installed packages in /home/tasl/autoware.auto-ros-bridge/install
[0.342s] DEBUG:colcon.colcon_installed_package_information.package_discovery:Found 330 installed packages in /opt/ros/galactic
[0.343s] Level 1:colcon.colcon_core.package_discovery:discover_packages(prefix_path) using defaults
[0.407s] Level 5:colcon.colcon_core.verb:set package 'autoware_ros_bridge_carla' build argument 'cmake_args' from command line to 'None'
[0.407s] Level 5:colcon.colcon_core.verb:set package 'autoware_ros_bridge_carla' build argument 'cmake_target' from command line to 'None'
[0.407s] Level 5:colcon.colcon_core.verb:set package 'autoware_ros_bridge_carla' build argument 'cmake_target_skip_unavailable' from command line to 'False'
[0.407s] Level 5:colcon.colcon_core.verb:set package 'autoware_ros_bridge_carla' build argument 'cmake_clean_cache' from command line to 'False'
[0.407s] Level 5:colcon.colcon_core.verb:set package 'autoware_ros_bridge_carla' build argument 'cmake_clean_first' from command line to 'False'
[0.407s] Level 5:colcon.colcon_core.verb:set package 'autoware_ros_bridge_carla' build argument 'cmake_force_configure' from command line to 'False'
[0.407s] Level 5:colcon.colcon_core.verb:set package 'autoware_ros_bridge_carla' build argument 'ament_cmake_args' from command line to 'None'
[0.407s] Level 5:colcon.colcon_core.verb:set package 'autoware_ros_bridge_carla' build argument 'catkin_cmake_args' from command line to 'None'
[0.407s] Level 5:colcon.colcon_core.verb:set package 'autoware_ros_bridge_carla' build argument 'catkin_skip_building_tests' from command line to 'False'
[0.407s] DEBUG:colcon.colcon_core.verb:Building package 'autoware_ros_bridge_carla' with the following arguments: {'ament_cmake_args': None, 'build_base': '/home/tasl/autoware.auto-ros-bridge/build/autoware_ros_bridge_carla', 'catkin_cmake_args': None, 'catkin_skip_building_tests': False, 'cmake_args': None, 'cmake_clean_cache': False, 'cmake_clean_first': False, 'cmake_force_configure': False, 'cmake_target': None, 'cmake_target_skip_unavailable': False, 'install_base': '/home/tasl/autoware.auto-ros-bridge/install/autoware_ros_bridge_carla', 'merge_install': False, 'path': '/home/tasl/autoware.auto-ros-bridge/autoware_ros_bridge_carla', 'symlink_install': False, 'test_result_base': None}
[0.408s] INFO:colcon.colcon_core.executor:Executing jobs using 'parallel' executor
[0.413s] DEBUG:colcon.colcon_parallel_executor.executor.parallel:run_until_complete
[0.414s] INFO:colcon.colcon_ros.task.ament_cmake.build:Building ROS package in '/home/tasl/autoware.auto-ros-bridge/autoware_ros_bridge_carla' with build type 'ament_cmake'
[0.414s] INFO:colcon.colcon_cmake.task.cmake.build:Building CMake package in '/home/tasl/autoware.auto-ros-bridge/autoware_ros_bridge_carla'
[0.418s] INFO:colcon.colcon_core.plugin_system:Skipping extension 'colcon_core.shell.bat': Not used on non-Windows systems
[0.419s] INFO:colcon.colcon_core.shell:Skip shell extension 'powershell' for command environment: Not usable outside of PowerShell
[0.419s] DEBUG:colcon.colcon_core.shell:Skip shell extension 'dsv' for command environment
[0.430s] DEBUG:colcon.colcon_core.event_handler.log_command:Invoking command in '/home/tasl/autoware.auto-ros-bridge/build/autoware_ros_bridge_carla': CMAKE_PREFIX_PATH=${CMAKE_PREFIX_PATH}:/opt/ros/galactic /usr/bin/cmake --build /home/tasl/autoware.auto-ros-bridge/build/autoware_ros_bridge_carla -- -j16 -l16
[5.127s] DEBUG:colcon.colcon_core.event_handler.log_command:Invoked command in '/home/tasl/autoware.auto-ros-bridge/build/autoware_ros_bridge_carla' returned '2': CMAKE_PREFIX_PATH=${CMAKE_PREFIX_PATH}:/opt/ros/galactic /usr/bin/cmake --build /home/tasl/autoware.auto-ros-bridge/build/autoware_ros_bridge_carla -- -j16 -l16
[5.144s] Level 1:colcon.colcon_core.environment:create_environment_scripts_only(autoware_ros_bridge_carla)
[5.149s] Level 1:colcon.colcon_core.environment:checking '/home/tasl/autoware.auto-ros-bridge/install/autoware_ros_bridge_carla' for CMake module files
[5.149s] Level 1:colcon.colcon_core.environment:checking '/home/tasl/autoware.auto-ros-bridge/install/autoware_ros_bridge_carla' for CMake config files
[5.150s] Level 1:colcon.colcon_core.shell:create_environment_hook('autoware_ros_bridge_carla', 'cmake_prefix_path')
[5.151s] INFO:colcon.colcon_core.shell:Creating environment hook '/home/tasl/autoware.auto-ros-bridge/install/autoware_ros_bridge_carla/share/autoware_ros_bridge_carla/hook/cmake_prefix_path.ps1'
[5.152s] INFO:colcon.colcon_core.shell:Creating environment descriptor '/home/tasl/autoware.auto-ros-bridge/install/autoware_ros_bridge_carla/share/autoware_ros_bridge_carla/hook/cmake_prefix_path.dsv'
[5.152s] INFO:colcon.colcon_core.shell:Creating environment hook '/home/tasl/autoware.auto-ros-bridge/install/autoware_ros_bridge_carla/share/autoware_ros_bridge_carla/hook/cmake_prefix_path.sh'
[5.153s] Level 1:colcon.colcon_core.environment:checking '/home/tasl/autoware.auto-ros-bridge/install/autoware_ros_bridge_carla/lib'
[5.153s] Level 1:colcon.colcon_core.environment:checking '/home/tasl/autoware.auto-ros-bridge/install/autoware_ros_bridge_carla/bin'
[5.153s] Level 1:colcon.colcon_core.environment:checking '/home/tasl/autoware.auto-ros-bridge/install/autoware_ros_bridge_carla/lib/pkgconfig/autoware_ros_bridge_carla.pc'
[5.153s] Level 1:colcon.colcon_core.environment:checking '/home/tasl/autoware.auto-ros-bridge/install/autoware_ros_bridge_carla/lib/python3.8/site-packages'
[5.154s] Level 1:colcon.colcon_core.environment:checking '/home/tasl/autoware.auto-ros-bridge/install/autoware_ros_bridge_carla/bin'
[5.156s] INFO:colcon.colcon_core.shell:Creating package script '/home/tasl/autoware.auto-ros-bridge/install/autoware_ros_bridge_carla/share/autoware_ros_bridge_carla/package.ps1'
[5.157s] INFO:colcon.colcon_core.shell:Creating package descriptor '/home/tasl/autoware.auto-ros-bridge/install/autoware_ros_bridge_carla/share/autoware_ros_bridge_carla/package.dsv'
[5.157s] INFO:colcon.colcon_core.shell:Creating package script '/home/tasl/autoware.auto-ros-bridge/install/autoware_ros_bridge_carla/share/autoware_ros_bridge_carla/package.sh'
[5.157s] INFO:colcon.colcon_core.shell:Creating package script '/home/tasl/autoware.auto-ros-bridge/install/autoware_ros_bridge_carla/share/autoware_ros_bridge_carla/package.bash'
[5.158s] INFO:colcon.colcon_core.shell:Creating package script '/home/tasl/autoware.auto-ros-bridge/install/autoware_ros_bridge_carla/share/autoware_ros_bridge_carla/package.zsh'
[5.159s] Level 1:colcon.colcon_core.environment:create_file_with_runtime_dependencies(/home/tasl/autoware.auto-ros-bridge/install/autoware_ros_bridge_carla/share/colcon-core/packages/autoware_ros_bridge_carla)
[5.169s] DEBUG:colcon.colcon_parallel_executor.executor.parallel:closing loop
[5.169s] DEBUG:colcon.colcon_parallel_executor.executor.parallel:loop closed
[5.169s] DEBUG:colcon.colcon_parallel_executor.executor.parallel:run_until_complete finished with '2'
[5.169s] DEBUG:colcon.colcon_core.event_reactor:joining thread
[5.174s] INFO:colcon.colcon_core.plugin_system:Skipping extension 'colcon_notification.desktop_notification.terminal_notifier': Not used on non-Darwin systems
[5.174s] INFO:colcon.colcon_core.plugin_system:Skipping extension 'colcon_notification.desktop_notification.win32': Not used on non-Windows systems
[5.174s] INFO:colcon.colcon_notification.desktop_notification:Sending desktop notification using 'notify2'
[5.184s] DEBUG:colcon.colcon_core.event_reactor:joined thread
[5.186s] INFO:colcon.colcon_core.shell:Creating prefix script '/home/tasl/autoware.auto-ros-bridge/install/local_setup.ps1'
[5.186s] INFO:colcon.colcon_core.shell:Creating prefix util module '/home/tasl/autoware.auto-ros-bridge/install/_local_setup_util_ps1.py'
[5.187s] INFO:colcon.colcon_core.shell:Creating prefix chain script '/home/tasl/autoware.auto-ros-bridge/install/setup.ps1'
[5.188s] INFO:colcon.colcon_core.shell:Creating prefix script '/home/tasl/autoware.auto-ros-bridge/install/local_setup.sh'
[5.189s] INFO:colcon.colcon_core.shell:Creating prefix util module '/home/tasl/autoware.auto-ros-bridge/install/_local_setup_util_sh.py'
[5.189s] INFO:colcon.colcon_core.shell:Creating prefix chain script '/home/tasl/autoware.auto-ros-bridge/install/setup.sh'
[5.191s] INFO:colcon.colcon_core.shell:Creating prefix script '/home/tasl/autoware.auto-ros-bridge/install/local_setup.bash'
[5.191s] INFO:colcon.colcon_core.shell:Creating prefix chain script '/home/tasl/autoware.auto-ros-bridge/install/setup.bash'
[5.192s] INFO:colcon.colcon_core.shell:Creating prefix script '/home/tasl/autoware.auto-ros-bridge/install/local_setup.zsh'
[5.192s] INFO:colcon.colcon_core.shell:Creating prefix chain script '/home/tasl/autoware.auto-ros-bridge/install/setup.zsh'
