-- Found ament_cmake: 0.9.9 (/opt/ros/foxy/share/ament_cmake/cmake)
-- Using PYTHON_EXECUTABLE: /usr/bin/python3
-- Found rclcpp: 2.4.1 (/opt/ros/foxy/share/rclcpp/cmake)
-- Using all available rosidl_typesupport_c: rosidl_typesupport_fastrtps_c;rosidl_typesupport_introspection_c
-- Found rosidl_adapter: 1.2.1 (/opt/ros/foxy/share/rosidl_adapter/cmake)
-- Using all available rosidl_typesupport_cpp: rosidl_typesupport_fastrtps_cpp;rosidl_typesupport_introspection_cpp
-- Found rmw_implementation_cmake: 1.0.3 (/opt/ros/foxy/share/rmw_implementation_cmake/cmake)
-- Using RMW implementation 'rmw_cyclonedds_cpp' as default
-- Found ackermann_msgs: 2.0.2 (/opt/ros/foxy/share/ackermann_msgs/cmake)
-- Found autoware_control_msgs: 1.0.0 (/home/tasl/autoware.auto-ros-bridge/install/autoware_control_msgs/share/autoware_control_msgs/cmake)
-- Found autoware_auto_control_msgs: 1.0.0 (/home/tasl/autoware.auto-ros-bridge/install/autoware_auto_control_msgs/share/autoware_auto_control_msgs/cmake)
CMake Error at /opt/ros/foxy/share/ament_cmake_target_dependencies/cmake/ament_target_dependencies.cmake:77 (message):
  ament_target_dependencies() the passed package name 'sender' was not found
  before
Call Stack (most recent call first):
  CMakeLists.txt:28 (ament_target_dependencies)


-- Configuring incomplete, errors occurred!
See also "/home/tasl/autoware.auto-ros-bridge/build/autoware_ros_bridge_carla/CMakeFiles/CMakeOutput.log".
See also "/home/tasl/autoware.auto-ros-bridge/build/autoware_ros_bridge_carla/CMakeFiles/CMakeError.log".
make: *** [Makefile:354: cmake_check_build_system] Error 1
