[0.045s] Invoking command in '/home/tasl/autoware.universe-carla-ros-bridge/build/carla_msgs': CMAKE_PREFIX_PATH=/opt/ros/galactic:${CMAKE_PREFIX_PATH} /usr/bin/cmake --build /home/tasl/autoware.universe-carla-ros-bridge/build/carla_msgs -- -j16 -l16
[0.134s] [  0%] Built target carla_msgs__cpp
[0.145s] [ 12%] Built target carla_msgs__rosidl_generator_c
[0.178s] [ 24%] Built target carla_msgs__rosidl_typesupport_cpp
[0.181s] [ 37%] Built target carla_msgs__rosidl_typesupport_introspection_cpp
[0.188s] [ 49%] Built target carla_msgs__rosidl_typesupport_introspection_c
[0.188s] [ 61%] Built target carla_msgs__rosidl_typesupport_fastrtps_cpp
[0.192s] [ 73%] Built target carla_msgs__rosidl_typesupport_c
[0.234s] [ 85%] Built target carla_msgs__rosidl_typesupport_fastrtps_c
[0.258s] [ 85%] Built target carla_msgs
[0.285s] [ 86%] Built target carla_msgs__py
[0.336s] [ 97%] Built target carla_msgs__python
[0.371s] [ 98%] Built target carla_msgs__rosidl_typesupport_introspection_c__pyext
[0.374s] [ 99%] Built target carla_msgs__rosidl_typesupport_fastrtps_c__pyext
[0.379s] [100%] Built target carla_msgs__rosidl_typesupport_c__pyext
[0.395s] Invoked command in '/home/tasl/autoware.universe-carla-ros-bridge/build/carla_msgs' returned '0': CMAKE_PREFIX_PATH=/opt/ros/galactic:${CMAKE_PREFIX_PATH} /usr/bin/cmake --build /home/tasl/autoware.universe-carla-ros-bridge/build/carla_msgs -- -j16 -l16
[0.738s] Invoking command in '/home/tasl/autoware.universe-carla-ros-bridge/build/carla_msgs': CMAKE_PREFIX_PATH=/opt/ros/galactic:${CMAKE_PREFIX_PATH} /usr/bin/cmake --install /home/tasl/autoware.universe-carla-ros-bridge/build/carla_msgs
[0.751s] -- Install configuration: ""
[0.751s] -- Up-to-date: /home/tasl/autoware.universe-carla-ros-bridge/install/carla_msgs/share/ament_index/resource_index/rosidl_interfaces/carla_msgs
[0.752s] -- Up-to-date: /home/tasl/autoware.universe-carla-ros-bridge/install/carla_msgs/include/carla_msgs
[0.753s] -- Up-to-date: /home/tasl/autoware.universe-carla-ros-bridge/install/carla_msgs/include/carla_msgs/msg
[0.753s] -- Up-to-date: /home/tasl/autoware.universe-carla-ros-bridge/install/carla_msgs/include/carla_msgs/msg/carla_traffic_light_info_list.h
[0.753s] -- Up-to-date: /home/tasl/autoware.universe-carla-ros-bridge/install/carla_msgs/include/carla_msgs/msg/carla_actor_list.h
[0.753s] -- Up-to-date: /home/tasl/autoware.universe-carla-ros-bridge/install/carla_msgs/include/carla_msgs/msg/carla_ego_vehicle_info_wheel.h
[0.753s] -- Up-to-date: /home/tasl/autoware.universe-carla-ros-bridge/install/carla_msgs/include/carla_msgs/msg/carla_ego_vehicle_info.h
[0.753s] -- Up-to-date: /home/tasl/autoware.universe-carla-ros-bridge/install/carla_msgs/include/carla_msgs/msg/carla_collision_event.h
[0.754s] -- Up-to-date: /home/tasl/autoware.universe-carla-ros-bridge/install/carla_msgs/include/carla_msgs/msg/carla_weather_parameters.h
[0.754s] -- Up-to-date: /home/tasl/autoware.universe-carla-ros-bridge/install/carla_msgs/include/carla_msgs/msg/carla_lane_invasion_event.h
[0.754s] -- Up-to-date: /home/tasl/autoware.universe-carla-ros-bridge/install/carla_msgs/include/carla_msgs/msg/carla_status.h
[0.754s] -- Up-to-date: /home/tasl/autoware.universe-carla-ros-bridge/install/carla_msgs/include/carla_msgs/msg/carla_traffic_light_info.h
[0.754s] -- Up-to-date: /home/tasl/autoware.universe-carla-ros-bridge/install/carla_msgs/include/carla_msgs/msg/carla_walker_control.h
[0.755s] -- Up-to-date: /home/tasl/autoware.universe-carla-ros-bridge/install/carla_msgs/include/carla_msgs/msg/carla_traffic_light_status.h
[0.755s] -- Up-to-date: /home/tasl/autoware.universe-carla-ros-bridge/install/carla_msgs/include/carla_msgs/msg/carla_actor_info.h
[0.755s] -- Up-to-date: /home/tasl/autoware.universe-carla-ros-bridge/install/carla_msgs/include/carla_msgs/msg/carla_control.h
[0.755s] -- Up-to-date: /home/tasl/autoware.universe-carla-ros-bridge/install/carla_msgs/include/carla_msgs/msg/detail
[0.755s] -- Up-to-date: /home/tasl/autoware.universe-carla-ros-bridge/install/carla_msgs/include/carla_msgs/msg/detail/carla_control__type_support.h
[0.755s] -- Up-to-date: /home/tasl/autoware.universe-carla-ros-bridge/install/carla_msgs/include/carla_msgs/msg/detail/carla_status__struct.h
[0.756s] -- Up-to-date: /home/tasl/autoware.universe-carla-ros-bridge/install/carla_msgs/include/carla_msgs/msg/detail/carla_ego_vehicle_info_wheel__type_support.h
[0.756s] -- Up-to-date: /home/tasl/autoware.universe-carla-ros-bridge/install/carla_msgs/include/carla_msgs/msg/detail/carla_ego_vehicle_status__struct.h
[0.756s] -- Up-to-date: /home/tasl/autoware.universe-carla-ros-bridge/install/carla_msgs/include/carla_msgs/msg/detail/carla_traffic_light_status_list__struct.h
[0.756s] -- Up-to-date: /home/tasl/autoware.universe-carla-ros-bridge/install/carla_msgs/include/carla_msgs/msg/detail/carla_traffic_light_status_list__type_support.h
[0.756s] -- Up-to-date: /home/tasl/autoware.universe-carla-ros-bridge/install/carla_msgs/include/carla_msgs/msg/detail/carla_actor_list__functions.c
[0.756s] -- Up-to-date: /home/tasl/autoware.universe-carla-ros-bridge/install/carla_msgs/include/carla_msgs/msg/detail/carla_weather_parameters__struct.h
[0.757s] -- Up-to-date: /home/tasl/autoware.universe-carla-ros-bridge/install/carla_msgs/include/carla_msgs/msg/detail/carla_ego_vehicle_status__functions.h
[0.757s] -- Up-to-date: /home/tasl/autoware.universe-carla-ros-bridge/install/carla_msgs/include/carla_msgs/msg/detail/carla_status__type_support.h
[0.757s] -- Up-to-date: /home/tasl/autoware.universe-carla-ros-bridge/install/carla_msgs/include/carla_msgs/msg/detail/carla_actor_list__type_support.h
[0.757s] -- Up-to-date: /home/tasl/autoware.universe-carla-ros-bridge/install/carla_msgs/include/carla_msgs/msg/detail/carla_actor_info__type_support.h
[0.758s] -- Up-to-date: /home/tasl/autoware.universe-carla-ros-bridge/install/carla_msgs/include/carla_msgs/msg/detail/carla_traffic_light_status_list__functions.h
[0.758s] -- Up-to-date: /home/tasl/autoware.universe-carla-ros-bridge/install/carla_msgs/include/carla_msgs/msg/detail/carla_traffic_light_info__struct.h
[0.758s] -- Up-to-date: /home/tasl/autoware.universe-carla-ros-bridge/install/carla_msgs/include/carla_msgs/msg/detail/carla_status__functions.c
[0.758s] -- Up-to-date: /home/tasl/autoware.universe-carla-ros-bridge/install/carla_msgs/include/carla_msgs/msg/detail/carla_ego_vehicle_control__functions.c
[0.758s] -- Up-to-date: /home/tasl/autoware.universe-carla-ros-bridge/install/carla_msgs/include/carla_msgs/msg/detail/carla_ego_vehicle_info__functions.h
[0.758s] -- Up-to-date: /home/tasl/autoware.universe-carla-ros-bridge/install/carla_msgs/include/carla_msgs/msg/detail/carla_traffic_light_info__functions.h
[0.758s] -- Up-to-date: /home/tasl/autoware.universe-carla-ros-bridge/install/carla_msgs/include/carla_msgs/msg/detail/carla_traffic_light_status__type_support.h
[0.759s] -- Up-to-date: /home/tasl/autoware.universe-carla-ros-bridge/install/carla_msgs/include/carla_msgs/msg/detail/carla_bounding_box__struct.h
[0.759s] -- Up-to-date: /home/tasl/autoware.universe-carla-ros-bridge/install/carla_msgs/include/carla_msgs/msg/detail/carla_traffic_light_info_list__type_support.h
[0.759s] -- Up-to-date: /home/tasl/autoware.universe-carla-ros-bridge/install/carla_msgs/include/carla_msgs/msg/detail/carla_traffic_light_info__type_support.h
[0.759s] -- Up-to-date: /home/tasl/autoware.universe-carla-ros-bridge/install/carla_msgs/include/carla_msgs/msg/detail/carla_walker_control__functions.c
[0.760s] -- Up-to-date: /home/tasl/autoware.universe-carla-ros-bridge/install/carla_msgs/include/carla_msgs/msg/detail/carla_walker_control__type_support.h
[0.760s] -- Up-to-date: /home/tasl/autoware.universe-carla-ros-bridge/install/carla_msgs/include/carla_msgs/msg/detail/carla_world_info__type_support.h
[0.760s] -- Up-to-date: /home/tasl/autoware.universe-carla-ros-bridge/install/carla_msgs/include/carla_msgs/msg/detail/carla_bounding_box__type_support.h
[0.760s] -- Up-to-date: /home/tasl/autoware.universe-carla-ros-bridge/install/carla_msgs/include/carla_msgs/msg/detail/carla_ego_vehicle_info__type_support.h
[0.760s] -- Up-to-date: /home/tasl/autoware.universe-carla-ros-bridge/install/carla_msgs/include/carla_msgs/msg/detail/carla_ego_vehicle_control__type_support.h
[0.761s] -- Up-to-date: /home/tasl/autoware.universe-carla-ros-bridge/install/carla_msgs/include/carla_msgs/msg/detail/carla_bounding_box__functions.h
[0.761s] -- Up-to-date: /home/tasl/autoware.universe-carla-ros-bridge/install/carla_msgs/include/carla_msgs/msg/detail/carla_traffic_light_info_list__struct.h
[0.761s] -- Up-to-date: /home/tasl/autoware.universe-carla-ros-bridge/install/carla_msgs/include/carla_msgs/msg/detail/carla_walker_control__functions.h
[0.762s] -- Up-to-date: /home/tasl/autoware.universe-carla-ros-bridge/install/carla_msgs/include/carla_msgs/msg/detail/carla_traffic_light_status__struct.h
[0.762s] -- Up-to-date: /home/tasl/autoware.universe-carla-ros-bridge/install/carla_msgs/include/carla_msgs/msg/detail/carla_ego_vehicle_info__struct.h
[0.762s] -- Up-to-date: /home/tasl/autoware.universe-carla-ros-bridge/install/carla_msgs/include/carla_msgs/msg/detail/carla_ego_vehicle_status__type_support.h
[0.762s] -- Up-to-date: /home/tasl/autoware.universe-carla-ros-bridge/install/carla_msgs/include/carla_msgs/msg/detail/carla_ego_vehicle_info_wheel__functions.h
[0.762s] -- Up-to-date: /home/tasl/autoware.universe-carla-ros-bridge/install/carla_msgs/include/carla_msgs/msg/detail/carla_lane_invasion_event__type_support.h
[0.762s] -- Up-to-date: /home/tasl/autoware.universe-carla-ros-bridge/install/carla_msgs/include/carla_msgs/msg/detail/carla_ego_vehicle_status__functions.c
[0.763s] -- Up-to-date: /home/tasl/autoware.universe-carla-ros-bridge/install/carla_msgs/include/carla_msgs/msg/detail/carla_actor_list__struct.h
[0.763s] -- Up-to-date: /home/tasl/autoware.universe-carla-ros-bridge/install/carla_msgs/include/carla_msgs/msg/detail/carla_actor_info__functions.c
[0.763s] -- Up-to-date: /home/tasl/autoware.universe-carla-ros-bridge/install/carla_msgs/include/carla_msgs/msg/detail/carla_control__functions.h
[0.763s] -- Up-to-date: /home/tasl/autoware.universe-carla-ros-bridge/install/carla_msgs/include/carla_msgs/msg/detail/carla_lane_invasion_event__functions.h
[0.763s] -- Up-to-date: /home/tasl/autoware.universe-carla-ros-bridge/install/carla_msgs/include/carla_msgs/msg/detail/carla_weather_parameters__type_support.h
[0.763s] -- Up-to-date: /home/tasl/autoware.universe-carla-ros-bridge/install/carla_msgs/include/carla_msgs/msg/detail/carla_weather_parameters__functions.h
[0.763s] -- Up-to-date: /home/tasl/autoware.universe-carla-ros-bridge/install/carla_msgs/include/carla_msgs/msg/detail/carla_ego_vehicle_control__functions.h
[0.764s] -- Up-to-date: /home/tasl/autoware.universe-carla-ros-bridge/install/carla_msgs/include/carla_msgs/msg/detail/carla_traffic_light_status_list__functions.c
[0.764s] -- Up-to-date: /home/tasl/autoware.universe-carla-ros-bridge/install/carla_msgs/include/carla_msgs/msg/detail/carla_status__functions.h
[0.764s] -- Up-to-date: /home/tasl/autoware.universe-carla-ros-bridge/install/carla_msgs/include/carla_msgs/msg/detail/carla_collision_event__functions.h
[0.764s] -- Up-to-date: /home/tasl/autoware.universe-carla-ros-bridge/install/carla_msgs/include/carla_msgs/msg/detail/carla_ego_vehicle_control__struct.h
[0.764s] -- Up-to-date: /home/tasl/autoware.universe-carla-ros-bridge/install/carla_msgs/include/carla_msgs/msg/detail/carla_actor_info__functions.h
[0.764s] -- Up-to-date: /home/tasl/autoware.universe-carla-ros-bridge/install/carla_msgs/include/carla_msgs/msg/detail/carla_actor_info__struct.h
[0.764s] -- Up-to-date: /home/tasl/autoware.universe-carla-ros-bridge/install/carla_msgs/include/carla_msgs/msg/detail/carla_collision_event__struct.h
[0.764s] -- Up-to-date: /home/tasl/autoware.universe-carla-ros-bridge/install/carla_msgs/include/carla_msgs/msg/detail/carla_collision_event__type_support.h
[0.764s] -- Up-to-date: /home/tasl/autoware.universe-carla-ros-bridge/install/carla_msgs/include/carla_msgs/msg/detail/carla_world_info__struct.h
[0.764s] -- Up-to-date: /home/tasl/autoware.universe-carla-ros-bridge/install/carla_msgs/include/carla_msgs/msg/detail/carla_control__functions.c
[0.764s] -- Up-to-date: /home/tasl/autoware.universe-carla-ros-bridge/install/carla_msgs/include/carla_msgs/msg/detail/carla_lane_invasion_event__struct.h
[0.765s] -- Up-to-date: /home/tasl/autoware.universe-carla-ros-bridge/install/carla_msgs/include/carla_msgs/msg/detail/carla_walker_control__struct.h
[0.765s] -- Up-to-date: /home/tasl/autoware.universe-carla-ros-bridge/install/carla_msgs/include/carla_msgs/msg/detail/carla_ego_vehicle_info_wheel__struct.h
[0.765s] -- Up-to-date: /home/tasl/autoware.universe-carla-ros-bridge/install/carla_msgs/include/carla_msgs/msg/detail/carla_lane_invasion_event__functions.c
[0.765s] -- Up-to-date: /home/tasl/autoware.universe-carla-ros-bridge/install/carla_msgs/include/carla_msgs/msg/detail/carla_traffic_light_status__functions.h
[0.765s] -- Up-to-date: /home/tasl/autoware.universe-carla-ros-bridge/install/carla_msgs/include/carla_msgs/msg/detail/carla_collision_event__functions.c
[0.765s] -- Up-to-date: /home/tasl/autoware.universe-carla-ros-bridge/install/carla_msgs/include/carla_msgs/msg/detail/carla_weather_parameters__functions.c
[0.765s] -- Up-to-date: /home/tasl/autoware.universe-carla-ros-bridge/install/carla_msgs/include/carla_msgs/msg/detail/carla_traffic_light_status__functions.c
[0.766s] -- Up-to-date: /home/tasl/autoware.universe-carla-ros-bridge/install/carla_msgs/include/carla_msgs/msg/detail/carla_actor_list__functions.h
[0.766s] -- Up-to-date: /home/tasl/autoware.universe-carla-ros-bridge/install/carla_msgs/include/carla_msgs/msg/detail/carla_control__struct.h
[0.766s] -- Up-to-date: /home/tasl/autoware.universe-carla-ros-bridge/install/carla_msgs/include/carla_msgs/msg/detail/carla_world_info__functions.h
[0.766s] -- Up-to-date: /home/tasl/autoware.universe-carla-ros-bridge/install/carla_msgs/include/carla_msgs/msg/detail/carla_ego_vehicle_info_wheel__functions.c
[0.766s] -- Up-to-date: /home/tasl/autoware.universe-carla-ros-bridge/install/carla_msgs/include/carla_msgs/msg/detail/carla_ego_vehicle_info__functions.c
[0.766s] -- Up-to-date: /home/tasl/autoware.universe-carla-ros-bridge/install/carla_msgs/include/carla_msgs/msg/detail/carla_world_info__functions.c
[0.766s] -- Up-to-date: /home/tasl/autoware.universe-carla-ros-bridge/install/carla_msgs/include/carla_msgs/msg/detail/carla_traffic_light_info__functions.c
[0.766s] -- Up-to-date: /home/tasl/autoware.universe-carla-ros-bridge/install/carla_msgs/include/carla_msgs/msg/detail/carla_traffic_light_info_list__functions.c
[0.766s] -- Up-to-date: /home/tasl/autoware.universe-carla-ros-bridge/install/carla_msgs/include/carla_msgs/msg/detail/carla_bounding_box__functions.c
[0.767s] -- Up-to-date: /home/tasl/autoware.universe-carla-ros-bridge/install/carla_msgs/include/carla_msgs/msg/detail/carla_traffic_light_info_list__functions.h
[0.767s] -- Up-to-date: /home/tasl/autoware.universe-carla-ros-bridge/install/carla_msgs/include/carla_msgs/msg/carla_ego_vehicle_control.h
[0.767s] -- Up-to-date: /home/tasl/autoware.universe-carla-ros-bridge/install/carla_msgs/include/carla_msgs/msg/carla_ego_vehicle_status.h
[0.767s] -- Up-to-date: /home/tasl/autoware.universe-carla-ros-bridge/install/carla_msgs/include/carla_msgs/msg/carla_bounding_box.h
[0.767s] -- Up-to-date: /home/tasl/autoware.universe-carla-ros-bridge/install/carla_msgs/include/carla_msgs/msg/rosidl_generator_c__visibility_control.h
[0.767s] -- Up-to-date: /home/tasl/autoware.universe-carla-ros-bridge/install/carla_msgs/include/carla_msgs/msg/carla_traffic_light_status_list.h
[0.767s] -- Up-to-date: /home/tasl/autoware.universe-carla-ros-bridge/install/carla_msgs/include/carla_msgs/msg/carla_world_info.h
[0.767s] -- Up-to-date: /home/tasl/autoware.universe-carla-ros-bridge/install/carla_msgs/include/carla_msgs/srv
[0.767s] -- Up-to-date: /home/tasl/autoware.universe-carla-ros-bridge/install/carla_msgs/include/carla_msgs/srv/spawn_object.h
[0.767s] -- Up-to-date: /home/tasl/autoware.universe-carla-ros-bridge/install/carla_msgs/include/carla_msgs/srv/detail
[0.768s] -- Up-to-date: /home/tasl/autoware.universe-carla-ros-bridge/install/carla_msgs/include/carla_msgs/srv/detail/get_blueprints__functions.c
[0.768s] -- Up-to-date: /home/tasl/autoware.universe-carla-ros-bridge/install/carla_msgs/include/carla_msgs/srv/detail/spawn_object__struct.h
[0.768s] -- Up-to-date: /home/tasl/autoware.universe-carla-ros-bridge/install/carla_msgs/include/carla_msgs/srv/detail/get_blueprints__type_support.h
[0.768s] -- Up-to-date: /home/tasl/autoware.universe-carla-ros-bridge/install/carla_msgs/include/carla_msgs/srv/detail/spawn_object__functions.h
[0.768s] -- Up-to-date: /home/tasl/autoware.universe-carla-ros-bridge/install/carla_msgs/include/carla_msgs/srv/detail/destroy_object__functions.h
[0.768s] -- Up-to-date: /home/tasl/autoware.universe-carla-ros-bridge/install/carla_msgs/include/carla_msgs/srv/detail/spawn_object__type_support.h
[0.768s] -- Up-to-date: /home/tasl/autoware.universe-carla-ros-bridge/install/carla_msgs/include/carla_msgs/srv/detail/destroy_object__functions.c
[0.768s] -- Up-to-date: /home/tasl/autoware.universe-carla-ros-bridge/install/carla_msgs/include/carla_msgs/srv/detail/get_blueprints__struct.h
[0.768s] -- Up-to-date: /home/tasl/autoware.universe-carla-ros-bridge/install/carla_msgs/include/carla_msgs/srv/detail/spawn_object__functions.c
[0.768s] -- Up-to-date: /home/tasl/autoware.universe-carla-ros-bridge/install/carla_msgs/include/carla_msgs/srv/detail/get_blueprints__functions.h
[0.768s] -- Up-to-date: /home/tasl/autoware.universe-carla-ros-bridge/install/carla_msgs/include/carla_msgs/srv/detail/destroy_object__struct.h
[0.769s] -- Up-to-date: /home/tasl/autoware.universe-carla-ros-bridge/install/carla_msgs/include/carla_msgs/srv/detail/destroy_object__type_support.h
[0.769s] -- Up-to-date: /home/tasl/autoware.universe-carla-ros-bridge/install/carla_msgs/include/carla_msgs/srv/destroy_object.h
[0.769s] -- Up-to-date: /home/tasl/autoware.universe-carla-ros-bridge/install/carla_msgs/include/carla_msgs/srv/get_blueprints.h
[0.769s] -- Up-to-date: /home/tasl/autoware.universe-carla-ros-bridge/install/carla_msgs/share/carla_msgs/environment/library_path.sh
[0.769s] -- Up-to-date: /home/tasl/autoware.universe-carla-ros-bridge/install/carla_msgs/share/carla_msgs/environment/library_path.dsv
[0.769s] -- Up-to-date: /home/tasl/autoware.universe-carla-ros-bridge/install/carla_msgs/lib/libcarla_msgs__rosidl_generator_c.so
[0.769s] -- Up-to-date: /home/tasl/autoware.universe-carla-ros-bridge/install/carla_msgs/include/carla_msgs
[0.769s] -- Up-to-date: /home/tasl/autoware.universe-carla-ros-bridge/install/carla_msgs/include/carla_msgs/msg
[0.769s] -- Up-to-date: /home/tasl/autoware.universe-carla-ros-bridge/install/carla_msgs/include/carla_msgs/msg/detail
[0.769s] -- Up-to-date: /home/tasl/autoware.universe-carla-ros-bridge/install/carla_msgs/include/carla_msgs/msg/detail/carla_ego_vehicle_status__rosidl_typesupport_fastrtps_c.h
[0.769s] -- Up-to-date: /home/tasl/autoware.universe-carla-ros-bridge/install/carla_msgs/include/carla_msgs/msg/detail/carla_traffic_light_status__rosidl_typesupport_fastrtps_c.h
[0.769s] -- Up-to-date: /home/tasl/autoware.universe-carla-ros-bridge/install/carla_msgs/include/carla_msgs/msg/detail/carla_traffic_light_info__rosidl_typesupport_fastrtps_c.h
[0.769s] -- Up-to-date: /home/tasl/autoware.universe-carla-ros-bridge/install/carla_msgs/include/carla_msgs/msg/detail/carla_status__rosidl_typesupport_fastrtps_c.h
[0.769s] -- Up-to-date: /home/tasl/autoware.universe-carla-ros-bridge/install/carla_msgs/include/carla_msgs/msg/detail/carla_actor_info__rosidl_typesupport_fastrtps_c.h
[0.769s] -- Up-to-date: /home/tasl/autoware.universe-carla-ros-bridge/install/carla_msgs/include/carla_msgs/msg/detail/carla_collision_event__rosidl_typesupport_fastrtps_c.h
[0.770s] -- Up-to-date: /home/tasl/autoware.universe-carla-ros-bridge/install/carla_msgs/include/carla_msgs/msg/detail/carla_walker_control__rosidl_typesupport_fastrtps_c.h
[0.770s] -- Up-to-date: /home/tasl/autoware.universe-carla-ros-bridge/install/carla_msgs/include/carla_msgs/msg/detail/carla_traffic_light_status_list__rosidl_typesupport_fastrtps_c.h
[0.770s] -- Up-to-date: /home/tasl/autoware.universe-carla-ros-bridge/install/carla_msgs/include/carla_msgs/msg/detail/carla_traffic_light_info_list__rosidl_typesupport_fastrtps_c.h
[0.770s] -- Up-to-date: /home/tasl/autoware.universe-carla-ros-bridge/install/carla_msgs/include/carla_msgs/msg/detail/carla_world_info__rosidl_typesupport_fastrtps_c.h
[0.770s] -- Up-to-date: /home/tasl/autoware.universe-carla-ros-bridge/install/carla_msgs/include/carla_msgs/msg/detail/carla_bounding_box__rosidl_typesupport_fastrtps_c.h
[0.770s] -- Up-to-date: /home/tasl/autoware.universe-carla-ros-bridge/install/carla_msgs/include/carla_msgs/msg/detail/carla_ego_vehicle_info__rosidl_typesupport_fastrtps_c.h
[0.770s] -- Up-to-date: /home/tasl/autoware.universe-carla-ros-bridge/install/carla_msgs/include/carla_msgs/msg/detail/carla_actor_list__rosidl_typesupport_fastrtps_c.h
[0.770s] -- Up-to-date: /home/tasl/autoware.universe-carla-ros-bridge/install/carla_msgs/include/carla_msgs/msg/detail/carla_ego_vehicle_info_wheel__rosidl_typesupport_fastrtps_c.h
[0.770s] -- Up-to-date: /home/tasl/autoware.universe-carla-ros-bridge/install/carla_msgs/include/carla_msgs/msg/detail/carla_control__rosidl_typesupport_fastrtps_c.h
[0.770s] -- Up-to-date: /home/tasl/autoware.universe-carla-ros-bridge/install/carla_msgs/include/carla_msgs/msg/detail/carla_weather_parameters__rosidl_typesupport_fastrtps_c.h
[0.770s] -- Up-to-date: /home/tasl/autoware.universe-carla-ros-bridge/install/carla_msgs/include/carla_msgs/msg/detail/carla_ego_vehicle_control__rosidl_typesupport_fastrtps_c.h
[0.770s] -- Up-to-date: /home/tasl/autoware.universe-carla-ros-bridge/install/carla_msgs/include/carla_msgs/msg/detail/carla_lane_invasion_event__rosidl_typesupport_fastrtps_c.h
[0.770s] -- Up-to-date: /home/tasl/autoware.universe-carla-ros-bridge/install/carla_msgs/include/carla_msgs/msg/rosidl_typesupport_fastrtps_c__visibility_control.h
[0.770s] -- Up-to-date: /home/tasl/autoware.universe-carla-ros-bridge/install/carla_msgs/include/carla_msgs/srv
[0.771s] -- Up-to-date: /home/tasl/autoware.universe-carla-ros-bridge/install/carla_msgs/include/carla_msgs/srv/detail
[0.771s] -- Up-to-date: /home/tasl/autoware.universe-carla-ros-bridge/install/carla_msgs/include/carla_msgs/srv/detail/spawn_object__rosidl_typesupport_fastrtps_c.h
[0.771s] -- Up-to-date: /home/tasl/autoware.universe-carla-ros-bridge/install/carla_msgs/include/carla_msgs/srv/detail/destroy_object__rosidl_typesupport_fastrtps_c.h
[0.771s] -- Up-to-date: /home/tasl/autoware.universe-carla-ros-bridge/install/carla_msgs/include/carla_msgs/srv/detail/get_blueprints__rosidl_typesupport_fastrtps_c.h
[0.771s] -- Up-to-date: /home/tasl/autoware.universe-carla-ros-bridge/install/carla_msgs/lib/libcarla_msgs__rosidl_typesupport_fastrtps_c.so
[0.771s] -- Up-to-date: /home/tasl/autoware.universe-carla-ros-bridge/install/carla_msgs/include/carla_msgs
[0.771s] -- Up-to-date: /home/tasl/autoware.universe-carla-ros-bridge/install/carla_msgs/include/carla_msgs/msg
[0.771s] -- Up-to-date: /home/tasl/autoware.universe-carla-ros-bridge/install/carla_msgs/include/carla_msgs/msg/detail
[0.771s] -- Up-to-date: /home/tasl/autoware.universe-carla-ros-bridge/install/carla_msgs/include/carla_msgs/msg/detail/carla_ego_vehicle_control__rosidl_typesupport_fastrtps_cpp.hpp
[0.771s] -- Up-to-date: /home/tasl/autoware.universe-carla-ros-bridge/install/carla_msgs/include/carla_msgs/msg/detail/carla_bounding_box__rosidl_typesupport_fastrtps_cpp.hpp
[0.771s] -- Up-to-date: /home/tasl/autoware.universe-carla-ros-bridge/install/carla_msgs/include/carla_msgs/msg/detail/carla_actor_list__rosidl_typesupport_fastrtps_cpp.hpp
[0.771s] -- Up-to-date: /home/tasl/autoware.universe-carla-ros-bridge/install/carla_msgs/include/carla_msgs/msg/detail/carla_traffic_light_info__rosidl_typesupport_fastrtps_cpp.hpp
[0.771s] -- Up-to-date: /home/tasl/autoware.universe-carla-ros-bridge/install/carla_msgs/include/carla_msgs/msg/detail/carla_status__rosidl_typesupport_fastrtps_cpp.hpp
[0.771s] -- Up-to-date: /home/tasl/autoware.universe-carla-ros-bridge/install/carla_msgs/include/carla_msgs/msg/detail/carla_ego_vehicle_info_wheel__rosidl_typesupport_fastrtps_cpp.hpp
[0.771s] -- Up-to-date: /home/tasl/autoware.universe-carla-ros-bridge/install/carla_msgs/include/carla_msgs/msg/detail/carla_traffic_light_status__rosidl_typesupport_fastrtps_cpp.hpp
[0.772s] -- Up-to-date: /home/tasl/autoware.universe-carla-ros-bridge/install/carla_msgs/include/carla_msgs/msg/detail/carla_weather_parameters__rosidl_typesupport_fastrtps_cpp.hpp
[0.772s] -- Up-to-date: /home/tasl/autoware.universe-carla-ros-bridge/install/carla_msgs/include/carla_msgs/msg/detail/dds_fastrtps
[0.772s] -- Up-to-date: /home/tasl/autoware.universe-carla-ros-bridge/install/carla_msgs/include/carla_msgs/msg/detail/carla_walker_control__rosidl_typesupport_fastrtps_cpp.hpp
[0.772s] -- Up-to-date: /home/tasl/autoware.universe-carla-ros-bridge/install/carla_msgs/include/carla_msgs/msg/detail/carla_actor_info__rosidl_typesupport_fastrtps_cpp.hpp
[0.772s] -- Up-to-date: /home/tasl/autoware.universe-carla-ros-bridge/install/carla_msgs/include/carla_msgs/msg/detail/carla_world_info__rosidl_typesupport_fastrtps_cpp.hpp
[0.772s] -- Up-to-date: /home/tasl/autoware.universe-carla-ros-bridge/install/carla_msgs/include/carla_msgs/msg/detail/carla_traffic_light_info_list__rosidl_typesupport_fastrtps_cpp.hpp
[0.772s] -- Up-to-date: /home/tasl/autoware.universe-carla-ros-bridge/install/carla_msgs/include/carla_msgs/msg/detail/carla_ego_vehicle_status__rosidl_typesupport_fastrtps_cpp.hpp
[0.772s] -- Up-to-date: /home/tasl/autoware.universe-carla-ros-bridge/install/carla_msgs/include/carla_msgs/msg/detail/carla_collision_event__rosidl_typesupport_fastrtps_cpp.hpp
[0.772s] -- Up-to-date: /home/tasl/autoware.universe-carla-ros-bridge/install/carla_msgs/include/carla_msgs/msg/detail/carla_lane_invasion_event__rosidl_typesupport_fastrtps_cpp.hpp
[0.772s] -- Up-to-date: /home/tasl/autoware.universe-carla-ros-bridge/install/carla_msgs/include/carla_msgs/msg/detail/carla_ego_vehicle_info__rosidl_typesupport_fastrtps_cpp.hpp
[0.772s] -- Up-to-date: /home/tasl/autoware.universe-carla-ros-bridge/install/carla_msgs/include/carla_msgs/msg/detail/carla_control__rosidl_typesupport_fastrtps_cpp.hpp
[0.772s] -- Up-to-date: /home/tasl/autoware.universe-carla-ros-bridge/install/carla_msgs/include/carla_msgs/msg/detail/carla_traffic_light_status_list__rosidl_typesupport_fastrtps_cpp.hpp
[0.772s] -- Up-to-date: /home/tasl/autoware.universe-carla-ros-bridge/install/carla_msgs/include/carla_msgs/msg/rosidl_typesupport_fastrtps_cpp__visibility_control.h
[0.772s] -- Up-to-date: /home/tasl/autoware.universe-carla-ros-bridge/install/carla_msgs/include/carla_msgs/srv
[0.772s] -- Up-to-date: /home/tasl/autoware.universe-carla-ros-bridge/install/carla_msgs/include/carla_msgs/srv/detail
[0.773s] -- Up-to-date: /home/tasl/autoware.universe-carla-ros-bridge/install/carla_msgs/include/carla_msgs/srv/detail/get_blueprints__rosidl_typesupport_fastrtps_cpp.hpp
[0.773s] -- Up-to-date: /home/tasl/autoware.universe-carla-ros-bridge/install/carla_msgs/include/carla_msgs/srv/detail/destroy_object__rosidl_typesupport_fastrtps_cpp.hpp
[0.773s] -- Up-to-date: /home/tasl/autoware.universe-carla-ros-bridge/install/carla_msgs/include/carla_msgs/srv/detail/dds_fastrtps
[0.773s] -- Up-to-date: /home/tasl/autoware.universe-carla-ros-bridge/install/carla_msgs/include/carla_msgs/srv/detail/spawn_object__rosidl_typesupport_fastrtps_cpp.hpp
[0.773s] -- Up-to-date: /home/tasl/autoware.universe-carla-ros-bridge/install/carla_msgs/lib/libcarla_msgs__rosidl_typesupport_fastrtps_cpp.so
[0.773s] -- Up-to-date: /home/tasl/autoware.universe-carla-ros-bridge/install/carla_msgs/include/carla_msgs
[0.773s] -- Up-to-date: /home/tasl/autoware.universe-carla-ros-bridge/install/carla_msgs/include/carla_msgs/msg
[0.773s] -- Up-to-date: /home/tasl/autoware.universe-carla-ros-bridge/install/carla_msgs/include/carla_msgs/msg/rosidl_typesupport_introspection_c__visibility_control.h
[0.773s] -- Up-to-date: /home/tasl/autoware.universe-carla-ros-bridge/install/carla_msgs/include/carla_msgs/msg/detail
[0.773s] -- Up-to-date: /home/tasl/autoware.universe-carla-ros-bridge/install/carla_msgs/include/carla_msgs/msg/detail/carla_traffic_light_info_list__type_support.c
[0.773s] -- Up-to-date: /home/tasl/autoware.universe-carla-ros-bridge/install/carla_msgs/include/carla_msgs/msg/detail/carla_ego_vehicle_info_wheel__rosidl_typesupport_introspection_c.h
[0.773s] -- Up-to-date: /home/tasl/autoware.universe-carla-ros-bridge/install/carla_msgs/include/carla_msgs/msg/detail/carla_weather_parameters__rosidl_typesupport_introspection_c.h
[0.773s] -- Up-to-date: /home/tasl/autoware.universe-carla-ros-bridge/install/carla_msgs/include/carla_msgs/msg/detail/carla_actor_list__type_support.c
[0.773s] -- Up-to-date: /home/tasl/autoware.universe-carla-ros-bridge/install/carla_msgs/include/carla_msgs/msg/detail/carla_lane_invasion_event__rosidl_typesupport_introspection_c.h
[0.774s] -- Up-to-date: /home/tasl/autoware.universe-carla-ros-bridge/install/carla_msgs/include/carla_msgs/msg/detail/carla_traffic_light_info_list__rosidl_typesupport_introspection_c.h
[0.774s] -- Up-to-date: /home/tasl/autoware.universe-carla-ros-bridge/install/carla_msgs/include/carla_msgs/msg/detail/carla_bounding_box__rosidl_typesupport_introspection_c.h
[0.774s] -- Up-to-date: /home/tasl/autoware.universe-carla-ros-bridge/install/carla_msgs/include/carla_msgs/msg/detail/carla_bounding_box__type_support.c
[0.774s] -- Up-to-date: /home/tasl/autoware.universe-carla-ros-bridge/install/carla_msgs/include/carla_msgs/msg/detail/carla_ego_vehicle_info_wheel__type_support.c
[0.774s] -- Up-to-date: /home/tasl/autoware.universe-carla-ros-bridge/install/carla_msgs/include/carla_msgs/msg/detail/carla_collision_event__type_support.c
[0.774s] -- Up-to-date: /home/tasl/autoware.universe-carla-ros-bridge/install/carla_msgs/include/carla_msgs/msg/detail/carla_control__type_support.c
[0.774s] -- Up-to-date: /home/tasl/autoware.universe-carla-ros-bridge/install/carla_msgs/include/carla_msgs/msg/detail/carla_traffic_light_status_list__type_support.c
[0.774s] -- Up-to-date: /home/tasl/autoware.universe-carla-ros-bridge/install/carla_msgs/include/carla_msgs/msg/detail/carla_control__rosidl_typesupport_introspection_c.h
[0.774s] -- Up-to-date: /home/tasl/autoware.universe-carla-ros-bridge/install/carla_msgs/include/carla_msgs/msg/detail/carla_traffic_light_info__type_support.c
[0.774s] -- Up-to-date: /home/tasl/autoware.universe-carla-ros-bridge/install/carla_msgs/include/carla_msgs/msg/detail/carla_status__rosidl_typesupport_introspection_c.h
[0.774s] -- Up-to-date: /home/tasl/autoware.universe-carla-ros-bridge/install/carla_msgs/include/carla_msgs/msg/detail/carla_collision_event__rosidl_typesupport_introspection_c.h
[0.774s] -- Up-to-date: /home/tasl/autoware.universe-carla-ros-bridge/install/carla_msgs/include/carla_msgs/msg/detail/carla_ego_vehicle_status__type_support.c
[0.774s] -- Up-to-date: /home/tasl/autoware.universe-carla-ros-bridge/install/carla_msgs/include/carla_msgs/msg/detail/carla_ego_vehicle_status__rosidl_typesupport_introspection_c.h
[0.774s] -- Up-to-date: /home/tasl/autoware.universe-carla-ros-bridge/install/carla_msgs/include/carla_msgs/msg/detail/carla_traffic_light_status__rosidl_typesupport_introspection_c.h
[0.775s] -- Up-to-date: /home/tasl/autoware.universe-carla-ros-bridge/install/carla_msgs/include/carla_msgs/msg/detail/carla_traffic_light_status__type_support.c
[0.775s] -- Up-to-date: /home/tasl/autoware.universe-carla-ros-bridge/install/carla_msgs/include/carla_msgs/msg/detail/carla_actor_info__type_support.c
[0.775s] -- Up-to-date: /home/tasl/autoware.universe-carla-ros-bridge/install/carla_msgs/include/carla_msgs/msg/detail/carla_world_info__rosidl_typesupport_introspection_c.h
[0.775s] -- Up-to-date: /home/tasl/autoware.universe-carla-ros-bridge/install/carla_msgs/include/carla_msgs/msg/detail/carla_walker_control__type_support.c
[0.775s] -- Up-to-date: /home/tasl/autoware.universe-carla-ros-bridge/install/carla_msgs/include/carla_msgs/msg/detail/carla_lane_invasion_event__type_support.c
[0.775s] -- Up-to-date: /home/tasl/autoware.universe-carla-ros-bridge/install/carla_msgs/include/carla_msgs/msg/detail/carla_actor_info__rosidl_typesupport_introspection_c.h
[0.775s] -- Up-to-date: /home/tasl/autoware.universe-carla-ros-bridge/install/carla_msgs/include/carla_msgs/msg/detail/carla_traffic_light_info__rosidl_typesupport_introspection_c.h
[0.775s] -- Up-to-date: /home/tasl/autoware.universe-carla-ros-bridge/install/carla_msgs/include/carla_msgs/msg/detail/carla_ego_vehicle_info__type_support.c
[0.775s] -- Up-to-date: /home/tasl/autoware.universe-carla-ros-bridge/install/carla_msgs/include/carla_msgs/msg/detail/carla_walker_control__rosidl_typesupport_introspection_c.h
[0.775s] -- Up-to-date: /home/tasl/autoware.universe-carla-ros-bridge/install/carla_msgs/include/carla_msgs/msg/detail/carla_world_info__type_support.c
[0.775s] -- Up-to-date: /home/tasl/autoware.universe-carla-ros-bridge/install/carla_msgs/include/carla_msgs/msg/detail/carla_weather_parameters__type_support.c
[0.775s] -- Up-to-date: /home/tasl/autoware.universe-carla-ros-bridge/install/carla_msgs/include/carla_msgs/msg/detail/carla_ego_vehicle_info__rosidl_typesupport_introspection_c.h
[0.775s] -- Up-to-date: /home/tasl/autoware.universe-carla-ros-bridge/install/carla_msgs/include/carla_msgs/msg/detail/carla_traffic_light_status_list__rosidl_typesupport_introspection_c.h
[0.775s] -- Up-to-date: /home/tasl/autoware.universe-carla-ros-bridge/install/carla_msgs/include/carla_msgs/msg/detail/carla_ego_vehicle_control__type_support.c
[0.775s] -- Up-to-date: /home/tasl/autoware.universe-carla-ros-bridge/install/carla_msgs/include/carla_msgs/msg/detail/carla_status__type_support.c
[0.776s] -- Up-to-date: /home/tasl/autoware.universe-carla-ros-bridge/install/carla_msgs/include/carla_msgs/msg/detail/carla_ego_vehicle_control__rosidl_typesupport_introspection_c.h
[0.776s] -- Up-to-date: /home/tasl/autoware.universe-carla-ros-bridge/install/carla_msgs/include/carla_msgs/msg/detail/carla_actor_list__rosidl_typesupport_introspection_c.h
[0.776s] -- Up-to-date: /home/tasl/autoware.universe-carla-ros-bridge/install/carla_msgs/include/carla_msgs/srv
[0.776s] -- Up-to-date: /home/tasl/autoware.universe-carla-ros-bridge/install/carla_msgs/include/carla_msgs/srv/detail
[0.776s] -- Up-to-date: /home/tasl/autoware.universe-carla-ros-bridge/install/carla_msgs/include/carla_msgs/srv/detail/get_blueprints__rosidl_typesupport_introspection_c.h
[0.776s] -- Up-to-date: /home/tasl/autoware.universe-carla-ros-bridge/install/carla_msgs/include/carla_msgs/srv/detail/get_blueprints__type_support.c
[0.776s] -- Up-to-date: /home/tasl/autoware.universe-carla-ros-bridge/install/carla_msgs/include/carla_msgs/srv/detail/spawn_object__type_support.c
[0.776s] -- Up-to-date: /home/tasl/autoware.universe-carla-ros-bridge/install/carla_msgs/include/carla_msgs/srv/detail/spawn_object__rosidl_typesupport_introspection_c.h
[0.776s] -- Up-to-date: /home/tasl/autoware.universe-carla-ros-bridge/install/carla_msgs/include/carla_msgs/srv/detail/destroy_object__type_support.c
[0.776s] -- Up-to-date: /home/tasl/autoware.universe-carla-ros-bridge/install/carla_msgs/include/carla_msgs/srv/detail/destroy_object__rosidl_typesupport_introspection_c.h
[0.776s] -- Up-to-date: /home/tasl/autoware.universe-carla-ros-bridge/install/carla_msgs/lib/libcarla_msgs__rosidl_typesupport_introspection_c.so
[0.776s] -- Up-to-date: /home/tasl/autoware.universe-carla-ros-bridge/install/carla_msgs/lib/libcarla_msgs__rosidl_typesupport_c.so
[0.776s] -- Up-to-date: /home/tasl/autoware.universe-carla-ros-bridge/install/carla_msgs/include/carla_msgs
[0.776s] -- Up-to-date: /home/tasl/autoware.universe-carla-ros-bridge/install/carla_msgs/include/carla_msgs/msg
[0.776s] -- Up-to-date: /home/tasl/autoware.universe-carla-ros-bridge/install/carla_msgs/include/carla_msgs/msg/carla_actor_info.hpp
[0.777s] -- Up-to-date: /home/tasl/autoware.universe-carla-ros-bridge/install/carla_msgs/include/carla_msgs/msg/carla_lane_invasion_event.hpp
[0.777s] -- Up-to-date: /home/tasl/autoware.universe-carla-ros-bridge/install/carla_msgs/include/carla_msgs/msg/carla_ego_vehicle_control.hpp
[0.777s] -- Up-to-date: /home/tasl/autoware.universe-carla-ros-bridge/install/carla_msgs/include/carla_msgs/msg/carla_ego_vehicle_info_wheel.hpp
[0.777s] -- Up-to-date: /home/tasl/autoware.universe-carla-ros-bridge/install/carla_msgs/include/carla_msgs/msg/carla_bounding_box.hpp
[0.777s] -- Up-to-date: /home/tasl/autoware.universe-carla-ros-bridge/install/carla_msgs/include/carla_msgs/msg/carla_status.hpp
[0.777s] -- Up-to-date: /home/tasl/autoware.universe-carla-ros-bridge/install/carla_msgs/include/carla_msgs/msg/carla_weather_parameters.hpp
[0.777s] -- Up-to-date: /home/tasl/autoware.universe-carla-ros-bridge/install/carla_msgs/include/carla_msgs/msg/carla_walker_control.hpp
[0.777s] -- Up-to-date: /home/tasl/autoware.universe-carla-ros-bridge/install/carla_msgs/include/carla_msgs/msg/carla_world_info.hpp
[0.777s] -- Up-to-date: /home/tasl/autoware.universe-carla-ros-bridge/install/carla_msgs/include/carla_msgs/msg/detail
[0.777s] -- Up-to-date: /home/tasl/autoware.universe-carla-ros-bridge/install/carla_msgs/include/carla_msgs/msg/detail/carla_traffic_light_info__builder.hpp
[0.777s] -- Up-to-date: /home/tasl/autoware.universe-carla-ros-bridge/install/carla_msgs/include/carla_msgs/msg/detail/carla_weather_parameters__struct.hpp
[0.777s] -- Up-to-date: /home/tasl/autoware.universe-carla-ros-bridge/install/carla_msgs/include/carla_msgs/msg/detail/carla_world_info__builder.hpp
[0.777s] -- Up-to-date: /home/tasl/autoware.universe-carla-ros-bridge/install/carla_msgs/include/carla_msgs/msg/detail/carla_actor_list__struct.hpp
[0.777s] -- Up-to-date: /home/tasl/autoware.universe-carla-ros-bridge/install/carla_msgs/include/carla_msgs/msg/detail/carla_bounding_box__struct.hpp
[0.778s] -- Up-to-date: /home/tasl/autoware.universe-carla-ros-bridge/install/carla_msgs/include/carla_msgs/msg/detail/carla_traffic_light_info__struct.hpp
[0.778s] -- Up-to-date: /home/tasl/autoware.universe-carla-ros-bridge/install/carla_msgs/include/carla_msgs/msg/detail/carla_traffic_light_info_list__builder.hpp
[0.778s] -- Up-to-date: /home/tasl/autoware.universe-carla-ros-bridge/install/carla_msgs/include/carla_msgs/msg/detail/carla_ego_vehicle_status__traits.hpp
[0.778s] -- Up-to-date: /home/tasl/autoware.universe-carla-ros-bridge/install/carla_msgs/include/carla_msgs/msg/detail/carla_traffic_light_status_list__traits.hpp
[0.778s] -- Up-to-date: /home/tasl/autoware.universe-carla-ros-bridge/install/carla_msgs/include/carla_msgs/msg/detail/carla_weather_parameters__builder.hpp
[0.778s] -- Up-to-date: /home/tasl/autoware.universe-carla-ros-bridge/install/carla_msgs/include/carla_msgs/msg/detail/carla_actor_list__traits.hpp
[0.778s] -- Up-to-date: /home/tasl/autoware.universe-carla-ros-bridge/install/carla_msgs/include/carla_msgs/msg/detail/carla_control__builder.hpp
[0.778s] -- Up-to-date: /home/tasl/autoware.universe-carla-ros-bridge/install/carla_msgs/include/carla_msgs/msg/detail/carla_walker_control__traits.hpp
[0.778s] -- Up-to-date: /home/tasl/autoware.universe-carla-ros-bridge/install/carla_msgs/include/carla_msgs/msg/detail/carla_weather_parameters__traits.hpp
[0.778s] -- Up-to-date: /home/tasl/autoware.universe-carla-ros-bridge/install/carla_msgs/include/carla_msgs/msg/detail/carla_ego_vehicle_status__builder.hpp
[0.778s] -- Up-to-date: /home/tasl/autoware.universe-carla-ros-bridge/install/carla_msgs/include/carla_msgs/msg/detail/carla_bounding_box__traits.hpp
[0.778s] -- Up-to-date: /home/tasl/autoware.universe-carla-ros-bridge/install/carla_msgs/include/carla_msgs/msg/detail/carla_ego_vehicle_control__traits.hpp
[0.778s] -- Up-to-date: /home/tasl/autoware.universe-carla-ros-bridge/install/carla_msgs/include/carla_msgs/msg/detail/carla_collision_event__traits.hpp
[0.779s] -- Up-to-date: /home/tasl/autoware.universe-carla-ros-bridge/install/carla_msgs/include/carla_msgs/msg/detail/carla_ego_vehicle_status__struct.hpp
[0.779s] -- Up-to-date: /home/tasl/autoware.universe-carla-ros-bridge/install/carla_msgs/include/carla_msgs/msg/detail/carla_control__traits.hpp
[0.779s] -- Up-to-date: /home/tasl/autoware.universe-carla-ros-bridge/install/carla_msgs/include/carla_msgs/msg/detail/carla_traffic_light_status_list__struct.hpp
[0.779s] -- Up-to-date: /home/tasl/autoware.universe-carla-ros-bridge/install/carla_msgs/include/carla_msgs/msg/detail/carla_ego_vehicle_info_wheel__traits.hpp
[0.779s] -- Up-to-date: /home/tasl/autoware.universe-carla-ros-bridge/install/carla_msgs/include/carla_msgs/msg/detail/carla_actor_list__builder.hpp
[0.779s] -- Up-to-date: /home/tasl/autoware.universe-carla-ros-bridge/install/carla_msgs/include/carla_msgs/msg/detail/carla_traffic_light_status__struct.hpp
[0.779s] -- Up-to-date: /home/tasl/autoware.universe-carla-ros-bridge/install/carla_msgs/include/carla_msgs/msg/detail/carla_ego_vehicle_info__struct.hpp
[0.779s] -- Up-to-date: /home/tasl/autoware.universe-carla-ros-bridge/install/carla_msgs/include/carla_msgs/msg/detail/carla_ego_vehicle_info_wheel__struct.hpp
[0.779s] -- Up-to-date: /home/tasl/autoware.universe-carla-ros-bridge/install/carla_msgs/include/carla_msgs/msg/detail/carla_ego_vehicle_control__struct.hpp
[0.779s] -- Up-to-date: /home/tasl/autoware.universe-carla-ros-bridge/install/carla_msgs/include/carla_msgs/msg/detail/carla_traffic_light_status__traits.hpp
[0.779s] -- Up-to-date: /home/tasl/autoware.universe-carla-ros-bridge/install/carla_msgs/include/carla_msgs/msg/detail/carla_actor_info__builder.hpp
[0.779s] -- Up-to-date: /home/tasl/autoware.universe-carla-ros-bridge/install/carla_msgs/include/carla_msgs/msg/detail/carla_status__builder.hpp
[0.779s] -- Up-to-date: /home/tasl/autoware.universe-carla-ros-bridge/install/carla_msgs/include/carla_msgs/msg/detail/carla_walker_control__struct.hpp
[0.780s] -- Up-to-date: /home/tasl/autoware.universe-carla-ros-bridge/install/carla_msgs/include/carla_msgs/msg/detail/carla_traffic_light_status__builder.hpp
[0.780s] -- Up-to-date: /home/tasl/autoware.universe-carla-ros-bridge/install/carla_msgs/include/carla_msgs/msg/detail/carla_traffic_light_info_list__struct.hpp
[0.780s] -- Up-to-date: /home/tasl/autoware.universe-carla-ros-bridge/install/carla_msgs/include/carla_msgs/msg/detail/carla_lane_invasion_event__traits.hpp
[0.780s] -- Up-to-date: /home/tasl/autoware.universe-carla-ros-bridge/install/carla_msgs/include/carla_msgs/msg/detail/carla_actor_info__traits.hpp
[0.780s] -- Up-to-date: /home/tasl/autoware.universe-carla-ros-bridge/install/carla_msgs/include/carla_msgs/msg/detail/carla_collision_event__struct.hpp
[0.780s] -- Up-to-date: /home/tasl/autoware.universe-carla-ros-bridge/install/carla_msgs/include/carla_msgs/msg/detail/carla_world_info__traits.hpp
[0.780s] -- Up-to-date: /home/tasl/autoware.universe-carla-ros-bridge/install/carla_msgs/include/carla_msgs/msg/detail/carla_ego_vehicle_info__traits.hpp
[0.780s] -- Up-to-date: /home/tasl/autoware.universe-carla-ros-bridge/install/carla_msgs/include/carla_msgs/msg/detail/carla_lane_invasion_event__builder.hpp
[0.780s] -- Up-to-date: /home/tasl/autoware.universe-carla-ros-bridge/install/carla_msgs/include/carla_msgs/msg/detail/carla_status__struct.hpp
[0.780s] -- Up-to-date: /home/tasl/autoware.universe-carla-ros-bridge/install/carla_msgs/include/carla_msgs/msg/detail/carla_world_info__struct.hpp
[0.780s] -- Up-to-date: /home/tasl/autoware.universe-carla-ros-bridge/install/carla_msgs/include/carla_msgs/msg/detail/carla_lane_invasion_event__struct.hpp
[0.780s] -- Up-to-date: /home/tasl/autoware.universe-carla-ros-bridge/install/carla_msgs/include/carla_msgs/msg/detail/carla_control__struct.hpp
[0.781s] -- Up-to-date: /home/tasl/autoware.universe-carla-ros-bridge/install/carla_msgs/include/carla_msgs/msg/detail/carla_collision_event__builder.hpp
[0.781s] -- Up-to-date: /home/tasl/autoware.universe-carla-ros-bridge/install/carla_msgs/include/carla_msgs/msg/detail/carla_ego_vehicle_info__builder.hpp
[0.781s] -- Up-to-date: /home/tasl/autoware.universe-carla-ros-bridge/install/carla_msgs/include/carla_msgs/msg/detail/carla_bounding_box__builder.hpp
[0.781s] -- Up-to-date: /home/tasl/autoware.universe-carla-ros-bridge/install/carla_msgs/include/carla_msgs/msg/detail/carla_ego_vehicle_control__builder.hpp
[0.781s] -- Up-to-date: /home/tasl/autoware.universe-carla-ros-bridge/install/carla_msgs/include/carla_msgs/msg/detail/carla_actor_info__struct.hpp
[0.781s] -- Up-to-date: /home/tasl/autoware.universe-carla-ros-bridge/install/carla_msgs/include/carla_msgs/msg/detail/carla_traffic_light_info__traits.hpp
[0.781s] -- Up-to-date: /home/tasl/autoware.universe-carla-ros-bridge/install/carla_msgs/include/carla_msgs/msg/detail/carla_traffic_light_info_list__traits.hpp
[0.781s] -- Up-to-date: /home/tasl/autoware.universe-carla-ros-bridge/install/carla_msgs/include/carla_msgs/msg/detail/carla_traffic_light_status_list__builder.hpp
[0.781s] -- Up-to-date: /home/tasl/autoware.universe-carla-ros-bridge/install/carla_msgs/include/carla_msgs/msg/detail/carla_walker_control__builder.hpp
[0.781s] -- Up-to-date: /home/tasl/autoware.universe-carla-ros-bridge/install/carla_msgs/include/carla_msgs/msg/detail/carla_status__traits.hpp
[0.781s] -- Up-to-date: /home/tasl/autoware.universe-carla-ros-bridge/install/carla_msgs/include/carla_msgs/msg/detail/carla_ego_vehicle_info_wheel__builder.hpp
[0.781s] -- Up-to-date: /home/tasl/autoware.universe-carla-ros-bridge/install/carla_msgs/include/carla_msgs/msg/carla_traffic_light_info.hpp
[0.781s] -- Up-to-date: /home/tasl/autoware.universe-carla-ros-bridge/install/carla_msgs/include/carla_msgs/msg/carla_traffic_light_status.hpp
[0.782s] -- Up-to-date: /home/tasl/autoware.universe-carla-ros-bridge/install/carla_msgs/include/carla_msgs/msg/carla_traffic_light_status_list.hpp
[0.782s] -- Up-to-date: /home/tasl/autoware.universe-carla-ros-bridge/install/carla_msgs/include/carla_msgs/msg/carla_collision_event.hpp
[0.782s] -- Up-to-date: /home/tasl/autoware.universe-carla-ros-bridge/install/carla_msgs/include/carla_msgs/msg/carla_actor_list.hpp
[0.782s] -- Up-to-date: /home/tasl/autoware.universe-carla-ros-bridge/install/carla_msgs/include/carla_msgs/msg/carla_control.hpp
[0.782s] -- Up-to-date: /home/tasl/autoware.universe-carla-ros-bridge/install/carla_msgs/include/carla_msgs/msg/carla_traffic_light_info_list.hpp
[0.782s] -- Up-to-date: /home/tasl/autoware.universe-carla-ros-bridge/install/carla_msgs/include/carla_msgs/msg/carla_ego_vehicle_status.hpp
[0.782s] -- Up-to-date: /home/tasl/autoware.universe-carla-ros-bridge/install/carla_msgs/include/carla_msgs/msg/carla_ego_vehicle_info.hpp
[0.782s] -- Up-to-date: /home/tasl/autoware.universe-carla-ros-bridge/install/carla_msgs/include/carla_msgs/srv
[0.782s] -- Up-to-date: /home/tasl/autoware.universe-carla-ros-bridge/install/carla_msgs/include/carla_msgs/srv/spawn_object.hpp
[0.782s] -- Up-to-date: /home/tasl/autoware.universe-carla-ros-bridge/install/carla_msgs/include/carla_msgs/srv/destroy_object.hpp
[0.782s] -- Up-to-date: /home/tasl/autoware.universe-carla-ros-bridge/install/carla_msgs/include/carla_msgs/srv/detail
[0.782s] -- Up-to-date: /home/tasl/autoware.universe-carla-ros-bridge/install/carla_msgs/include/carla_msgs/srv/detail/get_blueprints__struct.hpp
[0.782s] -- Up-to-date: /home/tasl/autoware.universe-carla-ros-bridge/install/carla_msgs/include/carla_msgs/srv/detail/spawn_object__builder.hpp
[0.782s] -- Up-to-date: /home/tasl/autoware.universe-carla-ros-bridge/install/carla_msgs/include/carla_msgs/srv/detail/get_blueprints__traits.hpp
[0.783s] -- Up-to-date: /home/tasl/autoware.universe-carla-ros-bridge/install/carla_msgs/include/carla_msgs/srv/detail/get_blueprints__builder.hpp
[0.783s] -- Up-to-date: /home/tasl/autoware.universe-carla-ros-bridge/install/carla_msgs/include/carla_msgs/srv/detail/destroy_object__traits.hpp
[0.783s] -- Up-to-date: /home/tasl/autoware.universe-carla-ros-bridge/install/carla_msgs/include/carla_msgs/srv/detail/destroy_object__struct.hpp
[0.783s] -- Up-to-date: /home/tasl/autoware.universe-carla-ros-bridge/install/carla_msgs/include/carla_msgs/srv/detail/spawn_object__struct.hpp
[0.783s] -- Up-to-date: /home/tasl/autoware.universe-carla-ros-bridge/install/carla_msgs/include/carla_msgs/srv/detail/spawn_object__traits.hpp
[0.783s] -- Up-to-date: /home/tasl/autoware.universe-carla-ros-bridge/install/carla_msgs/include/carla_msgs/srv/detail/destroy_object__builder.hpp
[0.783s] -- Up-to-date: /home/tasl/autoware.universe-carla-ros-bridge/install/carla_msgs/include/carla_msgs/srv/get_blueprints.hpp
[0.783s] -- Up-to-date: /home/tasl/autoware.universe-carla-ros-bridge/install/carla_msgs/include/carla_msgs
[0.783s] -- Up-to-date: /home/tasl/autoware.universe-carla-ros-bridge/install/carla_msgs/include/carla_msgs/msg
[0.783s] -- Up-to-date: /home/tasl/autoware.universe-carla-ros-bridge/install/carla_msgs/include/carla_msgs/msg/detail
[0.783s] -- Up-to-date: /home/tasl/autoware.universe-carla-ros-bridge/install/carla_msgs/include/carla_msgs/msg/detail/carla_weather_parameters__type_support.cpp
[0.783s] -- Up-to-date: /home/tasl/autoware.universe-carla-ros-bridge/install/carla_msgs/include/carla_msgs/msg/detail/carla_ego_vehicle_control__rosidl_typesupport_introspection_cpp.hpp
[0.783s] -- Up-to-date: /home/tasl/autoware.universe-carla-ros-bridge/install/carla_msgs/include/carla_msgs/msg/detail/carla_walker_control__rosidl_typesupport_introspection_cpp.hpp
[0.784s] -- Up-to-date: /home/tasl/autoware.universe-carla-ros-bridge/install/carla_msgs/include/carla_msgs/msg/detail/carla_traffic_light_status_list__rosidl_typesupport_introspection_cpp.hpp
[0.784s] -- Up-to-date: /home/tasl/autoware.universe-carla-ros-bridge/install/carla_msgs/include/carla_msgs/msg/detail/carla_traffic_light_status__rosidl_typesupport_introspection_cpp.hpp
[0.784s] -- Up-to-date: /home/tasl/autoware.universe-carla-ros-bridge/install/carla_msgs/include/carla_msgs/msg/detail/carla_ego_vehicle_info__type_support.cpp
[0.784s] -- Up-to-date: /home/tasl/autoware.universe-carla-ros-bridge/install/carla_msgs/include/carla_msgs/msg/detail/carla_traffic_light_info__type_support.cpp
[0.784s] -- Up-to-date: /home/tasl/autoware.universe-carla-ros-bridge/install/carla_msgs/include/carla_msgs/msg/detail/carla_actor_list__rosidl_typesupport_introspection_cpp.hpp
[0.784s] -- Up-to-date: /home/tasl/autoware.universe-carla-ros-bridge/install/carla_msgs/include/carla_msgs/msg/detail/carla_traffic_light_status__type_support.cpp
[0.784s] -- Up-to-date: /home/tasl/autoware.universe-carla-ros-bridge/install/carla_msgs/include/carla_msgs/msg/detail/carla_traffic_light_info_list__rosidl_typesupport_introspection_cpp.hpp
[0.784s] -- Up-to-date: /home/tasl/autoware.universe-carla-ros-bridge/install/carla_msgs/include/carla_msgs/msg/detail/carla_traffic_light_info__rosidl_typesupport_introspection_cpp.hpp
[0.784s] -- Up-to-date: /home/tasl/autoware.universe-carla-ros-bridge/install/carla_msgs/include/carla_msgs/msg/detail/carla_traffic_light_status_list__type_support.cpp
[0.784s] -- Up-to-date: /home/tasl/autoware.universe-carla-ros-bridge/install/carla_msgs/include/carla_msgs/msg/detail/carla_actor_info__type_support.cpp
[0.784s] -- Up-to-date: /home/tasl/autoware.universe-carla-ros-bridge/install/carla_msgs/include/carla_msgs/msg/detail/carla_bounding_box__type_support.cpp
[0.784s] -- Up-to-date: /home/tasl/autoware.universe-carla-ros-bridge/install/carla_msgs/include/carla_msgs/msg/detail/carla_actor_list__type_support.cpp
[0.784s] -- Up-to-date: /home/tasl/autoware.universe-carla-ros-bridge/install/carla_msgs/include/carla_msgs/msg/detail/carla_world_info__rosidl_typesupport_introspection_cpp.hpp
[0.784s] -- Up-to-date: /home/tasl/autoware.universe-carla-ros-bridge/install/carla_msgs/include/carla_msgs/msg/detail/carla_ego_vehicle_status__type_support.cpp
[0.784s] -- Up-to-date: /home/tasl/autoware.universe-carla-ros-bridge/install/carla_msgs/include/carla_msgs/msg/detail/carla_collision_event__type_support.cpp
[0.784s] -- Up-to-date: /home/tasl/autoware.universe-carla-ros-bridge/install/carla_msgs/include/carla_msgs/msg/detail/carla_status__type_support.cpp
[0.784s] -- Up-to-date: /home/tasl/autoware.universe-carla-ros-bridge/install/carla_msgs/include/carla_msgs/msg/detail/carla_ego_vehicle_status__rosidl_typesupport_introspection_cpp.hpp
[0.785s] -- Up-to-date: /home/tasl/autoware.universe-carla-ros-bridge/install/carla_msgs/include/carla_msgs/msg/detail/carla_control__rosidl_typesupport_introspection_cpp.hpp
[0.785s] -- Up-to-date: /home/tasl/autoware.universe-carla-ros-bridge/install/carla_msgs/include/carla_msgs/msg/detail/carla_ego_vehicle_control__type_support.cpp
[0.785s] -- Up-to-date: /home/tasl/autoware.universe-carla-ros-bridge/install/carla_msgs/include/carla_msgs/msg/detail/carla_lane_invasion_event__rosidl_typesupport_introspection_cpp.hpp
[0.785s] -- Up-to-date: /home/tasl/autoware.universe-carla-ros-bridge/install/carla_msgs/include/carla_msgs/msg/detail/carla_ego_vehicle_info_wheel__rosidl_typesupport_introspection_cpp.hpp
[0.785s] -- Up-to-date: /home/tasl/autoware.universe-carla-ros-bridge/install/carla_msgs/include/carla_msgs/msg/detail/carla_actor_info__rosidl_typesupport_introspection_cpp.hpp
[0.785s] -- Up-to-date: /home/tasl/autoware.universe-carla-ros-bridge/install/carla_msgs/include/carla_msgs/msg/detail/carla_lane_invasion_event__type_support.cpp
[0.785s] -- Up-to-date: /home/tasl/autoware.universe-carla-ros-bridge/install/carla_msgs/include/carla_msgs/msg/detail/carla_control__type_support.cpp
[0.785s] -- Up-to-date: /home/tasl/autoware.universe-carla-ros-bridge/install/carla_msgs/include/carla_msgs/msg/detail/carla_walker_control__type_support.cpp
[0.785s] -- Up-to-date: /home/tasl/autoware.universe-carla-ros-bridge/install/carla_msgs/include/carla_msgs/msg/detail/carla_collision_event__rosidl_typesupport_introspection_cpp.hpp
[0.785s] -- Up-to-date: /home/tasl/autoware.universe-carla-ros-bridge/install/carla_msgs/include/carla_msgs/msg/detail/carla_world_info__type_support.cpp
[0.785s] -- Up-to-date: /home/tasl/autoware.universe-carla-ros-bridge/install/carla_msgs/include/carla_msgs/msg/detail/carla_weather_parameters__rosidl_typesupport_introspection_cpp.hpp
[0.785s] -- Up-to-date: /home/tasl/autoware.universe-carla-ros-bridge/install/carla_msgs/include/carla_msgs/msg/detail/carla_traffic_light_info_list__type_support.cpp
[0.785s] -- Up-to-date: /home/tasl/autoware.universe-carla-ros-bridge/install/carla_msgs/include/carla_msgs/msg/detail/carla_ego_vehicle_info_wheel__type_support.cpp
[0.785s] -- Up-to-date: /home/tasl/autoware.universe-carla-ros-bridge/install/carla_msgs/include/carla_msgs/msg/detail/carla_status__rosidl_typesupport_introspection_cpp.hpp
[0.786s] -- Up-to-date: /home/tasl/autoware.universe-carla-ros-bridge/install/carla_msgs/include/carla_msgs/msg/detail/carla_bounding_box__rosidl_typesupport_introspection_cpp.hpp
[0.786s] -- Up-to-date: /home/tasl/autoware.universe-carla-ros-bridge/install/carla_msgs/include/carla_msgs/msg/detail/carla_ego_vehicle_info__rosidl_typesupport_introspection_cpp.hpp
[0.786s] -- Up-to-date: /home/tasl/autoware.universe-carla-ros-bridge/install/carla_msgs/include/carla_msgs/srv
[0.786s] -- Up-to-date: /home/tasl/autoware.universe-carla-ros-bridge/install/carla_msgs/include/carla_msgs/srv/detail
[0.786s] -- Up-to-date: /home/tasl/autoware.universe-carla-ros-bridge/install/carla_msgs/include/carla_msgs/srv/detail/spawn_object__rosidl_typesupport_introspection_cpp.hpp
[0.786s] -- Up-to-date: /home/tasl/autoware.universe-carla-ros-bridge/install/carla_msgs/include/carla_msgs/srv/detail/destroy_object__type_support.cpp
[0.786s] -- Up-to-date: /home/tasl/autoware.universe-carla-ros-bridge/install/carla_msgs/include/carla_msgs/srv/detail/spawn_object__type_support.cpp
[0.786s] -- Up-to-date: /home/tasl/autoware.universe-carla-ros-bridge/install/carla_msgs/include/carla_msgs/srv/detail/get_blueprints__type_support.cpp
[0.786s] -- Up-to-date: /home/tasl/autoware.universe-carla-ros-bridge/install/carla_msgs/include/carla_msgs/srv/detail/get_blueprints__rosidl_typesupport_introspection_cpp.hpp
[0.786s] -- Up-to-date: /home/tasl/autoware.universe-carla-ros-bridge/install/carla_msgs/include/carla_msgs/srv/detail/destroy_object__rosidl_typesupport_introspection_cpp.hpp
[0.786s] -- Up-to-date: /home/tasl/autoware.universe-carla-ros-bridge/install/carla_msgs/lib/libcarla_msgs__rosidl_typesupport_introspection_cpp.so
[0.786s] -- Up-to-date: /home/tasl/autoware.universe-carla-ros-bridge/install/carla_msgs/lib/libcarla_msgs__rosidl_typesupport_cpp.so
[0.786s] -- Up-to-date: /home/tasl/autoware.universe-carla-ros-bridge/install/carla_msgs/share/carla_msgs/environment/pythonpath.sh
[0.787s] -- Up-to-date: /home/tasl/autoware.universe-carla-ros-bridge/install/carla_msgs/share/carla_msgs/environment/pythonpath.dsv
[0.787s] -- Up-to-date: /home/tasl/autoware.universe-carla-ros-bridge/install/carla_msgs/lib/python3.8/site-packages/carla_msgs/__init__.py
[0.813s] -- Up-to-date: /home/tasl/autoware.universe-carla-ros-bridge/install/carla_msgs/lib/python3.8/site-packages/carla_msgs/msg
[0.813s] -- Up-to-date: /home/tasl/autoware.universe-carla-ros-bridge/install/carla_msgs/lib/python3.8/site-packages/carla_msgs/msg/_carla_walker_control_s.c
[0.813s] -- Up-to-date: /home/tasl/autoware.universe-carla-ros-bridge/install/carla_msgs/lib/python3.8/site-packages/carla_msgs/msg/_carla_bounding_box.py
[0.813s] -- Up-to-date: /home/tasl/autoware.universe-carla-ros-bridge/install/carla_msgs/lib/python3.8/site-packages/carla_msgs/msg/_carla_ego_vehicle_info.py
[0.813s] -- Up-to-date: /home/tasl/autoware.universe-carla-ros-bridge/install/carla_msgs/lib/python3.8/site-packages/carla_msgs/msg/_carla_actor_info_s.c
[0.813s] -- Up-to-date: /home/tasl/autoware.universe-carla-ros-bridge/install/carla_msgs/lib/python3.8/site-packages/carla_msgs/msg/_carla_world_info.py
[0.814s] -- Up-to-date: /home/tasl/autoware.universe-carla-ros-bridge/install/carla_msgs/lib/python3.8/site-packages/carla_msgs/msg/_carla_traffic_light_status_s.c
[0.814s] -- Up-to-date: /home/tasl/autoware.universe-carla-ros-bridge/install/carla_msgs/lib/python3.8/site-packages/carla_msgs/msg/_carla_ego_vehicle_control_s.c
[0.814s] -- Up-to-date: /home/tasl/autoware.universe-carla-ros-bridge/install/carla_msgs/lib/python3.8/site-packages/carla_msgs/msg/_carla_ego_vehicle_status_s.c
[0.814s] -- Up-to-date: /home/tasl/autoware.universe-carla-ros-bridge/install/carla_msgs/lib/python3.8/site-packages/carla_msgs/msg/_carla_status.py
[0.814s] -- Up-to-date: /home/tasl/autoware.universe-carla-ros-bridge/install/carla_msgs/lib/python3.8/site-packages/carla_msgs/msg/_carla_collision_event_s.c
[0.814s] -- Up-to-date: /home/tasl/autoware.universe-carla-ros-bridge/install/carla_msgs/lib/python3.8/site-packages/carla_msgs/msg/_carla_walker_control.py
[0.814s] -- Up-to-date: /home/tasl/autoware.universe-carla-ros-bridge/install/carla_msgs/lib/python3.8/site-packages/carla_msgs/msg/_carla_ego_vehicle_control.py
[0.814s] -- Up-to-date: /home/tasl/autoware.universe-carla-ros-bridge/install/carla_msgs/lib/python3.8/site-packages/carla_msgs/msg/_carla_traffic_light_info.py
[0.814s] -- Up-to-date: /home/tasl/autoware.universe-carla-ros-bridge/install/carla_msgs/lib/python3.8/site-packages/carla_msgs/msg/_carla_ego_vehicle_info_wheel.py
[0.814s] -- Up-to-date: /home/tasl/autoware.universe-carla-ros-bridge/install/carla_msgs/lib/python3.8/site-packages/carla_msgs/msg/_carla_ego_vehicle_info_s.c
[0.815s] -- Up-to-date: /home/tasl/autoware.universe-carla-ros-bridge/install/carla_msgs/lib/python3.8/site-packages/carla_msgs/msg/_carla_control.py
[0.815s] -- Up-to-date: /home/tasl/autoware.universe-carla-ros-bridge/install/carla_msgs/lib/python3.8/site-packages/carla_msgs/msg/_carla_ego_vehicle_status.py
[0.815s] -- Up-to-date: /home/tasl/autoware.universe-carla-ros-bridge/install/carla_msgs/lib/python3.8/site-packages/carla_msgs/msg/__init__.py
[0.815s] -- Up-to-date: /home/tasl/autoware.universe-carla-ros-bridge/install/carla_msgs/lib/python3.8/site-packages/carla_msgs/msg/_carla_actor_list.py
[0.815s] -- Up-to-date: /home/tasl/autoware.universe-carla-ros-bridge/install/carla_msgs/lib/python3.8/site-packages/carla_msgs/msg/_carla_control_s.c
[0.815s] -- Up-to-date: /home/tasl/autoware.universe-carla-ros-bridge/install/carla_msgs/lib/python3.8/site-packages/carla_msgs/msg/_carla_lane_invasion_event_s.c
[0.815s] -- Up-to-date: /home/tasl/autoware.universe-carla-ros-bridge/install/carla_msgs/lib/python3.8/site-packages/carla_msgs/msg/_carla_bounding_box_s.c
[0.815s] -- Up-to-date: /home/tasl/autoware.universe-carla-ros-bridge/install/carla_msgs/lib/python3.8/site-packages/carla_msgs/msg/_carla_traffic_light_info_list.py
[0.815s] -- Up-to-date: /home/tasl/autoware.universe-carla-ros-bridge/install/carla_msgs/lib/python3.8/site-packages/carla_msgs/msg/_carla_world_info_s.c
[0.815s] -- Up-to-date: /home/tasl/autoware.universe-carla-ros-bridge/install/carla_msgs/lib/python3.8/site-packages/carla_msgs/msg/_carla_traffic_light_status_list.py
[0.816s] -- Up-to-date: /home/tasl/autoware.universe-carla-ros-bridge/install/carla_msgs/lib/python3.8/site-packages/carla_msgs/msg/_carla_collision_event.py
[0.816s] -- Up-to-date: /home/tasl/autoware.universe-carla-ros-bridge/install/carla_msgs/lib/python3.8/site-packages/carla_msgs/msg/_carla_weather_parameters.py
[0.816s] -- Up-to-date: /home/tasl/autoware.universe-carla-ros-bridge/install/carla_msgs/lib/python3.8/site-packages/carla_msgs/msg/_carla_actor_list_s.c
[0.816s] -- Up-to-date: /home/tasl/autoware.universe-carla-ros-bridge/install/carla_msgs/lib/python3.8/site-packages/carla_msgs/msg/_carla_traffic_light_status.py
[0.816s] -- Up-to-date: /home/tasl/autoware.universe-carla-ros-bridge/install/carla_msgs/lib/python3.8/site-packages/carla_msgs/msg/_carla_ego_vehicle_info_wheel_s.c
[0.816s] -- Up-to-date: /home/tasl/autoware.universe-carla-ros-bridge/install/carla_msgs/lib/python3.8/site-packages/carla_msgs/msg/_carla_traffic_light_status_list_s.c
[0.816s] -- Up-to-date: /home/tasl/autoware.universe-carla-ros-bridge/install/carla_msgs/lib/python3.8/site-packages/carla_msgs/msg/_carla_traffic_light_info_list_s.c
[0.816s] -- Up-to-date: /home/tasl/autoware.universe-carla-ros-bridge/install/carla_msgs/lib/python3.8/site-packages/carla_msgs/msg/_carla_actor_info.py
[0.817s] -- Up-to-date: /home/tasl/autoware.universe-carla-ros-bridge/install/carla_msgs/lib/python3.8/site-packages/carla_msgs/msg/_carla_lane_invasion_event.py
[0.817s] -- Up-to-date: /home/tasl/autoware.universe-carla-ros-bridge/install/carla_msgs/lib/python3.8/site-packages/carla_msgs/msg/_carla_traffic_light_info_s.c
[0.817s] -- Up-to-date: /home/tasl/autoware.universe-carla-ros-bridge/install/carla_msgs/lib/python3.8/site-packages/carla_msgs/msg/_carla_weather_parameters_s.c
[0.817s] -- Up-to-date: /home/tasl/autoware.universe-carla-ros-bridge/install/carla_msgs/lib/python3.8/site-packages/carla_msgs/msg/_carla_status_s.c
[0.817s] -- Up-to-date: /home/tasl/autoware.universe-carla-ros-bridge/install/carla_msgs/lib/python3.8/site-packages/carla_msgs/srv
[0.817s] -- Up-to-date: /home/tasl/autoware.universe-carla-ros-bridge/install/carla_msgs/lib/python3.8/site-packages/carla_msgs/srv/_destroy_object.py
[0.817s] -- Up-to-date: /home/tasl/autoware.universe-carla-ros-bridge/install/carla_msgs/lib/python3.8/site-packages/carla_msgs/srv/_get_blueprints.py
[0.817s] -- Up-to-date: /home/tasl/autoware.universe-carla-ros-bridge/install/carla_msgs/lib/python3.8/site-packages/carla_msgs/srv/_destroy_object_s.c
[0.818s] -- Up-to-date: /home/tasl/autoware.universe-carla-ros-bridge/install/carla_msgs/lib/python3.8/site-packages/carla_msgs/srv/__init__.py
[0.818s] -- Up-to-date: /home/tasl/autoware.universe-carla-ros-bridge/install/carla_msgs/lib/python3.8/site-packages/carla_msgs/srv/_spawn_object_s.c
[0.818s] -- Up-to-date: /home/tasl/autoware.universe-carla-ros-bridge/install/carla_msgs/lib/python3.8/site-packages/carla_msgs/srv/_spawn_object.py
[0.818s] -- Up-to-date: /home/tasl/autoware.universe-carla-ros-bridge/install/carla_msgs/lib/python3.8/site-packages/carla_msgs/srv/_get_blueprints_s.c
[0.818s] -- Up-to-date: /home/tasl/autoware.universe-carla-ros-bridge/install/carla_msgs/lib/python3.8/site-packages/carla_msgs/carla_msgs_s__rosidl_typesupport_fastrtps_c.cpython-38-x86_64-linux-gnu.so
[0.818s] -- Up-to-date: /home/tasl/autoware.universe-carla-ros-bridge/install/carla_msgs/lib/python3.8/site-packages/carla_msgs/carla_msgs_s__rosidl_typesupport_introspection_c.cpython-38-x86_64-linux-gnu.so
[0.818s] -- Up-to-date: /home/tasl/autoware.universe-carla-ros-bridge/install/carla_msgs/lib/python3.8/site-packages/carla_msgs/carla_msgs_s__rosidl_typesupport_c.cpython-38-x86_64-linux-gnu.so
[0.818s] -- Up-to-date: /home/tasl/autoware.universe-carla-ros-bridge/install/carla_msgs/lib/libcarla_msgs__python.so
[0.818s] -- Up-to-date: /home/tasl/autoware.universe-carla-ros-bridge/install/carla_msgs/share/carla_msgs/msg/CarlaBoundingBox.idl
[0.819s] -- Up-to-date: /home/tasl/autoware.universe-carla-ros-bridge/install/carla_msgs/share/carla_msgs/msg/CarlaEgoVehicleControl.idl
[0.819s] -- Up-to-date: /home/tasl/autoware.universe-carla-ros-bridge/install/carla_msgs/share/carla_msgs/msg/CarlaEgoVehicleStatus.idl
[0.819s] -- Up-to-date: /home/tasl/autoware.universe-carla-ros-bridge/install/carla_msgs/share/carla_msgs/msg/CarlaEgoVehicleInfoWheel.idl
[0.819s] -- Up-to-date: /home/tasl/autoware.universe-carla-ros-bridge/install/carla_msgs/share/carla_msgs/msg/CarlaEgoVehicleInfo.idl
[0.819s] -- Up-to-date: /home/tasl/autoware.universe-carla-ros-bridge/install/carla_msgs/share/carla_msgs/msg/CarlaCollisionEvent.idl
[0.819s] -- Up-to-date: /home/tasl/autoware.universe-carla-ros-bridge/install/carla_msgs/share/carla_msgs/msg/CarlaLaneInvasionEvent.idl
[0.819s] -- Up-to-date: /home/tasl/autoware.universe-carla-ros-bridge/install/carla_msgs/share/carla_msgs/msg/CarlaWorldInfo.idl
[0.819s] -- Up-to-date: /home/tasl/autoware.universe-carla-ros-bridge/install/carla_msgs/share/carla_msgs/msg/CarlaActorInfo.idl
[0.819s] -- Up-to-date: /home/tasl/autoware.universe-carla-ros-bridge/install/carla_msgs/share/carla_msgs/msg/CarlaActorList.idl
[0.819s] -- Up-to-date: /home/tasl/autoware.universe-carla-ros-bridge/install/carla_msgs/share/carla_msgs/msg/CarlaControl.idl
[0.819s] -- Up-to-date: /home/tasl/autoware.universe-carla-ros-bridge/install/carla_msgs/share/carla_msgs/msg/CarlaStatus.idl
[0.819s] -- Up-to-date: /home/tasl/autoware.universe-carla-ros-bridge/install/carla_msgs/share/carla_msgs/msg/CarlaTrafficLightInfo.idl
[0.820s] -- Up-to-date: /home/tasl/autoware.universe-carla-ros-bridge/install/carla_msgs/share/carla_msgs/msg/CarlaTrafficLightInfoList.idl
[0.820s] -- Up-to-date: /home/tasl/autoware.universe-carla-ros-bridge/install/carla_msgs/share/carla_msgs/msg/CarlaTrafficLightStatus.idl
[0.820s] -- Up-to-date: /home/tasl/autoware.universe-carla-ros-bridge/install/carla_msgs/share/carla_msgs/msg/CarlaTrafficLightStatusList.idl
[0.820s] -- Up-to-date: /home/tasl/autoware.universe-carla-ros-bridge/install/carla_msgs/share/carla_msgs/msg/CarlaWalkerControl.idl
[0.820s] -- Up-to-date: /home/tasl/autoware.universe-carla-ros-bridge/install/carla_msgs/share/carla_msgs/msg/CarlaWeatherParameters.idl
[0.820s] -- Up-to-date: /home/tasl/autoware.universe-carla-ros-bridge/install/carla_msgs/share/carla_msgs/srv/SpawnObject.idl
[0.820s] -- Up-to-date: /home/tasl/autoware.universe-carla-ros-bridge/install/carla_msgs/share/carla_msgs/srv/DestroyObject.idl
[0.820s] -- Up-to-date: /home/tasl/autoware.universe-carla-ros-bridge/install/carla_msgs/share/carla_msgs/srv/GetBlueprints.idl
[0.820s] -- Up-to-date: /home/tasl/autoware.universe-carla-ros-bridge/install/carla_msgs/share/carla_msgs/msg/CarlaBoundingBox.msg
[0.820s] -- Up-to-date: /home/tasl/autoware.universe-carla-ros-bridge/install/carla_msgs/share/carla_msgs/msg/CarlaEgoVehicleControl.msg
[0.820s] -- Up-to-date: /home/tasl/autoware.universe-carla-ros-bridge/install/carla_msgs/share/carla_msgs/msg/CarlaEgoVehicleStatus.msg
[0.820s] -- Up-to-date: /home/tasl/autoware.universe-carla-ros-bridge/install/carla_msgs/share/carla_msgs/msg/CarlaEgoVehicleInfoWheel.msg
[0.821s] -- Up-to-date: /home/tasl/autoware.universe-carla-ros-bridge/install/carla_msgs/share/carla_msgs/msg/CarlaEgoVehicleInfo.msg
[0.821s] -- Up-to-date: /home/tasl/autoware.universe-carla-ros-bridge/install/carla_msgs/share/carla_msgs/msg/CarlaCollisionEvent.msg
[0.821s] -- Up-to-date: /home/tasl/autoware.universe-carla-ros-bridge/install/carla_msgs/share/carla_msgs/msg/CarlaLaneInvasionEvent.msg
[0.821s] -- Up-to-date: /home/tasl/autoware.universe-carla-ros-bridge/install/carla_msgs/share/carla_msgs/msg/CarlaWorldInfo.msg
[0.821s] -- Up-to-date: /home/tasl/autoware.universe-carla-ros-bridge/install/carla_msgs/share/carla_msgs/msg/CarlaActorInfo.msg
[0.821s] -- Up-to-date: /home/tasl/autoware.universe-carla-ros-bridge/install/carla_msgs/share/carla_msgs/msg/CarlaActorList.msg
[0.821s] -- Up-to-date: /home/tasl/autoware.universe-carla-ros-bridge/install/carla_msgs/share/carla_msgs/msg/CarlaControl.msg
[0.821s] -- Up-to-date: /home/tasl/autoware.universe-carla-ros-bridge/install/carla_msgs/share/carla_msgs/msg/CarlaStatus.msg
[0.821s] -- Up-to-date: /home/tasl/autoware.universe-carla-ros-bridge/install/carla_msgs/share/carla_msgs/msg/CarlaTrafficLightInfo.msg
[0.821s] -- Up-to-date: /home/tasl/autoware.universe-carla-ros-bridge/install/carla_msgs/share/carla_msgs/msg/CarlaTrafficLightInfoList.msg
[0.821s] -- Up-to-date: /home/tasl/autoware.universe-carla-ros-bridge/install/carla_msgs/share/carla_msgs/msg/CarlaTrafficLightStatus.msg
[0.821s] -- Up-to-date: /home/tasl/autoware.universe-carla-ros-bridge/install/carla_msgs/share/carla_msgs/msg/CarlaTrafficLightStatusList.msg
[0.821s] -- Up-to-date: /home/tasl/autoware.universe-carla-ros-bridge/install/carla_msgs/share/carla_msgs/msg/CarlaWalkerControl.msg
[0.822s] -- Up-to-date: /home/tasl/autoware.universe-carla-ros-bridge/install/carla_msgs/share/carla_msgs/msg/CarlaWeatherParameters.msg
[0.822s] -- Up-to-date: /home/tasl/autoware.universe-carla-ros-bridge/install/carla_msgs/share/carla_msgs/srv/SpawnObject.srv
[0.822s] -- Up-to-date: /home/tasl/autoware.universe-carla-ros-bridge/install/carla_msgs/share/carla_msgs/srv/SpawnObject_Request.msg
[0.822s] -- Up-to-date: /home/tasl/autoware.universe-carla-ros-bridge/install/carla_msgs/share/carla_msgs/srv/SpawnObject_Response.msg
[0.822s] -- Up-to-date: /home/tasl/autoware.universe-carla-ros-bridge/install/carla_msgs/share/carla_msgs/srv/DestroyObject.srv
[0.822s] -- Up-to-date: /home/tasl/autoware.universe-carla-ros-bridge/install/carla_msgs/share/carla_msgs/srv/DestroyObject_Request.msg
[0.822s] -- Up-to-date: /home/tasl/autoware.universe-carla-ros-bridge/install/carla_msgs/share/carla_msgs/srv/DestroyObject_Response.msg
[0.822s] -- Up-to-date: /home/tasl/autoware.universe-carla-ros-bridge/install/carla_msgs/share/carla_msgs/srv/GetBlueprints.srv
[0.823s] -- Up-to-date: /home/tasl/autoware.universe-carla-ros-bridge/install/carla_msgs/share/carla_msgs/srv/GetBlueprints_Request.msg
[0.823s] -- Up-to-date: /home/tasl/autoware.universe-carla-ros-bridge/install/carla_msgs/share/carla_msgs/srv/GetBlueprints_Response.msg
[0.823s] -- Up-to-date: /home/tasl/autoware.universe-carla-ros-bridge/install/carla_msgs/share/ament_index/resource_index/package_run_dependencies/carla_msgs
[0.823s] -- Up-to-date: /home/tasl/autoware.universe-carla-ros-bridge/install/carla_msgs/share/ament_index/resource_index/parent_prefix_path/carla_msgs
[0.823s] -- Up-to-date: /home/tasl/autoware.universe-carla-ros-bridge/install/carla_msgs/share/carla_msgs/environment/ament_prefix_path.sh
[0.823s] -- Up-to-date: /home/tasl/autoware.universe-carla-ros-bridge/install/carla_msgs/share/carla_msgs/environment/ament_prefix_path.dsv
[0.823s] -- Up-to-date: /home/tasl/autoware.universe-carla-ros-bridge/install/carla_msgs/share/carla_msgs/environment/path.sh
[0.823s] -- Up-to-date: /home/tasl/autoware.universe-carla-ros-bridge/install/carla_msgs/share/carla_msgs/environment/path.dsv
[0.823s] -- Up-to-date: /home/tasl/autoware.universe-carla-ros-bridge/install/carla_msgs/share/carla_msgs/local_setup.bash
[0.823s] -- Up-to-date: /home/tasl/autoware.universe-carla-ros-bridge/install/carla_msgs/share/carla_msgs/local_setup.sh
[0.823s] -- Up-to-date: /home/tasl/autoware.universe-carla-ros-bridge/install/carla_msgs/share/carla_msgs/local_setup.zsh
[0.823s] -- Up-to-date: /home/tasl/autoware.universe-carla-ros-bridge/install/carla_msgs/share/carla_msgs/local_setup.dsv
[0.823s] -- Installing: /home/tasl/autoware.universe-carla-ros-bridge/install/carla_msgs/share/carla_msgs/package.dsv
[0.823s] -- Up-to-date: /home/tasl/autoware.universe-carla-ros-bridge/install/carla_msgs/share/ament_index/resource_index/packages/carla_msgs
[0.823s] -- Up-to-date: /home/tasl/autoware.universe-carla-ros-bridge/install/carla_msgs/share/carla_msgs/cmake/carla_msgs__rosidl_generator_cExport.cmake
[0.824s] -- Up-to-date: /home/tasl/autoware.universe-carla-ros-bridge/install/carla_msgs/share/carla_msgs/cmake/carla_msgs__rosidl_generator_cExport-noconfig.cmake
[0.824s] -- Up-to-date: /home/tasl/autoware.universe-carla-ros-bridge/install/carla_msgs/share/carla_msgs/cmake/carla_msgs__rosidl_typesupport_introspection_cExport.cmake
[0.824s] -- Up-to-date: /home/tasl/autoware.universe-carla-ros-bridge/install/carla_msgs/share/carla_msgs/cmake/carla_msgs__rosidl_typesupport_introspection_cExport-noconfig.cmake
[0.824s] -- Up-to-date: /home/tasl/autoware.universe-carla-ros-bridge/install/carla_msgs/share/carla_msgs/cmake/carla_msgs__rosidl_typesupport_cExport.cmake
[0.824s] -- Up-to-date: /home/tasl/autoware.universe-carla-ros-bridge/install/carla_msgs/share/carla_msgs/cmake/carla_msgs__rosidl_typesupport_cExport-noconfig.cmake
[0.824s] -- Up-to-date: /home/tasl/autoware.universe-carla-ros-bridge/install/carla_msgs/share/carla_msgs/cmake/carla_msgs__rosidl_generator_cppExport.cmake
[0.824s] -- Up-to-date: /home/tasl/autoware.universe-carla-ros-bridge/install/carla_msgs/share/carla_msgs/cmake/carla_msgs__rosidl_typesupport_introspection_cppExport.cmake
[0.824s] -- Up-to-date: /home/tasl/autoware.universe-carla-ros-bridge/install/carla_msgs/share/carla_msgs/cmake/carla_msgs__rosidl_typesupport_introspection_cppExport-noconfig.cmake
[0.824s] -- Up-to-date: /home/tasl/autoware.universe-carla-ros-bridge/install/carla_msgs/share/carla_msgs/cmake/carla_msgs__rosidl_typesupport_cppExport.cmake
[0.824s] -- Up-to-date: /home/tasl/autoware.universe-carla-ros-bridge/install/carla_msgs/share/carla_msgs/cmake/carla_msgs__rosidl_typesupport_cppExport-noconfig.cmake
[0.824s] -- Up-to-date: /home/tasl/autoware.universe-carla-ros-bridge/install/carla_msgs/share/carla_msgs/cmake/rosidl_cmake-extras.cmake
[0.824s] -- Up-to-date: /home/tasl/autoware.universe-carla-ros-bridge/install/carla_msgs/share/carla_msgs/cmake/ament_cmake_export_dependencies-extras.cmake
[0.825s] -- Up-to-date: /home/tasl/autoware.universe-carla-ros-bridge/install/carla_msgs/share/carla_msgs/cmake/ament_cmake_export_libraries-extras.cmake
[0.825s] -- Up-to-date: /home/tasl/autoware.universe-carla-ros-bridge/install/carla_msgs/share/carla_msgs/cmake/ament_cmake_export_targets-extras.cmake
[0.832s] -- Up-to-date: /home/tasl/autoware.universe-carla-ros-bridge/install/carla_msgs/share/carla_msgs/cmake/ament_cmake_export_include_directories-extras.cmake
[0.833s] -- Up-to-date: /home/tasl/autoware.universe-carla-ros-bridge/install/carla_msgs/share/carla_msgs/cmake/rosidl_cmake_export_typesupport_libraries-extras.cmake
[0.833s] -- Up-to-date: /home/tasl/autoware.universe-carla-ros-bridge/install/carla_msgs/share/carla_msgs/cmake/rosidl_cmake_export_typesupport_targets-extras.cmake
[0.833s] -- Up-to-date: /home/tasl/autoware.universe-carla-ros-bridge/install/carla_msgs/share/carla_msgs/cmake/carla_msgsConfig.cmake
[0.833s] -- Up-to-date: /home/tasl/autoware.universe-carla-ros-bridge/install/carla_msgs/share/carla_msgs/cmake/carla_msgsConfig-version.cmake
[0.833s] -- Up-to-date: /home/tasl/autoware.universe-carla-ros-bridge/install/carla_msgs/share/carla_msgs/package.xml
[0.834s] Invoked command in '/home/tasl/autoware.universe-carla-ros-bridge/build/carla_msgs' returned '0': CMAKE_PREFIX_PATH=/opt/ros/galactic:${CMAKE_PREFIX_PATH} /usr/bin/cmake --install /home/tasl/autoware.universe-carla-ros-bridge/build/carla_msgs
