[0.038s] Invoking command in '/home/tasl/autoware.universe-carla-ros-bridge/build/autoware_auto_control_msgs': CMAKE_PREFIX_PATH=/opt/ros/galactic /usr/bin/cmake --build /home/tasl/autoware.universe-carla-ros-bridge/build/autoware_auto_control_msgs -- -j16 -l16
[0.085s] [  1%] Built target autoware_auto_control_msgs__cpp
[0.087s] [ 12%] Built target autoware_auto_control_msgs__rosidl_generator_c
[0.112s] [ 23%] Built target autoware_auto_control_msgs__rosidl_typesupport_cpp
[0.117s] [ 54%] Built target autoware_auto_control_msgs__rosidl_typesupport_fastrtps_cpp
[0.117s] [ 54%] Built target autoware_auto_control_msgs__rosidl_typesupport_introspection_c
[0.117s] [ 56%] Built target autoware_auto_control_msgs__rosidl_typesupport_introspection_cpp
[0.117s] [ 67%] Built target autoware_auto_control_msgs__rosidl_typesupport_c
[0.152s] [ 78%] Built target autoware_auto_control_msgs__rosidl_typesupport_fastrtps_c
[0.172s] [ 78%] Built target autoware_auto_control_msgs
[0.191s] [ 80%] Built target autoware_auto_control_msgs__py
[0.219s] [ 89%] Built target autoware_auto_control_msgs__python
[0.247s] [ 92%] Built target autoware_auto_control_msgs__rosidl_typesupport_introspection_c__pyext
[0.247s] [ 96%] Built target autoware_auto_control_msgs__rosidl_typesupport_c__pyext
[0.249s] [100%] Built target autoware_auto_control_msgs__rosidl_typesupport_fastrtps_c__pyext
[0.262s] Invoked command in '/home/tasl/autoware.universe-carla-ros-bridge/build/autoware_auto_control_msgs' returned '0': CMAKE_PREFIX_PATH=/opt/ros/galactic /usr/bin/cmake --build /home/tasl/autoware.universe-carla-ros-bridge/build/autoware_auto_control_msgs -- -j16 -l16
[0.354s] Invoking command in '/home/tasl/autoware.universe-carla-ros-bridge/build/autoware_auto_control_msgs': CMAKE_PREFIX_PATH=/opt/ros/galactic /usr/bin/cmake --install /home/tasl/autoware.universe-carla-ros-bridge/build/autoware_auto_control_msgs
[0.355s] -- Install configuration: ""
[0.355s] -- Up-to-date: /home/tasl/autoware.universe-carla-ros-bridge/install/autoware_auto_control_msgs/share/ament_index/resource_index/rosidl_interfaces/autoware_auto_control_msgs
[0.355s] -- Up-to-date: /home/tasl/autoware.universe-carla-ros-bridge/install/autoware_auto_control_msgs/include/autoware_auto_control_msgs
[0.355s] -- Up-to-date: /home/tasl/autoware.universe-carla-ros-bridge/install/autoware_auto_control_msgs/include/autoware_auto_control_msgs/msg
[0.356s] -- Up-to-date: /home/tasl/autoware.universe-carla-ros-bridge/install/autoware_auto_control_msgs/include/autoware_auto_control_msgs/msg/high_level_control_command.h
[0.356s] -- Up-to-date: /home/tasl/autoware.universe-carla-ros-bridge/install/autoware_auto_control_msgs/include/autoware_auto_control_msgs/msg/ackermann_lateral_command.h
[0.356s] -- Up-to-date: /home/tasl/autoware.universe-carla-ros-bridge/install/autoware_auto_control_msgs/include/autoware_auto_control_msgs/msg/ackermann_control_command.h
[0.356s] -- Up-to-date: /home/tasl/autoware.universe-carla-ros-bridge/install/autoware_auto_control_msgs/include/autoware_auto_control_msgs/msg/longitudinal_command.h
[0.356s] -- Up-to-date: /home/tasl/autoware.universe-carla-ros-bridge/install/autoware_auto_control_msgs/include/autoware_auto_control_msgs/msg/detail
[0.356s] -- Up-to-date: /home/tasl/autoware.universe-carla-ros-bridge/install/autoware_auto_control_msgs/include/autoware_auto_control_msgs/msg/detail/high_level_control_command__functions.h
[0.356s] -- Up-to-date: /home/tasl/autoware.universe-carla-ros-bridge/install/autoware_auto_control_msgs/include/autoware_auto_control_msgs/msg/detail/longitudinal_command__functions.c
[0.356s] -- Up-to-date: /home/tasl/autoware.universe-carla-ros-bridge/install/autoware_auto_control_msgs/include/autoware_auto_control_msgs/msg/detail/ackermann_control_command__functions.h
[0.356s] -- Up-to-date: /home/tasl/autoware.universe-carla-ros-bridge/install/autoware_auto_control_msgs/include/autoware_auto_control_msgs/msg/detail/high_level_control_command__functions.c
[0.357s] -- Up-to-date: /home/tasl/autoware.universe-carla-ros-bridge/install/autoware_auto_control_msgs/include/autoware_auto_control_msgs/msg/detail/ackermann_control_command__type_support.h
[0.357s] -- Up-to-date: /home/tasl/autoware.universe-carla-ros-bridge/install/autoware_auto_control_msgs/include/autoware_auto_control_msgs/msg/detail/ackermann_control_command__struct.h
[0.357s] -- Up-to-date: /home/tasl/autoware.universe-carla-ros-bridge/install/autoware_auto_control_msgs/include/autoware_auto_control_msgs/msg/detail/ackermann_lateral_command__functions.c
[0.357s] -- Up-to-date: /home/tasl/autoware.universe-carla-ros-bridge/install/autoware_auto_control_msgs/include/autoware_auto_control_msgs/msg/detail/high_level_control_command__struct.h
[0.357s] -- Up-to-date: /home/tasl/autoware.universe-carla-ros-bridge/install/autoware_auto_control_msgs/include/autoware_auto_control_msgs/msg/detail/ackermann_lateral_command__struct.h
[0.357s] -- Up-to-date: /home/tasl/autoware.universe-carla-ros-bridge/install/autoware_auto_control_msgs/include/autoware_auto_control_msgs/msg/detail/ackermann_control_command__functions.c
[0.357s] -- Up-to-date: /home/tasl/autoware.universe-carla-ros-bridge/install/autoware_auto_control_msgs/include/autoware_auto_control_msgs/msg/detail/longitudinal_command__struct.h
[0.357s] -- Up-to-date: /home/tasl/autoware.universe-carla-ros-bridge/install/autoware_auto_control_msgs/include/autoware_auto_control_msgs/msg/detail/ackermann_lateral_command__type_support.h
[0.358s] -- Up-to-date: /home/tasl/autoware.universe-carla-ros-bridge/install/autoware_auto_control_msgs/include/autoware_auto_control_msgs/msg/detail/high_level_control_command__type_support.h
[0.358s] -- Up-to-date: /home/tasl/autoware.universe-carla-ros-bridge/install/autoware_auto_control_msgs/include/autoware_auto_control_msgs/msg/detail/longitudinal_command__functions.h
[0.358s] -- Up-to-date: /home/tasl/autoware.universe-carla-ros-bridge/install/autoware_auto_control_msgs/include/autoware_auto_control_msgs/msg/detail/longitudinal_command__type_support.h
[0.358s] -- Up-to-date: /home/tasl/autoware.universe-carla-ros-bridge/install/autoware_auto_control_msgs/include/autoware_auto_control_msgs/msg/detail/ackermann_lateral_command__functions.h
[0.358s] -- Up-to-date: /home/tasl/autoware.universe-carla-ros-bridge/install/autoware_auto_control_msgs/include/autoware_auto_control_msgs/msg/rosidl_generator_c__visibility_control.h
[0.358s] -- Up-to-date: /home/tasl/autoware.universe-carla-ros-bridge/install/autoware_auto_control_msgs/share/autoware_auto_control_msgs/environment/library_path.sh
[0.358s] -- Up-to-date: /home/tasl/autoware.universe-carla-ros-bridge/install/autoware_auto_control_msgs/share/autoware_auto_control_msgs/environment/library_path.dsv
[0.358s] -- Up-to-date: /home/tasl/autoware.universe-carla-ros-bridge/install/autoware_auto_control_msgs/lib/libautoware_auto_control_msgs__rosidl_generator_c.so
[0.359s] -- Up-to-date: /home/tasl/autoware.universe-carla-ros-bridge/install/autoware_auto_control_msgs/include/autoware_auto_control_msgs
[0.359s] -- Up-to-date: /home/tasl/autoware.universe-carla-ros-bridge/install/autoware_auto_control_msgs/include/autoware_auto_control_msgs/msg
[0.359s] -- Up-to-date: /home/tasl/autoware.universe-carla-ros-bridge/install/autoware_auto_control_msgs/include/autoware_auto_control_msgs/msg/detail
[0.359s] -- Up-to-date: /home/tasl/autoware.universe-carla-ros-bridge/install/autoware_auto_control_msgs/include/autoware_auto_control_msgs/msg/detail/longitudinal_command__rosidl_typesupport_fastrtps_c.h
[0.359s] -- Up-to-date: /home/tasl/autoware.universe-carla-ros-bridge/install/autoware_auto_control_msgs/include/autoware_auto_control_msgs/msg/detail/high_level_control_command__rosidl_typesupport_fastrtps_c.h
[0.359s] -- Up-to-date: /home/tasl/autoware.universe-carla-ros-bridge/install/autoware_auto_control_msgs/include/autoware_auto_control_msgs/msg/detail/ackermann_lateral_command__rosidl_typesupport_fastrtps_c.h
[0.359s] -- Up-to-date: /home/tasl/autoware.universe-carla-ros-bridge/install/autoware_auto_control_msgs/include/autoware_auto_control_msgs/msg/detail/ackermann_control_command__rosidl_typesupport_fastrtps_c.h
[0.360s] -- Up-to-date: /home/tasl/autoware.universe-carla-ros-bridge/install/autoware_auto_control_msgs/include/autoware_auto_control_msgs/msg/rosidl_typesupport_fastrtps_c__visibility_control.h
[0.360s] -- Up-to-date: /home/tasl/autoware.universe-carla-ros-bridge/install/autoware_auto_control_msgs/lib/libautoware_auto_control_msgs__rosidl_typesupport_fastrtps_c.so
[0.360s] -- Up-to-date: /home/tasl/autoware.universe-carla-ros-bridge/install/autoware_auto_control_msgs/include/autoware_auto_control_msgs
[0.360s] -- Up-to-date: /home/tasl/autoware.universe-carla-ros-bridge/install/autoware_auto_control_msgs/include/autoware_auto_control_msgs/msg
[0.360s] -- Up-to-date: /home/tasl/autoware.universe-carla-ros-bridge/install/autoware_auto_control_msgs/include/autoware_auto_control_msgs/msg/detail
[0.361s] -- Up-to-date: /home/tasl/autoware.universe-carla-ros-bridge/install/autoware_auto_control_msgs/include/autoware_auto_control_msgs/msg/detail/ackermann_control_command__rosidl_typesupport_fastrtps_cpp.hpp
[0.361s] -- Up-to-date: /home/tasl/autoware.universe-carla-ros-bridge/install/autoware_auto_control_msgs/include/autoware_auto_control_msgs/msg/detail/longitudinal_command__rosidl_typesupport_fastrtps_cpp.hpp
[0.361s] -- Up-to-date: /home/tasl/autoware.universe-carla-ros-bridge/install/autoware_auto_control_msgs/include/autoware_auto_control_msgs/msg/detail/dds_fastrtps
[0.361s] -- Up-to-date: /home/tasl/autoware.universe-carla-ros-bridge/install/autoware_auto_control_msgs/include/autoware_auto_control_msgs/msg/detail/ackermann_lateral_command__rosidl_typesupport_fastrtps_cpp.hpp
[0.361s] -- Up-to-date: /home/tasl/autoware.universe-carla-ros-bridge/install/autoware_auto_control_msgs/include/autoware_auto_control_msgs/msg/detail/high_level_control_command__rosidl_typesupport_fastrtps_cpp.hpp
[0.361s] -- Up-to-date: /home/tasl/autoware.universe-carla-ros-bridge/install/autoware_auto_control_msgs/include/autoware_auto_control_msgs/msg/rosidl_typesupport_fastrtps_cpp__visibility_control.h
[0.361s] -- Up-to-date: /home/tasl/autoware.universe-carla-ros-bridge/install/autoware_auto_control_msgs/lib/libautoware_auto_control_msgs__rosidl_typesupport_fastrtps_cpp.so
[0.361s] -- Up-to-date: /home/tasl/autoware.universe-carla-ros-bridge/install/autoware_auto_control_msgs/include/autoware_auto_control_msgs
[0.362s] -- Up-to-date: /home/tasl/autoware.universe-carla-ros-bridge/install/autoware_auto_control_msgs/include/autoware_auto_control_msgs/msg
[0.362s] -- Up-to-date: /home/tasl/autoware.universe-carla-ros-bridge/install/autoware_auto_control_msgs/include/autoware_auto_control_msgs/msg/rosidl_typesupport_introspection_c__visibility_control.h
[0.362s] -- Up-to-date: /home/tasl/autoware.universe-carla-ros-bridge/install/autoware_auto_control_msgs/include/autoware_auto_control_msgs/msg/detail
[0.362s] -- Up-to-date: /home/tasl/autoware.universe-carla-ros-bridge/install/autoware_auto_control_msgs/include/autoware_auto_control_msgs/msg/detail/high_level_control_command__type_support.c
[0.362s] -- Up-to-date: /home/tasl/autoware.universe-carla-ros-bridge/install/autoware_auto_control_msgs/include/autoware_auto_control_msgs/msg/detail/ackermann_control_command__type_support.c
[0.362s] -- Up-to-date: /home/tasl/autoware.universe-carla-ros-bridge/install/autoware_auto_control_msgs/include/autoware_auto_control_msgs/msg/detail/longitudinal_command__rosidl_typesupport_introspection_c.h
[0.362s] -- Up-to-date: /home/tasl/autoware.universe-carla-ros-bridge/install/autoware_auto_control_msgs/include/autoware_auto_control_msgs/msg/detail/high_level_control_command__rosidl_typesupport_introspection_c.h
[0.362s] -- Up-to-date: /home/tasl/autoware.universe-carla-ros-bridge/install/autoware_auto_control_msgs/include/autoware_auto_control_msgs/msg/detail/ackermann_lateral_command__rosidl_typesupport_introspection_c.h
[0.363s] -- Up-to-date: /home/tasl/autoware.universe-carla-ros-bridge/install/autoware_auto_control_msgs/include/autoware_auto_control_msgs/msg/detail/longitudinal_command__type_support.c
[0.363s] -- Up-to-date: /home/tasl/autoware.universe-carla-ros-bridge/install/autoware_auto_control_msgs/include/autoware_auto_control_msgs/msg/detail/ackermann_control_command__rosidl_typesupport_introspection_c.h
[0.363s] -- Up-to-date: /home/tasl/autoware.universe-carla-ros-bridge/install/autoware_auto_control_msgs/include/autoware_auto_control_msgs/msg/detail/ackermann_lateral_command__type_support.c
[0.363s] -- Up-to-date: /home/tasl/autoware.universe-carla-ros-bridge/install/autoware_auto_control_msgs/lib/libautoware_auto_control_msgs__rosidl_typesupport_introspection_c.so
[0.363s] -- Up-to-date: /home/tasl/autoware.universe-carla-ros-bridge/install/autoware_auto_control_msgs/lib/libautoware_auto_control_msgs__rosidl_typesupport_c.so
[0.363s] -- Up-to-date: /home/tasl/autoware.universe-carla-ros-bridge/install/autoware_auto_control_msgs/include/autoware_auto_control_msgs
[0.363s] -- Up-to-date: /home/tasl/autoware.universe-carla-ros-bridge/install/autoware_auto_control_msgs/include/autoware_auto_control_msgs/msg
[0.363s] -- Up-to-date: /home/tasl/autoware.universe-carla-ros-bridge/install/autoware_auto_control_msgs/include/autoware_auto_control_msgs/msg/ackermann_lateral_command.hpp
[0.364s] -- Up-to-date: /home/tasl/autoware.universe-carla-ros-bridge/install/autoware_auto_control_msgs/include/autoware_auto_control_msgs/msg/longitudinal_command.hpp
[0.364s] -- Up-to-date: /home/tasl/autoware.universe-carla-ros-bridge/install/autoware_auto_control_msgs/include/autoware_auto_control_msgs/msg/detail
[0.364s] -- Up-to-date: /home/tasl/autoware.universe-carla-ros-bridge/install/autoware_auto_control_msgs/include/autoware_auto_control_msgs/msg/detail/longitudinal_command__builder.hpp
[0.364s] -- Up-to-date: /home/tasl/autoware.universe-carla-ros-bridge/install/autoware_auto_control_msgs/include/autoware_auto_control_msgs/msg/detail/high_level_control_command__builder.hpp
[0.364s] -- Up-to-date: /home/tasl/autoware.universe-carla-ros-bridge/install/autoware_auto_control_msgs/include/autoware_auto_control_msgs/msg/detail/ackermann_control_command__traits.hpp
[0.364s] -- Up-to-date: /home/tasl/autoware.universe-carla-ros-bridge/install/autoware_auto_control_msgs/include/autoware_auto_control_msgs/msg/detail/ackermann_lateral_command__builder.hpp
[0.364s] -- Up-to-date: /home/tasl/autoware.universe-carla-ros-bridge/install/autoware_auto_control_msgs/include/autoware_auto_control_msgs/msg/detail/longitudinal_command__struct.hpp
[0.364s] -- Up-to-date: /home/tasl/autoware.universe-carla-ros-bridge/install/autoware_auto_control_msgs/include/autoware_auto_control_msgs/msg/detail/ackermann_control_command__builder.hpp
[0.364s] -- Up-to-date: /home/tasl/autoware.universe-carla-ros-bridge/install/autoware_auto_control_msgs/include/autoware_auto_control_msgs/msg/detail/high_level_control_command__struct.hpp
[0.364s] -- Up-to-date: /home/tasl/autoware.universe-carla-ros-bridge/install/autoware_auto_control_msgs/include/autoware_auto_control_msgs/msg/detail/high_level_control_command__traits.hpp
[0.364s] -- Up-to-date: /home/tasl/autoware.universe-carla-ros-bridge/install/autoware_auto_control_msgs/include/autoware_auto_control_msgs/msg/detail/ackermann_lateral_command__struct.hpp
[0.364s] -- Up-to-date: /home/tasl/autoware.universe-carla-ros-bridge/install/autoware_auto_control_msgs/include/autoware_auto_control_msgs/msg/detail/ackermann_lateral_command__traits.hpp
[0.365s] -- Up-to-date: /home/tasl/autoware.universe-carla-ros-bridge/install/autoware_auto_control_msgs/include/autoware_auto_control_msgs/msg/detail/ackermann_control_command__struct.hpp
[0.365s] -- Up-to-date: /home/tasl/autoware.universe-carla-ros-bridge/install/autoware_auto_control_msgs/include/autoware_auto_control_msgs/msg/detail/longitudinal_command__traits.hpp
[0.365s] -- Up-to-date: /home/tasl/autoware.universe-carla-ros-bridge/install/autoware_auto_control_msgs/include/autoware_auto_control_msgs/msg/high_level_control_command.hpp
[0.365s] -- Up-to-date: /home/tasl/autoware.universe-carla-ros-bridge/install/autoware_auto_control_msgs/include/autoware_auto_control_msgs/msg/ackermann_control_command.hpp
[0.365s] -- Up-to-date: /home/tasl/autoware.universe-carla-ros-bridge/install/autoware_auto_control_msgs/include/autoware_auto_control_msgs
[0.365s] -- Up-to-date: /home/tasl/autoware.universe-carla-ros-bridge/install/autoware_auto_control_msgs/include/autoware_auto_control_msgs/msg
[0.365s] -- Up-to-date: /home/tasl/autoware.universe-carla-ros-bridge/install/autoware_auto_control_msgs/include/autoware_auto_control_msgs/msg/detail
[0.365s] -- Up-to-date: /home/tasl/autoware.universe-carla-ros-bridge/install/autoware_auto_control_msgs/include/autoware_auto_control_msgs/msg/detail/ackermann_control_command__rosidl_typesupport_introspection_cpp.hpp
[0.365s] -- Up-to-date: /home/tasl/autoware.universe-carla-ros-bridge/install/autoware_auto_control_msgs/include/autoware_auto_control_msgs/msg/detail/ackermann_control_command__type_support.cpp
[0.365s] -- Up-to-date: /home/tasl/autoware.universe-carla-ros-bridge/install/autoware_auto_control_msgs/include/autoware_auto_control_msgs/msg/detail/longitudinal_command__rosidl_typesupport_introspection_cpp.hpp
[0.365s] -- Up-to-date: /home/tasl/autoware.universe-carla-ros-bridge/install/autoware_auto_control_msgs/include/autoware_auto_control_msgs/msg/detail/ackermann_lateral_command__type_support.cpp
[0.366s] -- Up-to-date: /home/tasl/autoware.universe-carla-ros-bridge/install/autoware_auto_control_msgs/include/autoware_auto_control_msgs/msg/detail/longitudinal_command__type_support.cpp
[0.366s] -- Up-to-date: /home/tasl/autoware.universe-carla-ros-bridge/install/autoware_auto_control_msgs/include/autoware_auto_control_msgs/msg/detail/ackermann_lateral_command__rosidl_typesupport_introspection_cpp.hpp
[0.366s] -- Up-to-date: /home/tasl/autoware.universe-carla-ros-bridge/install/autoware_auto_control_msgs/include/autoware_auto_control_msgs/msg/detail/high_level_control_command__type_support.cpp
[0.366s] -- Up-to-date: /home/tasl/autoware.universe-carla-ros-bridge/install/autoware_auto_control_msgs/include/autoware_auto_control_msgs/msg/detail/high_level_control_command__rosidl_typesupport_introspection_cpp.hpp
[0.366s] -- Up-to-date: /home/tasl/autoware.universe-carla-ros-bridge/install/autoware_auto_control_msgs/lib/libautoware_auto_control_msgs__rosidl_typesupport_introspection_cpp.so
[0.366s] -- Up-to-date: /home/tasl/autoware.universe-carla-ros-bridge/install/autoware_auto_control_msgs/lib/libautoware_auto_control_msgs__rosidl_typesupport_cpp.so
[0.366s] -- Up-to-date: /home/tasl/autoware.universe-carla-ros-bridge/install/autoware_auto_control_msgs/share/autoware_auto_control_msgs/environment/pythonpath.sh
[0.366s] -- Up-to-date: /home/tasl/autoware.universe-carla-ros-bridge/install/autoware_auto_control_msgs/share/autoware_auto_control_msgs/environment/pythonpath.dsv
[0.366s] -- Up-to-date: /home/tasl/autoware.universe-carla-ros-bridge/install/autoware_auto_control_msgs/lib/python3.8/site-packages/autoware_auto_control_msgs/__init__.py
[0.402s] -- Up-to-date: /home/tasl/autoware.universe-carla-ros-bridge/install/autoware_auto_control_msgs/lib/python3.8/site-packages/autoware_auto_control_msgs/msg
[0.403s] -- Up-to-date: /home/tasl/autoware.universe-carla-ros-bridge/install/autoware_auto_control_msgs/lib/python3.8/site-packages/autoware_auto_control_msgs/msg/_high_level_control_command.py
[0.403s] -- Up-to-date: /home/tasl/autoware.universe-carla-ros-bridge/install/autoware_auto_control_msgs/lib/python3.8/site-packages/autoware_auto_control_msgs/msg/_ackermann_lateral_command_s.c
[0.405s] -- Up-to-date: /home/tasl/autoware.universe-carla-ros-bridge/install/autoware_auto_control_msgs/lib/python3.8/site-packages/autoware_auto_control_msgs/msg/__init__.py
[0.405s] -- Up-to-date: /home/tasl/autoware.universe-carla-ros-bridge/install/autoware_auto_control_msgs/lib/python3.8/site-packages/autoware_auto_control_msgs/msg/_ackermann_control_command.py
[0.405s] -- Up-to-date: /home/tasl/autoware.universe-carla-ros-bridge/install/autoware_auto_control_msgs/lib/python3.8/site-packages/autoware_auto_control_msgs/msg/_longitudinal_command_s.c
[0.408s] -- Up-to-date: /home/tasl/autoware.universe-carla-ros-bridge/install/autoware_auto_control_msgs/lib/python3.8/site-packages/autoware_auto_control_msgs/msg/_longitudinal_command.py
[0.409s] -- Up-to-date: /home/tasl/autoware.universe-carla-ros-bridge/install/autoware_auto_control_msgs/lib/python3.8/site-packages/autoware_auto_control_msgs/msg/_high_level_control_command_s.c
[0.409s] -- Up-to-date: /home/tasl/autoware.universe-carla-ros-bridge/install/autoware_auto_control_msgs/lib/python3.8/site-packages/autoware_auto_control_msgs/msg/_ackermann_lateral_command.py
[0.409s] -- Up-to-date: /home/tasl/autoware.universe-carla-ros-bridge/install/autoware_auto_control_msgs/lib/python3.8/site-packages/autoware_auto_control_msgs/msg/_ackermann_control_command_s.c
[0.410s] -- Up-to-date: /home/tasl/autoware.universe-carla-ros-bridge/install/autoware_auto_control_msgs/lib/python3.8/site-packages/autoware_auto_control_msgs/autoware_auto_control_msgs_s__rosidl_typesupport_fastrtps_c.cpython-38-x86_64-linux-gnu.so
[0.410s] -- Up-to-date: /home/tasl/autoware.universe-carla-ros-bridge/install/autoware_auto_control_msgs/lib/python3.8/site-packages/autoware_auto_control_msgs/autoware_auto_control_msgs_s__rosidl_typesupport_introspection_c.cpython-38-x86_64-linux-gnu.so
[0.410s] -- Up-to-date: /home/tasl/autoware.universe-carla-ros-bridge/install/autoware_auto_control_msgs/lib/python3.8/site-packages/autoware_auto_control_msgs/autoware_auto_control_msgs_s__rosidl_typesupport_c.cpython-38-x86_64-linux-gnu.so
[0.411s] -- Up-to-date: /home/tasl/autoware.universe-carla-ros-bridge/install/autoware_auto_control_msgs/lib/libautoware_auto_control_msgs__python.so
[0.411s] -- Up-to-date: /home/tasl/autoware.universe-carla-ros-bridge/install/autoware_auto_control_msgs/share/autoware_auto_control_msgs/msg/AckermannControlCommand.idl
[0.411s] -- Up-to-date: /home/tasl/autoware.universe-carla-ros-bridge/install/autoware_auto_control_msgs/share/autoware_auto_control_msgs/msg/AckermannLateralCommand.idl
[0.412s] -- Up-to-date: /home/tasl/autoware.universe-carla-ros-bridge/install/autoware_auto_control_msgs/share/autoware_auto_control_msgs/msg/HighLevelControlCommand.idl
[0.416s] -- Up-to-date: /home/tasl/autoware.universe-carla-ros-bridge/install/autoware_auto_control_msgs/share/autoware_auto_control_msgs/msg/LongitudinalCommand.idl
[0.417s] -- Up-to-date: /home/tasl/autoware.universe-carla-ros-bridge/install/autoware_auto_control_msgs/share/ament_index/resource_index/package_run_dependencies/autoware_auto_control_msgs
[0.417s] -- Up-to-date: /home/tasl/autoware.universe-carla-ros-bridge/install/autoware_auto_control_msgs/share/ament_index/resource_index/parent_prefix_path/autoware_auto_control_msgs
[0.417s] -- Up-to-date: /home/tasl/autoware.universe-carla-ros-bridge/install/autoware_auto_control_msgs/share/autoware_auto_control_msgs/environment/ament_prefix_path.sh
[0.417s] -- Up-to-date: /home/tasl/autoware.universe-carla-ros-bridge/install/autoware_auto_control_msgs/share/autoware_auto_control_msgs/environment/ament_prefix_path.dsv
[0.417s] -- Up-to-date: /home/tasl/autoware.universe-carla-ros-bridge/install/autoware_auto_control_msgs/share/autoware_auto_control_msgs/environment/path.sh
[0.418s] -- Up-to-date: /home/tasl/autoware.universe-carla-ros-bridge/install/autoware_auto_control_msgs/share/autoware_auto_control_msgs/environment/path.dsv
[0.418s] -- Up-to-date: /home/tasl/autoware.universe-carla-ros-bridge/install/autoware_auto_control_msgs/share/autoware_auto_control_msgs/local_setup.bash
[0.423s] -- Up-to-date: /home/tasl/autoware.universe-carla-ros-bridge/install/autoware_auto_control_msgs/share/autoware_auto_control_msgs/local_setup.sh
[0.424s] -- Up-to-date: /home/tasl/autoware.universe-carla-ros-bridge/install/autoware_auto_control_msgs/share/autoware_auto_control_msgs/local_setup.zsh
[0.424s] -- Up-to-date: /home/tasl/autoware.universe-carla-ros-bridge/install/autoware_auto_control_msgs/share/autoware_auto_control_msgs/local_setup.dsv
[0.424s] -- Installing: /home/tasl/autoware.universe-carla-ros-bridge/install/autoware_auto_control_msgs/share/autoware_auto_control_msgs/package.dsv
[0.425s] -- Up-to-date: /home/tasl/autoware.universe-carla-ros-bridge/install/autoware_auto_control_msgs/share/ament_index/resource_index/packages/autoware_auto_control_msgs
[0.425s] -- Up-to-date: /home/tasl/autoware.universe-carla-ros-bridge/install/autoware_auto_control_msgs/share/autoware_auto_control_msgs/cmake/autoware_auto_control_msgs__rosidl_generator_cExport.cmake
[0.426s] -- Up-to-date: /home/tasl/autoware.universe-carla-ros-bridge/install/autoware_auto_control_msgs/share/autoware_auto_control_msgs/cmake/autoware_auto_control_msgs__rosidl_generator_cExport-noconfig.cmake
[0.426s] -- Up-to-date: /home/tasl/autoware.universe-carla-ros-bridge/install/autoware_auto_control_msgs/share/autoware_auto_control_msgs/cmake/autoware_auto_control_msgs__rosidl_typesupport_introspection_cExport.cmake
[0.427s] -- Up-to-date: /home/tasl/autoware.universe-carla-ros-bridge/install/autoware_auto_control_msgs/share/autoware_auto_control_msgs/cmake/autoware_auto_control_msgs__rosidl_typesupport_introspection_cExport-noconfig.cmake
[0.427s] -- Up-to-date: /home/tasl/autoware.universe-carla-ros-bridge/install/autoware_auto_control_msgs/share/autoware_auto_control_msgs/cmake/autoware_auto_control_msgs__rosidl_typesupport_cExport.cmake
[0.428s] -- Up-to-date: /home/tasl/autoware.universe-carla-ros-bridge/install/autoware_auto_control_msgs/share/autoware_auto_control_msgs/cmake/autoware_auto_control_msgs__rosidl_typesupport_cExport-noconfig.cmake
[0.428s] -- Up-to-date: /home/tasl/autoware.universe-carla-ros-bridge/install/autoware_auto_control_msgs/share/autoware_auto_control_msgs/cmake/autoware_auto_control_msgs__rosidl_generator_cppExport.cmake
[0.428s] -- Up-to-date: /home/tasl/autoware.universe-carla-ros-bridge/install/autoware_auto_control_msgs/share/autoware_auto_control_msgs/cmake/autoware_auto_control_msgs__rosidl_typesupport_introspection_cppExport.cmake
[0.429s] -- Up-to-date: /home/tasl/autoware.universe-carla-ros-bridge/install/autoware_auto_control_msgs/share/autoware_auto_control_msgs/cmake/autoware_auto_control_msgs__rosidl_typesupport_introspection_cppExport-noconfig.cmake
[0.429s] -- Up-to-date: /home/tasl/autoware.universe-carla-ros-bridge/install/autoware_auto_control_msgs/share/autoware_auto_control_msgs/cmake/autoware_auto_control_msgs__rosidl_typesupport_cppExport.cmake
[0.430s] -- Up-to-date: /home/tasl/autoware.universe-carla-ros-bridge/install/autoware_auto_control_msgs/share/autoware_auto_control_msgs/cmake/autoware_auto_control_msgs__rosidl_typesupport_cppExport-noconfig.cmake
[0.430s] -- Up-to-date: /home/tasl/autoware.universe-carla-ros-bridge/install/autoware_auto_control_msgs/share/autoware_auto_control_msgs/cmake/rosidl_cmake-extras.cmake
[0.431s] -- Up-to-date: /home/tasl/autoware.universe-carla-ros-bridge/install/autoware_auto_control_msgs/share/autoware_auto_control_msgs/cmake/ament_cmake_export_dependencies-extras.cmake
[0.432s] -- Up-to-date: /home/tasl/autoware.universe-carla-ros-bridge/install/autoware_auto_control_msgs/share/autoware_auto_control_msgs/cmake/ament_cmake_export_libraries-extras.cmake
[0.432s] -- Up-to-date: /home/tasl/autoware.universe-carla-ros-bridge/install/autoware_auto_control_msgs/share/autoware_auto_control_msgs/cmake/ament_cmake_export_targets-extras.cmake
[0.432s] -- Up-to-date: /home/tasl/autoware.universe-carla-ros-bridge/install/autoware_auto_control_msgs/share/autoware_auto_control_msgs/cmake/ament_cmake_export_include_directories-extras.cmake
[0.433s] -- Up-to-date: /home/tasl/autoware.universe-carla-ros-bridge/install/autoware_auto_control_msgs/share/autoware_auto_control_msgs/cmake/rosidl_cmake_export_typesupport_libraries-extras.cmake
[0.433s] -- Up-to-date: /home/tasl/autoware.universe-carla-ros-bridge/install/autoware_auto_control_msgs/share/autoware_auto_control_msgs/cmake/rosidl_cmake_export_typesupport_targets-extras.cmake
[0.434s] -- Up-to-date: /home/tasl/autoware.universe-carla-ros-bridge/install/autoware_auto_control_msgs/share/autoware_auto_control_msgs/cmake/autoware_auto_control_msgsConfig.cmake
[0.440s] -- Up-to-date: /home/tasl/autoware.universe-carla-ros-bridge/install/autoware_auto_control_msgs/share/autoware_auto_control_msgs/cmake/autoware_auto_control_msgsConfig-version.cmake
[0.441s] -- Up-to-date: /home/tasl/autoware.universe-carla-ros-bridge/install/autoware_auto_control_msgs/share/autoware_auto_control_msgs/package.xml
[0.441s] Invoked command in '/home/tasl/autoware.universe-carla-ros-bridge/build/autoware_auto_control_msgs' returned '0': CMAKE_PREFIX_PATH=/opt/ros/galactic /usr/bin/cmake --install /home/tasl/autoware.universe-carla-ros-bridge/build/autoware_auto_control_msgs
