[0.013s] Invoking command in '/home/tasl/autoware.universe-carla-ros-bridge/build/autoware_ros_bridge_carla': CMAKE_PREFIX_PATH=/opt/ros/galactic:/home/tasl/autoware.universe-carla-ros-bridge/install/carla_msgs:/home/tasl/autoware.universe-carla-ros-bridge/install/autoware_auto_vehicle_msgs:/home/tasl/autoware.universe-carla-ros-bridge/install/autoware_auto_control_msgs:/home/tasl/autoware.universe-carla-ros-bridge/install/autoware_ros_bridge_carla LD_LIBRARY_PATH=/home/tasl/autoware.universe-carla-ros-bridge/install/carla_msgs/lib:/home/tasl/autoware.universe-carla-ros-bridge/install/autoware_auto_vehicle_msgs/lib:/home/tasl/autoware.universe-carla-ros-bridge/install/autoware_auto_control_msgs/lib:/opt/ros/galactic/opt/yaml_cpp_vendor/lib:/opt/ros/galactic/opt/rviz_ogre_vendor/lib:/opt/ros/galactic/lib/x86_64-linux-gnu:/opt/ros/galactic/lib PYTHONPATH=/home/tasl/autoware.universe-carla-ros-bridge/install/carla_msgs/lib/python3.8/site-packages:/home/tasl/autoware.universe-carla-ros-bridge/install/autoware_auto_vehicle_msgs/lib/python3.8/site-packages:/home/tasl/autoware.universe-carla-ros-bridge/install/autoware_auto_control_msgs/lib/python3.8/site-packages:/opt/ros/galactic/lib/python3.8/site-packages /usr/bin/cmake --build /home/tasl/autoware.universe-carla-ros-bridge/build/autoware_ros_bridge_carla -- -j16 -l16
[0.030s] -- Found ament_cmake: 1.1.5 (/opt/ros/galactic/share/ament_cmake/cmake)
[0.046s] -- Using PYTHON_EXECUTABLE: /usr/bin/python3
[0.089s] -- Found rclcpp: 9.2.1 (/opt/ros/galactic/share/rclcpp/cmake)
[0.115s] -- Using all available rosidl_typesupport_c: rosidl_typesupport_fastrtps_c;rosidl_typesupport_introspection_c
[0.117s] -- Found rosidl_adapter: 2.2.2 (/opt/ros/galactic/share/rosidl_adapter/cmake)
[0.198s] -- Using all available rosidl_typesupport_cpp: rosidl_typesupport_fastrtps_cpp;rosidl_typesupport_introspection_cpp
[0.238s] -- Found rmw_implementation_cmake: 3.3.1 (/opt/ros/galactic/share/rmw_implementation_cmake/cmake)
[0.240s] -- Found rmw_cyclonedds_cpp: 0.22.5 (/opt/ros/galactic/share/rmw_cyclonedds_cpp/cmake)
[0.253s] -- Using RMW implementation 'rmw_cyclonedds_cpp' as default
[0.353s] -- Found nav_msgs: 2.2.4 (/opt/ros/galactic/share/nav_msgs/cmake)
[0.438s] -- Found sensor_msgs: 2.2.4 (/opt/ros/galactic/share/sensor_msgs/cmake)
[0.490s] -- Found tf2_msgs: 0.17.3 (/opt/ros/galactic/share/tf2_msgs/cmake)
[0.627s] -- Found ackermann_msgs: 2.0.2 (/opt/ros/galactic/share/ackermann_msgs/cmake)
[0.652s] -- Found autoware_auto_control_msgs: 1.0.0 (/home/tasl/autoware.universe-carla-ros-bridge/install/autoware_auto_control_msgs/share/autoware_auto_control_msgs/cmake)
[0.666s] -- Found autoware_auto_vehicle_msgs: 1.0.0 (/home/tasl/autoware.universe-carla-ros-bridge/install/autoware_auto_vehicle_msgs/share/autoware_auto_vehicle_msgs/cmake)
[0.693s] -- Found carla_msgs: 1.3.0 (/home/tasl/autoware.universe-carla-ros-bridge/install/carla_msgs/share/carla_msgs/cmake)
[0.814s] -- Found ament_lint_auto: 0.10.7 (/opt/ros/galactic/share/ament_lint_auto/cmake)
[0.860s] -- Added test 'copyright' to check source files copyright and LICENSE
[0.861s] -- Added test 'cppcheck' to perform static code analysis on C / C++ code
[0.862s] -- Configured cppcheck include dirs: /home/tasl/autoware.universe-carla-ros-bridge/autoware_ros_bridge_carla/include
[0.862s] -- Configured cppcheck exclude dirs and/or files: 
[0.863s] -- Added test 'cpplint' to check C / C++ code against the Google style
[0.863s] -- Configured cpplint exclude dirs and/or files: 
[0.864s] -- Added test 'flake8' to check Python code syntax and style conventions
[0.864s] -- Added test 'lint_cmake' to check CMake code style
[0.864s] -- Added test 'pep257' to check Python code against some of the style conventions in PEP 257
[0.866s] -- Added test 'uncrustify' to check C / C++ code style
[0.866s] -- Configured uncrustify additional arguments: 
[0.866s] -- Added test 'xmllint' to check XML markup files
[0.868s] -- Configuring done
[0.900s] -- Generating done
[0.903s] -- Build files have been written to: /home/tasl/autoware.universe-carla-ros-bridge/build/autoware_ros_bridge_carla
[0.930s] [ 11%] Built target jsontest
[0.934s] [ 33%] Built target velocity_reporter
[0.934s] [ 33%] Built target gnss_converter
[0.934s] [ 55%] Built target control_command_converter
[0.935s] [ 55%] Built target steering_reporter
[0.936s] [ 66%] Built target listener
[0.937s] [ 77%] Built target sender
[0.940s] [ 88%] [32mBuilding CXX object CMakeFiles/odometry_remapper.dir/src/odometry_remapper.cpp.o[0m
[0.940s] [ 94%] Built target sensor_converter
[2.162s] [01m[K/home/tasl/autoware.universe-carla-ros-bridge/autoware_ros_bridge_carla/src/odometry_remapper.cpp:[m[K In constructor ‘[01m[KOdometryRemapper::OdometryRemapper()[m[K’:
[2.163s] [01m[K/home/tasl/autoware.universe-carla-ros-bridge/autoware_ros_bridge_carla/src/odometry_remapper.cpp:30:15:[m[K [01;31m[Kerror: [m[Kno match for ‘[01m[Koperator=[m[K’ (operand types are ‘[01m[Kstd_msgs::msg::Float32[m[K’ {aka ‘[01m[Kstd_msgs::msg::Float32_<std::allocator<void> >[m[K’} and ‘[01m[Kint[m[K’)
[2.163s]    30 |       speed = [01;31m[K0[m[K;   //init
[2.163s]       |               [01;31m[K^[m[K
[2.163s] In file included from [01m[K/opt/ros/galactic/include/std_msgs/msg/float32.hpp:7[m[K,
[2.163s]                  from [01m[K/home/tasl/autoware.universe-carla-ros-bridge/autoware_ros_bridge_carla/src/odometry_remapper.cpp:9[m[K:
[2.163s] [01m[K/opt/ros/galactic/include/std_msgs/msg/detail/float32__struct.hpp:31:8:[m[K [01;36m[Knote: [m[Kcandidate: ‘[01m[Kconstexpr std_msgs::msg::Float32_<std::allocator<void> >& std_msgs::msg::Float32_<std::allocator<void> >::operator=(const std_msgs::msg::Float32_<std::allocator<void> >&)[m[K’
[2.163s]    31 | struct [01;36m[KFloat32_[m[K
[2.163s]       |        [01;36m[K^~~~~~~~[m[K
[2.163s] [01m[K/opt/ros/galactic/include/std_msgs/msg/detail/float32__struct.hpp:31:8:[m[K [01;36m[Knote: [m[K  no known conversion for argument 1 from ‘[01m[Kint[m[K’ to ‘[01m[Kconst std_msgs::msg::Float32_<std::allocator<void> >&[m[K’
[2.163s] [01m[K/opt/ros/galactic/include/std_msgs/msg/detail/float32__struct.hpp:31:8:[m[K [01;36m[Knote: [m[Kcandidate: ‘[01m[Kconstexpr std_msgs::msg::Float32_<std::allocator<void> >& std_msgs::msg::Float32_<std::allocator<void> >::operator=(std_msgs::msg::Float32_<std::allocator<void> >&&)[m[K’
[2.163s] [01m[K/opt/ros/galactic/include/std_msgs/msg/detail/float32__struct.hpp:31:8:[m[K [01;36m[Knote: [m[K  no known conversion for argument 1 from ‘[01m[Kint[m[K’ to ‘[01m[Kstd_msgs::msg::Float32_<std::allocator<void> >&&[m[K’
[2.321s] [01m[K/home/tasl/autoware.universe-carla-ros-bridge/autoware_ros_bridge_carla/src/odometry_remapper.cpp:[m[K In member function ‘[01m[Kvoid OdometryRemapper::topic_callback(nav_msgs::msg::Odometry_<std::allocator<void> >::ConstSharedPtr)[m[K’:
[2.322s] [01m[K/home/tasl/autoware.universe-carla-ros-bridge/autoware_ros_bridge_carla/src/odometry_remapper.cpp:80:38:[m[K [01;31m[Kerror: [m[Kcannot convert ‘[01m[Kstd_msgs::msg::Float32[m[K’ {aka ‘[01m[Kstd_msgs::msg::Float32_<std::allocator<void> >[m[K’} to ‘[01m[Kgeometry_msgs::msg::Vector3_<std::allocator<void> >::_x_type[m[K’ {aka ‘[01m[Kdouble[m[K’} in assignment
[2.322s]    80 |       message.twist.twist.linear.x = [01;31m[Kspeed[m[K;
[2.322s]       |                                      [01;31m[K^~~~~[m[K
[2.322s]       |                                      [01;31m[K|[m[K
[2.322s]       |                                      [01;31m[Kstd_msgs::msg::Float32 {aka std_msgs::msg::Float32_<std::allocator<void> >}[m[K
[2.323s] [01m[K/home/tasl/autoware.universe-carla-ros-bridge/autoware_ros_bridge_carla/src/odometry_remapper.cpp:[m[K In member function ‘[01m[Kvoid OdometryRemapper::velocity_callback(std_msgs::msg::Float32_<std::allocator<void> >::ConstSharedPtr)[m[K’:
[2.324s] [01m[K/home/tasl/autoware.universe-carla-ros-bridge/autoware_ros_bridge_carla/src/odometry_remapper.cpp:91:20:[m[K [01;31m[Kerror: [m[Kno match for ‘[01m[Koperator=[m[K’ (operand types are ‘[01m[Kstd_msgs::msg::Float32[m[K’ {aka ‘[01m[Kstd_msgs::msg::Float32_<std::allocator<void> >[m[K’} and ‘[01m[Kconst _data_type[m[K’ {aka ‘[01m[Kconst float[m[K’})
[2.324s]    91 |       speed = msg->[01;31m[Kdata[m[K;
[2.324s]       |                    [01;31m[K^~~~[m[K
[2.324s] In file included from [01m[K/opt/ros/galactic/include/std_msgs/msg/float32.hpp:7[m[K,
[2.324s]                  from [01m[K/home/tasl/autoware.universe-carla-ros-bridge/autoware_ros_bridge_carla/src/odometry_remapper.cpp:9[m[K:
[2.324s] [01m[K/opt/ros/galactic/include/std_msgs/msg/detail/float32__struct.hpp:31:8:[m[K [01;36m[Knote: [m[Kcandidate: ‘[01m[Kconstexpr std_msgs::msg::Float32_<std::allocator<void> >& std_msgs::msg::Float32_<std::allocator<void> >::operator=(const std_msgs::msg::Float32_<std::allocator<void> >&)[m[K’
[2.324s]    31 | struct [01;36m[KFloat32_[m[K
[2.324s]       |        [01;36m[K^~~~~~~~[m[K
[2.324s] [01m[K/opt/ros/galactic/include/std_msgs/msg/detail/float32__struct.hpp:31:8:[m[K [01;36m[Knote: [m[K  no known conversion for argument 1 from ‘[01m[Kconst _data_type[m[K’ {aka ‘[01m[Kconst float[m[K’} to ‘[01m[Kconst std_msgs::msg::Float32_<std::allocator<void> >&[m[K’
[2.324s] [01m[K/opt/ros/galactic/include/std_msgs/msg/detail/float32__struct.hpp:31:8:[m[K [01;36m[Knote: [m[Kcandidate: ‘[01m[Kconstexpr std_msgs::msg::Float32_<std::allocator<void> >& std_msgs::msg::Float32_<std::allocator<void> >::operator=(std_msgs::msg::Float32_<std::allocator<void> >&&)[m[K’
[2.324s] [01m[K/opt/ros/galactic/include/std_msgs/msg/detail/float32__struct.hpp:31:8:[m[K [01;36m[Knote: [m[K  no known conversion for argument 1 from ‘[01m[Kconst _data_type[m[K’ {aka ‘[01m[Kconst float[m[K’} to ‘[01m[Kstd_msgs::msg::Float32_<std::allocator<void> >&&[m[K’
[4.228s] make[2]: *** [CMakeFiles/odometry_remapper.dir/build.make:63: CMakeFiles/odometry_remapper.dir/src/odometry_remapper.cpp.o] Error 1
[4.228s] make[1]: *** [CMakeFiles/Makefile2:337: CMakeFiles/odometry_remapper.dir/all] Error 2
[4.228s] make: *** [Makefile:141: all] Error 2
[4.230s] Invoked command in '/home/tasl/autoware.universe-carla-ros-bridge/build/autoware_ros_bridge_carla' returned '2': CMAKE_PREFIX_PATH=/opt/ros/galactic:/home/tasl/autoware.universe-carla-ros-bridge/install/carla_msgs:/home/tasl/autoware.universe-carla-ros-bridge/install/autoware_auto_vehicle_msgs:/home/tasl/autoware.universe-carla-ros-bridge/install/autoware_auto_control_msgs:/home/tasl/autoware.universe-carla-ros-bridge/install/autoware_ros_bridge_carla LD_LIBRARY_PATH=/home/tasl/autoware.universe-carla-ros-bridge/install/carla_msgs/lib:/home/tasl/autoware.universe-carla-ros-bridge/install/autoware_auto_vehicle_msgs/lib:/home/tasl/autoware.universe-carla-ros-bridge/install/autoware_auto_control_msgs/lib:/opt/ros/galactic/opt/yaml_cpp_vendor/lib:/opt/ros/galactic/opt/rviz_ogre_vendor/lib:/opt/ros/galactic/lib/x86_64-linux-gnu:/opt/ros/galactic/lib PYTHONPATH=/home/tasl/autoware.universe-carla-ros-bridge/install/carla_msgs/lib/python3.8/site-packages:/home/tasl/autoware.universe-carla-ros-bridge/install/autoware_auto_vehicle_msgs/lib/python3.8/site-packages:/home/tasl/autoware.universe-carla-ros-bridge/install/autoware_auto_control_msgs/lib/python3.8/site-packages:/opt/ros/galactic/lib/python3.8/site-packages /usr/bin/cmake --build /home/tasl/autoware.universe-carla-ros-bridge/build/autoware_ros_bridge_carla -- -j16 -l16
