[0.021s] Invoking command in '/home/tasl/autoware.universe-carla-ros-bridge/build/autoware_ros_bridge_carla': CMAKE_PREFIX_PATH=/home/tasl/autoware.universe-carla-ros-bridge/install/carla_msgs:/home/tasl/autoware.universe-carla-ros-bridge/install/autoware_auto_vehicle_msgs:/home/tasl/autoware.universe-carla-ros-bridge/install/autoware_auto_control_msgs:/home/tasl/autoware.universe-carla-ros-bridge/install/autoware_ros_bridge_carla:/opt/ros/galactic /usr/bin/cmake /home/tasl/autoware.universe-carla-ros-bridge/autoware_ros_bridge_carla -DCMAKE_INSTALL_PREFIX=/home/tasl/autoware.universe-carla-ros-bridge/install/autoware_ros_bridge_carla
[0.039s] -- Found ament_cmake: 1.1.5 (/opt/ros/galactic/share/ament_cmake/cmake)
[0.062s] -- Using PYTHON_EXECUTABLE: /usr/bin/python3
[0.132s] -- Found rclcpp: 9.2.1 (/opt/ros/galactic/share/rclcpp/cmake)
[0.171s] -- Using all available rosidl_typesupport_c: rosidl_typesupport_fastrtps_c;rosidl_typesupport_introspection_c
[0.176s] -- Found rosidl_adapter: 2.2.2 (/opt/ros/galactic/share/rosidl_adapter/cmake)
[0.315s] -- Using all available rosidl_typesupport_cpp: rosidl_typesupport_fastrtps_cpp;rosidl_typesupport_introspection_cpp
[0.378s] -- Found rmw_implementation_cmake: 3.3.1 (/opt/ros/galactic/share/rmw_implementation_cmake/cmake)
[0.380s] -- Found rmw_cyclonedds_cpp: 0.22.5 (/opt/ros/galactic/share/rmw_cyclonedds_cpp/cmake)
[0.403s] -- Using RMW implementation 'rmw_cyclonedds_cpp' as default
[0.562s] -- Found nav_msgs: 2.2.4 (/opt/ros/galactic/share/nav_msgs/cmake)
[0.706s] -- Found sensor_msgs: 2.2.4 (/opt/ros/galactic/share/sensor_msgs/cmake)
[0.786s] -- Found tf2_msgs: 0.17.3 (/opt/ros/galactic/share/tf2_msgs/cmake)
[1.018s] -- Found ackermann_msgs: 2.0.2 (/opt/ros/galactic/share/ackermann_msgs/cmake)
[1.059s] -- Found autoware_auto_control_msgs: 1.0.0 (/home/tasl/autoware.universe-carla-ros-bridge/install/autoware_auto_control_msgs/share/autoware_auto_control_msgs/cmake)
[1.080s] -- Found autoware_auto_vehicle_msgs: 1.0.0 (/home/tasl/autoware.universe-carla-ros-bridge/install/autoware_auto_vehicle_msgs/share/autoware_auto_vehicle_msgs/cmake)
[1.122s] -- Found carla_msgs: 1.3.0 (/home/tasl/autoware.universe-carla-ros-bridge/install/carla_msgs/share/carla_msgs/cmake)
[1.320s] CMake Error at /opt/ros/galactic/share/ament_cmake_target_dependencies/cmake/ament_target_dependencies.cmake:42 (message):
[1.320s]   ament_target_dependencies() the first argument must be a valid target name
[1.320s] Call Stack (most recent call first):
[1.320s]   CMakeLists.txt:52 (ament_target_dependencies)
[1.320s] 
[1.320s] 
[1.322s] -- Configuring incomplete, errors occurred!
[1.322s] See also "/home/tasl/autoware.universe-carla-ros-bridge/build/autoware_ros_bridge_carla/CMakeFiles/CMakeOutput.log".
[1.322s] See also "/home/tasl/autoware.universe-carla-ros-bridge/build/autoware_ros_bridge_carla/CMakeFiles/CMakeError.log".
[1.331s] Invoked command in '/home/tasl/autoware.universe-carla-ros-bridge/build/autoware_ros_bridge_carla' returned '1': CMAKE_PREFIX_PATH=/home/tasl/autoware.universe-carla-ros-bridge/install/carla_msgs:/home/tasl/autoware.universe-carla-ros-bridge/install/autoware_auto_vehicle_msgs:/home/tasl/autoware.universe-carla-ros-bridge/install/autoware_auto_control_msgs:/home/tasl/autoware.universe-carla-ros-bridge/install/autoware_ros_bridge_carla:/opt/ros/galactic /usr/bin/cmake /home/tasl/autoware.universe-carla-ros-bridge/autoware_ros_bridge_carla -DCMAKE_INSTALL_PREFIX=/home/tasl/autoware.universe-carla-ros-bridge/install/autoware_ros_bridge_carla
