[0.046s] Invoking command in '/home/tasl/autoware.universe-carla-ros-bridge/build/autoware_auto_control_msgs': CMAKE_PREFIX_PATH=${CMAKE_PREFIX_PATH}:/opt/ros/galactic /usr/bin/cmake /home/tasl/autoware.universe-carla-ros-bridge/autoware_auto_control_msgs -DCMAKE_INSTALL_PREFIX=/home/tasl/autoware.universe-carla-ros-bridge/install/autoware_auto_control_msgs
[0.153s] -- The C compiler identification is GNU 7.5.0
[0.214s] -- The CXX compiler identification is GNU 9.4.0
[0.220s] -- Check for working C compiler: /usr/bin/cc
[0.286s] -- Check for working C compiler: /usr/bin/cc -- works
[0.288s] -- Detecting C compiler ABI info
[0.357s] -- Detecting C compiler ABI info - done
[0.375s] -- Detecting C compile features
[0.376s] -- Detecting C compile features - done
[0.378s] -- Check for working CXX compiler: /usr/bin/c++
[0.458s] -- Check for working CXX compiler: /usr/bin/c++ -- works
[0.459s] -- Detecting CXX compiler ABI info
[0.545s] -- Detecting CXX compiler ABI info - done
[0.566s] -- Detecting CXX compile features
[0.567s] -- Detecting CXX compile features - done
[0.569s] -- Found ament_cmake_auto: 1.1.5 (/opt/ros/galactic/share/ament_cmake_auto/cmake)
[0.601s] -- Found PythonInterp: /usr/bin/python3 (found suitable version "3.8.10", minimum required is "3") 
[0.601s] -- Using PYTHON_EXECUTABLE: /usr/bin/python3
[0.763s] -- Using all available rosidl_typesupport_c: rosidl_typesupport_fastrtps_c;rosidl_typesupport_introspection_c
[0.770s] -- Found rosidl_adapter: 2.2.2 (/opt/ros/galactic/share/rosidl_adapter/cmake)
[0.879s] -- Found OpenSSL: /usr/lib/x86_64-linux-gnu/libcrypto.so (found version "1.1.1f")  
[0.923s] -- Found FastRTPS: /opt/ros/galactic/include  
[1.013s] -- Using all available rosidl_typesupport_cpp: rosidl_typesupport_fastrtps_cpp;rosidl_typesupport_introspection_cpp
[1.097s] -- Found ament_cmake_cppcheck: 0.10.7 (/opt/ros/galactic/share/ament_cmake_cppcheck/cmake)
[1.099s] -- Found ament_cmake_cpplint: 0.10.7 (/opt/ros/galactic/share/ament_cmake_cpplint/cmake)
[1.101s] -- Found ament_cmake_uncrustify: 0.10.7 (/opt/ros/galactic/share/ament_cmake_uncrustify/cmake)
[1.104s] -- Found ament_cmake_ros: 0.9.2 (/opt/ros/galactic/share/ament_cmake_ros/cmake)
[1.233s] -- Using all available rosidl_typesupport_c: rosidl_typesupport_fastrtps_c;rosidl_typesupport_introspection_c
[1.254s] -- Using all available rosidl_typesupport_cpp: rosidl_typesupport_fastrtps_cpp;rosidl_typesupport_introspection_cpp
[1.282s] -- Found PythonInterp: /usr/bin/python3 (found suitable version "3.8.10", minimum required is "3.5") 
[1.284s] -- Found python_cmake_module: 0.8.1 (/opt/ros/galactic/share/python_cmake_module/cmake)
[1.316s] -- Found PythonLibs: /usr/lib/x86_64-linux-gnu/libpython3.8.so (found suitable version "3.8.10", minimum required is "3.5") 
[1.317s] -- Using PYTHON_EXECUTABLE: /usr/bin/python3
[1.317s] -- Using PYTHON_INCLUDE_DIRS: /usr/include/python3.8
[1.317s] -- Using PYTHON_LIBRARIES: /usr/lib/x86_64-linux-gnu/libpython3.8.so
[1.343s] -- Found PythonExtra: .so  
[1.720s] -- Found ament_cmake_flake8: 0.10.7 (/opt/ros/galactic/share/ament_cmake_flake8/cmake)
[1.722s] -- Found ament_cmake_pep257: 0.10.7 (/opt/ros/galactic/share/ament_cmake_pep257/cmake)
[1.725s] -- Found ament_lint_auto: 0.10.7 (/opt/ros/galactic/share/ament_lint_auto/cmake)
[1.743s] -- Added test 'copyright' to check source files copyright and LICENSE
[1.743s] -- Added test 'lint_cmake' to check CMake code style
[1.744s] -- Added test 'xmllint' to check XML markup files
[1.749s] -- Configuring done
[1.799s] -- Generating done
[1.802s] -- Build files have been written to: /home/tasl/autoware.universe-carla-ros-bridge/build/autoware_auto_control_msgs
[1.810s] Invoked command in '/home/tasl/autoware.universe-carla-ros-bridge/build/autoware_auto_control_msgs' returned '0': CMAKE_PREFIX_PATH=${CMAKE_PREFIX_PATH}:/opt/ros/galactic /usr/bin/cmake /home/tasl/autoware.universe-carla-ros-bridge/autoware_auto_control_msgs -DCMAKE_INSTALL_PREFIX=/home/tasl/autoware.universe-carla-ros-bridge/install/autoware_auto_control_msgs
[1.814s] Invoking command in '/home/tasl/autoware.universe-carla-ros-bridge/build/autoware_auto_control_msgs': CMAKE_PREFIX_PATH=${CMAKE_PREFIX_PATH}:/opt/ros/galactic /usr/bin/cmake --build /home/tasl/autoware.universe-carla-ros-bridge/build/autoware_auto_control_msgs -- -j16 -l16
[1.857s] [35m[1mScanning dependencies of target autoware_auto_control_msgs__cpp[0m
[1.857s] [  1%] [34m[1mGenerating C code for ROS interfaces[0m
[1.870s] [  3%] [34m[1mGenerating C++ code for ROS interfaces[0m
[2.523s] [  3%] Built target autoware_auto_control_msgs__cpp
[2.540s] [  5%] [34m[1mGenerating C++ type support dispatch for ROS interfaces[0m
[2.544s] [  7%] [34m[1mGenerating C++ introspection for ROS interfaces[0m
[2.549s] [  9%] [34m[1mGenerating C++ type support for eProsima Fast-RTPS[0m
[2.550s] [35m[1mScanning dependencies of target autoware_auto_control_msgs__rosidl_generator_c[0m
[2.577s] [ 14%] [32mBuilding C object CMakeFiles/autoware_auto_control_msgs__rosidl_generator_c.dir/rosidl_generator_c/autoware_auto_control_msgs/msg/detail/ackermann_lateral_command__functions.c.o[0m
[2.577s] [ 14%] [32mBuilding C object CMakeFiles/autoware_auto_control_msgs__rosidl_generator_c.dir/rosidl_generator_c/autoware_auto_control_msgs/msg/detail/ackermann_control_command__functions.c.o[0m
[2.577s] [ 14%] [32mBuilding C object CMakeFiles/autoware_auto_control_msgs__rosidl_generator_c.dir/rosidl_generator_c/autoware_auto_control_msgs/msg/detail/longitudinal_command__functions.c.o[0m
[2.582s] [ 16%] [32mBuilding C object CMakeFiles/autoware_auto_control_msgs__rosidl_generator_c.dir/rosidl_generator_c/autoware_auto_control_msgs/msg/detail/high_level_control_command__functions.c.o[0m
[2.663s] [ 18%] [32m[1mLinking C shared library libautoware_auto_control_msgs__rosidl_generator_c.so[0m
[2.715s] [ 18%] Built target autoware_auto_control_msgs__rosidl_generator_c
[2.731s] [ 21%] [34m[1mGenerating C type support dispatch for ROS interfaces[0m
[2.731s] [ 21%] [34m[1mGenerating C introspection for ROS interfaces[0m
[3.307s] [35m[1mScanning dependencies of target autoware_auto_control_msgs__rosidl_typesupport_cpp[0m
[3.351s] [ 23%] [32mBuilding CXX object CMakeFiles/autoware_auto_control_msgs__rosidl_typesupport_cpp.dir/rosidl_typesupport_cpp/autoware_auto_control_msgs/msg/ackermann_control_command__type_support.cpp.o[0m
[3.360s] [ 25%] [32mBuilding CXX object CMakeFiles/autoware_auto_control_msgs__rosidl_typesupport_cpp.dir/rosidl_typesupport_cpp/autoware_auto_control_msgs/msg/high_level_control_command__type_support.cpp.o[0m
[3.383s] [ 27%] [32mBuilding CXX object CMakeFiles/autoware_auto_control_msgs__rosidl_typesupport_cpp.dir/rosidl_typesupport_cpp/autoware_auto_control_msgs/msg/ackermann_lateral_command__type_support.cpp.o[0m
[3.392s] [ 29%] [32mBuilding CXX object CMakeFiles/autoware_auto_control_msgs__rosidl_typesupport_cpp.dir/rosidl_typesupport_cpp/autoware_auto_control_msgs/msg/longitudinal_command__type_support.cpp.o[0m
[3.465s] [35m[1mScanning dependencies of target autoware_auto_control_msgs__rosidl_typesupport_introspection_cpp[0m
[3.493s] [35m[1mScanning dependencies of target autoware_auto_control_msgs__rosidl_typesupport_fastrtps_cpp[0m
[3.518s] [ 30%] [32mBuilding CXX object CMakeFiles/autoware_auto_control_msgs__rosidl_typesupport_introspection_cpp.dir/rosidl_typesupport_introspection_cpp/autoware_auto_control_msgs/msg/detail/ackermann_control_command__type_support.cpp.o[0m
[3.529s] [35m[1mScanning dependencies of target autoware_auto_control_msgs__rosidl_typesupport_c[0m
[3.532s] [ 32%] [32mBuilding CXX object CMakeFiles/autoware_auto_control_msgs__rosidl_typesupport_introspection_cpp.dir/rosidl_typesupport_introspection_cpp/autoware_auto_control_msgs/msg/detail/high_level_control_command__type_support.cpp.o[0m
[3.556s] [ 34%] [32mBuilding CXX object CMakeFiles/autoware_auto_control_msgs__rosidl_typesupport_introspection_cpp.dir/rosidl_typesupport_introspection_cpp/autoware_auto_control_msgs/msg/detail/ackermann_lateral_command__type_support.cpp.o[0m
[3.579s] [ 36%] [32mBuilding CXX object CMakeFiles/autoware_auto_control_msgs__rosidl_typesupport_fastrtps_cpp.dir/rosidl_typesupport_fastrtps_cpp/autoware_auto_control_msgs/msg/detail/dds_fastrtps/ackermann_lateral_command__type_support.cpp.o[0m
[3.587s] [ 40%] [32mBuilding CXX object CMakeFiles/autoware_auto_control_msgs__rosidl_typesupport_fastrtps_cpp.dir/rosidl_typesupport_fastrtps_cpp/autoware_auto_control_msgs/msg/detail/dds_fastrtps/ackermann_control_command__type_support.cpp.o[0m
[3.592s] [ 40%] [32mBuilding CXX object CMakeFiles/autoware_auto_control_msgs__rosidl_typesupport_c.dir/rosidl_typesupport_c/autoware_auto_control_msgs/msg/ackermann_control_command__type_support.cpp.o[0m
[3.593s] [ 41%] [32mBuilding CXX object CMakeFiles/autoware_auto_control_msgs__rosidl_typesupport_fastrtps_cpp.dir/rosidl_typesupport_fastrtps_cpp/autoware_auto_control_msgs/msg/detail/dds_fastrtps/high_level_control_command__type_support.cpp.o[0m
[3.594s] [ 43%] [32mBuilding CXX object CMakeFiles/autoware_auto_control_msgs__rosidl_typesupport_introspection_cpp.dir/rosidl_typesupport_introspection_cpp/autoware_auto_control_msgs/msg/detail/longitudinal_command__type_support.cpp.o[0m
[3.599s] [ 45%] [32mBuilding CXX object CMakeFiles/autoware_auto_control_msgs__rosidl_typesupport_c.dir/rosidl_typesupport_c/autoware_auto_control_msgs/msg/ackermann_lateral_command__type_support.cpp.o[0m
[3.624s] [ 47%] [32mBuilding CXX object CMakeFiles/autoware_auto_control_msgs__rosidl_typesupport_fastrtps_cpp.dir/rosidl_typesupport_fastrtps_cpp/autoware_auto_control_msgs/msg/detail/dds_fastrtps/longitudinal_command__type_support.cpp.o[0m
[3.686s] [ 49%] [32mBuilding CXX object CMakeFiles/autoware_auto_control_msgs__rosidl_typesupport_c.dir/rosidl_typesupport_c/autoware_auto_control_msgs/msg/high_level_control_command__type_support.cpp.o[0m
[3.688s] [35m[1mScanning dependencies of target autoware_auto_control_msgs__rosidl_typesupport_introspection_c[0m
[3.754s] [ 50%] [32mBuilding CXX object CMakeFiles/autoware_auto_control_msgs__rosidl_typesupport_c.dir/rosidl_typesupport_c/autoware_auto_control_msgs/msg/longitudinal_command__type_support.cpp.o[0m
[3.783s] [ 52%] [32mBuilding C object CMakeFiles/autoware_auto_control_msgs__rosidl_typesupport_introspection_c.dir/rosidl_typesupport_introspection_c/autoware_auto_control_msgs/msg/detail/ackermann_control_command__type_support.c.o[0m
[3.813s] [ 54%] [32mBuilding C object CMakeFiles/autoware_auto_control_msgs__rosidl_typesupport_introspection_c.dir/rosidl_typesupport_introspection_c/autoware_auto_control_msgs/msg/detail/ackermann_lateral_command__type_support.c.o[0m
[3.858s] [ 56%] [32mBuilding C object CMakeFiles/autoware_auto_control_msgs__rosidl_typesupport_introspection_c.dir/rosidl_typesupport_introspection_c/autoware_auto_control_msgs/msg/detail/high_level_control_command__type_support.c.o[0m
[3.923s] [ 58%] [32m[1mLinking CXX shared library libautoware_auto_control_msgs__rosidl_typesupport_c.so[0m
[3.944s] [ 60%] [32mBuilding C object CMakeFiles/autoware_auto_control_msgs__rosidl_typesupport_introspection_c.dir/rosidl_typesupport_introspection_c/autoware_auto_control_msgs/msg/detail/longitudinal_command__type_support.c.o[0m
[4.031s] [ 60%] Built target autoware_auto_control_msgs__rosidl_typesupport_c
[4.053s] [ 61%] [32m[1mLinking C shared library libautoware_auto_control_msgs__rosidl_typesupport_introspection_c.so[0m
[4.111s] [ 61%] Built target autoware_auto_control_msgs__rosidl_typesupport_introspection_c
[4.144s] [ 63%] [32m[1mLinking CXX shared library libautoware_auto_control_msgs__rosidl_typesupport_cpp.so[0m
[4.210s] [ 63%] Built target autoware_auto_control_msgs__rosidl_typesupport_cpp
[4.235s] [ 65%] [32m[1mLinking CXX shared library libautoware_auto_control_msgs__rosidl_typesupport_introspection_cpp.so[0m
[4.333s] [ 65%] Built target autoware_auto_control_msgs__rosidl_typesupport_introspection_cpp
[4.503s] [ 67%] [32m[1mLinking CXX shared library libautoware_auto_control_msgs__rosidl_typesupport_fastrtps_cpp.so[0m
[4.622s] [ 67%] Built target autoware_auto_control_msgs__rosidl_typesupport_fastrtps_cpp
[4.633s] [ 69%] [34m[1mGenerating C type support for eProsima Fast-RTPS[0m
[5.240s] [35m[1mScanning dependencies of target autoware_auto_control_msgs__rosidl_typesupport_fastrtps_c[0m
[5.258s] [ 70%] [32mBuilding CXX object CMakeFiles/autoware_auto_control_msgs__rosidl_typesupport_fastrtps_c.dir/rosidl_typesupport_fastrtps_c/autoware_auto_control_msgs/msg/detail/high_level_control_command__type_support_c.cpp.o[0m
[5.258s] [ 72%] [32mBuilding CXX object CMakeFiles/autoware_auto_control_msgs__rosidl_typesupport_fastrtps_c.dir/rosidl_typesupport_fastrtps_c/autoware_auto_control_msgs/msg/detail/ackermann_lateral_command__type_support_c.cpp.o[0m
[5.259s] [ 74%] [32mBuilding CXX object CMakeFiles/autoware_auto_control_msgs__rosidl_typesupport_fastrtps_c.dir/rosidl_typesupport_fastrtps_c/autoware_auto_control_msgs/msg/detail/ackermann_control_command__type_support_c.cpp.o[0m
[5.259s] [ 76%] [32mBuilding CXX object CMakeFiles/autoware_auto_control_msgs__rosidl_typesupport_fastrtps_c.dir/rosidl_typesupport_fastrtps_c/autoware_auto_control_msgs/msg/detail/longitudinal_command__type_support_c.cpp.o[0m
[5.762s] [ 78%] [32m[1mLinking CXX shared library libautoware_auto_control_msgs__rosidl_typesupport_fastrtps_c.so[0m
[5.917s] [ 78%] Built target autoware_auto_control_msgs__rosidl_typesupport_fastrtps_c
[5.930s] [35m[1mScanning dependencies of target autoware_auto_control_msgs[0m
[5.949s] [ 78%] Built target autoware_auto_control_msgs
[5.964s] [35m[1mScanning dependencies of target autoware_auto_control_msgs__py[0m
[5.980s] [ 80%] [34m[1mGenerating Python code for ROS interfaces[0m
[7.291s] [ 80%] Built target autoware_auto_control_msgs__py
[7.303s] [35m[1mScanning dependencies of target autoware_auto_control_msgs__python[0m
[7.336s] [ 81%] [32mBuilding C object CMakeFiles/autoware_auto_control_msgs__python.dir/rosidl_generator_py/autoware_auto_control_msgs/msg/_ackermann_lateral_command_s.c.o[0m
[7.336s] [ 85%] [32mBuilding C object CMakeFiles/autoware_auto_control_msgs__python.dir/rosidl_generator_py/autoware_auto_control_msgs/msg/_high_level_control_command_s.c.o[0m
[7.337s] [ 85%] [32mBuilding C object CMakeFiles/autoware_auto_control_msgs__python.dir/rosidl_generator_py/autoware_auto_control_msgs/msg/_longitudinal_command_s.c.o[0m
[7.337s] [ 87%] [32mBuilding C object CMakeFiles/autoware_auto_control_msgs__python.dir/rosidl_generator_py/autoware_auto_control_msgs/msg/_ackermann_control_command_s.c.o[0m
[7.464s] [ 89%] [32m[1mLinking C shared library rosidl_generator_py/autoware_auto_control_msgs/libautoware_auto_control_msgs__python.so[0m
[7.515s] [ 89%] Built target autoware_auto_control_msgs__python
[7.527s] [35m[1mScanning dependencies of target autoware_auto_control_msgs__rosidl_typesupport_introspection_c__pyext[0m
[7.527s] [35m[1mScanning dependencies of target autoware_auto_control_msgs__rosidl_typesupport_c__pyext[0m
[7.527s] [35m[1mScanning dependencies of target autoware_auto_control_msgs__rosidl_typesupport_fastrtps_c__pyext[0m
[7.550s] [ 90%] [32mBuilding C object CMakeFiles/autoware_auto_control_msgs__rosidl_typesupport_c__pyext.dir/rosidl_generator_py/autoware_auto_control_msgs/_autoware_auto_control_msgs_s.ep.rosidl_typesupport_c.c.o[0m
[7.551s] [ 92%] [32mBuilding C object CMakeFiles/autoware_auto_control_msgs__rosidl_typesupport_fastrtps_c__pyext.dir/rosidl_generator_py/autoware_auto_control_msgs/_autoware_auto_control_msgs_s.ep.rosidl_typesupport_fastrtps_c.c.o[0m
[7.551s] [ 94%] [32mBuilding C object CMakeFiles/autoware_auto_control_msgs__rosidl_typesupport_introspection_c__pyext.dir/rosidl_generator_py/autoware_auto_control_msgs/_autoware_auto_control_msgs_s.ep.rosidl_typesupport_introspection_c.c.o[0m
[7.666s] [ 96%] [32m[1mLinking C shared library rosidl_generator_py/autoware_auto_control_msgs/autoware_auto_control_msgs_s__rosidl_typesupport_introspection_c.cpython-38-x86_64-linux-gnu.so[0m
[7.673s] [100%] [32m[1mLinking C shared library rosidl_generator_py/autoware_auto_control_msgs/autoware_auto_control_msgs_s__rosidl_typesupport_c.cpython-38-x86_64-linux-gnu.so[0m
[7.673s] [100%] [32m[1mLinking CXX shared library rosidl_generator_py/autoware_auto_control_msgs/autoware_auto_control_msgs_s__rosidl_typesupport_fastrtps_c.cpython-38-x86_64-linux-gnu.so[0m
[7.781s] [100%] Built target autoware_auto_control_msgs__rosidl_typesupport_c__pyext
[7.788s] [100%] Built target autoware_auto_control_msgs__rosidl_typesupport_introspection_c__pyext
[7.834s] [100%] Built target autoware_auto_control_msgs__rosidl_typesupport_fastrtps_c__pyext
[7.887s] Invoked command in '/home/tasl/autoware.universe-carla-ros-bridge/build/autoware_auto_control_msgs' returned '0': CMAKE_PREFIX_PATH=${CMAKE_PREFIX_PATH}:/opt/ros/galactic /usr/bin/cmake --build /home/tasl/autoware.universe-carla-ros-bridge/build/autoware_auto_control_msgs -- -j16 -l16
[8.544s] Invoking command in '/home/tasl/autoware.universe-carla-ros-bridge/build/autoware_auto_control_msgs': CMAKE_PREFIX_PATH=${CMAKE_PREFIX_PATH}:/opt/ros/galactic /usr/bin/cmake --install /home/tasl/autoware.universe-carla-ros-bridge/build/autoware_auto_control_msgs
[8.562s] -- Install configuration: ""
[8.562s] -- Installing: /home/tasl/autoware.universe-carla-ros-bridge/install/autoware_auto_control_msgs/share/ament_index/resource_index/rosidl_interfaces/autoware_auto_control_msgs
[8.563s] -- Installing: /home/tasl/autoware.universe-carla-ros-bridge/install/autoware_auto_control_msgs/include/autoware_auto_control_msgs
[8.563s] -- Installing: /home/tasl/autoware.universe-carla-ros-bridge/install/autoware_auto_control_msgs/include/autoware_auto_control_msgs/msg
[8.563s] -- Installing: /home/tasl/autoware.universe-carla-ros-bridge/install/autoware_auto_control_msgs/include/autoware_auto_control_msgs/msg/high_level_control_command.h
[8.564s] -- Installing: /home/tasl/autoware.universe-carla-ros-bridge/install/autoware_auto_control_msgs/include/autoware_auto_control_msgs/msg/ackermann_lateral_command.h
[8.564s] -- Installing: /home/tasl/autoware.universe-carla-ros-bridge/install/autoware_auto_control_msgs/include/autoware_auto_control_msgs/msg/ackermann_control_command.h
[8.564s] -- Installing: /home/tasl/autoware.universe-carla-ros-bridge/install/autoware_auto_control_msgs/include/autoware_auto_control_msgs/msg/longitudinal_command.h
[8.565s] -- Installing: /home/tasl/autoware.universe-carla-ros-bridge/install/autoware_auto_control_msgs/include/autoware_auto_control_msgs/msg/detail
[8.565s] -- Installing: /home/tasl/autoware.universe-carla-ros-bridge/install/autoware_auto_control_msgs/include/autoware_auto_control_msgs/msg/detail/high_level_control_command__functions.h
[8.565s] -- Installing: /home/tasl/autoware.universe-carla-ros-bridge/install/autoware_auto_control_msgs/include/autoware_auto_control_msgs/msg/detail/longitudinal_command__functions.c
[8.566s] -- Installing: /home/tasl/autoware.universe-carla-ros-bridge/install/autoware_auto_control_msgs/include/autoware_auto_control_msgs/msg/detail/ackermann_control_command__functions.h
[8.566s] -- Installing: /home/tasl/autoware.universe-carla-ros-bridge/install/autoware_auto_control_msgs/include/autoware_auto_control_msgs/msg/detail/high_level_control_command__functions.c
[8.566s] -- Installing: /home/tasl/autoware.universe-carla-ros-bridge/install/autoware_auto_control_msgs/include/autoware_auto_control_msgs/msg/detail/ackermann_control_command__type_support.h
[8.566s] -- Installing: /home/tasl/autoware.universe-carla-ros-bridge/install/autoware_auto_control_msgs/include/autoware_auto_control_msgs/msg/detail/ackermann_control_command__struct.h
[8.567s] -- Installing: /home/tasl/autoware.universe-carla-ros-bridge/install/autoware_auto_control_msgs/include/autoware_auto_control_msgs/msg/detail/ackermann_lateral_command__functions.c
[8.567s] -- Installing: /home/tasl/autoware.universe-carla-ros-bridge/install/autoware_auto_control_msgs/include/autoware_auto_control_msgs/msg/detail/high_level_control_command__struct.h
[8.567s] -- Installing: /home/tasl/autoware.universe-carla-ros-bridge/install/autoware_auto_control_msgs/include/autoware_auto_control_msgs/msg/detail/ackermann_lateral_command__struct.h
[8.567s] -- Installing: /home/tasl/autoware.universe-carla-ros-bridge/install/autoware_auto_control_msgs/include/autoware_auto_control_msgs/msg/detail/ackermann_control_command__functions.c
[8.567s] -- Installing: /home/tasl/autoware.universe-carla-ros-bridge/install/autoware_auto_control_msgs/include/autoware_auto_control_msgs/msg/detail/longitudinal_command__struct.h
[8.567s] -- Installing: /home/tasl/autoware.universe-carla-ros-bridge/install/autoware_auto_control_msgs/include/autoware_auto_control_msgs/msg/detail/ackermann_lateral_command__type_support.h
[8.567s] -- Installing: /home/tasl/autoware.universe-carla-ros-bridge/install/autoware_auto_control_msgs/include/autoware_auto_control_msgs/msg/detail/high_level_control_command__type_support.h
[8.568s] -- Installing: /home/tasl/autoware.universe-carla-ros-bridge/install/autoware_auto_control_msgs/include/autoware_auto_control_msgs/msg/detail/longitudinal_command__functions.h
[8.568s] -- Installing: /home/tasl/autoware.universe-carla-ros-bridge/install/autoware_auto_control_msgs/include/autoware_auto_control_msgs/msg/detail/longitudinal_command__type_support.h
[8.568s] -- Installing: /home/tasl/autoware.universe-carla-ros-bridge/install/autoware_auto_control_msgs/include/autoware_auto_control_msgs/msg/detail/ackermann_lateral_command__functions.h
[8.568s] -- Installing: /home/tasl/autoware.universe-carla-ros-bridge/install/autoware_auto_control_msgs/include/autoware_auto_control_msgs/msg/rosidl_generator_c__visibility_control.h
[8.568s] -- Installing: /home/tasl/autoware.universe-carla-ros-bridge/install/autoware_auto_control_msgs/share/autoware_auto_control_msgs/environment/library_path.sh
[8.568s] -- Installing: /home/tasl/autoware.universe-carla-ros-bridge/install/autoware_auto_control_msgs/share/autoware_auto_control_msgs/environment/library_path.dsv
[8.569s] -- Installing: /home/tasl/autoware.universe-carla-ros-bridge/install/autoware_auto_control_msgs/lib/libautoware_auto_control_msgs__rosidl_generator_c.so
[8.569s] -- Set runtime path of "/home/tasl/autoware.universe-carla-ros-bridge/install/autoware_auto_control_msgs/lib/libautoware_auto_control_msgs__rosidl_generator_c.so" to ""
[8.570s] -- Up-to-date: /home/tasl/autoware.universe-carla-ros-bridge/install/autoware_auto_control_msgs/include/autoware_auto_control_msgs
[8.570s] -- Up-to-date: /home/tasl/autoware.universe-carla-ros-bridge/install/autoware_auto_control_msgs/include/autoware_auto_control_msgs/msg
[8.570s] -- Up-to-date: /home/tasl/autoware.universe-carla-ros-bridge/install/autoware_auto_control_msgs/include/autoware_auto_control_msgs/msg/detail
[8.570s] -- Installing: /home/tasl/autoware.universe-carla-ros-bridge/install/autoware_auto_control_msgs/include/autoware_auto_control_msgs/msg/detail/longitudinal_command__rosidl_typesupport_fastrtps_c.h
[8.571s] -- Installing: /home/tasl/autoware.universe-carla-ros-bridge/install/autoware_auto_control_msgs/include/autoware_auto_control_msgs/msg/detail/high_level_control_command__rosidl_typesupport_fastrtps_c.h
[8.571s] -- Installing: /home/tasl/autoware.universe-carla-ros-bridge/install/autoware_auto_control_msgs/include/autoware_auto_control_msgs/msg/detail/ackermann_lateral_command__rosidl_typesupport_fastrtps_c.h
[8.571s] -- Installing: /home/tasl/autoware.universe-carla-ros-bridge/install/autoware_auto_control_msgs/include/autoware_auto_control_msgs/msg/detail/ackermann_control_command__rosidl_typesupport_fastrtps_c.h
[8.571s] -- Installing: /home/tasl/autoware.universe-carla-ros-bridge/install/autoware_auto_control_msgs/include/autoware_auto_control_msgs/msg/rosidl_typesupport_fastrtps_c__visibility_control.h
[8.571s] -- Installing: /home/tasl/autoware.universe-carla-ros-bridge/install/autoware_auto_control_msgs/lib/libautoware_auto_control_msgs__rosidl_typesupport_fastrtps_c.so
[8.572s] -- Set runtime path of "/home/tasl/autoware.universe-carla-ros-bridge/install/autoware_auto_control_msgs/lib/libautoware_auto_control_msgs__rosidl_typesupport_fastrtps_c.so" to ""
[8.572s] -- Up-to-date: /home/tasl/autoware.universe-carla-ros-bridge/install/autoware_auto_control_msgs/include/autoware_auto_control_msgs
[8.572s] -- Up-to-date: /home/tasl/autoware.universe-carla-ros-bridge/install/autoware_auto_control_msgs/include/autoware_auto_control_msgs/msg
[8.572s] -- Up-to-date: /home/tasl/autoware.universe-carla-ros-bridge/install/autoware_auto_control_msgs/include/autoware_auto_control_msgs/msg/detail
[8.573s] -- Installing: /home/tasl/autoware.universe-carla-ros-bridge/install/autoware_auto_control_msgs/include/autoware_auto_control_msgs/msg/detail/ackermann_control_command__rosidl_typesupport_fastrtps_cpp.hpp
[8.573s] -- Installing: /home/tasl/autoware.universe-carla-ros-bridge/install/autoware_auto_control_msgs/include/autoware_auto_control_msgs/msg/detail/longitudinal_command__rosidl_typesupport_fastrtps_cpp.hpp
[8.573s] -- Installing: /home/tasl/autoware.universe-carla-ros-bridge/install/autoware_auto_control_msgs/include/autoware_auto_control_msgs/msg/detail/dds_fastrtps
[8.573s] -- Installing: /home/tasl/autoware.universe-carla-ros-bridge/install/autoware_auto_control_msgs/include/autoware_auto_control_msgs/msg/detail/ackermann_lateral_command__rosidl_typesupport_fastrtps_cpp.hpp
[8.573s] -- Installing: /home/tasl/autoware.universe-carla-ros-bridge/install/autoware_auto_control_msgs/include/autoware_auto_control_msgs/msg/detail/high_level_control_command__rosidl_typesupport_fastrtps_cpp.hpp
[8.574s] -- Installing: /home/tasl/autoware.universe-carla-ros-bridge/install/autoware_auto_control_msgs/include/autoware_auto_control_msgs/msg/rosidl_typesupport_fastrtps_cpp__visibility_control.h
[8.574s] -- Installing: /home/tasl/autoware.universe-carla-ros-bridge/install/autoware_auto_control_msgs/lib/libautoware_auto_control_msgs__rosidl_typesupport_fastrtps_cpp.so
[8.574s] -- Set runtime path of "/home/tasl/autoware.universe-carla-ros-bridge/install/autoware_auto_control_msgs/lib/libautoware_auto_control_msgs__rosidl_typesupport_fastrtps_cpp.so" to ""
[8.574s] -- Up-to-date: /home/tasl/autoware.universe-carla-ros-bridge/install/autoware_auto_control_msgs/include/autoware_auto_control_msgs
[8.574s] -- Up-to-date: /home/tasl/autoware.universe-carla-ros-bridge/install/autoware_auto_control_msgs/include/autoware_auto_control_msgs/msg
[8.579s] -- Installing: /home/tasl/autoware.universe-carla-ros-bridge/install/autoware_auto_control_msgs/include/autoware_auto_control_msgs/msg/rosidl_typesupport_introspection_c__visibility_control.h
[8.579s] -- Up-to-date: /home/tasl/autoware.universe-carla-ros-bridge/install/autoware_auto_control_msgs/include/autoware_auto_control_msgs/msg/detail
[8.580s] -- Installing: /home/tasl/autoware.universe-carla-ros-bridge/install/autoware_auto_control_msgs/include/autoware_auto_control_msgs/msg/detail/high_level_control_command__type_support.c
[8.581s] -- Installing: /home/tasl/autoware.universe-carla-ros-bridge/install/autoware_auto_control_msgs/include/autoware_auto_control_msgs/msg/detail/ackermann_control_command__type_support.c
[8.581s] -- Installing: /home/tasl/autoware.universe-carla-ros-bridge/install/autoware_auto_control_msgs/include/autoware_auto_control_msgs/msg/detail/longitudinal_command__rosidl_typesupport_introspection_c.h
[8.582s] -- Installing: /home/tasl/autoware.universe-carla-ros-bridge/install/autoware_auto_control_msgs/include/autoware_auto_control_msgs/msg/detail/high_level_control_command__rosidl_typesupport_introspection_c.h
[8.583s] -- Installing: /home/tasl/autoware.universe-carla-ros-bridge/install/autoware_auto_control_msgs/include/autoware_auto_control_msgs/msg/detail/ackermann_lateral_command__rosidl_typesupport_introspection_c.h
[8.583s] -- Installing: /home/tasl/autoware.universe-carla-ros-bridge/install/autoware_auto_control_msgs/include/autoware_auto_control_msgs/msg/detail/longitudinal_command__type_support.c
[8.584s] -- Installing: /home/tasl/autoware.universe-carla-ros-bridge/install/autoware_auto_control_msgs/include/autoware_auto_control_msgs/msg/detail/ackermann_control_command__rosidl_typesupport_introspection_c.h
[8.585s] -- Installing: /home/tasl/autoware.universe-carla-ros-bridge/install/autoware_auto_control_msgs/include/autoware_auto_control_msgs/msg/detail/ackermann_lateral_command__type_support.c
[8.586s] -- Installing: /home/tasl/autoware.universe-carla-ros-bridge/install/autoware_auto_control_msgs/lib/libautoware_auto_control_msgs__rosidl_typesupport_introspection_c.so
[8.586s] -- Set runtime path of "/home/tasl/autoware.universe-carla-ros-bridge/install/autoware_auto_control_msgs/lib/libautoware_auto_control_msgs__rosidl_typesupport_introspection_c.so" to ""
[8.586s] -- Installing: /home/tasl/autoware.universe-carla-ros-bridge/install/autoware_auto_control_msgs/lib/libautoware_auto_control_msgs__rosidl_typesupport_c.so
[8.589s] -- Set runtime path of "/home/tasl/autoware.universe-carla-ros-bridge/install/autoware_auto_control_msgs/lib/libautoware_auto_control_msgs__rosidl_typesupport_c.so" to ""
[8.589s] -- Up-to-date: /home/tasl/autoware.universe-carla-ros-bridge/install/autoware_auto_control_msgs/include/autoware_auto_control_msgs
[8.589s] -- Up-to-date: /home/tasl/autoware.universe-carla-ros-bridge/install/autoware_auto_control_msgs/include/autoware_auto_control_msgs/msg
[8.590s] -- Installing: /home/tasl/autoware.universe-carla-ros-bridge/install/autoware_auto_control_msgs/include/autoware_auto_control_msgs/msg/ackermann_lateral_command.hpp
[8.590s] -- Installing: /home/tasl/autoware.universe-carla-ros-bridge/install/autoware_auto_control_msgs/include/autoware_auto_control_msgs/msg/longitudinal_command.hpp
[8.590s] -- Up-to-date: /home/tasl/autoware.universe-carla-ros-bridge/install/autoware_auto_control_msgs/include/autoware_auto_control_msgs/msg/detail
[8.591s] -- Installing: /home/tasl/autoware.universe-carla-ros-bridge/install/autoware_auto_control_msgs/include/autoware_auto_control_msgs/msg/detail/longitudinal_command__builder.hpp
[8.591s] -- Installing: /home/tasl/autoware.universe-carla-ros-bridge/install/autoware_auto_control_msgs/include/autoware_auto_control_msgs/msg/detail/high_level_control_command__builder.hpp
[8.591s] -- Installing: /home/tasl/autoware.universe-carla-ros-bridge/install/autoware_auto_control_msgs/include/autoware_auto_control_msgs/msg/detail/ackermann_control_command__traits.hpp
[8.591s] -- Installing: /home/tasl/autoware.universe-carla-ros-bridge/install/autoware_auto_control_msgs/include/autoware_auto_control_msgs/msg/detail/ackermann_lateral_command__builder.hpp
[8.592s] -- Installing: /home/tasl/autoware.universe-carla-ros-bridge/install/autoware_auto_control_msgs/include/autoware_auto_control_msgs/msg/detail/longitudinal_command__struct.hpp
[8.592s] -- Installing: /home/tasl/autoware.universe-carla-ros-bridge/install/autoware_auto_control_msgs/include/autoware_auto_control_msgs/msg/detail/ackermann_control_command__builder.hpp
[8.592s] -- Installing: /home/tasl/autoware.universe-carla-ros-bridge/install/autoware_auto_control_msgs/include/autoware_auto_control_msgs/msg/detail/high_level_control_command__struct.hpp
[8.593s] -- Installing: /home/tasl/autoware.universe-carla-ros-bridge/install/autoware_auto_control_msgs/include/autoware_auto_control_msgs/msg/detail/high_level_control_command__traits.hpp
[8.593s] -- Installing: /home/tasl/autoware.universe-carla-ros-bridge/install/autoware_auto_control_msgs/include/autoware_auto_control_msgs/msg/detail/ackermann_lateral_command__struct.hpp
[8.593s] -- Installing: /home/tasl/autoware.universe-carla-ros-bridge/install/autoware_auto_control_msgs/include/autoware_auto_control_msgs/msg/detail/ackermann_lateral_command__traits.hpp
[8.594s] -- Installing: /home/tasl/autoware.universe-carla-ros-bridge/install/autoware_auto_control_msgs/include/autoware_auto_control_msgs/msg/detail/ackermann_control_command__struct.hpp
[8.594s] -- Installing: /home/tasl/autoware.universe-carla-ros-bridge/install/autoware_auto_control_msgs/include/autoware_auto_control_msgs/msg/detail/longitudinal_command__traits.hpp
[8.594s] -- Installing: /home/tasl/autoware.universe-carla-ros-bridge/install/autoware_auto_control_msgs/include/autoware_auto_control_msgs/msg/high_level_control_command.hpp
[8.594s] -- Installing: /home/tasl/autoware.universe-carla-ros-bridge/install/autoware_auto_control_msgs/include/autoware_auto_control_msgs/msg/ackermann_control_command.hpp
[8.595s] -- Up-to-date: /home/tasl/autoware.universe-carla-ros-bridge/install/autoware_auto_control_msgs/include/autoware_auto_control_msgs
[8.595s] -- Up-to-date: /home/tasl/autoware.universe-carla-ros-bridge/install/autoware_auto_control_msgs/include/autoware_auto_control_msgs/msg
[8.595s] -- Up-to-date: /home/tasl/autoware.universe-carla-ros-bridge/install/autoware_auto_control_msgs/include/autoware_auto_control_msgs/msg/detail
[8.596s] -- Installing: /home/tasl/autoware.universe-carla-ros-bridge/install/autoware_auto_control_msgs/include/autoware_auto_control_msgs/msg/detail/ackermann_control_command__rosidl_typesupport_introspection_cpp.hpp
[8.596s] -- Installing: /home/tasl/autoware.universe-carla-ros-bridge/install/autoware_auto_control_msgs/include/autoware_auto_control_msgs/msg/detail/ackermann_control_command__type_support.cpp
[8.596s] -- Installing: /home/tasl/autoware.universe-carla-ros-bridge/install/autoware_auto_control_msgs/include/autoware_auto_control_msgs/msg/detail/longitudinal_command__rosidl_typesupport_introspection_cpp.hpp
[8.596s] -- Installing: /home/tasl/autoware.universe-carla-ros-bridge/install/autoware_auto_control_msgs/include/autoware_auto_control_msgs/msg/detail/ackermann_lateral_command__type_support.cpp
[8.597s] -- Installing: /home/tasl/autoware.universe-carla-ros-bridge/install/autoware_auto_control_msgs/include/autoware_auto_control_msgs/msg/detail/longitudinal_command__type_support.cpp
[8.597s] -- Installing: /home/tasl/autoware.universe-carla-ros-bridge/install/autoware_auto_control_msgs/include/autoware_auto_control_msgs/msg/detail/ackermann_lateral_command__rosidl_typesupport_introspection_cpp.hpp
[8.597s] -- Installing: /home/tasl/autoware.universe-carla-ros-bridge/install/autoware_auto_control_msgs/include/autoware_auto_control_msgs/msg/detail/high_level_control_command__type_support.cpp
[8.598s] -- Installing: /home/tasl/autoware.universe-carla-ros-bridge/install/autoware_auto_control_msgs/include/autoware_auto_control_msgs/msg/detail/high_level_control_command__rosidl_typesupport_introspection_cpp.hpp
[8.599s] -- Installing: /home/tasl/autoware.universe-carla-ros-bridge/install/autoware_auto_control_msgs/lib/libautoware_auto_control_msgs__rosidl_typesupport_introspection_cpp.so
[8.599s] -- Set runtime path of "/home/tasl/autoware.universe-carla-ros-bridge/install/autoware_auto_control_msgs/lib/libautoware_auto_control_msgs__rosidl_typesupport_introspection_cpp.so" to ""
[8.600s] -- Installing: /home/tasl/autoware.universe-carla-ros-bridge/install/autoware_auto_control_msgs/lib/libautoware_auto_control_msgs__rosidl_typesupport_cpp.so
[8.600s] -- Set runtime path of "/home/tasl/autoware.universe-carla-ros-bridge/install/autoware_auto_control_msgs/lib/libautoware_auto_control_msgs__rosidl_typesupport_cpp.so" to ""
[8.601s] -- Installing: /home/tasl/autoware.universe-carla-ros-bridge/install/autoware_auto_control_msgs/share/autoware_auto_control_msgs/environment/pythonpath.sh
[8.601s] -- Installing: /home/tasl/autoware.universe-carla-ros-bridge/install/autoware_auto_control_msgs/share/autoware_auto_control_msgs/environment/pythonpath.dsv
[8.601s] -- Installing: /home/tasl/autoware.universe-carla-ros-bridge/install/autoware_auto_control_msgs/lib/python3.8/site-packages/autoware_auto_control_msgs/__init__.py
[8.694s] Compiling '/home/tasl/autoware.universe-carla-ros-bridge/install/autoware_auto_control_msgs/lib/python3.8/site-packages/autoware_auto_control_msgs/__init__.py'...
[8.701s] -- Installing: /home/tasl/autoware.universe-carla-ros-bridge/install/autoware_auto_control_msgs/lib/python3.8/site-packages/autoware_auto_control_msgs/msg
[8.702s] -- Installing: /home/tasl/autoware.universe-carla-ros-bridge/install/autoware_auto_control_msgs/lib/python3.8/site-packages/autoware_auto_control_msgs/msg/_high_level_control_command.py
[8.702s] -- Installing: /home/tasl/autoware.universe-carla-ros-bridge/install/autoware_auto_control_msgs/lib/python3.8/site-packages/autoware_auto_control_msgs/msg/_ackermann_lateral_command_s.c
[8.703s] -- Installing: /home/tasl/autoware.universe-carla-ros-bridge/install/autoware_auto_control_msgs/lib/python3.8/site-packages/autoware_auto_control_msgs/msg/__init__.py
[8.704s] -- Installing: /home/tasl/autoware.universe-carla-ros-bridge/install/autoware_auto_control_msgs/lib/python3.8/site-packages/autoware_auto_control_msgs/msg/_ackermann_control_command.py
[8.704s] -- Installing: /home/tasl/autoware.universe-carla-ros-bridge/install/autoware_auto_control_msgs/lib/python3.8/site-packages/autoware_auto_control_msgs/msg/_longitudinal_command_s.c
[8.705s] -- Installing: /home/tasl/autoware.universe-carla-ros-bridge/install/autoware_auto_control_msgs/lib/python3.8/site-packages/autoware_auto_control_msgs/msg/_longitudinal_command.py
[8.705s] -- Installing: /home/tasl/autoware.universe-carla-ros-bridge/install/autoware_auto_control_msgs/lib/python3.8/site-packages/autoware_auto_control_msgs/msg/_high_level_control_command_s.c
[8.707s] -- Installing: /home/tasl/autoware.universe-carla-ros-bridge/install/autoware_auto_control_msgs/lib/python3.8/site-packages/autoware_auto_control_msgs/msg/_ackermann_lateral_command.py
[8.707s] -- Installing: /home/tasl/autoware.universe-carla-ros-bridge/install/autoware_auto_control_msgs/lib/python3.8/site-packages/autoware_auto_control_msgs/msg/_ackermann_control_command_s.c
[8.707s] -- Installing: /home/tasl/autoware.universe-carla-ros-bridge/install/autoware_auto_control_msgs/lib/python3.8/site-packages/autoware_auto_control_msgs/autoware_auto_control_msgs_s__rosidl_typesupport_fastrtps_c.cpython-38-x86_64-linux-gnu.so
[8.708s] -- Set runtime path of "/home/tasl/autoware.universe-carla-ros-bridge/install/autoware_auto_control_msgs/lib/python3.8/site-packages/autoware_auto_control_msgs/autoware_auto_control_msgs_s__rosidl_typesupport_fastrtps_c.cpython-38-x86_64-linux-gnu.so" to ""
[8.710s] -- Installing: /home/tasl/autoware.universe-carla-ros-bridge/install/autoware_auto_control_msgs/lib/python3.8/site-packages/autoware_auto_control_msgs/autoware_auto_control_msgs_s__rosidl_typesupport_introspection_c.cpython-38-x86_64-linux-gnu.so
[8.711s] -- Set runtime path of "/home/tasl/autoware.universe-carla-ros-bridge/install/autoware_auto_control_msgs/lib/python3.8/site-packages/autoware_auto_control_msgs/autoware_auto_control_msgs_s__rosidl_typesupport_introspection_c.cpython-38-x86_64-linux-gnu.so" to ""
[8.712s] -- Installing: /home/tasl/autoware.universe-carla-ros-bridge/install/autoware_auto_control_msgs/lib/python3.8/site-packages/autoware_auto_control_msgs/autoware_auto_control_msgs_s__rosidl_typesupport_c.cpython-38-x86_64-linux-gnu.so
[8.713s] -- Set runtime path of "/home/tasl/autoware.universe-carla-ros-bridge/install/autoware_auto_control_msgs/lib/python3.8/site-packages/autoware_auto_control_msgs/autoware_auto_control_msgs_s__rosidl_typesupport_c.cpython-38-x86_64-linux-gnu.so" to ""
[8.714s] -- Installing: /home/tasl/autoware.universe-carla-ros-bridge/install/autoware_auto_control_msgs/lib/libautoware_auto_control_msgs__python.so
[8.715s] -- Set runtime path of "/home/tasl/autoware.universe-carla-ros-bridge/install/autoware_auto_control_msgs/lib/libautoware_auto_control_msgs__python.so" to ""
[8.716s] -- Installing: /home/tasl/autoware.universe-carla-ros-bridge/install/autoware_auto_control_msgs/share/autoware_auto_control_msgs/msg/AckermannControlCommand.idl
[8.716s] -- Installing: /home/tasl/autoware.universe-carla-ros-bridge/install/autoware_auto_control_msgs/share/autoware_auto_control_msgs/msg/AckermannLateralCommand.idl
[8.717s] -- Installing: /home/tasl/autoware.universe-carla-ros-bridge/install/autoware_auto_control_msgs/share/autoware_auto_control_msgs/msg/HighLevelControlCommand.idl
[8.718s] -- Installing: /home/tasl/autoware.universe-carla-ros-bridge/install/autoware_auto_control_msgs/share/autoware_auto_control_msgs/msg/LongitudinalCommand.idl
[8.718s] -- Installing: /home/tasl/autoware.universe-carla-ros-bridge/install/autoware_auto_control_msgs/share/ament_index/resource_index/package_run_dependencies/autoware_auto_control_msgs
[8.720s] -- Installing: /home/tasl/autoware.universe-carla-ros-bridge/install/autoware_auto_control_msgs/share/ament_index/resource_index/parent_prefix_path/autoware_auto_control_msgs
[8.720s] -- Installing: /home/tasl/autoware.universe-carla-ros-bridge/install/autoware_auto_control_msgs/share/autoware_auto_control_msgs/environment/ament_prefix_path.sh
[8.721s] -- Installing: /home/tasl/autoware.universe-carla-ros-bridge/install/autoware_auto_control_msgs/share/autoware_auto_control_msgs/environment/ament_prefix_path.dsv
[8.722s] -- Installing: /home/tasl/autoware.universe-carla-ros-bridge/install/autoware_auto_control_msgs/share/autoware_auto_control_msgs/environment/path.sh
[8.722s] -- Installing: /home/tasl/autoware.universe-carla-ros-bridge/install/autoware_auto_control_msgs/share/autoware_auto_control_msgs/environment/path.dsv
[8.723s] -- Installing: /home/tasl/autoware.universe-carla-ros-bridge/install/autoware_auto_control_msgs/share/autoware_auto_control_msgs/local_setup.bash
[8.723s] -- Installing: /home/tasl/autoware.universe-carla-ros-bridge/install/autoware_auto_control_msgs/share/autoware_auto_control_msgs/local_setup.sh
[8.724s] -- Installing: /home/tasl/autoware.universe-carla-ros-bridge/install/autoware_auto_control_msgs/share/autoware_auto_control_msgs/local_setup.zsh
[8.725s] -- Installing: /home/tasl/autoware.universe-carla-ros-bridge/install/autoware_auto_control_msgs/share/autoware_auto_control_msgs/local_setup.dsv
[8.726s] -- Installing: /home/tasl/autoware.universe-carla-ros-bridge/install/autoware_auto_control_msgs/share/autoware_auto_control_msgs/package.dsv
[8.727s] -- Installing: /home/tasl/autoware.universe-carla-ros-bridge/install/autoware_auto_control_msgs/share/ament_index/resource_index/packages/autoware_auto_control_msgs
[8.727s] -- Installing: /home/tasl/autoware.universe-carla-ros-bridge/install/autoware_auto_control_msgs/share/autoware_auto_control_msgs/cmake/autoware_auto_control_msgs__rosidl_generator_cExport.cmake
[8.728s] -- Installing: /home/tasl/autoware.universe-carla-ros-bridge/install/autoware_auto_control_msgs/share/autoware_auto_control_msgs/cmake/autoware_auto_control_msgs__rosidl_generator_cExport-noconfig.cmake
[8.729s] -- Installing: /home/tasl/autoware.universe-carla-ros-bridge/install/autoware_auto_control_msgs/share/autoware_auto_control_msgs/cmake/autoware_auto_control_msgs__rosidl_typesupport_introspection_cExport.cmake
[8.730s] -- Installing: /home/tasl/autoware.universe-carla-ros-bridge/install/autoware_auto_control_msgs/share/autoware_auto_control_msgs/cmake/autoware_auto_control_msgs__rosidl_typesupport_introspection_cExport-noconfig.cmake
[8.731s] -- Installing: /home/tasl/autoware.universe-carla-ros-bridge/install/autoware_auto_control_msgs/share/autoware_auto_control_msgs/cmake/autoware_auto_control_msgs__rosidl_typesupport_cExport.cmake
[8.734s] -- Installing: /home/tasl/autoware.universe-carla-ros-bridge/install/autoware_auto_control_msgs/share/autoware_auto_control_msgs/cmake/autoware_auto_control_msgs__rosidl_typesupport_cExport-noconfig.cmake
[8.735s] -- Installing: /home/tasl/autoware.universe-carla-ros-bridge/install/autoware_auto_control_msgs/share/autoware_auto_control_msgs/cmake/autoware_auto_control_msgs__rosidl_generator_cppExport.cmake
[8.736s] -- Installing: /home/tasl/autoware.universe-carla-ros-bridge/install/autoware_auto_control_msgs/share/autoware_auto_control_msgs/cmake/autoware_auto_control_msgs__rosidl_typesupport_introspection_cppExport.cmake
[8.736s] -- Installing: /home/tasl/autoware.universe-carla-ros-bridge/install/autoware_auto_control_msgs/share/autoware_auto_control_msgs/cmake/autoware_auto_control_msgs__rosidl_typesupport_introspection_cppExport-noconfig.cmake
[8.737s] -- Installing: /home/tasl/autoware.universe-carla-ros-bridge/install/autoware_auto_control_msgs/share/autoware_auto_control_msgs/cmake/autoware_auto_control_msgs__rosidl_typesupport_cppExport.cmake
[8.737s] -- Installing: /home/tasl/autoware.universe-carla-ros-bridge/install/autoware_auto_control_msgs/share/autoware_auto_control_msgs/cmake/autoware_auto_control_msgs__rosidl_typesupport_cppExport-noconfig.cmake
[8.737s] -- Installing: /home/tasl/autoware.universe-carla-ros-bridge/install/autoware_auto_control_msgs/share/autoware_auto_control_msgs/cmake/rosidl_cmake-extras.cmake
[8.738s] -- Installing: /home/tasl/autoware.universe-carla-ros-bridge/install/autoware_auto_control_msgs/share/autoware_auto_control_msgs/cmake/ament_cmake_export_dependencies-extras.cmake
[8.738s] -- Installing: /home/tasl/autoware.universe-carla-ros-bridge/install/autoware_auto_control_msgs/share/autoware_auto_control_msgs/cmake/ament_cmake_export_libraries-extras.cmake
[8.738s] -- Installing: /home/tasl/autoware.universe-carla-ros-bridge/install/autoware_auto_control_msgs/share/autoware_auto_control_msgs/cmake/ament_cmake_export_targets-extras.cmake
[8.739s] -- Installing: /home/tasl/autoware.universe-carla-ros-bridge/install/autoware_auto_control_msgs/share/autoware_auto_control_msgs/cmake/ament_cmake_export_include_directories-extras.cmake
[8.739s] -- Installing: /home/tasl/autoware.universe-carla-ros-bridge/install/autoware_auto_control_msgs/share/autoware_auto_control_msgs/cmake/rosidl_cmake_export_typesupport_libraries-extras.cmake
[8.739s] -- Installing: /home/tasl/autoware.universe-carla-ros-bridge/install/autoware_auto_control_msgs/share/autoware_auto_control_msgs/cmake/rosidl_cmake_export_typesupport_targets-extras.cmake
[8.739s] -- Installing: /home/tasl/autoware.universe-carla-ros-bridge/install/autoware_auto_control_msgs/share/autoware_auto_control_msgs/cmake/autoware_auto_control_msgsConfig.cmake
[8.740s] -- Installing: /home/tasl/autoware.universe-carla-ros-bridge/install/autoware_auto_control_msgs/share/autoware_auto_control_msgs/cmake/autoware_auto_control_msgsConfig-version.cmake
[8.740s] -- Installing: /home/tasl/autoware.universe-carla-ros-bridge/install/autoware_auto_control_msgs/share/autoware_auto_control_msgs/package.xml
[8.756s] Invoked command in '/home/tasl/autoware.universe-carla-ros-bridge/build/autoware_auto_control_msgs' returned '0': CMAKE_PREFIX_PATH=${CMAKE_PREFIX_PATH}:/opt/ros/galactic /usr/bin/cmake --install /home/tasl/autoware.universe-carla-ros-bridge/build/autoware_auto_control_msgs
