[0.010s] Invoking command in '/home/tasl/autoware.auto-ros-bridge/autoware_ros_bridge_carla/build/autoware_ros_bridge_carla': CMAKE_PREFIX_PATH=/opt/ros/foxy /usr/bin/cmake /home/tasl/autoware.auto-ros-bridge/autoware_ros_bridge_carla -DCMAKE_INSTALL_PREFIX=/home/tasl/autoware.auto-ros-bridge/autoware_ros_bridge_carla/install/autoware_ros_bridge_carla
[0.045s] -- The C compiler identification is GNU 9.4.0
[0.080s] -- The CXX compiler identification is GNU 9.4.0
[0.083s] -- Check for working C compiler: /usr/bin/cc
[0.129s] -- Check for working C compiler: /usr/bin/cc -- works
[0.130s] -- Detecting C compiler ABI info
[0.178s] -- Detecting C compiler ABI info - done
[0.191s] -- Detecting C compile features
[0.191s] -- Detecting C compile features - done
[0.194s] -- Check for working CXX compiler: /usr/bin/c++
[0.259s] -- Check for working CXX compiler: /usr/bin/c++ -- works
[0.259s] -- Detecting CXX compiler ABI info
[0.310s] -- Detecting CXX compiler ABI info - done
[0.318s] -- Detecting CXX compile features
[0.319s] -- Detecting CXX compile features - done
[0.320s] -- Found ament_cmake: 0.9.9 (/opt/ros/foxy/share/ament_cmake/cmake)
[0.336s] -- Found PythonInterp: /usr/bin/python3 (found suitable version "3.8.10", minimum required is "3") 
[0.336s] -- Using PYTHON_EXECUTABLE: /usr/bin/python3
[0.497s] -- Found rclcpp: 2.4.1 (/opt/ros/foxy/share/rclcpp/cmake)
[0.527s] -- Using all available rosidl_typesupport_c: rosidl_typesupport_fastrtps_c;rosidl_typesupport_introspection_c
[0.531s] -- Found rosidl_adapter: 1.2.1 (/opt/ros/foxy/share/rosidl_adapter/cmake)
[0.581s] -- Found OpenSSL: /usr/lib/x86_64-linux-gnu/libcrypto.so (found version "1.1.1f")  
[0.598s] -- Found FastRTPS: /opt/ros/foxy/include  
[0.648s] -- Using all available rosidl_typesupport_cpp: rosidl_typesupport_fastrtps_cpp;rosidl_typesupport_introspection_cpp
[0.687s] -- Found rmw_implementation_cmake: 1.0.3 (/opt/ros/foxy/share/rmw_implementation_cmake/cmake)
[0.688s] -- Using RMW implementation 'rmw_fastrtps_cpp' as default
[0.699s] -- Looking for pthread.h
[0.746s] -- Looking for pthread.h - found
[0.746s] -- Performing Test CMAKE_HAVE_LIBC_PTHREAD
[0.801s] -- Performing Test CMAKE_HAVE_LIBC_PTHREAD - Failed
[0.801s] -- Looking for pthread_create in pthreads
[0.841s] -- Looking for pthread_create in pthreads - not found
[0.841s] -- Looking for pthread_create in pthread
[0.885s] -- Looking for pthread_create in pthread - found
[0.885s] -- Found Threads: TRUE  
[1.005s] -- Found ackermann_msgs: 2.0.2 (/opt/ros/foxy/share/ackermann_msgs/cmake)
[1.037s] CMake Error at CMakeLists.txt:20 (find_package):
[1.037s]   By not providing "Findautoware_control_msgs.cmake" in CMAKE_MODULE_PATH
[1.037s]   this project has asked CMake to find a package configuration file provided
[1.037s]   by "autoware_control_msgs", but CMake did not find one.
[1.037s] 
[1.037s]   Could not find a package configuration file provided by
[1.037s]   "autoware_control_msgs" with any of the following names:
[1.037s] 
[1.037s]     autoware_control_msgsConfig.cmake
[1.037s]     autoware_control_msgs-config.cmake
[1.037s] 
[1.037s]   Add the installation prefix of "autoware_control_msgs" to CMAKE_PREFIX_PATH
[1.037s]   or set "autoware_control_msgs_DIR" to a directory containing one of the
[1.037s]   above files.  If "autoware_control_msgs" provides a separate development
[1.037s]   package or SDK, be sure it has been installed.
[1.037s] 
[1.038s] 
[1.038s] -- Configuring incomplete, errors occurred!
[1.038s] See also "/home/tasl/autoware.auto-ros-bridge/autoware_ros_bridge_carla/build/autoware_ros_bridge_carla/CMakeFiles/CMakeOutput.log".
[1.038s] See also "/home/tasl/autoware.auto-ros-bridge/autoware_ros_bridge_carla/build/autoware_ros_bridge_carla/CMakeFiles/CMakeError.log".
[1.042s] Invoked command in '/home/tasl/autoware.auto-ros-bridge/autoware_ros_bridge_carla/build/autoware_ros_bridge_carla' returned '1': CMAKE_PREFIX_PATH=/opt/ros/foxy /usr/bin/cmake /home/tasl/autoware.auto-ros-bridge/autoware_ros_bridge_carla -DCMAKE_INSTALL_PREFIX=/home/tasl/autoware.auto-ros-bridge/autoware_ros_bridge_carla/install/autoware_ros_bridge_carla
