[0.013s] Invoking command in '/home/tasl/autoware.universe-carla-ros-bridge/build/autoware_ros_bridge_carla': CMAKE_PREFIX_PATH=/home/tasl/autoware.universe-carla-ros-bridge/install/autoware_auto_vehicle_msgs:/home/tasl/autoware.universe-carla-ros-bridge/install/autoware_auto_control_msgs:/home/tasl/autoware.universe-carla-ros-bridge/install/autoware_ros_bridge_carla:/opt/ros/galactic /usr/bin/cmake /home/tasl/autoware.universe-carla-ros-bridge/autoware_ros_bridge_carla -DCMAKE_INSTALL_PREFIX=/home/tasl/autoware.universe-carla-ros-bridge/install/autoware_ros_bridge_carla
[0.054s] -- The C compiler identification is GNU 7.5.0
[0.095s] -- The CXX compiler identification is GNU 9.4.0
[0.099s] -- Check for working C compiler: /usr/bin/cc
[0.157s] -- Check for working C compiler: /usr/bin/cc -- works
[0.158s] -- Detecting C compiler ABI info
[0.209s] -- Detecting C compiler ABI info - done
[0.225s] -- Detecting C compile features
[0.226s] -- Detecting C compile features - done
[0.229s] -- Check for working CXX compiler: /usr/bin/c++
[0.294s] -- Check for working CXX compiler: /usr/bin/c++ -- works
[0.295s] -- Detecting CXX compiler ABI info
[0.359s] -- Detecting CXX compiler ABI info - done
[0.371s] -- Detecting CXX compile features
[0.371s] -- Detecting CXX compile features - done
[0.373s] -- Found ament_cmake: 1.1.5 (/opt/ros/galactic/share/ament_cmake/cmake)
[0.395s] -- Found PythonInterp: /usr/bin/python3 (found suitable version "3.8.10", minimum required is "3") 
[0.395s] -- Using PYTHON_EXECUTABLE: /usr/bin/python3
[0.467s] -- Found rclcpp: 9.2.1 (/opt/ros/galactic/share/rclcpp/cmake)
[0.524s] -- Using all available rosidl_typesupport_c: rosidl_typesupport_fastrtps_c;rosidl_typesupport_introspection_c
[0.534s] -- Found rosidl_adapter: 2.2.2 (/opt/ros/galactic/share/rosidl_adapter/cmake)
[0.599s] -- Found OpenSSL: /usr/lib/x86_64-linux-gnu/libcrypto.so (found version "1.1.1f")  
[0.624s] -- Found FastRTPS: /opt/ros/galactic/include  
[0.692s] -- Using all available rosidl_typesupport_cpp: rosidl_typesupport_fastrtps_cpp;rosidl_typesupport_introspection_cpp
[0.746s] -- Found rmw_implementation_cmake: 3.3.1 (/opt/ros/galactic/share/rmw_implementation_cmake/cmake)
[0.748s] -- Found rmw_cyclonedds_cpp: 0.22.5 (/opt/ros/galactic/share/rmw_cyclonedds_cpp/cmake)
[0.769s] -- Using RMW implementation 'rmw_cyclonedds_cpp' as default
[0.770s] -- Looking for pthread.h
[0.826s] -- Looking for pthread.h - found
[0.826s] -- Performing Test CMAKE_HAVE_LIBC_PTHREAD
[0.885s] -- Performing Test CMAKE_HAVE_LIBC_PTHREAD - Failed
[0.885s] -- Looking for pthread_create in pthreads
[0.930s] -- Looking for pthread_create in pthreads - not found
[0.930s] -- Looking for pthread_create in pthread
[0.987s] -- Looking for pthread_create in pthread - found
[0.988s] -- Found Threads: TRUE  
[1.124s] -- Found nav_msgs: 2.2.4 (/opt/ros/galactic/share/nav_msgs/cmake)
[1.236s] -- Found tf2_msgs: 0.17.3 (/opt/ros/galactic/share/tf2_msgs/cmake)
[1.422s] -- Found ackermann_msgs: 2.0.2 (/opt/ros/galactic/share/ackermann_msgs/cmake)
[1.455s] -- Found autoware_auto_control_msgs: 1.0.0 (/home/tasl/autoware.universe-carla-ros-bridge/install/autoware_auto_control_msgs/share/autoware_auto_control_msgs/cmake)
[1.471s] -- Found autoware_auto_vehicle_msgs: 1.0.0 (/home/tasl/autoware.universe-carla-ros-bridge/install/autoware_auto_vehicle_msgs/share/autoware_auto_vehicle_msgs/cmake)
[1.515s] -- Found ament_lint_auto: 0.10.7 (/opt/ros/galactic/share/ament_lint_auto/cmake)
[1.576s] -- Added test 'copyright' to check source files copyright and LICENSE
[1.580s] -- Added test 'cppcheck' to perform static code analysis on C / C++ code
[1.580s] -- Configured cppcheck include dirs: /home/tasl/autoware.universe-carla-ros-bridge/autoware_ros_bridge_carla/include
[1.580s] -- Configured cppcheck exclude dirs and/or files: 
[1.583s] -- Added test 'cpplint' to check C / C++ code against the Google style
[1.584s] -- Configured cpplint exclude dirs and/or files: 
[1.584s] -- Added test 'flake8' to check Python code syntax and style conventions
[1.585s] -- Added test 'lint_cmake' to check CMake code style
[1.586s] -- Added test 'pep257' to check Python code against some of the style conventions in PEP 257
[1.591s] -- Added test 'uncrustify' to check C / C++ code style
[1.591s] -- Configured uncrustify additional arguments: 
[1.592s] -- Added test 'xmllint' to check XML markup files
[1.595s] -- Configuring done
[1.618s] -- Generating done
[1.620s] -- Build files have been written to: /home/tasl/autoware.universe-carla-ros-bridge/build/autoware_ros_bridge_carla
[1.628s] Invoked command in '/home/tasl/autoware.universe-carla-ros-bridge/build/autoware_ros_bridge_carla' returned '0': CMAKE_PREFIX_PATH=/home/tasl/autoware.universe-carla-ros-bridge/install/autoware_auto_vehicle_msgs:/home/tasl/autoware.universe-carla-ros-bridge/install/autoware_auto_control_msgs:/home/tasl/autoware.universe-carla-ros-bridge/install/autoware_ros_bridge_carla:/opt/ros/galactic /usr/bin/cmake /home/tasl/autoware.universe-carla-ros-bridge/autoware_ros_bridge_carla -DCMAKE_INSTALL_PREFIX=/home/tasl/autoware.universe-carla-ros-bridge/install/autoware_ros_bridge_carla
[1.629s] Invoking command in '/home/tasl/autoware.universe-carla-ros-bridge/build/autoware_ros_bridge_carla': CMAKE_PREFIX_PATH=/home/tasl/autoware.universe-carla-ros-bridge/install/autoware_auto_vehicle_msgs:/home/tasl/autoware.universe-carla-ros-bridge/install/autoware_auto_control_msgs:/home/tasl/autoware.universe-carla-ros-bridge/install/autoware_ros_bridge_carla:/opt/ros/galactic /usr/bin/cmake --build /home/tasl/autoware.universe-carla-ros-bridge/build/autoware_ros_bridge_carla -- -j16 -l16
[1.664s] [35m[1mScanning dependencies of target sender[0m
[1.665s] [35m[1mScanning dependencies of target listener[0m
[1.665s] [35m[1mScanning dependencies of target odometry_remapper[0m
[1.665s] [35m[1mScanning dependencies of target control_command_converter[0m
[1.665s] [35m[1mScanning dependencies of target velocity_reporter[0m
[1.666s] [35m[1mScanning dependencies of target jsontest[0m
[1.681s] [  8%] [32mBuilding CXX object CMakeFiles/jsontest.dir/src/simpledom.cpp.o[0m
[1.706s] [ 16%] [32mBuilding CXX object CMakeFiles/odometry_remapper.dir/src/odometry_remapper.cpp.o[0m
[1.709s] [ 25%] [32mBuilding CXX object CMakeFiles/sender.dir/src/controlCommandForwarding.cpp.o[0m
[1.710s] [ 33%] [32mBuilding CXX object CMakeFiles/listener.dir/src/testControlCommand.cpp.o[0m
[1.711s] [ 41%] [32mBuilding CXX object CMakeFiles/control_command_converter.dir/src/control_command_converter.cpp.o[0m
[1.713s] [ 50%] [32mBuilding CXX object CMakeFiles/velocity_reporter.dir/src/velocity_reporter.cpp.o[0m
[2.382s] [ 58%] [32m[1mLinking CXX executable jsontest[0m
[2.469s] [ 58%] Built target jsontest
[5.719s] [ 66%] [32m[1mLinking CXX executable sender[0m
[5.883s] [ 66%] Built target sender
[8.702s] [ 75%] [32m[1mLinking CXX executable velocity_reporter[0m
[8.823s] [ 83%] [32m[1mLinking CXX executable listener[0m
[8.940s] [ 91%] [32m[1mLinking CXX executable control_command_converter[0m
[8.986s] [ 91%] Built target velocity_reporter
[9.087s] [ 91%] Built target listener
[9.203s] [ 91%] Built target control_command_converter
[9.240s] [100%] [32m[1mLinking CXX executable odometry_remapper[0m
[9.505s] [100%] Built target odometry_remapper
[9.516s] Invoked command in '/home/tasl/autoware.universe-carla-ros-bridge/build/autoware_ros_bridge_carla' returned '0': CMAKE_PREFIX_PATH=/home/tasl/autoware.universe-carla-ros-bridge/install/autoware_auto_vehicle_msgs:/home/tasl/autoware.universe-carla-ros-bridge/install/autoware_auto_control_msgs:/home/tasl/autoware.universe-carla-ros-bridge/install/autoware_ros_bridge_carla:/opt/ros/galactic /usr/bin/cmake --build /home/tasl/autoware.universe-carla-ros-bridge/build/autoware_ros_bridge_carla -- -j16 -l16
[9.544s] Invoking command in '/home/tasl/autoware.universe-carla-ros-bridge/build/autoware_ros_bridge_carla': CMAKE_PREFIX_PATH=/home/tasl/autoware.universe-carla-ros-bridge/install/autoware_auto_vehicle_msgs:/home/tasl/autoware.universe-carla-ros-bridge/install/autoware_auto_control_msgs:/home/tasl/autoware.universe-carla-ros-bridge/install/autoware_ros_bridge_carla:/opt/ros/galactic /usr/bin/cmake --install /home/tasl/autoware.universe-carla-ros-bridge/build/autoware_ros_bridge_carla
[9.552s] -- Install configuration: ""
[9.552s] -- Installing: /home/tasl/autoware.universe-carla-ros-bridge/install/autoware_ros_bridge_carla/lib/autoware_ros_bridge_carla/listener
[9.554s] -- Set runtime path of "/home/tasl/autoware.universe-carla-ros-bridge/install/autoware_ros_bridge_carla/lib/autoware_ros_bridge_carla/listener" to ""
[9.554s] -- Installing: /home/tasl/autoware.universe-carla-ros-bridge/install/autoware_ros_bridge_carla/lib/autoware_ros_bridge_carla/jsontest
[9.554s] -- Installing: /home/tasl/autoware.universe-carla-ros-bridge/install/autoware_ros_bridge_carla/lib/autoware_ros_bridge_carla/sender
[9.555s] -- Set runtime path of "/home/tasl/autoware.universe-carla-ros-bridge/install/autoware_ros_bridge_carla/lib/autoware_ros_bridge_carla/sender" to ""
[9.555s] -- Installing: /home/tasl/autoware.universe-carla-ros-bridge/install/autoware_ros_bridge_carla/lib/autoware_ros_bridge_carla/control_command_converter
[9.557s] -- Set runtime path of "/home/tasl/autoware.universe-carla-ros-bridge/install/autoware_ros_bridge_carla/lib/autoware_ros_bridge_carla/control_command_converter" to ""
[9.557s] -- Installing: /home/tasl/autoware.universe-carla-ros-bridge/install/autoware_ros_bridge_carla/lib/autoware_ros_bridge_carla/odometry_remapper
[9.559s] -- Set runtime path of "/home/tasl/autoware.universe-carla-ros-bridge/install/autoware_ros_bridge_carla/lib/autoware_ros_bridge_carla/odometry_remapper" to ""
[9.559s] -- Installing: /home/tasl/autoware.universe-carla-ros-bridge/install/autoware_ros_bridge_carla/lib/autoware_ros_bridge_carla/velocity_reporter
[9.561s] -- Set runtime path of "/home/tasl/autoware.universe-carla-ros-bridge/install/autoware_ros_bridge_carla/lib/autoware_ros_bridge_carla/velocity_reporter" to ""
[9.561s] -- Installing: /home/tasl/autoware.universe-carla-ros-bridge/install/autoware_ros_bridge_carla/share/ament_index/resource_index/package_run_dependencies/autoware_ros_bridge_carla
[9.561s] -- Installing: /home/tasl/autoware.universe-carla-ros-bridge/install/autoware_ros_bridge_carla/share/ament_index/resource_index/parent_prefix_path/autoware_ros_bridge_carla
[9.561s] -- Installing: /home/tasl/autoware.universe-carla-ros-bridge/install/autoware_ros_bridge_carla/share/autoware_ros_bridge_carla/environment/ament_prefix_path.sh
[9.561s] -- Installing: /home/tasl/autoware.universe-carla-ros-bridge/install/autoware_ros_bridge_carla/share/autoware_ros_bridge_carla/environment/ament_prefix_path.dsv
[9.561s] -- Installing: /home/tasl/autoware.universe-carla-ros-bridge/install/autoware_ros_bridge_carla/share/autoware_ros_bridge_carla/environment/path.sh
[9.562s] -- Installing: /home/tasl/autoware.universe-carla-ros-bridge/install/autoware_ros_bridge_carla/share/autoware_ros_bridge_carla/environment/path.dsv
[9.562s] -- Installing: /home/tasl/autoware.universe-carla-ros-bridge/install/autoware_ros_bridge_carla/share/autoware_ros_bridge_carla/local_setup.bash
[9.562s] -- Installing: /home/tasl/autoware.universe-carla-ros-bridge/install/autoware_ros_bridge_carla/share/autoware_ros_bridge_carla/local_setup.sh
[9.562s] -- Installing: /home/tasl/autoware.universe-carla-ros-bridge/install/autoware_ros_bridge_carla/share/autoware_ros_bridge_carla/local_setup.zsh
[9.562s] -- Installing: /home/tasl/autoware.universe-carla-ros-bridge/install/autoware_ros_bridge_carla/share/autoware_ros_bridge_carla/local_setup.dsv
[9.562s] -- Installing: /home/tasl/autoware.universe-carla-ros-bridge/install/autoware_ros_bridge_carla/share/autoware_ros_bridge_carla/package.dsv
[9.562s] -- Installing: /home/tasl/autoware.universe-carla-ros-bridge/install/autoware_ros_bridge_carla/share/ament_index/resource_index/packages/autoware_ros_bridge_carla
[9.562s] -- Installing: /home/tasl/autoware.universe-carla-ros-bridge/install/autoware_ros_bridge_carla/share/autoware_ros_bridge_carla/cmake/autoware_ros_bridge_carlaConfig.cmake
[9.562s] -- Installing: /home/tasl/autoware.universe-carla-ros-bridge/install/autoware_ros_bridge_carla/share/autoware_ros_bridge_carla/cmake/autoware_ros_bridge_carlaConfig-version.cmake
[9.563s] -- Installing: /home/tasl/autoware.universe-carla-ros-bridge/install/autoware_ros_bridge_carla/share/autoware_ros_bridge_carla/package.xml
[9.569s] Invoked command in '/home/tasl/autoware.universe-carla-ros-bridge/build/autoware_ros_bridge_carla' returned '0': CMAKE_PREFIX_PATH=/home/tasl/autoware.universe-carla-ros-bridge/install/autoware_auto_vehicle_msgs:/home/tasl/autoware.universe-carla-ros-bridge/install/autoware_auto_control_msgs:/home/tasl/autoware.universe-carla-ros-bridge/install/autoware_ros_bridge_carla:/opt/ros/galactic /usr/bin/cmake --install /home/tasl/autoware.universe-carla-ros-bridge/build/autoware_ros_bridge_carla
