[0.277s] DEBUG:colcon:Command line arguments: ['/usr/bin/colcon', 'build']
[0.278s] DEBUG:colcon:Parsed command line arguments: Namespace(allow_overriding=[], ament_cmake_args=None, base_paths=['.'], build_base='build', catkin_cmake_args=None, catkin_skip_building_tests=False, cmake_args=None, cmake_clean_cache=False, cmake_clean_first=False, cmake_force_configure=False, cmake_target=None, cmake_target_skip_unavailable=False, continue_on_error=False, event_handlers=None, executor='parallel', ignore_user_meta=False, install_base='install', log_base=None, log_level=None, main=<bound method BuildVerb.main of <colcon_core.verb.build.BuildVerb object at 0x7f1931bb1e50>>, merge_install=False, metas=['./colcon.meta'], packages_above=None, packages_above_and_dependencies=None, packages_above_depth=None, packages_end=None, packages_ignore=None, packages_ignore_regex=None, packages_select=None, packages_select_build_failed=False, packages_select_by_dep=None, packages_select_regex=None, packages_select_test_failures=False, packages_skip=None, packages_skip_build_finished=False, packages_skip_by_dep=None, packages_skip_regex=None, packages_skip_test_passed=False, packages_skip_up_to=None, packages_start=None, packages_up_to=None, packages_up_to_regex=None, parallel_workers=16, paths=None, symlink_install=False, test_result_base=None, verb_extension=<colcon_core.verb.build.BuildVerb object at 0x7f1931bb1e50>, verb_name='build', verb_parser=<colcon_defaults.argument_parser.defaults.DefaultArgumentsDecorator object at 0x7f1930b56730>)
[0.307s] Level 1:colcon.colcon_core.package_discovery:discover_packages(colcon_meta) check parameters
[0.308s] Level 1:colcon.colcon_core.package_discovery:discover_packages(recursive) check parameters
[0.308s] Level 1:colcon.colcon_core.package_discovery:discover_packages(ignore) check parameters
[0.308s] Level 1:colcon.colcon_core.package_discovery:discover_packages(path) check parameters
[0.308s] Level 1:colcon.colcon_core.package_discovery:discover_packages(colcon_meta) discover
[0.308s] Level 1:colcon.colcon_core.package_discovery:discover_packages(recursive) discover
[0.308s] INFO:colcon.colcon_core.package_discovery:Crawling recursively for packages in '/home/tasl/autoware.auto-ros-bridge'
[0.308s] Level 1:colcon.colcon_core.package_identification:_identify(.) by extensions ['ignore', 'ignore_ament_install']
[0.308s] Level 1:colcon.colcon_core.package_identification:_identify(.) by extension 'ignore'
[0.308s] Level 1:colcon.colcon_core.package_identification:_identify(.) by extension 'ignore_ament_install'
[0.308s] Level 1:colcon.colcon_core.package_identification:_identify(.) by extensions ['colcon_pkg']
[0.308s] Level 1:colcon.colcon_core.package_identification:_identify(.) by extension 'colcon_pkg'
[0.308s] Level 1:colcon.colcon_core.package_identification:_identify(.) by extensions ['colcon_meta']
[0.308s] Level 1:colcon.colcon_core.package_identification:_identify(.) by extension 'colcon_meta'
[0.308s] Level 1:colcon.colcon_core.package_identification:_identify(.) by extensions ['ros']
[0.308s] Level 1:colcon.colcon_core.package_identification:_identify(.) by extension 'ros'
[0.318s] Level 1:colcon.colcon_core.package_identification:_identify(.) by extensions ['cmake', 'python']
[0.318s] Level 1:colcon.colcon_core.package_identification:_identify(.) by extension 'cmake'
[0.318s] Level 1:colcon.colcon_core.package_identification:_identify(.) by extension 'python'
[0.318s] Level 1:colcon.colcon_core.package_identification:_identify(.) by extensions ['python_setup_py']
[0.318s] Level 1:colcon.colcon_core.package_identification:_identify(.) by extension 'python_setup_py'
[0.318s] Level 1:colcon.colcon_core.package_identification:_identify(autoware_auto_control_msgs) by extensions ['ignore', 'ignore_ament_install']
[0.318s] Level 1:colcon.colcon_core.package_identification:_identify(autoware_auto_control_msgs) by extension 'ignore'
[0.318s] Level 1:colcon.colcon_core.package_identification:_identify(autoware_auto_control_msgs) by extension 'ignore_ament_install'
[0.318s] Level 1:colcon.colcon_core.package_identification:_identify(autoware_auto_control_msgs) by extensions ['colcon_pkg']
[0.318s] Level 1:colcon.colcon_core.package_identification:_identify(autoware_auto_control_msgs) by extension 'colcon_pkg'
[0.318s] Level 1:colcon.colcon_core.package_identification:_identify(autoware_auto_control_msgs) by extensions ['colcon_meta']
[0.319s] Level 1:colcon.colcon_core.package_identification:_identify(autoware_auto_control_msgs) by extension 'colcon_meta'
[0.319s] Level 1:colcon.colcon_core.package_identification:_identify(autoware_auto_control_msgs) by extensions ['ros']
[0.319s] Level 1:colcon.colcon_core.package_identification:_identify(autoware_auto_control_msgs) by extension 'ros'
[0.320s] DEBUG:colcon.colcon_core.package_identification:Package 'autoware_auto_control_msgs' with type 'ros.ament_cmake' and name 'autoware_auto_control_msgs'
[0.320s] Level 1:colcon.colcon_core.package_identification:_identify(autoware_control_msgs) by extensions ['ignore', 'ignore_ament_install']
[0.320s] Level 1:colcon.colcon_core.package_identification:_identify(autoware_control_msgs) by extension 'ignore'
[0.320s] Level 1:colcon.colcon_core.package_identification:_identify(autoware_control_msgs) by extension 'ignore_ament_install'
[0.321s] Level 1:colcon.colcon_core.package_identification:_identify(autoware_control_msgs) by extensions ['colcon_pkg']
[0.321s] Level 1:colcon.colcon_core.package_identification:_identify(autoware_control_msgs) by extension 'colcon_pkg'
[0.321s] Level 1:colcon.colcon_core.package_identification:_identify(autoware_control_msgs) by extensions ['colcon_meta']
[0.321s] Level 1:colcon.colcon_core.package_identification:_identify(autoware_control_msgs) by extension 'colcon_meta'
[0.321s] Level 1:colcon.colcon_core.package_identification:_identify(autoware_control_msgs) by extensions ['ros']
[0.321s] Level 1:colcon.colcon_core.package_identification:_identify(autoware_control_msgs) by extension 'ros'
[0.321s] DEBUG:colcon.colcon_core.package_identification:Package 'autoware_control_msgs' with type 'ros.ament_cmake' and name 'autoware_control_msgs'
[0.321s] Level 1:colcon.colcon_core.package_identification:_identify(autoware_ros_bridge_carla) by extensions ['ignore', 'ignore_ament_install']
[0.321s] Level 1:colcon.colcon_core.package_identification:_identify(autoware_ros_bridge_carla) by extension 'ignore'
[0.321s] Level 1:colcon.colcon_core.package_identification:_identify(autoware_ros_bridge_carla) by extension 'ignore_ament_install'
[0.321s] Level 1:colcon.colcon_core.package_identification:_identify(autoware_ros_bridge_carla) by extensions ['colcon_pkg']
[0.321s] Level 1:colcon.colcon_core.package_identification:_identify(autoware_ros_bridge_carla) by extension 'colcon_pkg'
[0.321s] Level 1:colcon.colcon_core.package_identification:_identify(autoware_ros_bridge_carla) by extensions ['colcon_meta']
[0.321s] Level 1:colcon.colcon_core.package_identification:_identify(autoware_ros_bridge_carla) by extension 'colcon_meta'
[0.322s] Level 1:colcon.colcon_core.package_identification:_identify(autoware_ros_bridge_carla) by extensions ['ros']
[0.322s] Level 1:colcon.colcon_core.package_identification:_identify(autoware_ros_bridge_carla) by extension 'ros'
[0.322s] DEBUG:colcon.colcon_core.package_identification:Package 'autoware_ros_bridge_carla' with type 'ros.ament_cmake' and name 'autoware_ros_bridge_carla'
[0.322s] Level 1:colcon.colcon_core.package_identification:_identify(build) by extensions ['ignore', 'ignore_ament_install']
[0.322s] Level 1:colcon.colcon_core.package_identification:_identify(build) by extension 'ignore'
[0.322s] Level 1:colcon.colcon_core.package_identification:_identify(build) ignored
[0.322s] Level 1:colcon.colcon_core.package_identification:_identify(install) by extensions ['ignore', 'ignore_ament_install']
[0.322s] Level 1:colcon.colcon_core.package_identification:_identify(install) by extension 'ignore'
[0.322s] Level 1:colcon.colcon_core.package_identification:_identify(install) ignored
[0.322s] Level 1:colcon.colcon_core.package_identification:_identify(log) by extensions ['ignore', 'ignore_ament_install']
[0.322s] Level 1:colcon.colcon_core.package_identification:_identify(log) by extension 'ignore'
[0.323s] Level 1:colcon.colcon_core.package_identification:_identify(log) ignored
[0.323s] Level 1:colcon.colcon_core.package_discovery:discover_packages(recursive) using defaults
[0.323s] Level 1:colcon.colcon_core.package_discovery:discover_packages(ignore) discover
[0.323s] Level 1:colcon.colcon_core.package_discovery:discover_packages(ignore) using defaults
[0.323s] Level 1:colcon.colcon_core.package_discovery:discover_packages(path) discover
[0.323s] Level 1:colcon.colcon_core.package_discovery:discover_packages(path) using defaults
[0.341s] Level 1:colcon.colcon_core.package_discovery:discover_packages(prefix_path) check parameters
[0.341s] Level 1:colcon.colcon_core.package_discovery:discover_packages(prefix_path) discover
[0.343s] DEBUG:colcon.colcon_installed_package_information.package_discovery:Found 3 installed packages in /home/tasl/autoware.auto-ros-bridge/install
[0.345s] DEBUG:colcon.colcon_installed_package_information.package_discovery:Found 330 installed packages in /opt/ros/galactic
[0.346s] Level 1:colcon.colcon_core.package_discovery:discover_packages(prefix_path) using defaults
[0.409s] Level 5:colcon.colcon_core.verb:set package 'autoware_auto_control_msgs' build argument 'cmake_args' from command line to 'None'
[0.409s] Level 5:colcon.colcon_core.verb:set package 'autoware_auto_control_msgs' build argument 'cmake_target' from command line to 'None'
[0.409s] Level 5:colcon.colcon_core.verb:set package 'autoware_auto_control_msgs' build argument 'cmake_target_skip_unavailable' from command line to 'False'
[0.409s] Level 5:colcon.colcon_core.verb:set package 'autoware_auto_control_msgs' build argument 'cmake_clean_cache' from command line to 'False'
[0.409s] Level 5:colcon.colcon_core.verb:set package 'autoware_auto_control_msgs' build argument 'cmake_clean_first' from command line to 'False'
[0.409s] Level 5:colcon.colcon_core.verb:set package 'autoware_auto_control_msgs' build argument 'cmake_force_configure' from command line to 'False'
[0.409s] Level 5:colcon.colcon_core.verb:set package 'autoware_auto_control_msgs' build argument 'ament_cmake_args' from command line to 'None'
[0.409s] Level 5:colcon.colcon_core.verb:set package 'autoware_auto_control_msgs' build argument 'catkin_cmake_args' from command line to 'None'
[0.409s] Level 5:colcon.colcon_core.verb:set package 'autoware_auto_control_msgs' build argument 'catkin_skip_building_tests' from command line to 'False'
[0.409s] DEBUG:colcon.colcon_core.verb:Building package 'autoware_auto_control_msgs' with the following arguments: {'ament_cmake_args': None, 'build_base': '/home/tasl/autoware.auto-ros-bridge/build/autoware_auto_control_msgs', 'catkin_cmake_args': None, 'catkin_skip_building_tests': False, 'cmake_args': None, 'cmake_clean_cache': False, 'cmake_clean_first': False, 'cmake_force_configure': False, 'cmake_target': None, 'cmake_target_skip_unavailable': False, 'install_base': '/home/tasl/autoware.auto-ros-bridge/install/autoware_auto_control_msgs', 'merge_install': False, 'path': '/home/tasl/autoware.auto-ros-bridge/autoware_auto_control_msgs', 'symlink_install': False, 'test_result_base': None}
[0.410s] Level 5:colcon.colcon_core.verb:set package 'autoware_control_msgs' build argument 'cmake_args' from command line to 'None'
[0.410s] Level 5:colcon.colcon_core.verb:set package 'autoware_control_msgs' build argument 'cmake_target' from command line to 'None'
[0.410s] Level 5:colcon.colcon_core.verb:set package 'autoware_control_msgs' build argument 'cmake_target_skip_unavailable' from command line to 'False'
[0.410s] Level 5:colcon.colcon_core.verb:set package 'autoware_control_msgs' build argument 'cmake_clean_cache' from command line to 'False'
[0.410s] Level 5:colcon.colcon_core.verb:set package 'autoware_control_msgs' build argument 'cmake_clean_first' from command line to 'False'
[0.410s] Level 5:colcon.colcon_core.verb:set package 'autoware_control_msgs' build argument 'cmake_force_configure' from command line to 'False'
[0.410s] Level 5:colcon.colcon_core.verb:set package 'autoware_control_msgs' build argument 'ament_cmake_args' from command line to 'None'
[0.410s] Level 5:colcon.colcon_core.verb:set package 'autoware_control_msgs' build argument 'catkin_cmake_args' from command line to 'None'
[0.410s] Level 5:colcon.colcon_core.verb:set package 'autoware_control_msgs' build argument 'catkin_skip_building_tests' from command line to 'False'
[0.410s] DEBUG:colcon.colcon_core.verb:Building package 'autoware_control_msgs' with the following arguments: {'ament_cmake_args': None, 'build_base': '/home/tasl/autoware.auto-ros-bridge/build/autoware_control_msgs', 'catkin_cmake_args': None, 'catkin_skip_building_tests': False, 'cmake_args': None, 'cmake_clean_cache': False, 'cmake_clean_first': False, 'cmake_force_configure': False, 'cmake_target': None, 'cmake_target_skip_unavailable': False, 'install_base': '/home/tasl/autoware.auto-ros-bridge/install/autoware_control_msgs', 'merge_install': False, 'path': '/home/tasl/autoware.auto-ros-bridge/autoware_control_msgs', 'symlink_install': False, 'test_result_base': None}
[0.411s] Level 5:colcon.colcon_core.verb:set package 'autoware_ros_bridge_carla' build argument 'cmake_args' from command line to 'None'
[0.411s] Level 5:colcon.colcon_core.verb:set package 'autoware_ros_bridge_carla' build argument 'cmake_target' from command line to 'None'
[0.411s] Level 5:colcon.colcon_core.verb:set package 'autoware_ros_bridge_carla' build argument 'cmake_target_skip_unavailable' from command line to 'False'
[0.411s] Level 5:colcon.colcon_core.verb:set package 'autoware_ros_bridge_carla' build argument 'cmake_clean_cache' from command line to 'False'
[0.411s] Level 5:colcon.colcon_core.verb:set package 'autoware_ros_bridge_carla' build argument 'cmake_clean_first' from command line to 'False'
[0.411s] Level 5:colcon.colcon_core.verb:set package 'autoware_ros_bridge_carla' build argument 'cmake_force_configure' from command line to 'False'
[0.411s] Level 5:colcon.colcon_core.verb:set package 'autoware_ros_bridge_carla' build argument 'ament_cmake_args' from command line to 'None'
[0.411s] Level 5:colcon.colcon_core.verb:set package 'autoware_ros_bridge_carla' build argument 'catkin_cmake_args' from command line to 'None'
[0.411s] Level 5:colcon.colcon_core.verb:set package 'autoware_ros_bridge_carla' build argument 'catkin_skip_building_tests' from command line to 'False'
[0.411s] DEBUG:colcon.colcon_core.verb:Building package 'autoware_ros_bridge_carla' with the following arguments: {'ament_cmake_args': None, 'build_base': '/home/tasl/autoware.auto-ros-bridge/build/autoware_ros_bridge_carla', 'catkin_cmake_args': None, 'catkin_skip_building_tests': False, 'cmake_args': None, 'cmake_clean_cache': False, 'cmake_clean_first': False, 'cmake_force_configure': False, 'cmake_target': None, 'cmake_target_skip_unavailable': False, 'install_base': '/home/tasl/autoware.auto-ros-bridge/install/autoware_ros_bridge_carla', 'merge_install': False, 'path': '/home/tasl/autoware.auto-ros-bridge/autoware_ros_bridge_carla', 'symlink_install': False, 'test_result_base': None}
[0.412s] INFO:colcon.colcon_core.executor:Executing jobs using 'parallel' executor
[0.418s] DEBUG:colcon.colcon_parallel_executor.executor.parallel:run_until_complete
[0.418s] INFO:colcon.colcon_ros.task.ament_cmake.build:Building ROS package in '/home/tasl/autoware.auto-ros-bridge/autoware_auto_control_msgs' with build type 'ament_cmake'
[0.419s] INFO:colcon.colcon_cmake.task.cmake.build:Building CMake package in '/home/tasl/autoware.auto-ros-bridge/autoware_auto_control_msgs'
[0.423s] INFO:colcon.colcon_core.plugin_system:Skipping extension 'colcon_core.shell.bat': Not used on non-Windows systems
[0.423s] INFO:colcon.colcon_core.shell:Skip shell extension 'powershell' for command environment: Not usable outside of PowerShell
[0.423s] DEBUG:colcon.colcon_core.shell:Skip shell extension 'dsv' for command environment
[0.428s] INFO:colcon.colcon_ros.task.ament_cmake.build:Building ROS package in '/home/tasl/autoware.auto-ros-bridge/autoware_control_msgs' with build type 'ament_cmake'
[0.429s] INFO:colcon.colcon_cmake.task.cmake.build:Building CMake package in '/home/tasl/autoware.auto-ros-bridge/autoware_control_msgs'
[0.431s] INFO:colcon.colcon_core.shell:Skip shell extension 'powershell' for command environment: Not usable outside of PowerShell
[0.431s] DEBUG:colcon.colcon_core.shell:Skip shell extension 'dsv' for command environment
[0.442s] DEBUG:colcon.colcon_core.event_handler.log_command:Invoking command in '/home/tasl/autoware.auto-ros-bridge/build/autoware_auto_control_msgs': CMAKE_PREFIX_PATH=${CMAKE_PREFIX_PATH}:/opt/ros/galactic /usr/bin/cmake --build /home/tasl/autoware.auto-ros-bridge/build/autoware_auto_control_msgs -- -j16 -l16
[0.447s] DEBUG:colcon.colcon_core.event_handler.log_command:Invoking command in '/home/tasl/autoware.auto-ros-bridge/build/autoware_control_msgs': CMAKE_PREFIX_PATH=${CMAKE_PREFIX_PATH}:/opt/ros/galactic /usr/bin/cmake --build /home/tasl/autoware.auto-ros-bridge/build/autoware_control_msgs -- -j16 -l16
[0.620s] DEBUG:colcon.colcon_core.event_handler.log_command:Invoked command in '/home/tasl/autoware.auto-ros-bridge/build/autoware_auto_control_msgs' returned '0': CMAKE_PREFIX_PATH=${CMAKE_PREFIX_PATH}:/opt/ros/galactic /usr/bin/cmake --build /home/tasl/autoware.auto-ros-bridge/build/autoware_auto_control_msgs -- -j16 -l16
[0.622s] DEBUG:colcon.colcon_core.event_handler.log_command:Invoked command in '/home/tasl/autoware.auto-ros-bridge/build/autoware_control_msgs' returned '0': CMAKE_PREFIX_PATH=${CMAKE_PREFIX_PATH}:/opt/ros/galactic /usr/bin/cmake --build /home/tasl/autoware.auto-ros-bridge/build/autoware_control_msgs -- -j16 -l16
[0.682s] DEBUG:colcon.colcon_core.event_handler.log_command:Invoking command in '/home/tasl/autoware.auto-ros-bridge/build/autoware_auto_control_msgs': CMAKE_PREFIX_PATH=${CMAKE_PREFIX_PATH}:/opt/ros/galactic /usr/bin/cmake --install /home/tasl/autoware.auto-ros-bridge/build/autoware_auto_control_msgs
[0.685s] DEBUG:colcon.colcon_core.event_handler.log_command:Invoking command in '/home/tasl/autoware.auto-ros-bridge/build/autoware_control_msgs': CMAKE_PREFIX_PATH=${CMAKE_PREFIX_PATH}:/opt/ros/galactic /usr/bin/cmake --install /home/tasl/autoware.auto-ros-bridge/build/autoware_control_msgs
[0.722s] Level 1:colcon.colcon_core.environment:create_environment_scripts_only(autoware_auto_control_msgs)
[0.730s] Level 1:colcon.colcon_core.environment:checking '/home/tasl/autoware.auto-ros-bridge/install/autoware_auto_control_msgs' for CMake module files
[0.730s] Level 1:colcon.colcon_core.environment:checking '/home/tasl/autoware.auto-ros-bridge/install/autoware_auto_control_msgs' for CMake config files
[0.732s] DEBUG:colcon.colcon_core.event_handler.log_command:Invoked command in '/home/tasl/autoware.auto-ros-bridge/build/autoware_auto_control_msgs' returned '0': CMAKE_PREFIX_PATH=${CMAKE_PREFIX_PATH}:/opt/ros/galactic /usr/bin/cmake --install /home/tasl/autoware.auto-ros-bridge/build/autoware_auto_control_msgs
[0.732s] Level 1:colcon.colcon_core.shell:create_environment_hook('autoware_auto_control_msgs', 'cmake_prefix_path')
[0.734s] INFO:colcon.colcon_core.shell:Creating environment hook '/home/tasl/autoware.auto-ros-bridge/install/autoware_auto_control_msgs/share/autoware_auto_control_msgs/hook/cmake_prefix_path.ps1'
[0.734s] INFO:colcon.colcon_core.shell:Creating environment descriptor '/home/tasl/autoware.auto-ros-bridge/install/autoware_auto_control_msgs/share/autoware_auto_control_msgs/hook/cmake_prefix_path.dsv'
[0.735s] INFO:colcon.colcon_core.shell:Creating environment hook '/home/tasl/autoware.auto-ros-bridge/install/autoware_auto_control_msgs/share/autoware_auto_control_msgs/hook/cmake_prefix_path.sh'
[0.735s] Level 1:colcon.colcon_core.environment:checking '/home/tasl/autoware.auto-ros-bridge/install/autoware_auto_control_msgs/lib'
[0.735s] Level 1:colcon.colcon_core.shell:create_environment_hook('autoware_auto_control_msgs', 'ld_library_path_lib')
[0.737s] INFO:colcon.colcon_core.shell:Creating environment hook '/home/tasl/autoware.auto-ros-bridge/install/autoware_auto_control_msgs/share/autoware_auto_control_msgs/hook/ld_library_path_lib.ps1'
[0.738s] INFO:colcon.colcon_core.shell:Creating environment descriptor '/home/tasl/autoware.auto-ros-bridge/install/autoware_auto_control_msgs/share/autoware_auto_control_msgs/hook/ld_library_path_lib.dsv'
[0.738s] INFO:colcon.colcon_core.shell:Creating environment hook '/home/tasl/autoware.auto-ros-bridge/install/autoware_auto_control_msgs/share/autoware_auto_control_msgs/hook/ld_library_path_lib.sh'
[0.738s] Level 1:colcon.colcon_core.environment:checking '/home/tasl/autoware.auto-ros-bridge/install/autoware_auto_control_msgs/bin'
[0.738s] Level 1:colcon.colcon_core.environment:checking '/home/tasl/autoware.auto-ros-bridge/install/autoware_auto_control_msgs/lib/pkgconfig/autoware_auto_control_msgs.pc'
[0.738s] Level 1:colcon.colcon_core.environment:checking '/home/tasl/autoware.auto-ros-bridge/install/autoware_auto_control_msgs/lib/python3.8/site-packages'
[0.738s] Level 1:colcon.colcon_core.shell:create_environment_hook('autoware_auto_control_msgs', 'pythonpath')
[0.740s] INFO:colcon.colcon_core.shell:Creating environment hook '/home/tasl/autoware.auto-ros-bridge/install/autoware_auto_control_msgs/share/autoware_auto_control_msgs/hook/pythonpath.ps1'
[0.741s] INFO:colcon.colcon_core.shell:Creating environment descriptor '/home/tasl/autoware.auto-ros-bridge/install/autoware_auto_control_msgs/share/autoware_auto_control_msgs/hook/pythonpath.dsv'
[0.741s] INFO:colcon.colcon_core.shell:Creating environment hook '/home/tasl/autoware.auto-ros-bridge/install/autoware_auto_control_msgs/share/autoware_auto_control_msgs/hook/pythonpath.sh'
[0.741s] Level 1:colcon.colcon_core.environment:checking '/home/tasl/autoware.auto-ros-bridge/install/autoware_auto_control_msgs/bin'
[0.743s] INFO:colcon.colcon_core.shell:Creating package script '/home/tasl/autoware.auto-ros-bridge/install/autoware_auto_control_msgs/share/autoware_auto_control_msgs/package.ps1'
[0.744s] INFO:colcon.colcon_core.shell:Creating package descriptor '/home/tasl/autoware.auto-ros-bridge/install/autoware_auto_control_msgs/share/autoware_auto_control_msgs/package.dsv'
[0.744s] INFO:colcon.colcon_core.shell:Creating package script '/home/tasl/autoware.auto-ros-bridge/install/autoware_auto_control_msgs/share/autoware_auto_control_msgs/package.sh'
[0.745s] INFO:colcon.colcon_core.shell:Creating package script '/home/tasl/autoware.auto-ros-bridge/install/autoware_auto_control_msgs/share/autoware_auto_control_msgs/package.bash'
[0.746s] INFO:colcon.colcon_core.shell:Creating package script '/home/tasl/autoware.auto-ros-bridge/install/autoware_auto_control_msgs/share/autoware_auto_control_msgs/package.zsh'
[0.746s] Level 1:colcon.colcon_core.environment:create_file_with_runtime_dependencies(/home/tasl/autoware.auto-ros-bridge/install/autoware_auto_control_msgs/share/colcon-core/packages/autoware_auto_control_msgs)
[0.748s] Level 1:colcon.colcon_core.environment:create_environment_scripts_only(autoware_control_msgs)
[0.752s] Level 1:colcon.colcon_core.environment:checking '/home/tasl/autoware.auto-ros-bridge/install/autoware_control_msgs' for CMake module files
[0.752s] DEBUG:colcon.colcon_core.event_handler.log_command:Invoked command in '/home/tasl/autoware.auto-ros-bridge/build/autoware_control_msgs' returned '0': CMAKE_PREFIX_PATH=${CMAKE_PREFIX_PATH}:/opt/ros/galactic /usr/bin/cmake --install /home/tasl/autoware.auto-ros-bridge/build/autoware_control_msgs
[0.753s] Level 1:colcon.colcon_core.environment:checking '/home/tasl/autoware.auto-ros-bridge/install/autoware_control_msgs' for CMake config files
[0.753s] Level 1:colcon.colcon_core.shell:create_environment_hook('autoware_control_msgs', 'cmake_prefix_path')
[0.755s] INFO:colcon.colcon_core.shell:Creating environment hook '/home/tasl/autoware.auto-ros-bridge/install/autoware_control_msgs/share/autoware_control_msgs/hook/cmake_prefix_path.ps1'
[0.755s] INFO:colcon.colcon_core.shell:Creating environment descriptor '/home/tasl/autoware.auto-ros-bridge/install/autoware_control_msgs/share/autoware_control_msgs/hook/cmake_prefix_path.dsv'
[0.756s] INFO:colcon.colcon_core.shell:Creating environment hook '/home/tasl/autoware.auto-ros-bridge/install/autoware_control_msgs/share/autoware_control_msgs/hook/cmake_prefix_path.sh'
[0.756s] Level 1:colcon.colcon_core.environment:checking '/home/tasl/autoware.auto-ros-bridge/install/autoware_control_msgs/lib'
[0.756s] Level 1:colcon.colcon_core.shell:create_environment_hook('autoware_control_msgs', 'ld_library_path_lib')
[0.758s] INFO:colcon.colcon_core.shell:Creating environment hook '/home/tasl/autoware.auto-ros-bridge/install/autoware_control_msgs/share/autoware_control_msgs/hook/ld_library_path_lib.ps1'
[0.758s] INFO:colcon.colcon_core.shell:Creating environment descriptor '/home/tasl/autoware.auto-ros-bridge/install/autoware_control_msgs/share/autoware_control_msgs/hook/ld_library_path_lib.dsv'
[0.759s] INFO:colcon.colcon_core.shell:Creating environment hook '/home/tasl/autoware.auto-ros-bridge/install/autoware_control_msgs/share/autoware_control_msgs/hook/ld_library_path_lib.sh'
[0.759s] Level 1:colcon.colcon_core.environment:checking '/home/tasl/autoware.auto-ros-bridge/install/autoware_control_msgs/bin'
[0.759s] Level 1:colcon.colcon_core.environment:checking '/home/tasl/autoware.auto-ros-bridge/install/autoware_control_msgs/lib/pkgconfig/autoware_control_msgs.pc'
[0.759s] Level 1:colcon.colcon_core.environment:checking '/home/tasl/autoware.auto-ros-bridge/install/autoware_control_msgs/lib/python3.8/site-packages'
[0.759s] Level 1:colcon.colcon_core.shell:create_environment_hook('autoware_control_msgs', 'pythonpath')
[0.761s] INFO:colcon.colcon_core.shell:Creating environment hook '/home/tasl/autoware.auto-ros-bridge/install/autoware_control_msgs/share/autoware_control_msgs/hook/pythonpath.ps1'
[0.762s] INFO:colcon.colcon_core.shell:Creating environment descriptor '/home/tasl/autoware.auto-ros-bridge/install/autoware_control_msgs/share/autoware_control_msgs/hook/pythonpath.dsv'
[0.762s] INFO:colcon.colcon_core.shell:Creating environment hook '/home/tasl/autoware.auto-ros-bridge/install/autoware_control_msgs/share/autoware_control_msgs/hook/pythonpath.sh'
[0.762s] Level 1:colcon.colcon_core.environment:checking '/home/tasl/autoware.auto-ros-bridge/install/autoware_control_msgs/bin'
[0.764s] INFO:colcon.colcon_core.shell:Creating package script '/home/tasl/autoware.auto-ros-bridge/install/autoware_control_msgs/share/autoware_control_msgs/package.ps1'
[0.765s] INFO:colcon.colcon_core.shell:Creating package descriptor '/home/tasl/autoware.auto-ros-bridge/install/autoware_control_msgs/share/autoware_control_msgs/package.dsv'
[0.765s] INFO:colcon.colcon_core.shell:Creating package script '/home/tasl/autoware.auto-ros-bridge/install/autoware_control_msgs/share/autoware_control_msgs/package.sh'
[0.765s] INFO:colcon.colcon_core.shell:Creating package script '/home/tasl/autoware.auto-ros-bridge/install/autoware_control_msgs/share/autoware_control_msgs/package.bash'
[0.766s] INFO:colcon.colcon_core.shell:Creating package script '/home/tasl/autoware.auto-ros-bridge/install/autoware_control_msgs/share/autoware_control_msgs/package.zsh'
[0.766s] Level 1:colcon.colcon_core.environment:create_file_with_runtime_dependencies(/home/tasl/autoware.auto-ros-bridge/install/autoware_control_msgs/share/colcon-core/packages/autoware_control_msgs)
[0.803s] Level 1:colcon.colcon_core.environment:create_environment_scripts_only(autoware_auto_control_msgs)
[0.806s] Level 1:colcon.colcon_core.environment:checking '/home/tasl/autoware.auto-ros-bridge/install/autoware_auto_control_msgs' for CMake module files
[0.807s] Level 1:colcon.colcon_core.environment:checking '/home/tasl/autoware.auto-ros-bridge/install/autoware_auto_control_msgs' for CMake config files
[0.807s] Level 1:colcon.colcon_core.shell:create_environment_hook('autoware_auto_control_msgs', 'cmake_prefix_path')
[0.809s] INFO:colcon.colcon_core.shell:Creating environment hook '/home/tasl/autoware.auto-ros-bridge/install/autoware_auto_control_msgs/share/autoware_auto_control_msgs/hook/cmake_prefix_path.ps1'
[0.810s] INFO:colcon.colcon_core.shell:Creating environment descriptor '/home/tasl/autoware.auto-ros-bridge/install/autoware_auto_control_msgs/share/autoware_auto_control_msgs/hook/cmake_prefix_path.dsv'
[0.810s] INFO:colcon.colcon_core.shell:Creating environment hook '/home/tasl/autoware.auto-ros-bridge/install/autoware_auto_control_msgs/share/autoware_auto_control_msgs/hook/cmake_prefix_path.sh'
[0.810s] Level 1:colcon.colcon_core.environment:checking '/home/tasl/autoware.auto-ros-bridge/install/autoware_auto_control_msgs/lib'
[0.811s] Level 1:colcon.colcon_core.shell:create_environment_hook('autoware_auto_control_msgs', 'ld_library_path_lib')
[0.813s] INFO:colcon.colcon_core.shell:Creating environment hook '/home/tasl/autoware.auto-ros-bridge/install/autoware_auto_control_msgs/share/autoware_auto_control_msgs/hook/ld_library_path_lib.ps1'
[0.813s] INFO:colcon.colcon_core.shell:Creating environment descriptor '/home/tasl/autoware.auto-ros-bridge/install/autoware_auto_control_msgs/share/autoware_auto_control_msgs/hook/ld_library_path_lib.dsv'
[0.813s] INFO:colcon.colcon_core.shell:Creating environment hook '/home/tasl/autoware.auto-ros-bridge/install/autoware_auto_control_msgs/share/autoware_auto_control_msgs/hook/ld_library_path_lib.sh'
[0.814s] Level 1:colcon.colcon_core.environment:checking '/home/tasl/autoware.auto-ros-bridge/install/autoware_auto_control_msgs/bin'
[0.814s] Level 1:colcon.colcon_core.environment:checking '/home/tasl/autoware.auto-ros-bridge/install/autoware_auto_control_msgs/lib/pkgconfig/autoware_auto_control_msgs.pc'
[0.814s] Level 1:colcon.colcon_core.environment:checking '/home/tasl/autoware.auto-ros-bridge/install/autoware_auto_control_msgs/lib/python3.8/site-packages'
[0.814s] Level 1:colcon.colcon_core.shell:create_environment_hook('autoware_auto_control_msgs', 'pythonpath')
[0.816s] INFO:colcon.colcon_core.shell:Creating environment hook '/home/tasl/autoware.auto-ros-bridge/install/autoware_auto_control_msgs/share/autoware_auto_control_msgs/hook/pythonpath.ps1'
[0.817s] INFO:colcon.colcon_core.shell:Creating environment descriptor '/home/tasl/autoware.auto-ros-bridge/install/autoware_auto_control_msgs/share/autoware_auto_control_msgs/hook/pythonpath.dsv'
[0.817s] INFO:colcon.colcon_core.shell:Creating environment hook '/home/tasl/autoware.auto-ros-bridge/install/autoware_auto_control_msgs/share/autoware_auto_control_msgs/hook/pythonpath.sh'
[0.817s] Level 1:colcon.colcon_core.environment:checking '/home/tasl/autoware.auto-ros-bridge/install/autoware_auto_control_msgs/bin'
[0.820s] INFO:colcon.colcon_core.shell:Creating package script '/home/tasl/autoware.auto-ros-bridge/install/autoware_auto_control_msgs/share/autoware_auto_control_msgs/package.ps1'
[0.820s] INFO:colcon.colcon_core.shell:Creating package descriptor '/home/tasl/autoware.auto-ros-bridge/install/autoware_auto_control_msgs/share/autoware_auto_control_msgs/package.dsv'
[0.821s] INFO:colcon.colcon_core.shell:Creating package script '/home/tasl/autoware.auto-ros-bridge/install/autoware_auto_control_msgs/share/autoware_auto_control_msgs/package.sh'
[0.821s] INFO:colcon.colcon_core.shell:Creating package script '/home/tasl/autoware.auto-ros-bridge/install/autoware_auto_control_msgs/share/autoware_auto_control_msgs/package.bash'
[0.821s] INFO:colcon.colcon_core.shell:Creating package script '/home/tasl/autoware.auto-ros-bridge/install/autoware_auto_control_msgs/share/autoware_auto_control_msgs/package.zsh'
[0.822s] Level 1:colcon.colcon_core.environment:create_file_with_runtime_dependencies(/home/tasl/autoware.auto-ros-bridge/install/autoware_auto_control_msgs/share/colcon-core/packages/autoware_auto_control_msgs)
[0.824s] Level 1:colcon.colcon_core.environment:create_environment_scripts_only(autoware_control_msgs)
[0.827s] Level 1:colcon.colcon_core.environment:checking '/home/tasl/autoware.auto-ros-bridge/install/autoware_control_msgs' for CMake module files
[0.828s] Level 1:colcon.colcon_core.environment:checking '/home/tasl/autoware.auto-ros-bridge/install/autoware_control_msgs' for CMake config files
[0.828s] Level 1:colcon.colcon_core.shell:create_environment_hook('autoware_control_msgs', 'cmake_prefix_path')
[0.830s] INFO:colcon.colcon_core.shell:Creating environment hook '/home/tasl/autoware.auto-ros-bridge/install/autoware_control_msgs/share/autoware_control_msgs/hook/cmake_prefix_path.ps1'
[0.831s] INFO:colcon.colcon_core.shell:Creating environment descriptor '/home/tasl/autoware.auto-ros-bridge/install/autoware_control_msgs/share/autoware_control_msgs/hook/cmake_prefix_path.dsv'
[0.831s] INFO:colcon.colcon_core.shell:Creating environment hook '/home/tasl/autoware.auto-ros-bridge/install/autoware_control_msgs/share/autoware_control_msgs/hook/cmake_prefix_path.sh'
[0.831s] Level 1:colcon.colcon_core.environment:checking '/home/tasl/autoware.auto-ros-bridge/install/autoware_control_msgs/lib'
[0.831s] Level 1:colcon.colcon_core.shell:create_environment_hook('autoware_control_msgs', 'ld_library_path_lib')
[0.833s] INFO:colcon.colcon_core.shell:Creating environment hook '/home/tasl/autoware.auto-ros-bridge/install/autoware_control_msgs/share/autoware_control_msgs/hook/ld_library_path_lib.ps1'
[0.834s] INFO:colcon.colcon_core.shell:Creating environment descriptor '/home/tasl/autoware.auto-ros-bridge/install/autoware_control_msgs/share/autoware_control_msgs/hook/ld_library_path_lib.dsv'
[0.834s] INFO:colcon.colcon_core.shell:Creating environment hook '/home/tasl/autoware.auto-ros-bridge/install/autoware_control_msgs/share/autoware_control_msgs/hook/ld_library_path_lib.sh'
[0.834s] Level 1:colcon.colcon_core.environment:checking '/home/tasl/autoware.auto-ros-bridge/install/autoware_control_msgs/bin'
[0.834s] Level 1:colcon.colcon_core.environment:checking '/home/tasl/autoware.auto-ros-bridge/install/autoware_control_msgs/lib/pkgconfig/autoware_control_msgs.pc'
[0.834s] Level 1:colcon.colcon_core.environment:checking '/home/tasl/autoware.auto-ros-bridge/install/autoware_control_msgs/lib/python3.8/site-packages'
[0.834s] Level 1:colcon.colcon_core.shell:create_environment_hook('autoware_control_msgs', 'pythonpath')
[0.836s] INFO:colcon.colcon_core.shell:Creating environment hook '/home/tasl/autoware.auto-ros-bridge/install/autoware_control_msgs/share/autoware_control_msgs/hook/pythonpath.ps1'
[0.837s] INFO:colcon.colcon_core.shell:Creating environment descriptor '/home/tasl/autoware.auto-ros-bridge/install/autoware_control_msgs/share/autoware_control_msgs/hook/pythonpath.dsv'
[0.837s] INFO:colcon.colcon_core.shell:Creating environment hook '/home/tasl/autoware.auto-ros-bridge/install/autoware_control_msgs/share/autoware_control_msgs/hook/pythonpath.sh'
[0.837s] Level 1:colcon.colcon_core.environment:checking '/home/tasl/autoware.auto-ros-bridge/install/autoware_control_msgs/bin'
[0.839s] INFO:colcon.colcon_core.shell:Creating package script '/home/tasl/autoware.auto-ros-bridge/install/autoware_control_msgs/share/autoware_control_msgs/package.ps1'
[0.840s] INFO:colcon.colcon_core.shell:Creating package descriptor '/home/tasl/autoware.auto-ros-bridge/install/autoware_control_msgs/share/autoware_control_msgs/package.dsv'
[0.840s] INFO:colcon.colcon_core.shell:Creating package script '/home/tasl/autoware.auto-ros-bridge/install/autoware_control_msgs/share/autoware_control_msgs/package.sh'
[0.840s] INFO:colcon.colcon_core.shell:Creating package script '/home/tasl/autoware.auto-ros-bridge/install/autoware_control_msgs/share/autoware_control_msgs/package.bash'
[0.841s] INFO:colcon.colcon_core.shell:Creating package script '/home/tasl/autoware.auto-ros-bridge/install/autoware_control_msgs/share/autoware_control_msgs/package.zsh'
[0.841s] Level 1:colcon.colcon_core.environment:create_file_with_runtime_dependencies(/home/tasl/autoware.auto-ros-bridge/install/autoware_control_msgs/share/colcon-core/packages/autoware_control_msgs)
[0.841s] INFO:colcon.colcon_ros.task.ament_cmake.build:Building ROS package in '/home/tasl/autoware.auto-ros-bridge/autoware_ros_bridge_carla' with build type 'ament_cmake'
[0.841s] INFO:colcon.colcon_cmake.task.cmake.build:Building CMake package in '/home/tasl/autoware.auto-ros-bridge/autoware_ros_bridge_carla'
[0.843s] INFO:colcon.colcon_core.shell:Skip shell extension 'powershell' for command environment: Not usable outside of PowerShell
[0.844s] DEBUG:colcon.colcon_core.shell:Skip shell extension 'dsv' for command environment
[0.856s] DEBUG:colcon.colcon_core.event_handler.log_command:Invoking command in '/home/tasl/autoware.auto-ros-bridge/build/autoware_ros_bridge_carla': CMAKE_PREFIX_PATH=/home/tasl/autoware.auto-ros-bridge/install/autoware_control_msgs:/home/tasl/autoware.auto-ros-bridge/install/autoware_auto_control_msgs:/home/tasl/autoware.auto-ros-bridge/install/autoware_ros_bridge_carla:/opt/ros/galactic LD_LIBRARY_PATH=/home/tasl/autoware.auto-ros-bridge/install/autoware_control_msgs/lib:/home/tasl/autoware.auto-ros-bridge/install/autoware_auto_control_msgs/lib:/opt/ros/galactic/opt/yaml_cpp_vendor/lib:/opt/ros/galactic/opt/rviz_ogre_vendor/lib:/opt/ros/galactic/lib/x86_64-linux-gnu:/opt/ros/galactic/lib PYTHONPATH=/home/tasl/autoware.auto-ros-bridge/install/autoware_control_msgs/lib/python3.8/site-packages:/home/tasl/autoware.auto-ros-bridge/install/autoware_auto_control_msgs/lib/python3.8/site-packages:/opt/ros/galactic/lib/python3.8/site-packages /usr/bin/cmake --build /home/tasl/autoware.auto-ros-bridge/build/autoware_ros_bridge_carla -- -j16 -l16
[1.803s] DEBUG:colcon.colcon_core.event_handler.log_command:Invoked command in '/home/tasl/autoware.auto-ros-bridge/build/autoware_ros_bridge_carla' returned '0': CMAKE_PREFIX_PATH=/home/tasl/autoware.auto-ros-bridge/install/autoware_control_msgs:/home/tasl/autoware.auto-ros-bridge/install/autoware_auto_control_msgs:/home/tasl/autoware.auto-ros-bridge/install/autoware_ros_bridge_carla:/opt/ros/galactic LD_LIBRARY_PATH=/home/tasl/autoware.auto-ros-bridge/install/autoware_control_msgs/lib:/home/tasl/autoware.auto-ros-bridge/install/autoware_auto_control_msgs/lib:/opt/ros/galactic/opt/yaml_cpp_vendor/lib:/opt/ros/galactic/opt/rviz_ogre_vendor/lib:/opt/ros/galactic/lib/x86_64-linux-gnu:/opt/ros/galactic/lib PYTHONPATH=/home/tasl/autoware.auto-ros-bridge/install/autoware_control_msgs/lib/python3.8/site-packages:/home/tasl/autoware.auto-ros-bridge/install/autoware_auto_control_msgs/lib/python3.8/site-packages:/opt/ros/galactic/lib/python3.8/site-packages /usr/bin/cmake --build /home/tasl/autoware.auto-ros-bridge/build/autoware_ros_bridge_carla -- -j16 -l16
[1.819s] DEBUG:colcon.colcon_core.event_handler.log_command:Invoking command in '/home/tasl/autoware.auto-ros-bridge/build/autoware_ros_bridge_carla': CMAKE_PREFIX_PATH=/home/tasl/autoware.auto-ros-bridge/install/autoware_control_msgs:/home/tasl/autoware.auto-ros-bridge/install/autoware_auto_control_msgs:/home/tasl/autoware.auto-ros-bridge/install/autoware_ros_bridge_carla:/opt/ros/galactic LD_LIBRARY_PATH=/home/tasl/autoware.auto-ros-bridge/install/autoware_control_msgs/lib:/home/tasl/autoware.auto-ros-bridge/install/autoware_auto_control_msgs/lib:/opt/ros/galactic/opt/yaml_cpp_vendor/lib:/opt/ros/galactic/opt/rviz_ogre_vendor/lib:/opt/ros/galactic/lib/x86_64-linux-gnu:/opt/ros/galactic/lib PYTHONPATH=/home/tasl/autoware.auto-ros-bridge/install/autoware_control_msgs/lib/python3.8/site-packages:/home/tasl/autoware.auto-ros-bridge/install/autoware_auto_control_msgs/lib/python3.8/site-packages:/opt/ros/galactic/lib/python3.8/site-packages /usr/bin/cmake --install /home/tasl/autoware.auto-ros-bridge/build/autoware_ros_bridge_carla
[1.827s] Level 1:colcon.colcon_core.environment:create_environment_scripts_only(autoware_ros_bridge_carla)
[1.830s] Level 1:colcon.colcon_core.environment:checking '/home/tasl/autoware.auto-ros-bridge/install/autoware_ros_bridge_carla' for CMake module files
[1.830s] DEBUG:colcon.colcon_core.event_handler.log_command:Invoked command in '/home/tasl/autoware.auto-ros-bridge/build/autoware_ros_bridge_carla' returned '0': CMAKE_PREFIX_PATH=/home/tasl/autoware.auto-ros-bridge/install/autoware_control_msgs:/home/tasl/autoware.auto-ros-bridge/install/autoware_auto_control_msgs:/home/tasl/autoware.auto-ros-bridge/install/autoware_ros_bridge_carla:/opt/ros/galactic LD_LIBRARY_PATH=/home/tasl/autoware.auto-ros-bridge/install/autoware_control_msgs/lib:/home/tasl/autoware.auto-ros-bridge/install/autoware_auto_control_msgs/lib:/opt/ros/galactic/opt/yaml_cpp_vendor/lib:/opt/ros/galactic/opt/rviz_ogre_vendor/lib:/opt/ros/galactic/lib/x86_64-linux-gnu:/opt/ros/galactic/lib PYTHONPATH=/home/tasl/autoware.auto-ros-bridge/install/autoware_control_msgs/lib/python3.8/site-packages:/home/tasl/autoware.auto-ros-bridge/install/autoware_auto_control_msgs/lib/python3.8/site-packages:/opt/ros/galactic/lib/python3.8/site-packages /usr/bin/cmake --install /home/tasl/autoware.auto-ros-bridge/build/autoware_ros_bridge_carla
[1.831s] Level 1:colcon.colcon_core.environment:checking '/home/tasl/autoware.auto-ros-bridge/install/autoware_ros_bridge_carla' for CMake config files
[1.831s] Level 1:colcon.colcon_core.shell:create_environment_hook('autoware_ros_bridge_carla', 'cmake_prefix_path')
[1.833s] INFO:colcon.colcon_core.shell:Creating environment hook '/home/tasl/autoware.auto-ros-bridge/install/autoware_ros_bridge_carla/share/autoware_ros_bridge_carla/hook/cmake_prefix_path.ps1'
[1.833s] INFO:colcon.colcon_core.shell:Creating environment descriptor '/home/tasl/autoware.auto-ros-bridge/install/autoware_ros_bridge_carla/share/autoware_ros_bridge_carla/hook/cmake_prefix_path.dsv'
[1.834s] INFO:colcon.colcon_core.shell:Creating environment hook '/home/tasl/autoware.auto-ros-bridge/install/autoware_ros_bridge_carla/share/autoware_ros_bridge_carla/hook/cmake_prefix_path.sh'
[1.834s] Level 1:colcon.colcon_core.environment:checking '/home/tasl/autoware.auto-ros-bridge/install/autoware_ros_bridge_carla/lib'
[1.834s] Level 1:colcon.colcon_core.environment:checking '/home/tasl/autoware.auto-ros-bridge/install/autoware_ros_bridge_carla/bin'
[1.834s] Level 1:colcon.colcon_core.environment:checking '/home/tasl/autoware.auto-ros-bridge/install/autoware_ros_bridge_carla/lib/pkgconfig/autoware_ros_bridge_carla.pc'
[1.834s] Level 1:colcon.colcon_core.environment:checking '/home/tasl/autoware.auto-ros-bridge/install/autoware_ros_bridge_carla/lib/python3.8/site-packages'
[1.834s] Level 1:colcon.colcon_core.environment:checking '/home/tasl/autoware.auto-ros-bridge/install/autoware_ros_bridge_carla/bin'
[1.836s] INFO:colcon.colcon_core.shell:Creating package script '/home/tasl/autoware.auto-ros-bridge/install/autoware_ros_bridge_carla/share/autoware_ros_bridge_carla/package.ps1'
[1.837s] INFO:colcon.colcon_core.shell:Creating package descriptor '/home/tasl/autoware.auto-ros-bridge/install/autoware_ros_bridge_carla/share/autoware_ros_bridge_carla/package.dsv'
[1.837s] INFO:colcon.colcon_core.shell:Creating package script '/home/tasl/autoware.auto-ros-bridge/install/autoware_ros_bridge_carla/share/autoware_ros_bridge_carla/package.sh'
[1.837s] INFO:colcon.colcon_core.shell:Creating package script '/home/tasl/autoware.auto-ros-bridge/install/autoware_ros_bridge_carla/share/autoware_ros_bridge_carla/package.bash'
[1.838s] INFO:colcon.colcon_core.shell:Creating package script '/home/tasl/autoware.auto-ros-bridge/install/autoware_ros_bridge_carla/share/autoware_ros_bridge_carla/package.zsh'
[1.838s] Level 1:colcon.colcon_core.environment:create_file_with_runtime_dependencies(/home/tasl/autoware.auto-ros-bridge/install/autoware_ros_bridge_carla/share/colcon-core/packages/autoware_ros_bridge_carla)
[1.856s] Level 1:colcon.colcon_core.environment:create_environment_scripts_only(autoware_ros_bridge_carla)
[1.859s] Level 1:colcon.colcon_core.environment:checking '/home/tasl/autoware.auto-ros-bridge/install/autoware_ros_bridge_carla' for CMake module files
[1.860s] Level 1:colcon.colcon_core.environment:checking '/home/tasl/autoware.auto-ros-bridge/install/autoware_ros_bridge_carla' for CMake config files
[1.860s] Level 1:colcon.colcon_core.shell:create_environment_hook('autoware_ros_bridge_carla', 'cmake_prefix_path')
[1.862s] INFO:colcon.colcon_core.shell:Creating environment hook '/home/tasl/autoware.auto-ros-bridge/install/autoware_ros_bridge_carla/share/autoware_ros_bridge_carla/hook/cmake_prefix_path.ps1'
[1.862s] INFO:colcon.colcon_core.shell:Creating environment descriptor '/home/tasl/autoware.auto-ros-bridge/install/autoware_ros_bridge_carla/share/autoware_ros_bridge_carla/hook/cmake_prefix_path.dsv'
[1.862s] INFO:colcon.colcon_core.shell:Creating environment hook '/home/tasl/autoware.auto-ros-bridge/install/autoware_ros_bridge_carla/share/autoware_ros_bridge_carla/hook/cmake_prefix_path.sh'
[1.863s] Level 1:colcon.colcon_core.environment:checking '/home/tasl/autoware.auto-ros-bridge/install/autoware_ros_bridge_carla/lib'
[1.863s] Level 1:colcon.colcon_core.environment:checking '/home/tasl/autoware.auto-ros-bridge/install/autoware_ros_bridge_carla/bin'
[1.863s] Level 1:colcon.colcon_core.environment:checking '/home/tasl/autoware.auto-ros-bridge/install/autoware_ros_bridge_carla/lib/pkgconfig/autoware_ros_bridge_carla.pc'
[1.863s] Level 1:colcon.colcon_core.environment:checking '/home/tasl/autoware.auto-ros-bridge/install/autoware_ros_bridge_carla/lib/python3.8/site-packages'
[1.863s] Level 1:colcon.colcon_core.environment:checking '/home/tasl/autoware.auto-ros-bridge/install/autoware_ros_bridge_carla/bin'
[1.865s] INFO:colcon.colcon_core.shell:Creating package script '/home/tasl/autoware.auto-ros-bridge/install/autoware_ros_bridge_carla/share/autoware_ros_bridge_carla/package.ps1'
[1.866s] INFO:colcon.colcon_core.shell:Creating package descriptor '/home/tasl/autoware.auto-ros-bridge/install/autoware_ros_bridge_carla/share/autoware_ros_bridge_carla/package.dsv'
[1.866s] INFO:colcon.colcon_core.shell:Creating package script '/home/tasl/autoware.auto-ros-bridge/install/autoware_ros_bridge_carla/share/autoware_ros_bridge_carla/package.sh'
[1.866s] INFO:colcon.colcon_core.shell:Creating package script '/home/tasl/autoware.auto-ros-bridge/install/autoware_ros_bridge_carla/share/autoware_ros_bridge_carla/package.bash'
[1.866s] INFO:colcon.colcon_core.shell:Creating package script '/home/tasl/autoware.auto-ros-bridge/install/autoware_ros_bridge_carla/share/autoware_ros_bridge_carla/package.zsh'
[1.867s] Level 1:colcon.colcon_core.environment:create_file_with_runtime_dependencies(/home/tasl/autoware.auto-ros-bridge/install/autoware_ros_bridge_carla/share/colcon-core/packages/autoware_ros_bridge_carla)
[1.867s] DEBUG:colcon.colcon_parallel_executor.executor.parallel:closing loop
[1.867s] DEBUG:colcon.colcon_parallel_executor.executor.parallel:loop closed
[1.867s] DEBUG:colcon.colcon_parallel_executor.executor.parallel:run_until_complete finished with '0'
[1.867s] DEBUG:colcon.colcon_core.event_reactor:joining thread
[1.873s] INFO:colcon.colcon_core.plugin_system:Skipping extension 'colcon_notification.desktop_notification.terminal_notifier': Not used on non-Darwin systems
[1.873s] INFO:colcon.colcon_core.plugin_system:Skipping extension 'colcon_notification.desktop_notification.win32': Not used on non-Windows systems
[1.873s] INFO:colcon.colcon_notification.desktop_notification:Sending desktop notification using 'notify2'
[1.884s] DEBUG:colcon.colcon_core.event_reactor:joined thread
[1.886s] INFO:colcon.colcon_core.shell:Creating prefix script '/home/tasl/autoware.auto-ros-bridge/install/local_setup.ps1'
[1.887s] INFO:colcon.colcon_core.shell:Creating prefix util module '/home/tasl/autoware.auto-ros-bridge/install/_local_setup_util_ps1.py'
[1.887s] INFO:colcon.colcon_core.shell:Creating prefix chain script '/home/tasl/autoware.auto-ros-bridge/install/setup.ps1'
[1.889s] INFO:colcon.colcon_core.shell:Creating prefix script '/home/tasl/autoware.auto-ros-bridge/install/local_setup.sh'
[1.889s] INFO:colcon.colcon_core.shell:Creating prefix util module '/home/tasl/autoware.auto-ros-bridge/install/_local_setup_util_sh.py'
[1.890s] INFO:colcon.colcon_core.shell:Creating prefix chain script '/home/tasl/autoware.auto-ros-bridge/install/setup.sh'
[1.891s] INFO:colcon.colcon_core.shell:Creating prefix script '/home/tasl/autoware.auto-ros-bridge/install/local_setup.bash'
[1.891s] INFO:colcon.colcon_core.shell:Creating prefix chain script '/home/tasl/autoware.auto-ros-bridge/install/setup.bash'
[1.892s] INFO:colcon.colcon_core.shell:Creating prefix script '/home/tasl/autoware.auto-ros-bridge/install/local_setup.zsh'
[1.893s] INFO:colcon.colcon_core.shell:Creating prefix chain script '/home/tasl/autoware.auto-ros-bridge/install/setup.zsh'
