[0.031s] Invoking command in '/home/tasl/autoware.auto-ros-bridge/build/autoware_control_msgs': CMAKE_PREFIX_PATH=${CMAKE_PREFIX_PATH}:/opt/ros/galactic /usr/bin/cmake --build /home/tasl/autoware.auto-ros-bridge/build/autoware_control_msgs -- -j16 -l16
[0.099s] [  1%] Built target autoware_control_msgs__cpp
[0.126s] [ 12%] Built target autoware_control_msgs__rosidl_generator_c
[0.157s] [ 23%] Built target autoware_control_msgs__rosidl_typesupport_cpp
[0.186s] [ 34%] Built target autoware_control_msgs__rosidl_typesupport_c
[0.226s] [ 45%] Built target autoware_control_msgs__rosidl_typesupport_introspection_c
[0.266s] [ 56%] Built target autoware_control_msgs__rosidl_typesupport_fastrtps_cpp
[0.298s] [ 67%] Built target autoware_control_msgs__rosidl_typesupport_introspection_cpp
[0.331s] [ 78%] Built target autoware_control_msgs__rosidl_typesupport_fastrtps_c
[0.358s] [ 78%] Built target autoware_control_msgs
[0.387s] [ 80%] Built target autoware_control_msgs__py
[0.420s] [ 89%] Built target autoware_control_msgs__python
[0.459s] [ 92%] Built target autoware_control_msgs__rosidl_typesupport_fastrtps_c__pyext
[0.496s] [ 96%] Built target autoware_control_msgs__rosidl_typesupport_introspection_c__pyext
[0.529s] [100%] Built target autoware_control_msgs__rosidl_typesupport_c__pyext
[0.545s] Invoked command in '/home/tasl/autoware.auto-ros-bridge/build/autoware_control_msgs' returned '0': CMAKE_PREFIX_PATH=${CMAKE_PREFIX_PATH}:/opt/ros/galactic /usr/bin/cmake --build /home/tasl/autoware.auto-ros-bridge/build/autoware_control_msgs -- -j16 -l16
[0.667s] Invoking command in '/home/tasl/autoware.auto-ros-bridge/build/autoware_control_msgs': CMAKE_PREFIX_PATH=${CMAKE_PREFIX_PATH}:/opt/ros/galactic /usr/bin/cmake --install /home/tasl/autoware.auto-ros-bridge/build/autoware_control_msgs
[0.684s] -- Install configuration: ""
[0.684s] -- Up-to-date: /home/tasl/autoware.auto-ros-bridge/install/autoware_control_msgs/share/ament_index/resource_index/rosidl_interfaces/autoware_control_msgs
[0.685s] -- Up-to-date: /home/tasl/autoware.auto-ros-bridge/install/autoware_control_msgs/include/autoware_control_msgs
[0.685s] -- Up-to-date: /home/tasl/autoware.auto-ros-bridge/install/autoware_control_msgs/include/autoware_control_msgs/msg
[0.685s] -- Up-to-date: /home/tasl/autoware.auto-ros-bridge/install/autoware_control_msgs/include/autoware_control_msgs/msg/lateral.h
[0.685s] -- Up-to-date: /home/tasl/autoware.auto-ros-bridge/install/autoware_control_msgs/include/autoware_control_msgs/msg/control_horizon.h
[0.685s] -- Up-to-date: /home/tasl/autoware.auto-ros-bridge/install/autoware_control_msgs/include/autoware_control_msgs/msg/detail
[0.685s] -- Up-to-date: /home/tasl/autoware.auto-ros-bridge/install/autoware_control_msgs/include/autoware_control_msgs/msg/detail/control__functions.c
[0.685s] -- Up-to-date: /home/tasl/autoware.auto-ros-bridge/install/autoware_control_msgs/include/autoware_control_msgs/msg/detail/lateral__functions.c
[0.685s] -- Up-to-date: /home/tasl/autoware.auto-ros-bridge/install/autoware_control_msgs/include/autoware_control_msgs/msg/detail/longitudinal__functions.c
[0.685s] -- Up-to-date: /home/tasl/autoware.auto-ros-bridge/install/autoware_control_msgs/include/autoware_control_msgs/msg/detail/control__functions.h
[0.685s] -- Up-to-date: /home/tasl/autoware.auto-ros-bridge/install/autoware_control_msgs/include/autoware_control_msgs/msg/detail/lateral__type_support.h
[0.685s] -- Up-to-date: /home/tasl/autoware.auto-ros-bridge/install/autoware_control_msgs/include/autoware_control_msgs/msg/detail/longitudinal__type_support.h
[0.686s] -- Up-to-date: /home/tasl/autoware.auto-ros-bridge/install/autoware_control_msgs/include/autoware_control_msgs/msg/detail/lateral__functions.h
[0.686s] -- Up-to-date: /home/tasl/autoware.auto-ros-bridge/install/autoware_control_msgs/include/autoware_control_msgs/msg/detail/control_horizon__struct.h
[0.686s] -- Up-to-date: /home/tasl/autoware.auto-ros-bridge/install/autoware_control_msgs/include/autoware_control_msgs/msg/detail/control_horizon__type_support.h
[0.686s] -- Up-to-date: /home/tasl/autoware.auto-ros-bridge/install/autoware_control_msgs/include/autoware_control_msgs/msg/detail/longitudinal__functions.h
[0.686s] -- Up-to-date: /home/tasl/autoware.auto-ros-bridge/install/autoware_control_msgs/include/autoware_control_msgs/msg/detail/control_horizon__functions.h
[0.686s] -- Up-to-date: /home/tasl/autoware.auto-ros-bridge/install/autoware_control_msgs/include/autoware_control_msgs/msg/detail/control__struct.h
[0.686s] -- Up-to-date: /home/tasl/autoware.auto-ros-bridge/install/autoware_control_msgs/include/autoware_control_msgs/msg/detail/longitudinal__struct.h
[0.686s] -- Up-to-date: /home/tasl/autoware.auto-ros-bridge/install/autoware_control_msgs/include/autoware_control_msgs/msg/detail/lateral__struct.h
[0.686s] -- Up-to-date: /home/tasl/autoware.auto-ros-bridge/install/autoware_control_msgs/include/autoware_control_msgs/msg/detail/control__type_support.h
[0.687s] -- Up-to-date: /home/tasl/autoware.auto-ros-bridge/install/autoware_control_msgs/include/autoware_control_msgs/msg/detail/control_horizon__functions.c
[0.687s] -- Up-to-date: /home/tasl/autoware.auto-ros-bridge/install/autoware_control_msgs/include/autoware_control_msgs/msg/control.h
[0.687s] -- Up-to-date: /home/tasl/autoware.auto-ros-bridge/install/autoware_control_msgs/include/autoware_control_msgs/msg/longitudinal.h
[0.687s] -- Up-to-date: /home/tasl/autoware.auto-ros-bridge/install/autoware_control_msgs/include/autoware_control_msgs/msg/rosidl_generator_c__visibility_control.h
[0.687s] -- Up-to-date: /home/tasl/autoware.auto-ros-bridge/install/autoware_control_msgs/share/autoware_control_msgs/environment/library_path.sh
[0.688s] -- Up-to-date: /home/tasl/autoware.auto-ros-bridge/install/autoware_control_msgs/share/autoware_control_msgs/environment/library_path.dsv
[0.688s] -- Up-to-date: /home/tasl/autoware.auto-ros-bridge/install/autoware_control_msgs/lib/libautoware_control_msgs__rosidl_generator_c.so
[0.690s] -- Up-to-date: /home/tasl/autoware.auto-ros-bridge/install/autoware_control_msgs/include/autoware_control_msgs
[0.691s] -- Up-to-date: /home/tasl/autoware.auto-ros-bridge/install/autoware_control_msgs/include/autoware_control_msgs/msg
[0.691s] -- Up-to-date: /home/tasl/autoware.auto-ros-bridge/install/autoware_control_msgs/include/autoware_control_msgs/msg/detail
[0.691s] -- Up-to-date: /home/tasl/autoware.auto-ros-bridge/install/autoware_control_msgs/include/autoware_control_msgs/msg/detail/control__rosidl_typesupport_fastrtps_c.h
[0.691s] -- Up-to-date: /home/tasl/autoware.auto-ros-bridge/install/autoware_control_msgs/include/autoware_control_msgs/msg/detail/lateral__rosidl_typesupport_fastrtps_c.h
[0.691s] -- Up-to-date: /home/tasl/autoware.auto-ros-bridge/install/autoware_control_msgs/include/autoware_control_msgs/msg/detail/control_horizon__rosidl_typesupport_fastrtps_c.h
[0.691s] -- Up-to-date: /home/tasl/autoware.auto-ros-bridge/install/autoware_control_msgs/include/autoware_control_msgs/msg/detail/longitudinal__rosidl_typesupport_fastrtps_c.h
[0.691s] -- Up-to-date: /home/tasl/autoware.auto-ros-bridge/install/autoware_control_msgs/include/autoware_control_msgs/msg/rosidl_typesupport_fastrtps_c__visibility_control.h
[0.691s] -- Up-to-date: /home/tasl/autoware.auto-ros-bridge/install/autoware_control_msgs/lib/libautoware_control_msgs__rosidl_typesupport_fastrtps_c.so
[0.692s] -- Up-to-date: /home/tasl/autoware.auto-ros-bridge/install/autoware_control_msgs/include/autoware_control_msgs
[0.692s] -- Up-to-date: /home/tasl/autoware.auto-ros-bridge/install/autoware_control_msgs/include/autoware_control_msgs/msg
[0.692s] -- Up-to-date: /home/tasl/autoware.auto-ros-bridge/install/autoware_control_msgs/include/autoware_control_msgs/msg/detail
[0.692s] -- Up-to-date: /home/tasl/autoware.auto-ros-bridge/install/autoware_control_msgs/include/autoware_control_msgs/msg/detail/control_horizon__rosidl_typesupport_fastrtps_cpp.hpp
[0.692s] -- Up-to-date: /home/tasl/autoware.auto-ros-bridge/install/autoware_control_msgs/include/autoware_control_msgs/msg/detail/lateral__rosidl_typesupport_fastrtps_cpp.hpp
[0.692s] -- Up-to-date: /home/tasl/autoware.auto-ros-bridge/install/autoware_control_msgs/include/autoware_control_msgs/msg/detail/longitudinal__rosidl_typesupport_fastrtps_cpp.hpp
[0.692s] -- Up-to-date: /home/tasl/autoware.auto-ros-bridge/install/autoware_control_msgs/include/autoware_control_msgs/msg/detail/dds_fastrtps
[0.693s] -- Up-to-date: /home/tasl/autoware.auto-ros-bridge/install/autoware_control_msgs/include/autoware_control_msgs/msg/detail/control__rosidl_typesupport_fastrtps_cpp.hpp
[0.694s] -- Up-to-date: /home/tasl/autoware.auto-ros-bridge/install/autoware_control_msgs/include/autoware_control_msgs/msg/rosidl_typesupport_fastrtps_cpp__visibility_control.h
[0.694s] -- Up-to-date: /home/tasl/autoware.auto-ros-bridge/install/autoware_control_msgs/lib/libautoware_control_msgs__rosidl_typesupport_fastrtps_cpp.so
[0.694s] -- Up-to-date: /home/tasl/autoware.auto-ros-bridge/install/autoware_control_msgs/include/autoware_control_msgs
[0.695s] -- Up-to-date: /home/tasl/autoware.auto-ros-bridge/install/autoware_control_msgs/include/autoware_control_msgs/msg
[0.695s] -- Up-to-date: /home/tasl/autoware.auto-ros-bridge/install/autoware_control_msgs/include/autoware_control_msgs/msg/rosidl_typesupport_introspection_c__visibility_control.h
[0.695s] -- Up-to-date: /home/tasl/autoware.auto-ros-bridge/install/autoware_control_msgs/include/autoware_control_msgs/msg/detail
[0.695s] -- Up-to-date: /home/tasl/autoware.auto-ros-bridge/install/autoware_control_msgs/include/autoware_control_msgs/msg/detail/control_horizon__type_support.c
[0.695s] -- Up-to-date: /home/tasl/autoware.auto-ros-bridge/install/autoware_control_msgs/include/autoware_control_msgs/msg/detail/longitudinal__type_support.c
[0.695s] -- Up-to-date: /home/tasl/autoware.auto-ros-bridge/install/autoware_control_msgs/include/autoware_control_msgs/msg/detail/longitudinal__rosidl_typesupport_introspection_c.h
[0.696s] -- Up-to-date: /home/tasl/autoware.auto-ros-bridge/install/autoware_control_msgs/include/autoware_control_msgs/msg/detail/lateral__type_support.c
[0.696s] -- Up-to-date: /home/tasl/autoware.auto-ros-bridge/install/autoware_control_msgs/include/autoware_control_msgs/msg/detail/control_horizon__rosidl_typesupport_introspection_c.h
[0.696s] -- Up-to-date: /home/tasl/autoware.auto-ros-bridge/install/autoware_control_msgs/include/autoware_control_msgs/msg/detail/control__type_support.c
[0.696s] -- Up-to-date: /home/tasl/autoware.auto-ros-bridge/install/autoware_control_msgs/include/autoware_control_msgs/msg/detail/control__rosidl_typesupport_introspection_c.h
[0.696s] -- Up-to-date: /home/tasl/autoware.auto-ros-bridge/install/autoware_control_msgs/include/autoware_control_msgs/msg/detail/lateral__rosidl_typesupport_introspection_c.h
[0.696s] -- Up-to-date: /home/tasl/autoware.auto-ros-bridge/install/autoware_control_msgs/lib/libautoware_control_msgs__rosidl_typesupport_introspection_c.so
[0.699s] -- Up-to-date: /home/tasl/autoware.auto-ros-bridge/install/autoware_control_msgs/lib/libautoware_control_msgs__rosidl_typesupport_c.so
[0.699s] -- Up-to-date: /home/tasl/autoware.auto-ros-bridge/install/autoware_control_msgs/include/autoware_control_msgs
[0.699s] -- Up-to-date: /home/tasl/autoware.auto-ros-bridge/install/autoware_control_msgs/include/autoware_control_msgs/msg
[0.700s] -- Up-to-date: /home/tasl/autoware.auto-ros-bridge/install/autoware_control_msgs/include/autoware_control_msgs/msg/control.hpp
[0.700s] -- Up-to-date: /home/tasl/autoware.auto-ros-bridge/install/autoware_control_msgs/include/autoware_control_msgs/msg/longitudinal.hpp
[0.701s] -- Up-to-date: /home/tasl/autoware.auto-ros-bridge/install/autoware_control_msgs/include/autoware_control_msgs/msg/lateral.hpp
[0.701s] -- Up-to-date: /home/tasl/autoware.auto-ros-bridge/install/autoware_control_msgs/include/autoware_control_msgs/msg/detail
[0.701s] -- Up-to-date: /home/tasl/autoware.auto-ros-bridge/install/autoware_control_msgs/include/autoware_control_msgs/msg/detail/lateral__struct.hpp
[0.701s] -- Up-to-date: /home/tasl/autoware.auto-ros-bridge/install/autoware_control_msgs/include/autoware_control_msgs/msg/detail/control__builder.hpp
[0.701s] -- Up-to-date: /home/tasl/autoware.auto-ros-bridge/install/autoware_control_msgs/include/autoware_control_msgs/msg/detail/control_horizon__builder.hpp
[0.701s] -- Up-to-date: /home/tasl/autoware.auto-ros-bridge/install/autoware_control_msgs/include/autoware_control_msgs/msg/detail/longitudinal__struct.hpp
[0.702s] -- Up-to-date: /home/tasl/autoware.auto-ros-bridge/install/autoware_control_msgs/include/autoware_control_msgs/msg/detail/lateral__traits.hpp
[0.702s] -- Up-to-date: /home/tasl/autoware.auto-ros-bridge/install/autoware_control_msgs/include/autoware_control_msgs/msg/detail/control__traits.hpp
[0.702s] -- Up-to-date: /home/tasl/autoware.auto-ros-bridge/install/autoware_control_msgs/include/autoware_control_msgs/msg/detail/longitudinal__traits.hpp
[0.702s] -- Up-to-date: /home/tasl/autoware.auto-ros-bridge/install/autoware_control_msgs/include/autoware_control_msgs/msg/detail/control_horizon__traits.hpp
[0.702s] -- Up-to-date: /home/tasl/autoware.auto-ros-bridge/install/autoware_control_msgs/include/autoware_control_msgs/msg/detail/control__struct.hpp
[0.702s] -- Up-to-date: /home/tasl/autoware.auto-ros-bridge/install/autoware_control_msgs/include/autoware_control_msgs/msg/detail/control_horizon__struct.hpp
[0.702s] -- Up-to-date: /home/tasl/autoware.auto-ros-bridge/install/autoware_control_msgs/include/autoware_control_msgs/msg/detail/longitudinal__builder.hpp
[0.702s] -- Up-to-date: /home/tasl/autoware.auto-ros-bridge/install/autoware_control_msgs/include/autoware_control_msgs/msg/detail/lateral__builder.hpp
[0.702s] -- Up-to-date: /home/tasl/autoware.auto-ros-bridge/install/autoware_control_msgs/include/autoware_control_msgs/msg/control_horizon.hpp
[0.702s] -- Up-to-date: /home/tasl/autoware.auto-ros-bridge/install/autoware_control_msgs/include/autoware_control_msgs
[0.702s] -- Up-to-date: /home/tasl/autoware.auto-ros-bridge/install/autoware_control_msgs/include/autoware_control_msgs/msg
[0.702s] -- Up-to-date: /home/tasl/autoware.auto-ros-bridge/install/autoware_control_msgs/include/autoware_control_msgs/msg/detail
[0.702s] -- Up-to-date: /home/tasl/autoware.auto-ros-bridge/install/autoware_control_msgs/include/autoware_control_msgs/msg/detail/control__rosidl_typesupport_introspection_cpp.hpp
[0.703s] -- Up-to-date: /home/tasl/autoware.auto-ros-bridge/install/autoware_control_msgs/include/autoware_control_msgs/msg/detail/longitudinal__type_support.cpp
[0.703s] -- Up-to-date: /home/tasl/autoware.auto-ros-bridge/install/autoware_control_msgs/include/autoware_control_msgs/msg/detail/longitudinal__rosidl_typesupport_introspection_cpp.hpp
[0.703s] -- Up-to-date: /home/tasl/autoware.auto-ros-bridge/install/autoware_control_msgs/include/autoware_control_msgs/msg/detail/control_horizon__type_support.cpp
[0.703s] -- Up-to-date: /home/tasl/autoware.auto-ros-bridge/install/autoware_control_msgs/include/autoware_control_msgs/msg/detail/lateral__rosidl_typesupport_introspection_cpp.hpp
[0.703s] -- Up-to-date: /home/tasl/autoware.auto-ros-bridge/install/autoware_control_msgs/include/autoware_control_msgs/msg/detail/lateral__type_support.cpp
[0.703s] -- Up-to-date: /home/tasl/autoware.auto-ros-bridge/install/autoware_control_msgs/include/autoware_control_msgs/msg/detail/control__type_support.cpp
[0.703s] -- Up-to-date: /home/tasl/autoware.auto-ros-bridge/install/autoware_control_msgs/include/autoware_control_msgs/msg/detail/control_horizon__rosidl_typesupport_introspection_cpp.hpp
[0.703s] -- Up-to-date: /home/tasl/autoware.auto-ros-bridge/install/autoware_control_msgs/lib/libautoware_control_msgs__rosidl_typesupport_introspection_cpp.so
[0.703s] -- Up-to-date: /home/tasl/autoware.auto-ros-bridge/install/autoware_control_msgs/lib/libautoware_control_msgs__rosidl_typesupport_cpp.so
[0.704s] -- Up-to-date: /home/tasl/autoware.auto-ros-bridge/install/autoware_control_msgs/share/autoware_control_msgs/environment/pythonpath.sh
[0.704s] -- Up-to-date: /home/tasl/autoware.auto-ros-bridge/install/autoware_control_msgs/share/autoware_control_msgs/environment/pythonpath.dsv
[0.704s] -- Up-to-date: /home/tasl/autoware.auto-ros-bridge/install/autoware_control_msgs/lib/python3.8/site-packages/autoware_control_msgs/__init__.py
[0.729s] -- Up-to-date: /home/tasl/autoware.auto-ros-bridge/install/autoware_control_msgs/lib/python3.8/site-packages/autoware_control_msgs/msg
[0.729s] -- Up-to-date: /home/tasl/autoware.auto-ros-bridge/install/autoware_control_msgs/lib/python3.8/site-packages/autoware_control_msgs/msg/_control_horizon.py
[0.729s] -- Up-to-date: /home/tasl/autoware.auto-ros-bridge/install/autoware_control_msgs/lib/python3.8/site-packages/autoware_control_msgs/msg/_control_horizon_s.c
[0.729s] -- Up-to-date: /home/tasl/autoware.auto-ros-bridge/install/autoware_control_msgs/lib/python3.8/site-packages/autoware_control_msgs/msg/__init__.py
[0.730s] -- Up-to-date: /home/tasl/autoware.auto-ros-bridge/install/autoware_control_msgs/lib/python3.8/site-packages/autoware_control_msgs/msg/_control_s.c
[0.730s] -- Up-to-date: /home/tasl/autoware.auto-ros-bridge/install/autoware_control_msgs/lib/python3.8/site-packages/autoware_control_msgs/msg/_lateral_s.c
[0.730s] -- Up-to-date: /home/tasl/autoware.auto-ros-bridge/install/autoware_control_msgs/lib/python3.8/site-packages/autoware_control_msgs/msg/_control.py
[0.730s] -- Up-to-date: /home/tasl/autoware.auto-ros-bridge/install/autoware_control_msgs/lib/python3.8/site-packages/autoware_control_msgs/msg/_longitudinal_s.c
[0.731s] -- Up-to-date: /home/tasl/autoware.auto-ros-bridge/install/autoware_control_msgs/lib/python3.8/site-packages/autoware_control_msgs/msg/_lateral.py
[0.731s] -- Up-to-date: /home/tasl/autoware.auto-ros-bridge/install/autoware_control_msgs/lib/python3.8/site-packages/autoware_control_msgs/msg/_longitudinal.py
[0.732s] -- Up-to-date: /home/tasl/autoware.auto-ros-bridge/install/autoware_control_msgs/lib/python3.8/site-packages/autoware_control_msgs/autoware_control_msgs_s__rosidl_typesupport_fastrtps_c.cpython-38-x86_64-linux-gnu.so
[0.733s] -- Up-to-date: /home/tasl/autoware.auto-ros-bridge/install/autoware_control_msgs/lib/python3.8/site-packages/autoware_control_msgs/autoware_control_msgs_s__rosidl_typesupport_introspection_c.cpython-38-x86_64-linux-gnu.so
[0.737s] -- Up-to-date: /home/tasl/autoware.auto-ros-bridge/install/autoware_control_msgs/lib/python3.8/site-packages/autoware_control_msgs/autoware_control_msgs_s__rosidl_typesupport_c.cpython-38-x86_64-linux-gnu.so
[0.742s] -- Up-to-date: /home/tasl/autoware.auto-ros-bridge/install/autoware_control_msgs/lib/libautoware_control_msgs__python.so
[0.754s] -- Up-to-date: /home/tasl/autoware.auto-ros-bridge/install/autoware_control_msgs/share/autoware_control_msgs/msg/Control.idl
[0.754s] -- Up-to-date: /home/tasl/autoware.auto-ros-bridge/install/autoware_control_msgs/share/autoware_control_msgs/msg/ControlHorizon.idl
[0.755s] -- Up-to-date: /home/tasl/autoware.auto-ros-bridge/install/autoware_control_msgs/share/autoware_control_msgs/msg/Lateral.idl
[0.755s] -- Up-to-date: /home/tasl/autoware.auto-ros-bridge/install/autoware_control_msgs/share/autoware_control_msgs/msg/Longitudinal.idl
[0.755s] -- Up-to-date: /home/tasl/autoware.auto-ros-bridge/install/autoware_control_msgs/share/autoware_control_msgs/msg/Control.msg
[0.755s] -- Up-to-date: /home/tasl/autoware.auto-ros-bridge/install/autoware_control_msgs/share/autoware_control_msgs/msg/ControlHorizon.msg
[0.755s] -- Up-to-date: /home/tasl/autoware.auto-ros-bridge/install/autoware_control_msgs/share/autoware_control_msgs/msg/Lateral.msg
[0.756s] -- Up-to-date: /home/tasl/autoware.auto-ros-bridge/install/autoware_control_msgs/share/autoware_control_msgs/msg/Longitudinal.msg
[0.757s] -- Up-to-date: /home/tasl/autoware.auto-ros-bridge/install/autoware_control_msgs/share/ament_index/resource_index/package_run_dependencies/autoware_control_msgs
[0.757s] -- Up-to-date: /home/tasl/autoware.auto-ros-bridge/install/autoware_control_msgs/share/ament_index/resource_index/parent_prefix_path/autoware_control_msgs
[0.757s] -- Up-to-date: /home/tasl/autoware.auto-ros-bridge/install/autoware_control_msgs/share/autoware_control_msgs/environment/ament_prefix_path.sh
[0.757s] -- Up-to-date: /home/tasl/autoware.auto-ros-bridge/install/autoware_control_msgs/share/autoware_control_msgs/environment/ament_prefix_path.dsv
[0.758s] -- Up-to-date: /home/tasl/autoware.auto-ros-bridge/install/autoware_control_msgs/share/autoware_control_msgs/environment/path.sh
[0.758s] -- Up-to-date: /home/tasl/autoware.auto-ros-bridge/install/autoware_control_msgs/share/autoware_control_msgs/environment/path.dsv
[0.758s] -- Up-to-date: /home/tasl/autoware.auto-ros-bridge/install/autoware_control_msgs/share/autoware_control_msgs/local_setup.bash
[0.764s] -- Up-to-date: /home/tasl/autoware.auto-ros-bridge/install/autoware_control_msgs/share/autoware_control_msgs/local_setup.sh
[0.764s] -- Up-to-date: /home/tasl/autoware.auto-ros-bridge/install/autoware_control_msgs/share/autoware_control_msgs/local_setup.zsh
[0.764s] -- Up-to-date: /home/tasl/autoware.auto-ros-bridge/install/autoware_control_msgs/share/autoware_control_msgs/local_setup.dsv
[0.765s] -- Installing: /home/tasl/autoware.auto-ros-bridge/install/autoware_control_msgs/share/autoware_control_msgs/package.dsv
[0.765s] -- Up-to-date: /home/tasl/autoware.auto-ros-bridge/install/autoware_control_msgs/share/ament_index/resource_index/packages/autoware_control_msgs
[0.765s] -- Up-to-date: /home/tasl/autoware.auto-ros-bridge/install/autoware_control_msgs/share/autoware_control_msgs/cmake/autoware_control_msgs__rosidl_generator_cExport.cmake
[0.766s] -- Up-to-date: /home/tasl/autoware.auto-ros-bridge/install/autoware_control_msgs/share/autoware_control_msgs/cmake/autoware_control_msgs__rosidl_generator_cExport-noconfig.cmake
[0.767s] -- Up-to-date: /home/tasl/autoware.auto-ros-bridge/install/autoware_control_msgs/share/autoware_control_msgs/cmake/autoware_control_msgs__rosidl_typesupport_introspection_cExport.cmake
[0.767s] -- Up-to-date: /home/tasl/autoware.auto-ros-bridge/install/autoware_control_msgs/share/autoware_control_msgs/cmake/autoware_control_msgs__rosidl_typesupport_introspection_cExport-noconfig.cmake
[0.769s] -- Up-to-date: /home/tasl/autoware.auto-ros-bridge/install/autoware_control_msgs/share/autoware_control_msgs/cmake/autoware_control_msgs__rosidl_typesupport_cExport.cmake
[0.774s] -- Up-to-date: /home/tasl/autoware.auto-ros-bridge/install/autoware_control_msgs/share/autoware_control_msgs/cmake/autoware_control_msgs__rosidl_typesupport_cExport-noconfig.cmake
[0.774s] -- Up-to-date: /home/tasl/autoware.auto-ros-bridge/install/autoware_control_msgs/share/autoware_control_msgs/cmake/autoware_control_msgs__rosidl_generator_cppExport.cmake
[0.784s] -- Up-to-date: /home/tasl/autoware.auto-ros-bridge/install/autoware_control_msgs/share/autoware_control_msgs/cmake/autoware_control_msgs__rosidl_typesupport_introspection_cppExport.cmake
[0.784s] -- Up-to-date: /home/tasl/autoware.auto-ros-bridge/install/autoware_control_msgs/share/autoware_control_msgs/cmake/autoware_control_msgs__rosidl_typesupport_introspection_cppExport-noconfig.cmake
[0.785s] -- Up-to-date: /home/tasl/autoware.auto-ros-bridge/install/autoware_control_msgs/share/autoware_control_msgs/cmake/autoware_control_msgs__rosidl_typesupport_cppExport.cmake
[0.785s] -- Up-to-date: /home/tasl/autoware.auto-ros-bridge/install/autoware_control_msgs/share/autoware_control_msgs/cmake/autoware_control_msgs__rosidl_typesupport_cppExport-noconfig.cmake
[0.785s] -- Up-to-date: /home/tasl/autoware.auto-ros-bridge/install/autoware_control_msgs/share/autoware_control_msgs/cmake/rosidl_cmake-extras.cmake
[0.785s] -- Up-to-date: /home/tasl/autoware.auto-ros-bridge/install/autoware_control_msgs/share/autoware_control_msgs/cmake/ament_cmake_export_dependencies-extras.cmake
[0.785s] -- Up-to-date: /home/tasl/autoware.auto-ros-bridge/install/autoware_control_msgs/share/autoware_control_msgs/cmake/ament_cmake_export_libraries-extras.cmake
[0.785s] -- Up-to-date: /home/tasl/autoware.auto-ros-bridge/install/autoware_control_msgs/share/autoware_control_msgs/cmake/ament_cmake_export_targets-extras.cmake
[0.785s] -- Up-to-date: /home/tasl/autoware.auto-ros-bridge/install/autoware_control_msgs/share/autoware_control_msgs/cmake/ament_cmake_export_include_directories-extras.cmake
[0.786s] -- Up-to-date: /home/tasl/autoware.auto-ros-bridge/install/autoware_control_msgs/share/autoware_control_msgs/cmake/rosidl_cmake_export_typesupport_libraries-extras.cmake
[0.786s] -- Up-to-date: /home/tasl/autoware.auto-ros-bridge/install/autoware_control_msgs/share/autoware_control_msgs/cmake/rosidl_cmake_export_typesupport_targets-extras.cmake
[0.786s] -- Up-to-date: /home/tasl/autoware.auto-ros-bridge/install/autoware_control_msgs/share/autoware_control_msgs/cmake/autoware_control_msgsConfig.cmake
[0.786s] -- Up-to-date: /home/tasl/autoware.auto-ros-bridge/install/autoware_control_msgs/share/autoware_control_msgs/cmake/autoware_control_msgsConfig-version.cmake
[0.786s] -- Up-to-date: /home/tasl/autoware.auto-ros-bridge/install/autoware_control_msgs/share/autoware_control_msgs/package.xml
[0.806s] Invoked command in '/home/tasl/autoware.auto-ros-bridge/build/autoware_control_msgs' returned '0': CMAKE_PREFIX_PATH=${CMAKE_PREFIX_PATH}:/opt/ros/galactic /usr/bin/cmake --install /home/tasl/autoware.auto-ros-bridge/build/autoware_control_msgs
