[0.017s] Invoking command in '/home/tasl/autoware.universe-carla-ros-bridge/build/autoware_ros_bridge_carla': CMAKE_PREFIX_PATH=/opt/ros/galactic:/home/tasl/autoware.universe-carla-ros-bridge/install/carla_msgs:/home/tasl/autoware.universe-carla-ros-bridge/install/autoware_auto_vehicle_msgs:/home/tasl/autoware.universe-carla-ros-bridge/install/autoware_auto_control_msgs:/home/tasl/autoware.universe-carla-ros-bridge/install/autoware_ros_bridge_carla /usr/bin/cmake --build /home/tasl/autoware.universe-carla-ros-bridge/build/autoware_ros_bridge_carla -- -j16 -l16
[0.060s] [35m[1mScanning dependencies of target odometry_remapper[0m
[0.068s] [ 14%] Built target jsontest
[0.072s] [ 28%] Built target listener
[0.072s] [ 42%] Built target sender
[0.073s] [ 57%] Built target velocity_reporter
[0.075s] [ 71%] Built target steering_reporter
[0.080s] [ 85%] Built target control_command_converter
[0.095s] [ 92%] [32mBuilding CXX object CMakeFiles/odometry_remapper.dir/src/odometry_remapper.cpp.o[0m
[2.207s] [01m[K/home/tasl/autoware.universe-carla-ros-bridge/autoware_ros_bridge_carla/src/odometry_remapper.cpp:[m[K In member function ‘[01m[Kvoid OdometryRemapper::topic_callback(nav_msgs::msg::Odometry_<std::allocator<void> >::ConstSharedPtr)[m[K’:
[2.207s] [01m[K/home/tasl/autoware.universe-carla-ros-bridge/autoware_ros_bridge_carla/src/odometry_remapper.cpp:64:44:[m[K [01;31m[Kerror: [m[K‘[01m[Kx_stddev_[m[K’ was not declared in this scope
[2.207s]    64 |       message.pose.covariance[0 * 6 + 0] = [01;31m[Kx_stddev_[m[K;
[2.207s]       |                                            [01;31m[K^~~~~~~~~[m[K
[2.209s] [01m[K/home/tasl/autoware.universe-carla-ros-bridge/autoware_ros_bridge_carla/src/odometry_remapper.cpp:65:44:[m[K [01;31m[Kerror: [m[K‘[01m[Ky_stddev_[m[K’ was not declared in this scope
[2.209s]    65 |       message.pose.covariance[1 * 6 + 1] = [01;31m[Ky_stddev_[m[K;
[2.209s]       |                                            [01;31m[K^~~~~~~~~[m[K
[4.536s] make[2]: *** [CMakeFiles/odometry_remapper.dir/build.make:63: CMakeFiles/odometry_remapper.dir/src/odometry_remapper.cpp.o] Error 1
[4.536s] make[1]: *** [CMakeFiles/Makefile2:279: CMakeFiles/odometry_remapper.dir/all] Error 2
[4.536s] make: *** [Makefile:141: all] Error 2
[4.538s] Invoked command in '/home/tasl/autoware.universe-carla-ros-bridge/build/autoware_ros_bridge_carla' returned '2': CMAKE_PREFIX_PATH=/opt/ros/galactic:/home/tasl/autoware.universe-carla-ros-bridge/install/carla_msgs:/home/tasl/autoware.universe-carla-ros-bridge/install/autoware_auto_vehicle_msgs:/home/tasl/autoware.universe-carla-ros-bridge/install/autoware_auto_control_msgs:/home/tasl/autoware.universe-carla-ros-bridge/install/autoware_ros_bridge_carla /usr/bin/cmake --build /home/tasl/autoware.universe-carla-ros-bridge/build/autoware_ros_bridge_carla -- -j16 -l16
