[  1%] [34m[1mGenerating C code for ROS interfaces[0m
[  3%] [34m[1mGenerating C++ code for ROS interfaces[0m
[  3%] Built target autoware_auto_control_msgs__cpp
[  5%] [34m[1mGenerating C++ type support for eProsima Fast-RTPS[0m
[  7%] [34m[1mGenerating C++ type support dispatch for ROS interfaces[0m
[  9%] [34m[1mGenerating C++ introspection for ROS interfaces[0m
[35m[1mScanning dependencies of target autoware_auto_control_msgs__rosidl_generator_c[0m
[ 12%] [32mBuilding C object CMakeFiles/autoware_auto_control_msgs__rosidl_generator_c.dir/rosidl_generator_c/autoware_auto_control_msgs/msg/detail/ackermann_control_command__functions.c.o[0m
[ 12%] [32mBuilding C object CMakeFiles/autoware_auto_control_msgs__rosidl_generator_c.dir/rosidl_generator_c/autoware_auto_control_msgs/msg/detail/high_level_control_command__functions.c.o[0m
[ 14%] [32mBuilding C object CMakeFiles/autoware_auto_control_msgs__rosidl_generator_c.dir/rosidl_generator_c/autoware_auto_control_msgs/msg/detail/longitudinal_command__functions.c.o[0m
[ 16%] [32mBuilding C object CMakeFiles/autoware_auto_control_msgs__rosidl_generator_c.dir/rosidl_generator_c/autoware_auto_control_msgs/msg/detail/ackermann_lateral_command__functions.c.o[0m
[ 18%] [32m[1mLinking C shared library libautoware_auto_control_msgs__rosidl_generator_c.so[0m
[ 18%] Built target autoware_auto_control_msgs__rosidl_generator_c
[ 20%] [34m[1mGenerating C type support dispatch for ROS interfaces[0m
[ 21%] [34m[1mGenerating C introspection for ROS interfaces[0m
[35m[1mScanning dependencies of target autoware_auto_control_msgs__rosidl_typesupport_cpp[0m
[ 25%] [32mBuilding CXX object CMakeFiles/autoware_auto_control_msgs__rosidl_typesupport_cpp.dir/rosidl_typesupport_cpp/autoware_auto_control_msgs/msg/ackermann_control_command__type_support.cpp.o[0m
[ 25%] [32mBuilding CXX object CMakeFiles/autoware_auto_control_msgs__rosidl_typesupport_cpp.dir/rosidl_typesupport_cpp/autoware_auto_control_msgs/msg/ackermann_lateral_command__type_support.cpp.o[0m
[ 27%] [32mBuilding CXX object CMakeFiles/autoware_auto_control_msgs__rosidl_typesupport_cpp.dir/rosidl_typesupport_cpp/autoware_auto_control_msgs/msg/longitudinal_command__type_support.cpp.o[0m
[ 29%] [32mBuilding CXX object CMakeFiles/autoware_auto_control_msgs__rosidl_typesupport_cpp.dir/rosidl_typesupport_cpp/autoware_auto_control_msgs/msg/high_level_control_command__type_support.cpp.o[0m
[35m[1mScanning dependencies of target autoware_auto_control_msgs__rosidl_typesupport_introspection_cpp[0m
[ 30%] [32mBuilding CXX object CMakeFiles/autoware_auto_control_msgs__rosidl_typesupport_introspection_cpp.dir/rosidl_typesupport_introspection_cpp/autoware_auto_control_msgs/msg/detail/ackermann_control_command__type_support.cpp.o[0m
[ 32%] [32mBuilding CXX object CMakeFiles/autoware_auto_control_msgs__rosidl_typesupport_introspection_cpp.dir/rosidl_typesupport_introspection_cpp/autoware_auto_control_msgs/msg/detail/ackermann_lateral_command__type_support.cpp.o[0m
[ 34%] [32mBuilding CXX object CMakeFiles/autoware_auto_control_msgs__rosidl_typesupport_introspection_cpp.dir/rosidl_typesupport_introspection_cpp/autoware_auto_control_msgs/msg/detail/high_level_control_command__type_support.cpp.o[0m
[ 36%] [32mBuilding CXX object CMakeFiles/autoware_auto_control_msgs__rosidl_typesupport_introspection_cpp.dir/rosidl_typesupport_introspection_cpp/autoware_auto_control_msgs/msg/detail/longitudinal_command__type_support.cpp.o[0m
[35m[1mScanning dependencies of target autoware_auto_control_msgs__rosidl_typesupport_fastrtps_cpp[0m
[ 38%] [32mBuilding CXX object CMakeFiles/autoware_auto_control_msgs__rosidl_typesupport_fastrtps_cpp.dir/rosidl_typesupport_fastrtps_cpp/autoware_auto_control_msgs/msg/detail/dds_fastrtps/ackermann_control_command__type_support.cpp.o[0m
[ 40%] [32mBuilding CXX object CMakeFiles/autoware_auto_control_msgs__rosidl_typesupport_fastrtps_cpp.dir/rosidl_typesupport_fastrtps_cpp/autoware_auto_control_msgs/msg/detail/dds_fastrtps/ackermann_lateral_command__type_support.cpp.o[0m
[35m[1mScanning dependencies of target autoware_auto_control_msgs__rosidl_typesupport_c[0m
[ 41%] [32mBuilding CXX object CMakeFiles/autoware_auto_control_msgs__rosidl_typesupport_fastrtps_cpp.dir/rosidl_typesupport_fastrtps_cpp/autoware_auto_control_msgs/msg/detail/dds_fastrtps/high_level_control_command__type_support.cpp.o[0m
[ 43%] [32mBuilding CXX object CMakeFiles/autoware_auto_control_msgs__rosidl_typesupport_fastrtps_cpp.dir/rosidl_typesupport_fastrtps_cpp/autoware_auto_control_msgs/msg/detail/dds_fastrtps/longitudinal_command__type_support.cpp.o[0m
[ 45%] [32mBuilding CXX object CMakeFiles/autoware_auto_control_msgs__rosidl_typesupport_c.dir/rosidl_typesupport_c/autoware_auto_control_msgs/msg/ackermann_control_command__type_support.cpp.o[0m
[ 47%] [32mBuilding CXX object CMakeFiles/autoware_auto_control_msgs__rosidl_typesupport_c.dir/rosidl_typesupport_c/autoware_auto_control_msgs/msg/ackermann_lateral_command__type_support.cpp.o[0m
[ 49%] [32mBuilding CXX object CMakeFiles/autoware_auto_control_msgs__rosidl_typesupport_c.dir/rosidl_typesupport_c/autoware_auto_control_msgs/msg/high_level_control_command__type_support.cpp.o[0m
[ 50%] [32mBuilding CXX object CMakeFiles/autoware_auto_control_msgs__rosidl_typesupport_c.dir/rosidl_typesupport_c/autoware_auto_control_msgs/msg/longitudinal_command__type_support.cpp.o[0m
[35m[1mScanning dependencies of target autoware_auto_control_msgs__rosidl_typesupport_introspection_c[0m
[ 52%] [32m[1mLinking CXX shared library libautoware_auto_control_msgs__rosidl_typesupport_c.so[0m
[ 54%] [32mBuilding C object CMakeFiles/autoware_auto_control_msgs__rosidl_typesupport_introspection_c.dir/rosidl_typesupport_introspection_c/autoware_auto_control_msgs/msg/detail/ackermann_control_command__type_support.c.o[0m
[ 56%] [32mBuilding C object CMakeFiles/autoware_auto_control_msgs__rosidl_typesupport_introspection_c.dir/rosidl_typesupport_introspection_c/autoware_auto_control_msgs/msg/detail/ackermann_lateral_command__type_support.c.o[0m
[ 58%] [32mBuilding C object CMakeFiles/autoware_auto_control_msgs__rosidl_typesupport_introspection_c.dir/rosidl_typesupport_introspection_c/autoware_auto_control_msgs/msg/detail/high_level_control_command__type_support.c.o[0m
[ 60%] [32mBuilding C object CMakeFiles/autoware_auto_control_msgs__rosidl_typesupport_introspection_c.dir/rosidl_typesupport_introspection_c/autoware_auto_control_msgs/msg/detail/longitudinal_command__type_support.c.o[0m
[ 61%] [32m[1mLinking CXX shared library libautoware_auto_control_msgs__rosidl_typesupport_cpp.so[0m
[ 61%] Built target autoware_auto_control_msgs__rosidl_typesupport_c
[ 63%] [32m[1mLinking C shared library libautoware_auto_control_msgs__rosidl_typesupport_introspection_c.so[0m
[ 63%] Built target autoware_auto_control_msgs__rosidl_typesupport_cpp
[ 63%] Built target autoware_auto_control_msgs__rosidl_typesupport_introspection_c
[ 65%] [32m[1mLinking CXX shared library libautoware_auto_control_msgs__rosidl_typesupport_introspection_cpp.so[0m
[ 65%] Built target autoware_auto_control_msgs__rosidl_typesupport_introspection_cpp
[ 67%] [32m[1mLinking CXX shared library libautoware_auto_control_msgs__rosidl_typesupport_fastrtps_cpp.so[0m
[ 67%] Built target autoware_auto_control_msgs__rosidl_typesupport_fastrtps_cpp
[ 69%] [34m[1mGenerating C type support for eProsima Fast-RTPS[0m
[35m[1mScanning dependencies of target autoware_auto_control_msgs__rosidl_typesupport_fastrtps_c[0m
[ 76%] [32mBuilding CXX object CMakeFiles/autoware_auto_control_msgs__rosidl_typesupport_fastrtps_c.dir/rosidl_typesupport_fastrtps_c/autoware_auto_control_msgs/msg/detail/high_level_control_command__type_support_c.cpp.o[0m
[ 76%] [32mBuilding CXX object CMakeFiles/autoware_auto_control_msgs__rosidl_typesupport_fastrtps_c.dir/rosidl_typesupport_fastrtps_c/autoware_auto_control_msgs/msg/detail/ackermann_control_command__type_support_c.cpp.o[0m
[ 76%] [32mBuilding CXX object CMakeFiles/autoware_auto_control_msgs__rosidl_typesupport_fastrtps_c.dir/rosidl_typesupport_fastrtps_c/autoware_auto_control_msgs/msg/detail/ackermann_lateral_command__type_support_c.cpp.o[0m
[ 76%] [32mBuilding CXX object CMakeFiles/autoware_auto_control_msgs__rosidl_typesupport_fastrtps_c.dir/rosidl_typesupport_fastrtps_c/autoware_auto_control_msgs/msg/detail/longitudinal_command__type_support_c.cpp.o[0m
[ 78%] [32m[1mLinking CXX shared library libautoware_auto_control_msgs__rosidl_typesupport_fastrtps_c.so[0m
[ 78%] Built target autoware_auto_control_msgs__rosidl_typesupport_fastrtps_c
[ 78%] Built target autoware_auto_control_msgs
[ 80%] [34m[1mGenerating Python code for ROS interfaces[0m
[ 80%] Built target autoware_auto_control_msgs__py
[35m[1mScanning dependencies of target autoware_auto_control_msgs__python[0m
[ 81%] [32mBuilding C object CMakeFiles/autoware_auto_control_msgs__python.dir/rosidl_generator_py/autoware_auto_control_msgs/msg/_ackermann_lateral_command_s.c.o[0m
[ 83%] [32mBuilding C object CMakeFiles/autoware_auto_control_msgs__python.dir/rosidl_generator_py/autoware_auto_control_msgs/msg/_high_level_control_command_s.c.o[0m
[ 85%] [32mBuilding C object CMakeFiles/autoware_auto_control_msgs__python.dir/rosidl_generator_py/autoware_auto_control_msgs/msg/_ackermann_control_command_s.c.o[0m
[ 87%] [32mBuilding C object CMakeFiles/autoware_auto_control_msgs__python.dir/rosidl_generator_py/autoware_auto_control_msgs/msg/_longitudinal_command_s.c.o[0m
[ 89%] [32m[1mLinking C shared library rosidl_generator_py/autoware_auto_control_msgs/libautoware_auto_control_msgs__python.so[0m
[ 89%] Built target autoware_auto_control_msgs__python
[35m[1mScanning dependencies of target autoware_auto_control_msgs__rosidl_typesupport_c__pyext[0m
[35m[1mScanning dependencies of target autoware_auto_control_msgs__rosidl_typesupport_fastrtps_c__pyext[0m
[35m[1mScanning dependencies of target autoware_auto_control_msgs__rosidl_typesupport_introspection_c__pyext[0m
[ 90%] [32mBuilding C object CMakeFiles/autoware_auto_control_msgs__rosidl_typesupport_c__pyext.dir/rosidl_generator_py/autoware_auto_control_msgs/_autoware_auto_control_msgs_s.ep.rosidl_typesupport_c.c.o[0m
[ 92%] [32mBuilding C object CMakeFiles/autoware_auto_control_msgs__rosidl_typesupport_fastrtps_c__pyext.dir/rosidl_generator_py/autoware_auto_control_msgs/_autoware_auto_control_msgs_s.ep.rosidl_typesupport_fastrtps_c.c.o[0m
[ 94%] [32mBuilding C object CMakeFiles/autoware_auto_control_msgs__rosidl_typesupport_introspection_c__pyext.dir/rosidl_generator_py/autoware_auto_control_msgs/_autoware_auto_control_msgs_s.ep.rosidl_typesupport_introspection_c.c.o[0m
[ 96%] [32m[1mLinking CXX shared library rosidl_generator_py/autoware_auto_control_msgs/autoware_auto_control_msgs_s__rosidl_typesupport_fastrtps_c.cpython-38-x86_64-linux-gnu.so[0m
[ 98%] [32m[1mLinking C shared library rosidl_generator_py/autoware_auto_control_msgs/autoware_auto_control_msgs_s__rosidl_typesupport_c.cpython-38-x86_64-linux-gnu.so[0m
[100%] [32m[1mLinking C shared library rosidl_generator_py/autoware_auto_control_msgs/autoware_auto_control_msgs_s__rosidl_typesupport_introspection_c.cpython-38-x86_64-linux-gnu.so[0m
[100%] Built target autoware_auto_control_msgs__rosidl_typesupport_fastrtps_c__pyext
[100%] Built target autoware_auto_control_msgs__rosidl_typesupport_c__pyext
[100%] Built target autoware_auto_control_msgs__rosidl_typesupport_introspection_c__pyext
-- Install configuration: ""
-- Up-to-date: /home/tasl/autoware.universe-carla-ros-bridge/install/autoware_auto_control_msgs/share/ament_index/resource_index/rosidl_interfaces/autoware_auto_control_msgs
-- Up-to-date: /home/tasl/autoware.universe-carla-ros-bridge/install/autoware_auto_control_msgs/include/autoware_auto_control_msgs
-- Up-to-date: /home/tasl/autoware.universe-carla-ros-bridge/install/autoware_auto_control_msgs/include/autoware_auto_control_msgs/msg
-- Installing: /home/tasl/autoware.universe-carla-ros-bridge/install/autoware_auto_control_msgs/include/autoware_auto_control_msgs/msg/high_level_control_command.h
-- Installing: /home/tasl/autoware.universe-carla-ros-bridge/install/autoware_auto_control_msgs/include/autoware_auto_control_msgs/msg/ackermann_lateral_command.h
-- Installing: /home/tasl/autoware.universe-carla-ros-bridge/install/autoware_auto_control_msgs/include/autoware_auto_control_msgs/msg/ackermann_control_command.h
-- Installing: /home/tasl/autoware.universe-carla-ros-bridge/install/autoware_auto_control_msgs/include/autoware_auto_control_msgs/msg/longitudinal_command.h
-- Up-to-date: /home/tasl/autoware.universe-carla-ros-bridge/install/autoware_auto_control_msgs/include/autoware_auto_control_msgs/msg/detail
-- Installing: /home/tasl/autoware.universe-carla-ros-bridge/install/autoware_auto_control_msgs/include/autoware_auto_control_msgs/msg/detail/high_level_control_command__functions.h
-- Installing: /home/tasl/autoware.universe-carla-ros-bridge/install/autoware_auto_control_msgs/include/autoware_auto_control_msgs/msg/detail/longitudinal_command__functions.c
-- Installing: /home/tasl/autoware.universe-carla-ros-bridge/install/autoware_auto_control_msgs/include/autoware_auto_control_msgs/msg/detail/ackermann_control_command__functions.h
-- Installing: /home/tasl/autoware.universe-carla-ros-bridge/install/autoware_auto_control_msgs/include/autoware_auto_control_msgs/msg/detail/high_level_control_command__functions.c
-- Installing: /home/tasl/autoware.universe-carla-ros-bridge/install/autoware_auto_control_msgs/include/autoware_auto_control_msgs/msg/detail/ackermann_control_command__type_support.h
-- Installing: /home/tasl/autoware.universe-carla-ros-bridge/install/autoware_auto_control_msgs/include/autoware_auto_control_msgs/msg/detail/ackermann_control_command__struct.h
-- Installing: /home/tasl/autoware.universe-carla-ros-bridge/install/autoware_auto_control_msgs/include/autoware_auto_control_msgs/msg/detail/ackermann_lateral_command__functions.c
-- Installing: /home/tasl/autoware.universe-carla-ros-bridge/install/autoware_auto_control_msgs/include/autoware_auto_control_msgs/msg/detail/high_level_control_command__struct.h
-- Installing: /home/tasl/autoware.universe-carla-ros-bridge/install/autoware_auto_control_msgs/include/autoware_auto_control_msgs/msg/detail/ackermann_lateral_command__struct.h
-- Installing: /home/tasl/autoware.universe-carla-ros-bridge/install/autoware_auto_control_msgs/include/autoware_auto_control_msgs/msg/detail/ackermann_control_command__functions.c
-- Installing: /home/tasl/autoware.universe-carla-ros-bridge/install/autoware_auto_control_msgs/include/autoware_auto_control_msgs/msg/detail/longitudinal_command__struct.h
-- Installing: /home/tasl/autoware.universe-carla-ros-bridge/install/autoware_auto_control_msgs/include/autoware_auto_control_msgs/msg/detail/ackermann_lateral_command__type_support.h
-- Installing: /home/tasl/autoware.universe-carla-ros-bridge/install/autoware_auto_control_msgs/include/autoware_auto_control_msgs/msg/detail/high_level_control_command__type_support.h
-- Installing: /home/tasl/autoware.universe-carla-ros-bridge/install/autoware_auto_control_msgs/include/autoware_auto_control_msgs/msg/detail/longitudinal_command__functions.h
-- Installing: /home/tasl/autoware.universe-carla-ros-bridge/install/autoware_auto_control_msgs/include/autoware_auto_control_msgs/msg/detail/longitudinal_command__type_support.h
-- Installing: /home/tasl/autoware.universe-carla-ros-bridge/install/autoware_auto_control_msgs/include/autoware_auto_control_msgs/msg/detail/ackermann_lateral_command__functions.h
-- Up-to-date: /home/tasl/autoware.universe-carla-ros-bridge/install/autoware_auto_control_msgs/include/autoware_auto_control_msgs/msg/rosidl_generator_c__visibility_control.h
-- Up-to-date: /home/tasl/autoware.universe-carla-ros-bridge/install/autoware_auto_control_msgs/share/autoware_auto_control_msgs/environment/library_path.sh
-- Up-to-date: /home/tasl/autoware.universe-carla-ros-bridge/install/autoware_auto_control_msgs/share/autoware_auto_control_msgs/environment/library_path.dsv
-- Installing: /home/tasl/autoware.universe-carla-ros-bridge/install/autoware_auto_control_msgs/lib/libautoware_auto_control_msgs__rosidl_generator_c.so
-- Set runtime path of "/home/tasl/autoware.universe-carla-ros-bridge/install/autoware_auto_control_msgs/lib/libautoware_auto_control_msgs__rosidl_generator_c.so" to ""
-- Up-to-date: /home/tasl/autoware.universe-carla-ros-bridge/install/autoware_auto_control_msgs/include/autoware_auto_control_msgs
-- Up-to-date: /home/tasl/autoware.universe-carla-ros-bridge/install/autoware_auto_control_msgs/include/autoware_auto_control_msgs/msg
-- Up-to-date: /home/tasl/autoware.universe-carla-ros-bridge/install/autoware_auto_control_msgs/include/autoware_auto_control_msgs/msg/detail
-- Installing: /home/tasl/autoware.universe-carla-ros-bridge/install/autoware_auto_control_msgs/include/autoware_auto_control_msgs/msg/detail/longitudinal_command__rosidl_typesupport_fastrtps_c.h
-- Installing: /home/tasl/autoware.universe-carla-ros-bridge/install/autoware_auto_control_msgs/include/autoware_auto_control_msgs/msg/detail/high_level_control_command__rosidl_typesupport_fastrtps_c.h
-- Installing: /home/tasl/autoware.universe-carla-ros-bridge/install/autoware_auto_control_msgs/include/autoware_auto_control_msgs/msg/detail/ackermann_lateral_command__rosidl_typesupport_fastrtps_c.h
-- Installing: /home/tasl/autoware.universe-carla-ros-bridge/install/autoware_auto_control_msgs/include/autoware_auto_control_msgs/msg/detail/ackermann_control_command__rosidl_typesupport_fastrtps_c.h
-- Up-to-date: /home/tasl/autoware.universe-carla-ros-bridge/install/autoware_auto_control_msgs/include/autoware_auto_control_msgs/msg/rosidl_typesupport_fastrtps_c__visibility_control.h
-- Installing: /home/tasl/autoware.universe-carla-ros-bridge/install/autoware_auto_control_msgs/lib/libautoware_auto_control_msgs__rosidl_typesupport_fastrtps_c.so
-- Set runtime path of "/home/tasl/autoware.universe-carla-ros-bridge/install/autoware_auto_control_msgs/lib/libautoware_auto_control_msgs__rosidl_typesupport_fastrtps_c.so" to ""
-- Up-to-date: /home/tasl/autoware.universe-carla-ros-bridge/install/autoware_auto_control_msgs/include/autoware_auto_control_msgs
-- Up-to-date: /home/tasl/autoware.universe-carla-ros-bridge/install/autoware_auto_control_msgs/include/autoware_auto_control_msgs/msg
-- Up-to-date: /home/tasl/autoware.universe-carla-ros-bridge/install/autoware_auto_control_msgs/include/autoware_auto_control_msgs/msg/detail
-- Installing: /home/tasl/autoware.universe-carla-ros-bridge/install/autoware_auto_control_msgs/include/autoware_auto_control_msgs/msg/detail/ackermann_control_command__rosidl_typesupport_fastrtps_cpp.hpp
-- Installing: /home/tasl/autoware.universe-carla-ros-bridge/install/autoware_auto_control_msgs/include/autoware_auto_control_msgs/msg/detail/longitudinal_command__rosidl_typesupport_fastrtps_cpp.hpp
-- Up-to-date: /home/tasl/autoware.universe-carla-ros-bridge/install/autoware_auto_control_msgs/include/autoware_auto_control_msgs/msg/detail/dds_fastrtps
-- Installing: /home/tasl/autoware.universe-carla-ros-bridge/install/autoware_auto_control_msgs/include/autoware_auto_control_msgs/msg/detail/ackermann_lateral_command__rosidl_typesupport_fastrtps_cpp.hpp
-- Installing: /home/tasl/autoware.universe-carla-ros-bridge/install/autoware_auto_control_msgs/include/autoware_auto_control_msgs/msg/detail/high_level_control_command__rosidl_typesupport_fastrtps_cpp.hpp
-- Up-to-date: /home/tasl/autoware.universe-carla-ros-bridge/install/autoware_auto_control_msgs/include/autoware_auto_control_msgs/msg/rosidl_typesupport_fastrtps_cpp__visibility_control.h
-- Installing: /home/tasl/autoware.universe-carla-ros-bridge/install/autoware_auto_control_msgs/lib/libautoware_auto_control_msgs__rosidl_typesupport_fastrtps_cpp.so
-- Set runtime path of "/home/tasl/autoware.universe-carla-ros-bridge/install/autoware_auto_control_msgs/lib/libautoware_auto_control_msgs__rosidl_typesupport_fastrtps_cpp.so" to ""
-- Up-to-date: /home/tasl/autoware.universe-carla-ros-bridge/install/autoware_auto_control_msgs/include/autoware_auto_control_msgs
-- Up-to-date: /home/tasl/autoware.universe-carla-ros-bridge/install/autoware_auto_control_msgs/include/autoware_auto_control_msgs/msg
-- Up-to-date: /home/tasl/autoware.universe-carla-ros-bridge/install/autoware_auto_control_msgs/include/autoware_auto_control_msgs/msg/rosidl_typesupport_introspection_c__visibility_control.h
-- Up-to-date: /home/tasl/autoware.universe-carla-ros-bridge/install/autoware_auto_control_msgs/include/autoware_auto_control_msgs/msg/detail
-- Installing: /home/tasl/autoware.universe-carla-ros-bridge/install/autoware_auto_control_msgs/include/autoware_auto_control_msgs/msg/detail/high_level_control_command__type_support.c
-- Installing: /home/tasl/autoware.universe-carla-ros-bridge/install/autoware_auto_control_msgs/include/autoware_auto_control_msgs/msg/detail/ackermann_control_command__type_support.c
-- Installing: /home/tasl/autoware.universe-carla-ros-bridge/install/autoware_auto_control_msgs/include/autoware_auto_control_msgs/msg/detail/longitudinal_command__rosidl_typesupport_introspection_c.h
-- Installing: /home/tasl/autoware.universe-carla-ros-bridge/install/autoware_auto_control_msgs/include/autoware_auto_control_msgs/msg/detail/high_level_control_command__rosidl_typesupport_introspection_c.h
-- Installing: /home/tasl/autoware.universe-carla-ros-bridge/install/autoware_auto_control_msgs/include/autoware_auto_control_msgs/msg/detail/ackermann_lateral_command__rosidl_typesupport_introspection_c.h
-- Installing: /home/tasl/autoware.universe-carla-ros-bridge/install/autoware_auto_control_msgs/include/autoware_auto_control_msgs/msg/detail/longitudinal_command__type_support.c
-- Installing: /home/tasl/autoware.universe-carla-ros-bridge/install/autoware_auto_control_msgs/include/autoware_auto_control_msgs/msg/detail/ackermann_control_command__rosidl_typesupport_introspection_c.h
-- Installing: /home/tasl/autoware.universe-carla-ros-bridge/install/autoware_auto_control_msgs/include/autoware_auto_control_msgs/msg/detail/ackermann_lateral_command__type_support.c
-- Installing: /home/tasl/autoware.universe-carla-ros-bridge/install/autoware_auto_control_msgs/lib/libautoware_auto_control_msgs__rosidl_typesupport_introspection_c.so
-- Set runtime path of "/home/tasl/autoware.universe-carla-ros-bridge/install/autoware_auto_control_msgs/lib/libautoware_auto_control_msgs__rosidl_typesupport_introspection_c.so" to ""
-- Installing: /home/tasl/autoware.universe-carla-ros-bridge/install/autoware_auto_control_msgs/lib/libautoware_auto_control_msgs__rosidl_typesupport_c.so
-- Set runtime path of "/home/tasl/autoware.universe-carla-ros-bridge/install/autoware_auto_control_msgs/lib/libautoware_auto_control_msgs__rosidl_typesupport_c.so" to ""
-- Up-to-date: /home/tasl/autoware.universe-carla-ros-bridge/install/autoware_auto_control_msgs/include/autoware_auto_control_msgs
-- Up-to-date: /home/tasl/autoware.universe-carla-ros-bridge/install/autoware_auto_control_msgs/include/autoware_auto_control_msgs/msg
-- Installing: /home/tasl/autoware.universe-carla-ros-bridge/install/autoware_auto_control_msgs/include/autoware_auto_control_msgs/msg/ackermann_lateral_command.hpp
-- Installing: /home/tasl/autoware.universe-carla-ros-bridge/install/autoware_auto_control_msgs/include/autoware_auto_control_msgs/msg/longitudinal_command.hpp
-- Up-to-date: /home/tasl/autoware.universe-carla-ros-bridge/install/autoware_auto_control_msgs/include/autoware_auto_control_msgs/msg/detail
-- Installing: /home/tasl/autoware.universe-carla-ros-bridge/install/autoware_auto_control_msgs/include/autoware_auto_control_msgs/msg/detail/longitudinal_command__builder.hpp
-- Installing: /home/tasl/autoware.universe-carla-ros-bridge/install/autoware_auto_control_msgs/include/autoware_auto_control_msgs/msg/detail/high_level_control_command__builder.hpp
-- Installing: /home/tasl/autoware.universe-carla-ros-bridge/install/autoware_auto_control_msgs/include/autoware_auto_control_msgs/msg/detail/ackermann_control_command__traits.hpp
-- Installing: /home/tasl/autoware.universe-carla-ros-bridge/install/autoware_auto_control_msgs/include/autoware_auto_control_msgs/msg/detail/ackermann_lateral_command__builder.hpp
-- Installing: /home/tasl/autoware.universe-carla-ros-bridge/install/autoware_auto_control_msgs/include/autoware_auto_control_msgs/msg/detail/longitudinal_command__struct.hpp
-- Installing: /home/tasl/autoware.universe-carla-ros-bridge/install/autoware_auto_control_msgs/include/autoware_auto_control_msgs/msg/detail/ackermann_control_command__builder.hpp
-- Installing: /home/tasl/autoware.universe-carla-ros-bridge/install/autoware_auto_control_msgs/include/autoware_auto_control_msgs/msg/detail/high_level_control_command__struct.hpp
-- Installing: /home/tasl/autoware.universe-carla-ros-bridge/install/autoware_auto_control_msgs/include/autoware_auto_control_msgs/msg/detail/high_level_control_command__traits.hpp
-- Installing: /home/tasl/autoware.universe-carla-ros-bridge/install/autoware_auto_control_msgs/include/autoware_auto_control_msgs/msg/detail/ackermann_lateral_command__struct.hpp
-- Installing: /home/tasl/autoware.universe-carla-ros-bridge/install/autoware_auto_control_msgs/include/autoware_auto_control_msgs/msg/detail/ackermann_lateral_command__traits.hpp
-- Installing: /home/tasl/autoware.universe-carla-ros-bridge/install/autoware_auto_control_msgs/include/autoware_auto_control_msgs/msg/detail/ackermann_control_command__struct.hpp
-- Installing: /home/tasl/autoware.universe-carla-ros-bridge/install/autoware_auto_control_msgs/include/autoware_auto_control_msgs/msg/detail/longitudinal_command__traits.hpp
-- Installing: /home/tasl/autoware.universe-carla-ros-bridge/install/autoware_auto_control_msgs/include/autoware_auto_control_msgs/msg/high_level_control_command.hpp
-- Installing: /home/tasl/autoware.universe-carla-ros-bridge/install/autoware_auto_control_msgs/include/autoware_auto_control_msgs/msg/ackermann_control_command.hpp
-- Up-to-date: /home/tasl/autoware.universe-carla-ros-bridge/install/autoware_auto_control_msgs/include/autoware_auto_control_msgs
-- Up-to-date: /home/tasl/autoware.universe-carla-ros-bridge/install/autoware_auto_control_msgs/include/autoware_auto_control_msgs/msg
-- Up-to-date: /home/tasl/autoware.universe-carla-ros-bridge/install/autoware_auto_control_msgs/include/autoware_auto_control_msgs/msg/detail
-- Installing: /home/tasl/autoware.universe-carla-ros-bridge/install/autoware_auto_control_msgs/include/autoware_auto_control_msgs/msg/detail/ackermann_control_command__rosidl_typesupport_introspection_cpp.hpp
-- Installing: /home/tasl/autoware.universe-carla-ros-bridge/install/autoware_auto_control_msgs/include/autoware_auto_control_msgs/msg/detail/ackermann_control_command__type_support.cpp
-- Installing: /home/tasl/autoware.universe-carla-ros-bridge/install/autoware_auto_control_msgs/include/autoware_auto_control_msgs/msg/detail/longitudinal_command__rosidl_typesupport_introspection_cpp.hpp
-- Installing: /home/tasl/autoware.universe-carla-ros-bridge/install/autoware_auto_control_msgs/include/autoware_auto_control_msgs/msg/detail/ackermann_lateral_command__type_support.cpp
-- Installing: /home/tasl/autoware.universe-carla-ros-bridge/install/autoware_auto_control_msgs/include/autoware_auto_control_msgs/msg/detail/longitudinal_command__type_support.cpp
-- Installing: /home/tasl/autoware.universe-carla-ros-bridge/install/autoware_auto_control_msgs/include/autoware_auto_control_msgs/msg/detail/ackermann_lateral_command__rosidl_typesupport_introspection_cpp.hpp
-- Installing: /home/tasl/autoware.universe-carla-ros-bridge/install/autoware_auto_control_msgs/include/autoware_auto_control_msgs/msg/detail/high_level_control_command__type_support.cpp
-- Installing: /home/tasl/autoware.universe-carla-ros-bridge/install/autoware_auto_control_msgs/include/autoware_auto_control_msgs/msg/detail/high_level_control_command__rosidl_typesupport_introspection_cpp.hpp
-- Installing: /home/tasl/autoware.universe-carla-ros-bridge/install/autoware_auto_control_msgs/lib/libautoware_auto_control_msgs__rosidl_typesupport_introspection_cpp.so
-- Set runtime path of "/home/tasl/autoware.universe-carla-ros-bridge/install/autoware_auto_control_msgs/lib/libautoware_auto_control_msgs__rosidl_typesupport_introspection_cpp.so" to ""
-- Installing: /home/tasl/autoware.universe-carla-ros-bridge/install/autoware_auto_control_msgs/lib/libautoware_auto_control_msgs__rosidl_typesupport_cpp.so
-- Set runtime path of "/home/tasl/autoware.universe-carla-ros-bridge/install/autoware_auto_control_msgs/lib/libautoware_auto_control_msgs__rosidl_typesupport_cpp.so" to ""
-- Up-to-date: /home/tasl/autoware.universe-carla-ros-bridge/install/autoware_auto_control_msgs/share/autoware_auto_control_msgs/environment/pythonpath.sh
-- Up-to-date: /home/tasl/autoware.universe-carla-ros-bridge/install/autoware_auto_control_msgs/share/autoware_auto_control_msgs/environment/pythonpath.dsv
-- Up-to-date: /home/tasl/autoware.universe-carla-ros-bridge/install/autoware_auto_control_msgs/lib/python3.8/site-packages/autoware_auto_control_msgs/__init__.py
-- Up-to-date: /home/tasl/autoware.universe-carla-ros-bridge/install/autoware_auto_control_msgs/lib/python3.8/site-packages/autoware_auto_control_msgs/msg
-- Installing: /home/tasl/autoware.universe-carla-ros-bridge/install/autoware_auto_control_msgs/lib/python3.8/site-packages/autoware_auto_control_msgs/msg/_high_level_control_command.py
-- Installing: /home/tasl/autoware.universe-carla-ros-bridge/install/autoware_auto_control_msgs/lib/python3.8/site-packages/autoware_auto_control_msgs/msg/_ackermann_lateral_command_s.c
-- Installing: /home/tasl/autoware.universe-carla-ros-bridge/install/autoware_auto_control_msgs/lib/python3.8/site-packages/autoware_auto_control_msgs/msg/__init__.py
-- Installing: /home/tasl/autoware.universe-carla-ros-bridge/install/autoware_auto_control_msgs/lib/python3.8/site-packages/autoware_auto_control_msgs/msg/_ackermann_control_command.py
-- Installing: /home/tasl/autoware.universe-carla-ros-bridge/install/autoware_auto_control_msgs/lib/python3.8/site-packages/autoware_auto_control_msgs/msg/_longitudinal_command_s.c
-- Installing: /home/tasl/autoware.universe-carla-ros-bridge/install/autoware_auto_control_msgs/lib/python3.8/site-packages/autoware_auto_control_msgs/msg/_longitudinal_command.py
-- Installing: /home/tasl/autoware.universe-carla-ros-bridge/install/autoware_auto_control_msgs/lib/python3.8/site-packages/autoware_auto_control_msgs/msg/_high_level_control_command_s.c
-- Installing: /home/tasl/autoware.universe-carla-ros-bridge/install/autoware_auto_control_msgs/lib/python3.8/site-packages/autoware_auto_control_msgs/msg/_ackermann_lateral_command.py
-- Installing: /home/tasl/autoware.universe-carla-ros-bridge/install/autoware_auto_control_msgs/lib/python3.8/site-packages/autoware_auto_control_msgs/msg/_ackermann_control_command_s.c
-- Installing: /home/tasl/autoware.universe-carla-ros-bridge/install/autoware_auto_control_msgs/lib/python3.8/site-packages/autoware_auto_control_msgs/autoware_auto_control_msgs_s__rosidl_typesupport_fastrtps_c.cpython-38-x86_64-linux-gnu.so
-- Set runtime path of "/home/tasl/autoware.universe-carla-ros-bridge/install/autoware_auto_control_msgs/lib/python3.8/site-packages/autoware_auto_control_msgs/autoware_auto_control_msgs_s__rosidl_typesupport_fastrtps_c.cpython-38-x86_64-linux-gnu.so" to ""
-- Installing: /home/tasl/autoware.universe-carla-ros-bridge/install/autoware_auto_control_msgs/lib/python3.8/site-packages/autoware_auto_control_msgs/autoware_auto_control_msgs_s__rosidl_typesupport_introspection_c.cpython-38-x86_64-linux-gnu.so
-- Set runtime path of "/home/tasl/autoware.universe-carla-ros-bridge/install/autoware_auto_control_msgs/lib/python3.8/site-packages/autoware_auto_control_msgs/autoware_auto_control_msgs_s__rosidl_typesupport_introspection_c.cpython-38-x86_64-linux-gnu.so" to ""
-- Installing: /home/tasl/autoware.universe-carla-ros-bridge/install/autoware_auto_control_msgs/lib/python3.8/site-packages/autoware_auto_control_msgs/autoware_auto_control_msgs_s__rosidl_typesupport_c.cpython-38-x86_64-linux-gnu.so
-- Set runtime path of "/home/tasl/autoware.universe-carla-ros-bridge/install/autoware_auto_control_msgs/lib/python3.8/site-packages/autoware_auto_control_msgs/autoware_auto_control_msgs_s__rosidl_typesupport_c.cpython-38-x86_64-linux-gnu.so" to ""
-- Installing: /home/tasl/autoware.universe-carla-ros-bridge/install/autoware_auto_control_msgs/lib/libautoware_auto_control_msgs__python.so
-- Set runtime path of "/home/tasl/autoware.universe-carla-ros-bridge/install/autoware_auto_control_msgs/lib/libautoware_auto_control_msgs__python.so" to ""
-- Up-to-date: /home/tasl/autoware.universe-carla-ros-bridge/install/autoware_auto_control_msgs/share/autoware_auto_control_msgs/msg/AckermannControlCommand.idl
-- Up-to-date: /home/tasl/autoware.universe-carla-ros-bridge/install/autoware_auto_control_msgs/share/autoware_auto_control_msgs/msg/AckermannLateralCommand.idl
-- Up-to-date: /home/tasl/autoware.universe-carla-ros-bridge/install/autoware_auto_control_msgs/share/autoware_auto_control_msgs/msg/HighLevelControlCommand.idl
-- Up-to-date: /home/tasl/autoware.universe-carla-ros-bridge/install/autoware_auto_control_msgs/share/autoware_auto_control_msgs/msg/LongitudinalCommand.idl
-- Up-to-date: /home/tasl/autoware.universe-carla-ros-bridge/install/autoware_auto_control_msgs/share/ament_index/resource_index/package_run_dependencies/autoware_auto_control_msgs
-- Up-to-date: /home/tasl/autoware.universe-carla-ros-bridge/install/autoware_auto_control_msgs/share/ament_index/resource_index/parent_prefix_path/autoware_auto_control_msgs
-- Up-to-date: /home/tasl/autoware.universe-carla-ros-bridge/install/autoware_auto_control_msgs/share/autoware_auto_control_msgs/environment/ament_prefix_path.sh
-- Up-to-date: /home/tasl/autoware.universe-carla-ros-bridge/install/autoware_auto_control_msgs/share/autoware_auto_control_msgs/environment/ament_prefix_path.dsv
-- Up-to-date: /home/tasl/autoware.universe-carla-ros-bridge/install/autoware_auto_control_msgs/share/autoware_auto_control_msgs/environment/path.sh
-- Up-to-date: /home/tasl/autoware.universe-carla-ros-bridge/install/autoware_auto_control_msgs/share/autoware_auto_control_msgs/environment/path.dsv
-- Up-to-date: /home/tasl/autoware.universe-carla-ros-bridge/install/autoware_auto_control_msgs/share/autoware_auto_control_msgs/local_setup.bash
-- Up-to-date: /home/tasl/autoware.universe-carla-ros-bridge/install/autoware_auto_control_msgs/share/autoware_auto_control_msgs/local_setup.sh
-- Up-to-date: /home/tasl/autoware.universe-carla-ros-bridge/install/autoware_auto_control_msgs/share/autoware_auto_control_msgs/local_setup.zsh
-- Up-to-date: /home/tasl/autoware.universe-carla-ros-bridge/install/autoware_auto_control_msgs/share/autoware_auto_control_msgs/local_setup.dsv
-- Installing: /home/tasl/autoware.universe-carla-ros-bridge/install/autoware_auto_control_msgs/share/autoware_auto_control_msgs/package.dsv
-- Up-to-date: /home/tasl/autoware.universe-carla-ros-bridge/install/autoware_auto_control_msgs/share/ament_index/resource_index/packages/autoware_auto_control_msgs
-- Up-to-date: /home/tasl/autoware.universe-carla-ros-bridge/install/autoware_auto_control_msgs/share/autoware_auto_control_msgs/cmake/autoware_auto_control_msgs__rosidl_generator_cExport.cmake
-- Up-to-date: /home/tasl/autoware.universe-carla-ros-bridge/install/autoware_auto_control_msgs/share/autoware_auto_control_msgs/cmake/autoware_auto_control_msgs__rosidl_generator_cExport-noconfig.cmake
-- Up-to-date: /home/tasl/autoware.universe-carla-ros-bridge/install/autoware_auto_control_msgs/share/autoware_auto_control_msgs/cmake/autoware_auto_control_msgs__rosidl_typesupport_introspection_cExport.cmake
-- Up-to-date: /home/tasl/autoware.universe-carla-ros-bridge/install/autoware_auto_control_msgs/share/autoware_auto_control_msgs/cmake/autoware_auto_control_msgs__rosidl_typesupport_introspection_cExport-noconfig.cmake
-- Up-to-date: /home/tasl/autoware.universe-carla-ros-bridge/install/autoware_auto_control_msgs/share/autoware_auto_control_msgs/cmake/autoware_auto_control_msgs__rosidl_typesupport_cExport.cmake
-- Up-to-date: /home/tasl/autoware.universe-carla-ros-bridge/install/autoware_auto_control_msgs/share/autoware_auto_control_msgs/cmake/autoware_auto_control_msgs__rosidl_typesupport_cExport-noconfig.cmake
-- Up-to-date: /home/tasl/autoware.universe-carla-ros-bridge/install/autoware_auto_control_msgs/share/autoware_auto_control_msgs/cmake/autoware_auto_control_msgs__rosidl_generator_cppExport.cmake
-- Up-to-date: /home/tasl/autoware.universe-carla-ros-bridge/install/autoware_auto_control_msgs/share/autoware_auto_control_msgs/cmake/autoware_auto_control_msgs__rosidl_typesupport_introspection_cppExport.cmake
-- Up-to-date: /home/tasl/autoware.universe-carla-ros-bridge/install/autoware_auto_control_msgs/share/autoware_auto_control_msgs/cmake/autoware_auto_control_msgs__rosidl_typesupport_introspection_cppExport-noconfig.cmake
-- Up-to-date: /home/tasl/autoware.universe-carla-ros-bridge/install/autoware_auto_control_msgs/share/autoware_auto_control_msgs/cmake/autoware_auto_control_msgs__rosidl_typesupport_cppExport.cmake
-- Up-to-date: /home/tasl/autoware.universe-carla-ros-bridge/install/autoware_auto_control_msgs/share/autoware_auto_control_msgs/cmake/autoware_auto_control_msgs__rosidl_typesupport_cppExport-noconfig.cmake
-- Up-to-date: /home/tasl/autoware.universe-carla-ros-bridge/install/autoware_auto_control_msgs/share/autoware_auto_control_msgs/cmake/rosidl_cmake-extras.cmake
-- Up-to-date: /home/tasl/autoware.universe-carla-ros-bridge/install/autoware_auto_control_msgs/share/autoware_auto_control_msgs/cmake/ament_cmake_export_dependencies-extras.cmake
-- Up-to-date: /home/tasl/autoware.universe-carla-ros-bridge/install/autoware_auto_control_msgs/share/autoware_auto_control_msgs/cmake/ament_cmake_export_libraries-extras.cmake
-- Up-to-date: /home/tasl/autoware.universe-carla-ros-bridge/install/autoware_auto_control_msgs/share/autoware_auto_control_msgs/cmake/ament_cmake_export_targets-extras.cmake
-- Up-to-date: /home/tasl/autoware.universe-carla-ros-bridge/install/autoware_auto_control_msgs/share/autoware_auto_control_msgs/cmake/ament_cmake_export_include_directories-extras.cmake
-- Up-to-date: /home/tasl/autoware.universe-carla-ros-bridge/install/autoware_auto_control_msgs/share/autoware_auto_control_msgs/cmake/rosidl_cmake_export_typesupport_libraries-extras.cmake
-- Up-to-date: /home/tasl/autoware.universe-carla-ros-bridge/install/autoware_auto_control_msgs/share/autoware_auto_control_msgs/cmake/rosidl_cmake_export_typesupport_targets-extras.cmake
-- Up-to-date: /home/tasl/autoware.universe-carla-ros-bridge/install/autoware_auto_control_msgs/share/autoware_auto_control_msgs/cmake/autoware_auto_control_msgsConfig.cmake
-- Up-to-date: /home/tasl/autoware.universe-carla-ros-bridge/install/autoware_auto_control_msgs/share/autoware_auto_control_msgs/cmake/autoware_auto_control_msgsConfig-version.cmake
-- Up-to-date: /home/tasl/autoware.universe-carla-ros-bridge/install/autoware_auto_control_msgs/share/autoware_auto_control_msgs/package.xml
