[0.013s] Invoking command in '/home/tasl/autoware.universe-carla-ros-bridge/build/autoware_ros_bridge_carla': CMAKE_PREFIX_PATH=/opt/ros/galactic:/home/tasl/autoware.universe-carla-ros-bridge/install/carla_msgs:/home/tasl/autoware.universe-carla-ros-bridge/install/autoware_auto_vehicle_msgs:/home/tasl/autoware.universe-carla-ros-bridge/install/autoware_auto_control_msgs:/home/tasl/autoware.universe-carla-ros-bridge/install/autoware_ros_bridge_carla LD_LIBRARY_PATH=/home/tasl/autoware.universe-carla-ros-bridge/install/carla_msgs/lib:/home/tasl/autoware.universe-carla-ros-bridge/install/autoware_auto_vehicle_msgs/lib:/home/tasl/autoware.universe-carla-ros-bridge/install/autoware_auto_control_msgs/lib:/opt/ros/galactic/opt/yaml_cpp_vendor/lib:/opt/ros/galactic/opt/rviz_ogre_vendor/lib:/opt/ros/galactic/lib/x86_64-linux-gnu:/opt/ros/galactic/lib PYTHONPATH=/home/tasl/autoware.universe-carla-ros-bridge/install/carla_msgs/lib/python3.8/site-packages:/home/tasl/autoware.universe-carla-ros-bridge/install/autoware_auto_vehicle_msgs/lib/python3.8/site-packages:/home/tasl/autoware.universe-carla-ros-bridge/install/autoware_auto_control_msgs/lib/python3.8/site-packages:/opt/ros/galactic/lib/python3.8/site-packages /usr/bin/cmake --build /home/tasl/autoware.universe-carla-ros-bridge/build/autoware_ros_bridge_carla -- -j16 -l16
[0.046s] [35m[1mScanning dependencies of target control_command_converter[0m
[0.047s] [35m[1mScanning dependencies of target odometry_remapper[0m
[0.057s] [ 22%] Built target gnss_converter
[0.057s] [ 22%] Built target listener
[0.057s] [ 33%] Built target jsontest
[0.057s] [ 44%] Built target sensor_converter
[0.059s] [ 55%] Built target velocity_reporter
[0.059s] [ 66%] Built target sender
[0.060s] [ 77%] Built target steering_reporter
[0.068s] [ 83%] [32mBuilding CXX object CMakeFiles/odometry_remapper.dir/src/odometry_remapper.cpp.o[0m
[0.071s] [ 88%] [32mBuilding CXX object CMakeFiles/control_command_converter.dir/src/control_command_converter.cpp.o[0m
[1.346s] [01m[K/home/tasl/autoware.universe-carla-ros-bridge/autoware_ros_bridge_carla/src/odometry_remapper.cpp:[m[K In constructor ‘[01m[KOdometryRemapper::OdometryRemapper()[m[K’:
[1.346s] [01m[K/home/tasl/autoware.universe-carla-ros-bridge/autoware_ros_bridge_carla/src/odometry_remapper.cpp:30:15:[m[K [01;31m[Kerror: [m[Kno match for ‘[01m[Koperator=[m[K’ (operand types are ‘[01m[Kstd_msgs::msg::Float32[m[K’ {aka ‘[01m[Kstd_msgs::msg::Float32_<std::allocator<void> >[m[K’} and ‘[01m[Kint[m[K’)
[1.346s]    30 |       speed = [01;31m[K0[m[K;   //init
[1.346s]       |               [01;31m[K^[m[K
[1.346s] In file included from [01m[K/opt/ros/galactic/include/std_msgs/msg/float32.hpp:7[m[K,
[1.346s]                  from [01m[K/home/tasl/autoware.universe-carla-ros-bridge/autoware_ros_bridge_carla/src/odometry_remapper.cpp:9[m[K:
[1.347s] [01m[K/opt/ros/galactic/include/std_msgs/msg/detail/float32__struct.hpp:31:8:[m[K [01;36m[Knote: [m[Kcandidate: ‘[01m[Kconstexpr std_msgs::msg::Float32_<std::allocator<void> >& std_msgs::msg::Float32_<std::allocator<void> >::operator=(const std_msgs::msg::Float32_<std::allocator<void> >&)[m[K’
[1.347s]    31 | struct [01;36m[KFloat32_[m[K
[1.347s]       |        [01;36m[K^~~~~~~~[m[K
[1.347s] [01m[K/opt/ros/galactic/include/std_msgs/msg/detail/float32__struct.hpp:31:8:[m[K [01;36m[Knote: [m[K  no known conversion for argument 1 from ‘[01m[Kint[m[K’ to ‘[01m[Kconst std_msgs::msg::Float32_<std::allocator<void> >&[m[K’
[1.347s] [01m[K/opt/ros/galactic/include/std_msgs/msg/detail/float32__struct.hpp:31:8:[m[K [01;36m[Knote: [m[Kcandidate: ‘[01m[Kconstexpr std_msgs::msg::Float32_<std::allocator<void> >& std_msgs::msg::Float32_<std::allocator<void> >::operator=(std_msgs::msg::Float32_<std::allocator<void> >&&)[m[K’
[1.347s] [01m[K/opt/ros/galactic/include/std_msgs/msg/detail/float32__struct.hpp:31:8:[m[K [01;36m[Knote: [m[K  no known conversion for argument 1 from ‘[01m[Kint[m[K’ to ‘[01m[Kstd_msgs::msg::Float32_<std::allocator<void> >&&[m[K’
[1.514s] [01m[K/home/tasl/autoware.universe-carla-ros-bridge/autoware_ros_bridge_carla/src/odometry_remapper.cpp:[m[K In member function ‘[01m[Kvoid OdometryRemapper::topic_callback(nav_msgs::msg::Odometry_<std::allocator<void> >::ConstSharedPtr)[m[K’:
[1.515s] [01m[K/home/tasl/autoware.universe-carla-ros-bridge/autoware_ros_bridge_carla/src/odometry_remapper.cpp:80:38:[m[K [01;31m[Kerror: [m[Kcannot convert ‘[01m[Kstd_msgs::msg::Float32[m[K’ {aka ‘[01m[Kstd_msgs::msg::Float32_<std::allocator<void> >[m[K’} to ‘[01m[Kgeometry_msgs::msg::Vector3_<std::allocator<void> >::_x_type[m[K’ {aka ‘[01m[Kdouble[m[K’} in assignment
[1.515s]    80 |       message.twist.twist.linear.x = [01;31m[Kspeed[m[K;
[1.515s]       |                                      [01;31m[K^~~~~[m[K
[1.515s]       |                                      [01;31m[K|[m[K
[1.515s]       |                                      [01;31m[Kstd_msgs::msg::Float32 {aka std_msgs::msg::Float32_<std::allocator<void> >}[m[K
[3.518s] make[2]: *** [CMakeFiles/odometry_remapper.dir/build.make:63: CMakeFiles/odometry_remapper.dir/src/odometry_remapper.cpp.o] Error 1
[3.518s] make[1]: *** [CMakeFiles/Makefile2:337: CMakeFiles/odometry_remapper.dir/all] Error 2
[3.518s] make[1]: *** Waiting for unfinished jobs....
[4.955s] [ 94%] [32m[1mLinking CXX executable control_command_converter[0m
[5.141s] [ 94%] Built target control_command_converter
[5.142s] make: *** [Makefile:141: all] Error 2
[5.144s] Invoked command in '/home/tasl/autoware.universe-carla-ros-bridge/build/autoware_ros_bridge_carla' returned '2': CMAKE_PREFIX_PATH=/opt/ros/galactic:/home/tasl/autoware.universe-carla-ros-bridge/install/carla_msgs:/home/tasl/autoware.universe-carla-ros-bridge/install/autoware_auto_vehicle_msgs:/home/tasl/autoware.universe-carla-ros-bridge/install/autoware_auto_control_msgs:/home/tasl/autoware.universe-carla-ros-bridge/install/autoware_ros_bridge_carla LD_LIBRARY_PATH=/home/tasl/autoware.universe-carla-ros-bridge/install/carla_msgs/lib:/home/tasl/autoware.universe-carla-ros-bridge/install/autoware_auto_vehicle_msgs/lib:/home/tasl/autoware.universe-carla-ros-bridge/install/autoware_auto_control_msgs/lib:/opt/ros/galactic/opt/yaml_cpp_vendor/lib:/opt/ros/galactic/opt/rviz_ogre_vendor/lib:/opt/ros/galactic/lib/x86_64-linux-gnu:/opt/ros/galactic/lib PYTHONPATH=/home/tasl/autoware.universe-carla-ros-bridge/install/carla_msgs/lib/python3.8/site-packages:/home/tasl/autoware.universe-carla-ros-bridge/install/autoware_auto_vehicle_msgs/lib/python3.8/site-packages:/home/tasl/autoware.universe-carla-ros-bridge/install/autoware_auto_control_msgs/lib/python3.8/site-packages:/opt/ros/galactic/lib/python3.8/site-packages /usr/bin/cmake --build /home/tasl/autoware.universe-carla-ros-bridge/build/autoware_ros_bridge_carla -- -j16 -l16
