[0.030s] Invoking command in '/home/tasl/autoware.universe-carla-ros-bridge/build/autoware_auto_control_msgs': CMAKE_PREFIX_PATH=${CMAKE_PREFIX_PATH}:/opt/ros/galactic /usr/bin/cmake --build /home/tasl/autoware.universe-carla-ros-bridge/build/autoware_auto_control_msgs -- -j16 -l16
[0.067s] [  1%] Built target autoware_auto_control_msgs__cpp
[0.068s] [ 12%] Built target autoware_auto_control_msgs__rosidl_generator_c
[0.086s] [ 34%] Built target autoware_auto_control_msgs__rosidl_typesupport_introspection_cpp
[0.086s] [ 34%] Built target autoware_auto_control_msgs__rosidl_typesupport_c
[0.087s] [ 45%] Built target autoware_auto_control_msgs__rosidl_typesupport_cpp
[0.089s] [ 56%] Built target autoware_auto_control_msgs__rosidl_typesupport_introspection_c
[0.090s] [ 67%] Built target autoware_auto_control_msgs__rosidl_typesupport_fastrtps_cpp
[0.111s] [ 78%] Built target autoware_auto_control_msgs__rosidl_typesupport_fastrtps_c
[0.125s] [ 78%] Built target autoware_auto_control_msgs
[0.139s] [ 80%] Built target autoware_auto_control_msgs__py
[0.157s] [ 89%] Built target autoware_auto_control_msgs__python
[0.176s] [100%] Built target autoware_auto_control_msgs__rosidl_typesupport_c__pyext
[0.176s] [100%] Built target autoware_auto_control_msgs__rosidl_typesupport_introspection_c__pyext
[0.177s] [100%] Built target autoware_auto_control_msgs__rosidl_typesupport_fastrtps_c__pyext
[0.186s] Invoked command in '/home/tasl/autoware.universe-carla-ros-bridge/build/autoware_auto_control_msgs' returned '0': CMAKE_PREFIX_PATH=${CMAKE_PREFIX_PATH}:/opt/ros/galactic /usr/bin/cmake --build /home/tasl/autoware.universe-carla-ros-bridge/build/autoware_auto_control_msgs -- -j16 -l16
[0.248s] Invoking command in '/home/tasl/autoware.universe-carla-ros-bridge/build/autoware_auto_control_msgs': CMAKE_PREFIX_PATH=${CMAKE_PREFIX_PATH}:/opt/ros/galactic /usr/bin/cmake --install /home/tasl/autoware.universe-carla-ros-bridge/build/autoware_auto_control_msgs
[0.252s] -- Install configuration: ""
[0.252s] -- Up-to-date: /home/tasl/autoware.universe-carla-ros-bridge/install/autoware_auto_control_msgs/share/ament_index/resource_index/rosidl_interfaces/autoware_auto_control_msgs
[0.252s] -- Up-to-date: /home/tasl/autoware.universe-carla-ros-bridge/install/autoware_auto_control_msgs/include/autoware_auto_control_msgs
[0.252s] -- Up-to-date: /home/tasl/autoware.universe-carla-ros-bridge/install/autoware_auto_control_msgs/include/autoware_auto_control_msgs/msg
[0.253s] -- Up-to-date: /home/tasl/autoware.universe-carla-ros-bridge/install/autoware_auto_control_msgs/include/autoware_auto_control_msgs/msg/high_level_control_command.h
[0.253s] -- Up-to-date: /home/tasl/autoware.universe-carla-ros-bridge/install/autoware_auto_control_msgs/include/autoware_auto_control_msgs/msg/ackermann_lateral_command.h
[0.253s] -- Up-to-date: /home/tasl/autoware.universe-carla-ros-bridge/install/autoware_auto_control_msgs/include/autoware_auto_control_msgs/msg/ackermann_control_command.h
[0.253s] -- Up-to-date: /home/tasl/autoware.universe-carla-ros-bridge/install/autoware_auto_control_msgs/include/autoware_auto_control_msgs/msg/longitudinal_command.h
[0.253s] -- Up-to-date: /home/tasl/autoware.universe-carla-ros-bridge/install/autoware_auto_control_msgs/include/autoware_auto_control_msgs/msg/detail
[0.253s] -- Up-to-date: /home/tasl/autoware.universe-carla-ros-bridge/install/autoware_auto_control_msgs/include/autoware_auto_control_msgs/msg/detail/high_level_control_command__functions.h
[0.253s] -- Up-to-date: /home/tasl/autoware.universe-carla-ros-bridge/install/autoware_auto_control_msgs/include/autoware_auto_control_msgs/msg/detail/longitudinal_command__functions.c
[0.253s] -- Up-to-date: /home/tasl/autoware.universe-carla-ros-bridge/install/autoware_auto_control_msgs/include/autoware_auto_control_msgs/msg/detail/ackermann_control_command__functions.h
[0.254s] -- Up-to-date: /home/tasl/autoware.universe-carla-ros-bridge/install/autoware_auto_control_msgs/include/autoware_auto_control_msgs/msg/detail/high_level_control_command__functions.c
[0.254s] -- Up-to-date: /home/tasl/autoware.universe-carla-ros-bridge/install/autoware_auto_control_msgs/include/autoware_auto_control_msgs/msg/detail/ackermann_control_command__type_support.h
[0.254s] -- Up-to-date: /home/tasl/autoware.universe-carla-ros-bridge/install/autoware_auto_control_msgs/include/autoware_auto_control_msgs/msg/detail/ackermann_control_command__struct.h
[0.254s] -- Up-to-date: /home/tasl/autoware.universe-carla-ros-bridge/install/autoware_auto_control_msgs/include/autoware_auto_control_msgs/msg/detail/ackermann_lateral_command__functions.c
[0.254s] -- Up-to-date: /home/tasl/autoware.universe-carla-ros-bridge/install/autoware_auto_control_msgs/include/autoware_auto_control_msgs/msg/detail/high_level_control_command__struct.h
[0.254s] -- Up-to-date: /home/tasl/autoware.universe-carla-ros-bridge/install/autoware_auto_control_msgs/include/autoware_auto_control_msgs/msg/detail/ackermann_lateral_command__struct.h
[0.255s] -- Up-to-date: /home/tasl/autoware.universe-carla-ros-bridge/install/autoware_auto_control_msgs/include/autoware_auto_control_msgs/msg/detail/ackermann_control_command__functions.c
[0.255s] -- Up-to-date: /home/tasl/autoware.universe-carla-ros-bridge/install/autoware_auto_control_msgs/include/autoware_auto_control_msgs/msg/detail/longitudinal_command__struct.h
[0.255s] -- Up-to-date: /home/tasl/autoware.universe-carla-ros-bridge/install/autoware_auto_control_msgs/include/autoware_auto_control_msgs/msg/detail/ackermann_lateral_command__type_support.h
[0.255s] -- Up-to-date: /home/tasl/autoware.universe-carla-ros-bridge/install/autoware_auto_control_msgs/include/autoware_auto_control_msgs/msg/detail/high_level_control_command__type_support.h
[0.255s] -- Up-to-date: /home/tasl/autoware.universe-carla-ros-bridge/install/autoware_auto_control_msgs/include/autoware_auto_control_msgs/msg/detail/longitudinal_command__functions.h
[0.255s] -- Up-to-date: /home/tasl/autoware.universe-carla-ros-bridge/install/autoware_auto_control_msgs/include/autoware_auto_control_msgs/msg/detail/longitudinal_command__type_support.h
[0.255s] -- Up-to-date: /home/tasl/autoware.universe-carla-ros-bridge/install/autoware_auto_control_msgs/include/autoware_auto_control_msgs/msg/detail/ackermann_lateral_command__functions.h
[0.256s] -- Up-to-date: /home/tasl/autoware.universe-carla-ros-bridge/install/autoware_auto_control_msgs/include/autoware_auto_control_msgs/msg/rosidl_generator_c__visibility_control.h
[0.256s] -- Up-to-date: /home/tasl/autoware.universe-carla-ros-bridge/install/autoware_auto_control_msgs/share/autoware_auto_control_msgs/environment/library_path.sh
[0.256s] -- Up-to-date: /home/tasl/autoware.universe-carla-ros-bridge/install/autoware_auto_control_msgs/share/autoware_auto_control_msgs/environment/library_path.dsv
[0.256s] -- Up-to-date: /home/tasl/autoware.universe-carla-ros-bridge/install/autoware_auto_control_msgs/lib/libautoware_auto_control_msgs__rosidl_generator_c.so
[0.256s] -- Up-to-date: /home/tasl/autoware.universe-carla-ros-bridge/install/autoware_auto_control_msgs/include/autoware_auto_control_msgs
[0.257s] -- Up-to-date: /home/tasl/autoware.universe-carla-ros-bridge/install/autoware_auto_control_msgs/include/autoware_auto_control_msgs/msg
[0.257s] -- Up-to-date: /home/tasl/autoware.universe-carla-ros-bridge/install/autoware_auto_control_msgs/include/autoware_auto_control_msgs/msg/detail
[0.257s] -- Up-to-date: /home/tasl/autoware.universe-carla-ros-bridge/install/autoware_auto_control_msgs/include/autoware_auto_control_msgs/msg/detail/longitudinal_command__rosidl_typesupport_fastrtps_c.h
[0.257s] -- Up-to-date: /home/tasl/autoware.universe-carla-ros-bridge/install/autoware_auto_control_msgs/include/autoware_auto_control_msgs/msg/detail/high_level_control_command__rosidl_typesupport_fastrtps_c.h
[0.257s] -- Up-to-date: /home/tasl/autoware.universe-carla-ros-bridge/install/autoware_auto_control_msgs/include/autoware_auto_control_msgs/msg/detail/ackermann_lateral_command__rosidl_typesupport_fastrtps_c.h
[0.257s] -- Up-to-date: /home/tasl/autoware.universe-carla-ros-bridge/install/autoware_auto_control_msgs/include/autoware_auto_control_msgs/msg/detail/ackermann_control_command__rosidl_typesupport_fastrtps_c.h
[0.257s] -- Up-to-date: /home/tasl/autoware.universe-carla-ros-bridge/install/autoware_auto_control_msgs/include/autoware_auto_control_msgs/msg/rosidl_typesupport_fastrtps_c__visibility_control.h
[0.258s] -- Up-to-date: /home/tasl/autoware.universe-carla-ros-bridge/install/autoware_auto_control_msgs/lib/libautoware_auto_control_msgs__rosidl_typesupport_fastrtps_c.so
[0.258s] -- Up-to-date: /home/tasl/autoware.universe-carla-ros-bridge/install/autoware_auto_control_msgs/include/autoware_auto_control_msgs
[0.258s] -- Up-to-date: /home/tasl/autoware.universe-carla-ros-bridge/install/autoware_auto_control_msgs/include/autoware_auto_control_msgs/msg
[0.258s] -- Up-to-date: /home/tasl/autoware.universe-carla-ros-bridge/install/autoware_auto_control_msgs/include/autoware_auto_control_msgs/msg/detail
[0.258s] -- Up-to-date: /home/tasl/autoware.universe-carla-ros-bridge/install/autoware_auto_control_msgs/include/autoware_auto_control_msgs/msg/detail/ackermann_control_command__rosidl_typesupport_fastrtps_cpp.hpp
[0.258s] -- Up-to-date: /home/tasl/autoware.universe-carla-ros-bridge/install/autoware_auto_control_msgs/include/autoware_auto_control_msgs/msg/detail/longitudinal_command__rosidl_typesupport_fastrtps_cpp.hpp
[0.258s] -- Up-to-date: /home/tasl/autoware.universe-carla-ros-bridge/install/autoware_auto_control_msgs/include/autoware_auto_control_msgs/msg/detail/dds_fastrtps
[0.258s] -- Up-to-date: /home/tasl/autoware.universe-carla-ros-bridge/install/autoware_auto_control_msgs/include/autoware_auto_control_msgs/msg/detail/ackermann_lateral_command__rosidl_typesupport_fastrtps_cpp.hpp
[0.258s] -- Up-to-date: /home/tasl/autoware.universe-carla-ros-bridge/install/autoware_auto_control_msgs/include/autoware_auto_control_msgs/msg/detail/high_level_control_command__rosidl_typesupport_fastrtps_cpp.hpp
[0.258s] -- Up-to-date: /home/tasl/autoware.universe-carla-ros-bridge/install/autoware_auto_control_msgs/include/autoware_auto_control_msgs/msg/rosidl_typesupport_fastrtps_cpp__visibility_control.h
[0.258s] -- Up-to-date: /home/tasl/autoware.universe-carla-ros-bridge/install/autoware_auto_control_msgs/lib/libautoware_auto_control_msgs__rosidl_typesupport_fastrtps_cpp.so
[0.259s] -- Up-to-date: /home/tasl/autoware.universe-carla-ros-bridge/install/autoware_auto_control_msgs/include/autoware_auto_control_msgs
[0.259s] -- Up-to-date: /home/tasl/autoware.universe-carla-ros-bridge/install/autoware_auto_control_msgs/include/autoware_auto_control_msgs/msg
[0.259s] -- Up-to-date: /home/tasl/autoware.universe-carla-ros-bridge/install/autoware_auto_control_msgs/include/autoware_auto_control_msgs/msg/rosidl_typesupport_introspection_c__visibility_control.h
[0.259s] -- Up-to-date: /home/tasl/autoware.universe-carla-ros-bridge/install/autoware_auto_control_msgs/include/autoware_auto_control_msgs/msg/detail
[0.259s] -- Up-to-date: /home/tasl/autoware.universe-carla-ros-bridge/install/autoware_auto_control_msgs/include/autoware_auto_control_msgs/msg/detail/high_level_control_command__type_support.c
[0.259s] -- Up-to-date: /home/tasl/autoware.universe-carla-ros-bridge/install/autoware_auto_control_msgs/include/autoware_auto_control_msgs/msg/detail/ackermann_control_command__type_support.c
[0.259s] -- Up-to-date: /home/tasl/autoware.universe-carla-ros-bridge/install/autoware_auto_control_msgs/include/autoware_auto_control_msgs/msg/detail/longitudinal_command__rosidl_typesupport_introspection_c.h
[0.259s] -- Up-to-date: /home/tasl/autoware.universe-carla-ros-bridge/install/autoware_auto_control_msgs/include/autoware_auto_control_msgs/msg/detail/high_level_control_command__rosidl_typesupport_introspection_c.h
[0.259s] -- Up-to-date: /home/tasl/autoware.universe-carla-ros-bridge/install/autoware_auto_control_msgs/include/autoware_auto_control_msgs/msg/detail/ackermann_lateral_command__rosidl_typesupport_introspection_c.h
[0.259s] -- Up-to-date: /home/tasl/autoware.universe-carla-ros-bridge/install/autoware_auto_control_msgs/include/autoware_auto_control_msgs/msg/detail/longitudinal_command__type_support.c
[0.259s] -- Up-to-date: /home/tasl/autoware.universe-carla-ros-bridge/install/autoware_auto_control_msgs/include/autoware_auto_control_msgs/msg/detail/ackermann_control_command__rosidl_typesupport_introspection_c.h
[0.259s] -- Up-to-date: /home/tasl/autoware.universe-carla-ros-bridge/install/autoware_auto_control_msgs/include/autoware_auto_control_msgs/msg/detail/ackermann_lateral_command__type_support.c
[0.259s] -- Up-to-date: /home/tasl/autoware.universe-carla-ros-bridge/install/autoware_auto_control_msgs/lib/libautoware_auto_control_msgs__rosidl_typesupport_introspection_c.so
[0.259s] -- Up-to-date: /home/tasl/autoware.universe-carla-ros-bridge/install/autoware_auto_control_msgs/lib/libautoware_auto_control_msgs__rosidl_typesupport_c.so
[0.259s] -- Up-to-date: /home/tasl/autoware.universe-carla-ros-bridge/install/autoware_auto_control_msgs/include/autoware_auto_control_msgs
[0.260s] -- Up-to-date: /home/tasl/autoware.universe-carla-ros-bridge/install/autoware_auto_control_msgs/include/autoware_auto_control_msgs/msg
[0.260s] -- Up-to-date: /home/tasl/autoware.universe-carla-ros-bridge/install/autoware_auto_control_msgs/include/autoware_auto_control_msgs/msg/ackermann_lateral_command.hpp
[0.260s] -- Up-to-date: /home/tasl/autoware.universe-carla-ros-bridge/install/autoware_auto_control_msgs/include/autoware_auto_control_msgs/msg/longitudinal_command.hpp
[0.260s] -- Up-to-date: /home/tasl/autoware.universe-carla-ros-bridge/install/autoware_auto_control_msgs/include/autoware_auto_control_msgs/msg/detail
[0.260s] -- Up-to-date: /home/tasl/autoware.universe-carla-ros-bridge/install/autoware_auto_control_msgs/include/autoware_auto_control_msgs/msg/detail/longitudinal_command__builder.hpp
[0.260s] -- Up-to-date: /home/tasl/autoware.universe-carla-ros-bridge/install/autoware_auto_control_msgs/include/autoware_auto_control_msgs/msg/detail/high_level_control_command__builder.hpp
[0.260s] -- Up-to-date: /home/tasl/autoware.universe-carla-ros-bridge/install/autoware_auto_control_msgs/include/autoware_auto_control_msgs/msg/detail/ackermann_control_command__traits.hpp
[0.260s] -- Up-to-date: /home/tasl/autoware.universe-carla-ros-bridge/install/autoware_auto_control_msgs/include/autoware_auto_control_msgs/msg/detail/ackermann_lateral_command__builder.hpp
[0.260s] -- Up-to-date: /home/tasl/autoware.universe-carla-ros-bridge/install/autoware_auto_control_msgs/include/autoware_auto_control_msgs/msg/detail/longitudinal_command__struct.hpp
[0.260s] -- Up-to-date: /home/tasl/autoware.universe-carla-ros-bridge/install/autoware_auto_control_msgs/include/autoware_auto_control_msgs/msg/detail/ackermann_control_command__builder.hpp
[0.261s] -- Up-to-date: /home/tasl/autoware.universe-carla-ros-bridge/install/autoware_auto_control_msgs/include/autoware_auto_control_msgs/msg/detail/high_level_control_command__struct.hpp
[0.261s] -- Up-to-date: /home/tasl/autoware.universe-carla-ros-bridge/install/autoware_auto_control_msgs/include/autoware_auto_control_msgs/msg/detail/high_level_control_command__traits.hpp
[0.261s] -- Up-to-date: /home/tasl/autoware.universe-carla-ros-bridge/install/autoware_auto_control_msgs/include/autoware_auto_control_msgs/msg/detail/ackermann_lateral_command__struct.hpp
[0.261s] -- Up-to-date: /home/tasl/autoware.universe-carla-ros-bridge/install/autoware_auto_control_msgs/include/autoware_auto_control_msgs/msg/detail/ackermann_lateral_command__traits.hpp
[0.261s] -- Up-to-date: /home/tasl/autoware.universe-carla-ros-bridge/install/autoware_auto_control_msgs/include/autoware_auto_control_msgs/msg/detail/ackermann_control_command__struct.hpp
[0.261s] -- Up-to-date: /home/tasl/autoware.universe-carla-ros-bridge/install/autoware_auto_control_msgs/include/autoware_auto_control_msgs/msg/detail/longitudinal_command__traits.hpp
[0.261s] -- Up-to-date: /home/tasl/autoware.universe-carla-ros-bridge/install/autoware_auto_control_msgs/include/autoware_auto_control_msgs/msg/high_level_control_command.hpp
[0.261s] -- Up-to-date: /home/tasl/autoware.universe-carla-ros-bridge/install/autoware_auto_control_msgs/include/autoware_auto_control_msgs/msg/ackermann_control_command.hpp
[0.261s] -- Up-to-date: /home/tasl/autoware.universe-carla-ros-bridge/install/autoware_auto_control_msgs/include/autoware_auto_control_msgs
[0.261s] -- Up-to-date: /home/tasl/autoware.universe-carla-ros-bridge/install/autoware_auto_control_msgs/include/autoware_auto_control_msgs/msg
[0.261s] -- Up-to-date: /home/tasl/autoware.universe-carla-ros-bridge/install/autoware_auto_control_msgs/include/autoware_auto_control_msgs/msg/detail
[0.261s] -- Up-to-date: /home/tasl/autoware.universe-carla-ros-bridge/install/autoware_auto_control_msgs/include/autoware_auto_control_msgs/msg/detail/ackermann_control_command__rosidl_typesupport_introspection_cpp.hpp
[0.261s] -- Up-to-date: /home/tasl/autoware.universe-carla-ros-bridge/install/autoware_auto_control_msgs/include/autoware_auto_control_msgs/msg/detail/ackermann_control_command__type_support.cpp
[0.261s] -- Up-to-date: /home/tasl/autoware.universe-carla-ros-bridge/install/autoware_auto_control_msgs/include/autoware_auto_control_msgs/msg/detail/longitudinal_command__rosidl_typesupport_introspection_cpp.hpp
[0.261s] -- Up-to-date: /home/tasl/autoware.universe-carla-ros-bridge/install/autoware_auto_control_msgs/include/autoware_auto_control_msgs/msg/detail/ackermann_lateral_command__type_support.cpp
[0.262s] -- Up-to-date: /home/tasl/autoware.universe-carla-ros-bridge/install/autoware_auto_control_msgs/include/autoware_auto_control_msgs/msg/detail/longitudinal_command__type_support.cpp
[0.262s] -- Up-to-date: /home/tasl/autoware.universe-carla-ros-bridge/install/autoware_auto_control_msgs/include/autoware_auto_control_msgs/msg/detail/ackermann_lateral_command__rosidl_typesupport_introspection_cpp.hpp
[0.262s] -- Up-to-date: /home/tasl/autoware.universe-carla-ros-bridge/install/autoware_auto_control_msgs/include/autoware_auto_control_msgs/msg/detail/high_level_control_command__type_support.cpp
[0.262s] -- Up-to-date: /home/tasl/autoware.universe-carla-ros-bridge/install/autoware_auto_control_msgs/include/autoware_auto_control_msgs/msg/detail/high_level_control_command__rosidl_typesupport_introspection_cpp.hpp
[0.262s] -- Up-to-date: /home/tasl/autoware.universe-carla-ros-bridge/install/autoware_auto_control_msgs/lib/libautoware_auto_control_msgs__rosidl_typesupport_introspection_cpp.so
[0.262s] -- Up-to-date: /home/tasl/autoware.universe-carla-ros-bridge/install/autoware_auto_control_msgs/lib/libautoware_auto_control_msgs__rosidl_typesupport_cpp.so
[0.262s] -- Up-to-date: /home/tasl/autoware.universe-carla-ros-bridge/install/autoware_auto_control_msgs/share/autoware_auto_control_msgs/environment/pythonpath.sh
[0.262s] -- Up-to-date: /home/tasl/autoware.universe-carla-ros-bridge/install/autoware_auto_control_msgs/share/autoware_auto_control_msgs/environment/pythonpath.dsv
[0.262s] -- Up-to-date: /home/tasl/autoware.universe-carla-ros-bridge/install/autoware_auto_control_msgs/lib/python3.8/site-packages/autoware_auto_control_msgs/__init__.py
[0.284s] -- Up-to-date: /home/tasl/autoware.universe-carla-ros-bridge/install/autoware_auto_control_msgs/lib/python3.8/site-packages/autoware_auto_control_msgs/msg
[0.285s] -- Up-to-date: /home/tasl/autoware.universe-carla-ros-bridge/install/autoware_auto_control_msgs/lib/python3.8/site-packages/autoware_auto_control_msgs/msg/_high_level_control_command.py
[0.287s] -- Up-to-date: /home/tasl/autoware.universe-carla-ros-bridge/install/autoware_auto_control_msgs/lib/python3.8/site-packages/autoware_auto_control_msgs/msg/_ackermann_lateral_command_s.c
[0.287s] -- Up-to-date: /home/tasl/autoware.universe-carla-ros-bridge/install/autoware_auto_control_msgs/lib/python3.8/site-packages/autoware_auto_control_msgs/msg/__init__.py
[0.287s] -- Up-to-date: /home/tasl/autoware.universe-carla-ros-bridge/install/autoware_auto_control_msgs/lib/python3.8/site-packages/autoware_auto_control_msgs/msg/_ackermann_control_command.py
[0.288s] -- Up-to-date: /home/tasl/autoware.universe-carla-ros-bridge/install/autoware_auto_control_msgs/lib/python3.8/site-packages/autoware_auto_control_msgs/msg/_longitudinal_command_s.c
[0.288s] -- Up-to-date: /home/tasl/autoware.universe-carla-ros-bridge/install/autoware_auto_control_msgs/lib/python3.8/site-packages/autoware_auto_control_msgs/msg/_longitudinal_command.py
[0.288s] -- Up-to-date: /home/tasl/autoware.universe-carla-ros-bridge/install/autoware_auto_control_msgs/lib/python3.8/site-packages/autoware_auto_control_msgs/msg/_high_level_control_command_s.c
[0.289s] -- Up-to-date: /home/tasl/autoware.universe-carla-ros-bridge/install/autoware_auto_control_msgs/lib/python3.8/site-packages/autoware_auto_control_msgs/msg/_ackermann_lateral_command.py
[0.291s] -- Up-to-date: /home/tasl/autoware.universe-carla-ros-bridge/install/autoware_auto_control_msgs/lib/python3.8/site-packages/autoware_auto_control_msgs/msg/_ackermann_control_command_s.c
[0.291s] -- Up-to-date: /home/tasl/autoware.universe-carla-ros-bridge/install/autoware_auto_control_msgs/lib/python3.8/site-packages/autoware_auto_control_msgs/autoware_auto_control_msgs_s__rosidl_typesupport_fastrtps_c.cpython-38-x86_64-linux-gnu.so
[0.291s] -- Up-to-date: /home/tasl/autoware.universe-carla-ros-bridge/install/autoware_auto_control_msgs/lib/python3.8/site-packages/autoware_auto_control_msgs/autoware_auto_control_msgs_s__rosidl_typesupport_introspection_c.cpython-38-x86_64-linux-gnu.so
[0.291s] -- Up-to-date: /home/tasl/autoware.universe-carla-ros-bridge/install/autoware_auto_control_msgs/lib/python3.8/site-packages/autoware_auto_control_msgs/autoware_auto_control_msgs_s__rosidl_typesupport_c.cpython-38-x86_64-linux-gnu.so
[0.292s] -- Up-to-date: /home/tasl/autoware.universe-carla-ros-bridge/install/autoware_auto_control_msgs/lib/libautoware_auto_control_msgs__python.so
[0.292s] -- Up-to-date: /home/tasl/autoware.universe-carla-ros-bridge/install/autoware_auto_control_msgs/share/autoware_auto_control_msgs/msg/AckermannControlCommand.idl
[0.292s] -- Up-to-date: /home/tasl/autoware.universe-carla-ros-bridge/install/autoware_auto_control_msgs/share/autoware_auto_control_msgs/msg/AckermannLateralCommand.idl
[0.292s] -- Up-to-date: /home/tasl/autoware.universe-carla-ros-bridge/install/autoware_auto_control_msgs/share/autoware_auto_control_msgs/msg/HighLevelControlCommand.idl
[0.292s] -- Up-to-date: /home/tasl/autoware.universe-carla-ros-bridge/install/autoware_auto_control_msgs/share/autoware_auto_control_msgs/msg/LongitudinalCommand.idl
[0.295s] -- Up-to-date: /home/tasl/autoware.universe-carla-ros-bridge/install/autoware_auto_control_msgs/share/ament_index/resource_index/package_run_dependencies/autoware_auto_control_msgs
[0.295s] -- Up-to-date: /home/tasl/autoware.universe-carla-ros-bridge/install/autoware_auto_control_msgs/share/ament_index/resource_index/parent_prefix_path/autoware_auto_control_msgs
[0.296s] -- Up-to-date: /home/tasl/autoware.universe-carla-ros-bridge/install/autoware_auto_control_msgs/share/autoware_auto_control_msgs/environment/ament_prefix_path.sh
[0.296s] -- Up-to-date: /home/tasl/autoware.universe-carla-ros-bridge/install/autoware_auto_control_msgs/share/autoware_auto_control_msgs/environment/ament_prefix_path.dsv
[0.296s] -- Up-to-date: /home/tasl/autoware.universe-carla-ros-bridge/install/autoware_auto_control_msgs/share/autoware_auto_control_msgs/environment/path.sh
[0.296s] -- Up-to-date: /home/tasl/autoware.universe-carla-ros-bridge/install/autoware_auto_control_msgs/share/autoware_auto_control_msgs/environment/path.dsv
[0.296s] -- Up-to-date: /home/tasl/autoware.universe-carla-ros-bridge/install/autoware_auto_control_msgs/share/autoware_auto_control_msgs/local_setup.bash
[0.297s] -- Up-to-date: /home/tasl/autoware.universe-carla-ros-bridge/install/autoware_auto_control_msgs/share/autoware_auto_control_msgs/local_setup.sh
[0.297s] -- Up-to-date: /home/tasl/autoware.universe-carla-ros-bridge/install/autoware_auto_control_msgs/share/autoware_auto_control_msgs/local_setup.zsh
[0.298s] -- Up-to-date: /home/tasl/autoware.universe-carla-ros-bridge/install/autoware_auto_control_msgs/share/autoware_auto_control_msgs/local_setup.dsv
[0.298s] -- Installing: /home/tasl/autoware.universe-carla-ros-bridge/install/autoware_auto_control_msgs/share/autoware_auto_control_msgs/package.dsv
[0.298s] -- Up-to-date: /home/tasl/autoware.universe-carla-ros-bridge/install/autoware_auto_control_msgs/share/ament_index/resource_index/packages/autoware_auto_control_msgs
[0.298s] -- Up-to-date: /home/tasl/autoware.universe-carla-ros-bridge/install/autoware_auto_control_msgs/share/autoware_auto_control_msgs/cmake/autoware_auto_control_msgs__rosidl_generator_cExport.cmake
[0.299s] -- Up-to-date: /home/tasl/autoware.universe-carla-ros-bridge/install/autoware_auto_control_msgs/share/autoware_auto_control_msgs/cmake/autoware_auto_control_msgs__rosidl_generator_cExport-noconfig.cmake
[0.299s] -- Up-to-date: /home/tasl/autoware.universe-carla-ros-bridge/install/autoware_auto_control_msgs/share/autoware_auto_control_msgs/cmake/autoware_auto_control_msgs__rosidl_typesupport_introspection_cExport.cmake
[0.300s] -- Up-to-date: /home/tasl/autoware.universe-carla-ros-bridge/install/autoware_auto_control_msgs/share/autoware_auto_control_msgs/cmake/autoware_auto_control_msgs__rosidl_typesupport_introspection_cExport-noconfig.cmake
[0.300s] -- Up-to-date: /home/tasl/autoware.universe-carla-ros-bridge/install/autoware_auto_control_msgs/share/autoware_auto_control_msgs/cmake/autoware_auto_control_msgs__rosidl_typesupport_cExport.cmake
[0.300s] -- Up-to-date: /home/tasl/autoware.universe-carla-ros-bridge/install/autoware_auto_control_msgs/share/autoware_auto_control_msgs/cmake/autoware_auto_control_msgs__rosidl_typesupport_cExport-noconfig.cmake
[0.300s] -- Up-to-date: /home/tasl/autoware.universe-carla-ros-bridge/install/autoware_auto_control_msgs/share/autoware_auto_control_msgs/cmake/autoware_auto_control_msgs__rosidl_generator_cppExport.cmake
[0.301s] -- Up-to-date: /home/tasl/autoware.universe-carla-ros-bridge/install/autoware_auto_control_msgs/share/autoware_auto_control_msgs/cmake/autoware_auto_control_msgs__rosidl_typesupport_introspection_cppExport.cmake
[0.301s] -- Up-to-date: /home/tasl/autoware.universe-carla-ros-bridge/install/autoware_auto_control_msgs/share/autoware_auto_control_msgs/cmake/autoware_auto_control_msgs__rosidl_typesupport_introspection_cppExport-noconfig.cmake
[0.301s] -- Up-to-date: /home/tasl/autoware.universe-carla-ros-bridge/install/autoware_auto_control_msgs/share/autoware_auto_control_msgs/cmake/autoware_auto_control_msgs__rosidl_typesupport_cppExport.cmake
[0.306s] -- Up-to-date: /home/tasl/autoware.universe-carla-ros-bridge/install/autoware_auto_control_msgs/share/autoware_auto_control_msgs/cmake/autoware_auto_control_msgs__rosidl_typesupport_cppExport-noconfig.cmake
[0.306s] -- Up-to-date: /home/tasl/autoware.universe-carla-ros-bridge/install/autoware_auto_control_msgs/share/autoware_auto_control_msgs/cmake/rosidl_cmake-extras.cmake
[0.306s] -- Up-to-date: /home/tasl/autoware.universe-carla-ros-bridge/install/autoware_auto_control_msgs/share/autoware_auto_control_msgs/cmake/ament_cmake_export_dependencies-extras.cmake
[0.306s] -- Up-to-date: /home/tasl/autoware.universe-carla-ros-bridge/install/autoware_auto_control_msgs/share/autoware_auto_control_msgs/cmake/ament_cmake_export_libraries-extras.cmake
[0.306s] -- Up-to-date: /home/tasl/autoware.universe-carla-ros-bridge/install/autoware_auto_control_msgs/share/autoware_auto_control_msgs/cmake/ament_cmake_export_targets-extras.cmake
[0.306s] -- Up-to-date: /home/tasl/autoware.universe-carla-ros-bridge/install/autoware_auto_control_msgs/share/autoware_auto_control_msgs/cmake/ament_cmake_export_include_directories-extras.cmake
[0.306s] -- Up-to-date: /home/tasl/autoware.universe-carla-ros-bridge/install/autoware_auto_control_msgs/share/autoware_auto_control_msgs/cmake/rosidl_cmake_export_typesupport_libraries-extras.cmake
[0.306s] -- Up-to-date: /home/tasl/autoware.universe-carla-ros-bridge/install/autoware_auto_control_msgs/share/autoware_auto_control_msgs/cmake/rosidl_cmake_export_typesupport_targets-extras.cmake
[0.306s] -- Up-to-date: /home/tasl/autoware.universe-carla-ros-bridge/install/autoware_auto_control_msgs/share/autoware_auto_control_msgs/cmake/autoware_auto_control_msgsConfig.cmake
[0.306s] -- Up-to-date: /home/tasl/autoware.universe-carla-ros-bridge/install/autoware_auto_control_msgs/share/autoware_auto_control_msgs/cmake/autoware_auto_control_msgsConfig-version.cmake
[0.307s] -- Up-to-date: /home/tasl/autoware.universe-carla-ros-bridge/install/autoware_auto_control_msgs/share/autoware_auto_control_msgs/package.xml
[0.307s] Invoked command in '/home/tasl/autoware.universe-carla-ros-bridge/build/autoware_auto_control_msgs' returned '0': CMAKE_PREFIX_PATH=${CMAKE_PREFIX_PATH}:/opt/ros/galactic /usr/bin/cmake --install /home/tasl/autoware.universe-carla-ros-bridge/build/autoware_auto_control_msgs
