[0.018s] Invoking command in '/home/tasl/autoware.universe-carla-ros-bridge/build/carla_msgs': CMAKE_PREFIX_PATH=${CMAKE_PREFIX_PATH}:/opt/ros/galactic /usr/bin/cmake /home/tasl/autoware.universe-carla-ros-bridge/carla_msgs -DCMAKE_INSTALL_PREFIX=/home/tasl/autoware.universe-carla-ros-bridge/install/carla_msgs
[0.030s] -- Found ros_environment: 3.1.0 (/opt/ros/galactic/share/ros_environment/cmake)
[0.031s] -- Found ament_cmake: 1.1.5 (/opt/ros/galactic/share/ament_cmake/cmake)
[0.048s] -- Found PythonInterp: /usr/bin/python3 (found suitable version "3.8.10", minimum required is "3") 
[0.048s] -- Using PYTHON_EXECUTABLE: /usr/bin/python3
[0.102s] -- Found builtin_interfaces: 1.0.3 (/opt/ros/galactic/share/builtin_interfaces/cmake)
[0.117s] -- Using all available rosidl_typesupport_c: rosidl_typesupport_fastrtps_c;rosidl_typesupport_introspection_c
[0.119s] -- Found rosidl_adapter: 2.2.2 (/opt/ros/galactic/share/rosidl_adapter/cmake)
[0.213s] -- Using all available rosidl_typesupport_cpp: rosidl_typesupport_fastrtps_cpp;rosidl_typesupport_introspection_cpp
[0.234s] -- Found std_msgs: 2.2.4 (/opt/ros/galactic/share/std_msgs/cmake)
[0.248s] -- Found geometry_msgs: 2.2.4 (/opt/ros/galactic/share/geometry_msgs/cmake)
[0.287s] -- Found diagnostic_msgs: 2.2.4 (/opt/ros/galactic/share/diagnostic_msgs/cmake)
[0.303s] -- Found rosidl_default_generators: 1.1.1 (/opt/ros/galactic/share/rosidl_default_generators/cmake)
[0.329s] -- Found PythonInterp: /usr/bin/python3 (found version "3.8.10") 
[0.562s] -- Found ament_cmake_cppcheck: 0.10.7 (/opt/ros/galactic/share/ament_cmake_cppcheck/cmake)
[0.563s] -- Found ament_cmake_cpplint: 0.10.7 (/opt/ros/galactic/share/ament_cmake_cpplint/cmake)
[0.563s] -- Found ament_cmake_uncrustify: 0.10.7 (/opt/ros/galactic/share/ament_cmake_uncrustify/cmake)
[0.564s] -- Found ament_cmake_ros: 0.9.2 (/opt/ros/galactic/share/ament_cmake_ros/cmake)
[0.764s] -- Using all available rosidl_typesupport_c: rosidl_typesupport_fastrtps_c;rosidl_typesupport_introspection_c
[0.866s] -- Using all available rosidl_typesupport_cpp: rosidl_typesupport_fastrtps_cpp;rosidl_typesupport_introspection_cpp
[0.887s] -- Found PythonInterp: /usr/bin/python3 (found suitable version "3.8.10", minimum required is "3.5") 
[0.887s] -- Found python_cmake_module: 0.8.1 (/opt/ros/galactic/share/python_cmake_module/cmake)
[0.904s] -- Using PYTHON_EXECUTABLE: /usr/bin/python3
[0.904s] -- Using PYTHON_INCLUDE_DIRS: /usr/include/python3.8
[0.904s] -- Using PYTHON_LIBRARIES: /usr/lib/x86_64-linux-gnu/libpython3.8.so
[0.952s] -- Found ament_cmake_flake8: 0.10.7 (/opt/ros/galactic/share/ament_cmake_flake8/cmake)
[0.952s] -- Found ament_cmake_pep257: 0.10.7 (/opt/ros/galactic/share/ament_cmake_pep257/cmake)
[0.954s] -- Found ament_lint_auto: 0.10.7 (/opt/ros/galactic/share/ament_lint_auto/cmake)
[0.961s] -- Added test 'copyright' to check source files copyright and LICENSE
[0.962s] -- Added test 'lint_cmake' to check CMake code style
[0.962s] -- Added test 'xmllint' to check XML markup files
[0.965s] -- Configuring done
[1.039s] -- Generating done
[1.042s] -- Build files have been written to: /home/tasl/autoware.universe-carla-ros-bridge/build/carla_msgs
[1.048s] Invoked command in '/home/tasl/autoware.universe-carla-ros-bridge/build/carla_msgs' returned '0': CMAKE_PREFIX_PATH=${CMAKE_PREFIX_PATH}:/opt/ros/galactic /usr/bin/cmake /home/tasl/autoware.universe-carla-ros-bridge/carla_msgs -DCMAKE_INSTALL_PREFIX=/home/tasl/autoware.universe-carla-ros-bridge/install/carla_msgs
[1.049s] Invoking command in '/home/tasl/autoware.universe-carla-ros-bridge/build/carla_msgs': CMAKE_PREFIX_PATH=${CMAKE_PREFIX_PATH}:/opt/ros/galactic /usr/bin/cmake --build /home/tasl/autoware.universe-carla-ros-bridge/build/carla_msgs -- -j16 -l16
[1.090s] [  0%] Built target carla_msgs__cpp
[1.095s] [ 12%] Built target carla_msgs__rosidl_generator_c
[1.111s] [ 24%] Built target carla_msgs__rosidl_typesupport_cpp
[1.111s] [ 37%] Built target carla_msgs__rosidl_typesupport_introspection_cpp
[1.115s] [ 49%] Built target carla_msgs__rosidl_typesupport_c
[1.116s] [ 61%] Built target carla_msgs__rosidl_typesupport_fastrtps_cpp
[1.117s] [ 73%] Built target carla_msgs__rosidl_typesupport_introspection_c
[1.141s] [ 85%] Built target carla_msgs__rosidl_typesupport_fastrtps_c
[1.155s] [ 85%] Built target carla_msgs
[1.170s] [ 86%] Built target carla_msgs__py
[1.198s] [ 97%] Built target carla_msgs__python
[1.218s] [ 99%] Built target carla_msgs__rosidl_typesupport_introspection_c__pyext
[1.218s] [ 99%] Built target carla_msgs__rosidl_typesupport_c__pyext
[1.218s] [100%] Built target carla_msgs__rosidl_typesupport_fastrtps_c__pyext
[1.227s] Invoked command in '/home/tasl/autoware.universe-carla-ros-bridge/build/carla_msgs' returned '0': CMAKE_PREFIX_PATH=${CMAKE_PREFIX_PATH}:/opt/ros/galactic /usr/bin/cmake --build /home/tasl/autoware.universe-carla-ros-bridge/build/carla_msgs -- -j16 -l16
[1.432s] Invoking command in '/home/tasl/autoware.universe-carla-ros-bridge/build/carla_msgs': CMAKE_PREFIX_PATH=${CMAKE_PREFIX_PATH}:/opt/ros/galactic /usr/bin/cmake --install /home/tasl/autoware.universe-carla-ros-bridge/build/carla_msgs
[1.438s] -- Install configuration: ""
[1.439s] -- Up-to-date: /home/tasl/autoware.universe-carla-ros-bridge/install/carla_msgs/share/ament_index/resource_index/rosidl_interfaces/carla_msgs
[1.439s] -- Up-to-date: /home/tasl/autoware.universe-carla-ros-bridge/install/carla_msgs/include/carla_msgs
[1.439s] -- Up-to-date: /home/tasl/autoware.universe-carla-ros-bridge/install/carla_msgs/include/carla_msgs/msg
[1.439s] -- Up-to-date: /home/tasl/autoware.universe-carla-ros-bridge/install/carla_msgs/include/carla_msgs/msg/carla_traffic_light_info_list.h
[1.439s] -- Up-to-date: /home/tasl/autoware.universe-carla-ros-bridge/install/carla_msgs/include/carla_msgs/msg/carla_actor_list.h
[1.440s] -- Up-to-date: /home/tasl/autoware.universe-carla-ros-bridge/install/carla_msgs/include/carla_msgs/msg/carla_ego_vehicle_info_wheel.h
[1.440s] -- Up-to-date: /home/tasl/autoware.universe-carla-ros-bridge/install/carla_msgs/include/carla_msgs/msg/carla_ego_vehicle_info.h
[1.440s] -- Up-to-date: /home/tasl/autoware.universe-carla-ros-bridge/install/carla_msgs/include/carla_msgs/msg/carla_collision_event.h
[1.440s] -- Up-to-date: /home/tasl/autoware.universe-carla-ros-bridge/install/carla_msgs/include/carla_msgs/msg/carla_weather_parameters.h
[1.440s] -- Up-to-date: /home/tasl/autoware.universe-carla-ros-bridge/install/carla_msgs/include/carla_msgs/msg/carla_lane_invasion_event.h
[1.440s] -- Up-to-date: /home/tasl/autoware.universe-carla-ros-bridge/install/carla_msgs/include/carla_msgs/msg/carla_status.h
[1.440s] -- Up-to-date: /home/tasl/autoware.universe-carla-ros-bridge/install/carla_msgs/include/carla_msgs/msg/carla_traffic_light_info.h
[1.440s] -- Up-to-date: /home/tasl/autoware.universe-carla-ros-bridge/install/carla_msgs/include/carla_msgs/msg/carla_walker_control.h
[1.440s] -- Up-to-date: /home/tasl/autoware.universe-carla-ros-bridge/install/carla_msgs/include/carla_msgs/msg/carla_traffic_light_status.h
[1.440s] -- Up-to-date: /home/tasl/autoware.universe-carla-ros-bridge/install/carla_msgs/include/carla_msgs/msg/carla_actor_info.h
[1.440s] -- Up-to-date: /home/tasl/autoware.universe-carla-ros-bridge/install/carla_msgs/include/carla_msgs/msg/carla_control.h
[1.441s] -- Up-to-date: /home/tasl/autoware.universe-carla-ros-bridge/install/carla_msgs/include/carla_msgs/msg/detail
[1.441s] -- Up-to-date: /home/tasl/autoware.universe-carla-ros-bridge/install/carla_msgs/include/carla_msgs/msg/detail/carla_control__type_support.h
[1.441s] -- Up-to-date: /home/tasl/autoware.universe-carla-ros-bridge/install/carla_msgs/include/carla_msgs/msg/detail/carla_status__struct.h
[1.441s] -- Up-to-date: /home/tasl/autoware.universe-carla-ros-bridge/install/carla_msgs/include/carla_msgs/msg/detail/carla_ego_vehicle_info_wheel__type_support.h
[1.441s] -- Up-to-date: /home/tasl/autoware.universe-carla-ros-bridge/install/carla_msgs/include/carla_msgs/msg/detail/carla_ego_vehicle_status__struct.h
[1.441s] -- Up-to-date: /home/tasl/autoware.universe-carla-ros-bridge/install/carla_msgs/include/carla_msgs/msg/detail/carla_traffic_light_status_list__struct.h
[1.441s] -- Up-to-date: /home/tasl/autoware.universe-carla-ros-bridge/install/carla_msgs/include/carla_msgs/msg/detail/carla_traffic_light_status_list__type_support.h
[1.441s] -- Up-to-date: /home/tasl/autoware.universe-carla-ros-bridge/install/carla_msgs/include/carla_msgs/msg/detail/carla_actor_list__functions.c
[1.441s] -- Up-to-date: /home/tasl/autoware.universe-carla-ros-bridge/install/carla_msgs/include/carla_msgs/msg/detail/carla_weather_parameters__struct.h
[1.441s] -- Up-to-date: /home/tasl/autoware.universe-carla-ros-bridge/install/carla_msgs/include/carla_msgs/msg/detail/carla_ego_vehicle_status__functions.h
[1.442s] -- Up-to-date: /home/tasl/autoware.universe-carla-ros-bridge/install/carla_msgs/include/carla_msgs/msg/detail/carla_status__type_support.h
[1.442s] -- Up-to-date: /home/tasl/autoware.universe-carla-ros-bridge/install/carla_msgs/include/carla_msgs/msg/detail/carla_actor_list__type_support.h
[1.442s] -- Up-to-date: /home/tasl/autoware.universe-carla-ros-bridge/install/carla_msgs/include/carla_msgs/msg/detail/carla_actor_info__type_support.h
[1.442s] -- Up-to-date: /home/tasl/autoware.universe-carla-ros-bridge/install/carla_msgs/include/carla_msgs/msg/detail/carla_traffic_light_status_list__functions.h
[1.442s] -- Up-to-date: /home/tasl/autoware.universe-carla-ros-bridge/install/carla_msgs/include/carla_msgs/msg/detail/carla_traffic_light_info__struct.h
[1.442s] -- Up-to-date: /home/tasl/autoware.universe-carla-ros-bridge/install/carla_msgs/include/carla_msgs/msg/detail/carla_status__functions.c
[1.442s] -- Up-to-date: /home/tasl/autoware.universe-carla-ros-bridge/install/carla_msgs/include/carla_msgs/msg/detail/carla_ego_vehicle_control__functions.c
[1.442s] -- Up-to-date: /home/tasl/autoware.universe-carla-ros-bridge/install/carla_msgs/include/carla_msgs/msg/detail/carla_ego_vehicle_info__functions.h
[1.442s] -- Up-to-date: /home/tasl/autoware.universe-carla-ros-bridge/install/carla_msgs/include/carla_msgs/msg/detail/carla_traffic_light_info__functions.h
[1.442s] -- Up-to-date: /home/tasl/autoware.universe-carla-ros-bridge/install/carla_msgs/include/carla_msgs/msg/detail/carla_traffic_light_status__type_support.h
[1.442s] -- Up-to-date: /home/tasl/autoware.universe-carla-ros-bridge/install/carla_msgs/include/carla_msgs/msg/detail/carla_bounding_box__struct.h
[1.443s] -- Up-to-date: /home/tasl/autoware.universe-carla-ros-bridge/install/carla_msgs/include/carla_msgs/msg/detail/carla_traffic_light_info_list__type_support.h
[1.443s] -- Up-to-date: /home/tasl/autoware.universe-carla-ros-bridge/install/carla_msgs/include/carla_msgs/msg/detail/carla_traffic_light_info__type_support.h
[1.443s] -- Up-to-date: /home/tasl/autoware.universe-carla-ros-bridge/install/carla_msgs/include/carla_msgs/msg/detail/carla_walker_control__functions.c
[1.443s] -- Up-to-date: /home/tasl/autoware.universe-carla-ros-bridge/install/carla_msgs/include/carla_msgs/msg/detail/carla_walker_control__type_support.h
[1.443s] -- Up-to-date: /home/tasl/autoware.universe-carla-ros-bridge/install/carla_msgs/include/carla_msgs/msg/detail/carla_world_info__type_support.h
[1.443s] -- Up-to-date: /home/tasl/autoware.universe-carla-ros-bridge/install/carla_msgs/include/carla_msgs/msg/detail/carla_bounding_box__type_support.h
[1.443s] -- Up-to-date: /home/tasl/autoware.universe-carla-ros-bridge/install/carla_msgs/include/carla_msgs/msg/detail/carla_ego_vehicle_info__type_support.h
[1.443s] -- Up-to-date: /home/tasl/autoware.universe-carla-ros-bridge/install/carla_msgs/include/carla_msgs/msg/detail/carla_ego_vehicle_control__type_support.h
[1.443s] -- Up-to-date: /home/tasl/autoware.universe-carla-ros-bridge/install/carla_msgs/include/carla_msgs/msg/detail/carla_bounding_box__functions.h
[1.443s] -- Up-to-date: /home/tasl/autoware.universe-carla-ros-bridge/install/carla_msgs/include/carla_msgs/msg/detail/carla_traffic_light_info_list__struct.h
[1.444s] -- Up-to-date: /home/tasl/autoware.universe-carla-ros-bridge/install/carla_msgs/include/carla_msgs/msg/detail/carla_walker_control__functions.h
[1.444s] -- Up-to-date: /home/tasl/autoware.universe-carla-ros-bridge/install/carla_msgs/include/carla_msgs/msg/detail/carla_traffic_light_status__struct.h
[1.444s] -- Up-to-date: /home/tasl/autoware.universe-carla-ros-bridge/install/carla_msgs/include/carla_msgs/msg/detail/carla_ego_vehicle_info__struct.h
[1.444s] -- Up-to-date: /home/tasl/autoware.universe-carla-ros-bridge/install/carla_msgs/include/carla_msgs/msg/detail/carla_ego_vehicle_status__type_support.h
[1.444s] -- Up-to-date: /home/tasl/autoware.universe-carla-ros-bridge/install/carla_msgs/include/carla_msgs/msg/detail/carla_ego_vehicle_info_wheel__functions.h
[1.444s] -- Up-to-date: /home/tasl/autoware.universe-carla-ros-bridge/install/carla_msgs/include/carla_msgs/msg/detail/carla_lane_invasion_event__type_support.h
[1.444s] -- Up-to-date: /home/tasl/autoware.universe-carla-ros-bridge/install/carla_msgs/include/carla_msgs/msg/detail/carla_ego_vehicle_status__functions.c
[1.444s] -- Up-to-date: /home/tasl/autoware.universe-carla-ros-bridge/install/carla_msgs/include/carla_msgs/msg/detail/carla_actor_list__struct.h
[1.445s] -- Up-to-date: /home/tasl/autoware.universe-carla-ros-bridge/install/carla_msgs/include/carla_msgs/msg/detail/carla_actor_info__functions.c
[1.445s] -- Up-to-date: /home/tasl/autoware.universe-carla-ros-bridge/install/carla_msgs/include/carla_msgs/msg/detail/carla_control__functions.h
[1.445s] -- Up-to-date: /home/tasl/autoware.universe-carla-ros-bridge/install/carla_msgs/include/carla_msgs/msg/detail/carla_lane_invasion_event__functions.h
[1.445s] -- Up-to-date: /home/tasl/autoware.universe-carla-ros-bridge/install/carla_msgs/include/carla_msgs/msg/detail/carla_weather_parameters__type_support.h
[1.445s] -- Up-to-date: /home/tasl/autoware.universe-carla-ros-bridge/install/carla_msgs/include/carla_msgs/msg/detail/carla_weather_parameters__functions.h
[1.445s] -- Up-to-date: /home/tasl/autoware.universe-carla-ros-bridge/install/carla_msgs/include/carla_msgs/msg/detail/carla_ego_vehicle_control__functions.h
[1.445s] -- Up-to-date: /home/tasl/autoware.universe-carla-ros-bridge/install/carla_msgs/include/carla_msgs/msg/detail/carla_traffic_light_status_list__functions.c
[1.445s] -- Up-to-date: /home/tasl/autoware.universe-carla-ros-bridge/install/carla_msgs/include/carla_msgs/msg/detail/carla_status__functions.h
[1.445s] -- Up-to-date: /home/tasl/autoware.universe-carla-ros-bridge/install/carla_msgs/include/carla_msgs/msg/detail/carla_collision_event__functions.h
[1.445s] -- Up-to-date: /home/tasl/autoware.universe-carla-ros-bridge/install/carla_msgs/include/carla_msgs/msg/detail/carla_ego_vehicle_control__struct.h
[1.445s] -- Up-to-date: /home/tasl/autoware.universe-carla-ros-bridge/install/carla_msgs/include/carla_msgs/msg/detail/carla_actor_info__functions.h
[1.446s] -- Up-to-date: /home/tasl/autoware.universe-carla-ros-bridge/install/carla_msgs/include/carla_msgs/msg/detail/carla_actor_info__struct.h
[1.446s] -- Up-to-date: /home/tasl/autoware.universe-carla-ros-bridge/install/carla_msgs/include/carla_msgs/msg/detail/carla_collision_event__struct.h
[1.446s] -- Up-to-date: /home/tasl/autoware.universe-carla-ros-bridge/install/carla_msgs/include/carla_msgs/msg/detail/carla_collision_event__type_support.h
[1.446s] -- Up-to-date: /home/tasl/autoware.universe-carla-ros-bridge/install/carla_msgs/include/carla_msgs/msg/detail/carla_world_info__struct.h
[1.446s] -- Up-to-date: /home/tasl/autoware.universe-carla-ros-bridge/install/carla_msgs/include/carla_msgs/msg/detail/carla_control__functions.c
[1.446s] -- Up-to-date: /home/tasl/autoware.universe-carla-ros-bridge/install/carla_msgs/include/carla_msgs/msg/detail/carla_lane_invasion_event__struct.h
[1.446s] -- Up-to-date: /home/tasl/autoware.universe-carla-ros-bridge/install/carla_msgs/include/carla_msgs/msg/detail/carla_walker_control__struct.h
[1.446s] -- Up-to-date: /home/tasl/autoware.universe-carla-ros-bridge/install/carla_msgs/include/carla_msgs/msg/detail/carla_ego_vehicle_info_wheel__struct.h
[1.446s] -- Up-to-date: /home/tasl/autoware.universe-carla-ros-bridge/install/carla_msgs/include/carla_msgs/msg/detail/carla_lane_invasion_event__functions.c
[1.446s] -- Up-to-date: /home/tasl/autoware.universe-carla-ros-bridge/install/carla_msgs/include/carla_msgs/msg/detail/carla_traffic_light_status__functions.h
[1.446s] -- Up-to-date: /home/tasl/autoware.universe-carla-ros-bridge/install/carla_msgs/include/carla_msgs/msg/detail/carla_collision_event__functions.c
[1.446s] -- Up-to-date: /home/tasl/autoware.universe-carla-ros-bridge/install/carla_msgs/include/carla_msgs/msg/detail/carla_weather_parameters__functions.c
[1.446s] -- Up-to-date: /home/tasl/autoware.universe-carla-ros-bridge/install/carla_msgs/include/carla_msgs/msg/detail/carla_traffic_light_status__functions.c
[1.446s] -- Up-to-date: /home/tasl/autoware.universe-carla-ros-bridge/install/carla_msgs/include/carla_msgs/msg/detail/carla_actor_list__functions.h
[1.446s] -- Up-to-date: /home/tasl/autoware.universe-carla-ros-bridge/install/carla_msgs/include/carla_msgs/msg/detail/carla_control__struct.h
[1.446s] -- Up-to-date: /home/tasl/autoware.universe-carla-ros-bridge/install/carla_msgs/include/carla_msgs/msg/detail/carla_world_info__functions.h
[1.446s] -- Up-to-date: /home/tasl/autoware.universe-carla-ros-bridge/install/carla_msgs/include/carla_msgs/msg/detail/carla_ego_vehicle_info_wheel__functions.c
[1.447s] -- Up-to-date: /home/tasl/autoware.universe-carla-ros-bridge/install/carla_msgs/include/carla_msgs/msg/detail/carla_ego_vehicle_info__functions.c
[1.447s] -- Up-to-date: /home/tasl/autoware.universe-carla-ros-bridge/install/carla_msgs/include/carla_msgs/msg/detail/carla_world_info__functions.c
[1.447s] -- Up-to-date: /home/tasl/autoware.universe-carla-ros-bridge/install/carla_msgs/include/carla_msgs/msg/detail/carla_traffic_light_info__functions.c
[1.447s] -- Up-to-date: /home/tasl/autoware.universe-carla-ros-bridge/install/carla_msgs/include/carla_msgs/msg/detail/carla_traffic_light_info_list__functions.c
[1.447s] -- Up-to-date: /home/tasl/autoware.universe-carla-ros-bridge/install/carla_msgs/include/carla_msgs/msg/detail/carla_bounding_box__functions.c
[1.447s] -- Up-to-date: /home/tasl/autoware.universe-carla-ros-bridge/install/carla_msgs/include/carla_msgs/msg/detail/carla_traffic_light_info_list__functions.h
[1.447s] -- Up-to-date: /home/tasl/autoware.universe-carla-ros-bridge/install/carla_msgs/include/carla_msgs/msg/carla_ego_vehicle_control.h
[1.447s] -- Up-to-date: /home/tasl/autoware.universe-carla-ros-bridge/install/carla_msgs/include/carla_msgs/msg/carla_ego_vehicle_status.h
[1.447s] -- Up-to-date: /home/tasl/autoware.universe-carla-ros-bridge/install/carla_msgs/include/carla_msgs/msg/carla_bounding_box.h
[1.447s] -- Up-to-date: /home/tasl/autoware.universe-carla-ros-bridge/install/carla_msgs/include/carla_msgs/msg/rosidl_generator_c__visibility_control.h
[1.447s] -- Up-to-date: /home/tasl/autoware.universe-carla-ros-bridge/install/carla_msgs/include/carla_msgs/msg/carla_traffic_light_status_list.h
[1.447s] -- Up-to-date: /home/tasl/autoware.universe-carla-ros-bridge/install/carla_msgs/include/carla_msgs/msg/carla_world_info.h
[1.447s] -- Up-to-date: /home/tasl/autoware.universe-carla-ros-bridge/install/carla_msgs/include/carla_msgs/srv
[1.447s] -- Up-to-date: /home/tasl/autoware.universe-carla-ros-bridge/install/carla_msgs/include/carla_msgs/srv/spawn_object.h
[1.447s] -- Up-to-date: /home/tasl/autoware.universe-carla-ros-bridge/install/carla_msgs/include/carla_msgs/srv/detail
[1.447s] -- Up-to-date: /home/tasl/autoware.universe-carla-ros-bridge/install/carla_msgs/include/carla_msgs/srv/detail/get_blueprints__functions.c
[1.447s] -- Up-to-date: /home/tasl/autoware.universe-carla-ros-bridge/install/carla_msgs/include/carla_msgs/srv/detail/spawn_object__struct.h
[1.447s] -- Up-to-date: /home/tasl/autoware.universe-carla-ros-bridge/install/carla_msgs/include/carla_msgs/srv/detail/get_blueprints__type_support.h
[1.448s] -- Up-to-date: /home/tasl/autoware.universe-carla-ros-bridge/install/carla_msgs/include/carla_msgs/srv/detail/spawn_object__functions.h
[1.448s] -- Up-to-date: /home/tasl/autoware.universe-carla-ros-bridge/install/carla_msgs/include/carla_msgs/srv/detail/destroy_object__functions.h
[1.448s] -- Up-to-date: /home/tasl/autoware.universe-carla-ros-bridge/install/carla_msgs/include/carla_msgs/srv/detail/spawn_object__type_support.h
[1.448s] -- Up-to-date: /home/tasl/autoware.universe-carla-ros-bridge/install/carla_msgs/include/carla_msgs/srv/detail/destroy_object__functions.c
[1.448s] -- Up-to-date: /home/tasl/autoware.universe-carla-ros-bridge/install/carla_msgs/include/carla_msgs/srv/detail/get_blueprints__struct.h
[1.448s] -- Up-to-date: /home/tasl/autoware.universe-carla-ros-bridge/install/carla_msgs/include/carla_msgs/srv/detail/spawn_object__functions.c
[1.448s] -- Up-to-date: /home/tasl/autoware.universe-carla-ros-bridge/install/carla_msgs/include/carla_msgs/srv/detail/get_blueprints__functions.h
[1.448s] -- Up-to-date: /home/tasl/autoware.universe-carla-ros-bridge/install/carla_msgs/include/carla_msgs/srv/detail/destroy_object__struct.h
[1.448s] -- Up-to-date: /home/tasl/autoware.universe-carla-ros-bridge/install/carla_msgs/include/carla_msgs/srv/detail/destroy_object__type_support.h
[1.448s] -- Up-to-date: /home/tasl/autoware.universe-carla-ros-bridge/install/carla_msgs/include/carla_msgs/srv/destroy_object.h
[1.448s] -- Up-to-date: /home/tasl/autoware.universe-carla-ros-bridge/install/carla_msgs/include/carla_msgs/srv/get_blueprints.h
[1.448s] -- Up-to-date: /home/tasl/autoware.universe-carla-ros-bridge/install/carla_msgs/share/carla_msgs/environment/library_path.sh
[1.448s] -- Installing: /home/tasl/autoware.universe-carla-ros-bridge/install/carla_msgs/share/carla_msgs/environment/library_path.dsv
[1.448s] -- Up-to-date: /home/tasl/autoware.universe-carla-ros-bridge/install/carla_msgs/lib/libcarla_msgs__rosidl_generator_c.so
[1.448s] -- Up-to-date: /home/tasl/autoware.universe-carla-ros-bridge/install/carla_msgs/include/carla_msgs
[1.448s] -- Up-to-date: /home/tasl/autoware.universe-carla-ros-bridge/install/carla_msgs/include/carla_msgs/msg
[1.448s] -- Up-to-date: /home/tasl/autoware.universe-carla-ros-bridge/install/carla_msgs/include/carla_msgs/msg/detail
[1.448s] -- Up-to-date: /home/tasl/autoware.universe-carla-ros-bridge/install/carla_msgs/include/carla_msgs/msg/detail/carla_ego_vehicle_status__rosidl_typesupport_fastrtps_c.h
[1.449s] -- Up-to-date: /home/tasl/autoware.universe-carla-ros-bridge/install/carla_msgs/include/carla_msgs/msg/detail/carla_traffic_light_status__rosidl_typesupport_fastrtps_c.h
[1.449s] -- Up-to-date: /home/tasl/autoware.universe-carla-ros-bridge/install/carla_msgs/include/carla_msgs/msg/detail/carla_traffic_light_info__rosidl_typesupport_fastrtps_c.h
[1.449s] -- Up-to-date: /home/tasl/autoware.universe-carla-ros-bridge/install/carla_msgs/include/carla_msgs/msg/detail/carla_status__rosidl_typesupport_fastrtps_c.h
[1.449s] -- Up-to-date: /home/tasl/autoware.universe-carla-ros-bridge/install/carla_msgs/include/carla_msgs/msg/detail/carla_actor_info__rosidl_typesupport_fastrtps_c.h
[1.449s] -- Up-to-date: /home/tasl/autoware.universe-carla-ros-bridge/install/carla_msgs/include/carla_msgs/msg/detail/carla_collision_event__rosidl_typesupport_fastrtps_c.h
[1.449s] -- Up-to-date: /home/tasl/autoware.universe-carla-ros-bridge/install/carla_msgs/include/carla_msgs/msg/detail/carla_walker_control__rosidl_typesupport_fastrtps_c.h
[1.449s] -- Up-to-date: /home/tasl/autoware.universe-carla-ros-bridge/install/carla_msgs/include/carla_msgs/msg/detail/carla_traffic_light_status_list__rosidl_typesupport_fastrtps_c.h
[1.449s] -- Up-to-date: /home/tasl/autoware.universe-carla-ros-bridge/install/carla_msgs/include/carla_msgs/msg/detail/carla_traffic_light_info_list__rosidl_typesupport_fastrtps_c.h
[1.449s] -- Up-to-date: /home/tasl/autoware.universe-carla-ros-bridge/install/carla_msgs/include/carla_msgs/msg/detail/carla_world_info__rosidl_typesupport_fastrtps_c.h
[1.449s] -- Up-to-date: /home/tasl/autoware.universe-carla-ros-bridge/install/carla_msgs/include/carla_msgs/msg/detail/carla_bounding_box__rosidl_typesupport_fastrtps_c.h
[1.449s] -- Up-to-date: /home/tasl/autoware.universe-carla-ros-bridge/install/carla_msgs/include/carla_msgs/msg/detail/carla_ego_vehicle_info__rosidl_typesupport_fastrtps_c.h
[1.449s] -- Up-to-date: /home/tasl/autoware.universe-carla-ros-bridge/install/carla_msgs/include/carla_msgs/msg/detail/carla_actor_list__rosidl_typesupport_fastrtps_c.h
[1.449s] -- Up-to-date: /home/tasl/autoware.universe-carla-ros-bridge/install/carla_msgs/include/carla_msgs/msg/detail/carla_ego_vehicle_info_wheel__rosidl_typesupport_fastrtps_c.h
[1.449s] -- Up-to-date: /home/tasl/autoware.universe-carla-ros-bridge/install/carla_msgs/include/carla_msgs/msg/detail/carla_control__rosidl_typesupport_fastrtps_c.h
[1.449s] -- Up-to-date: /home/tasl/autoware.universe-carla-ros-bridge/install/carla_msgs/include/carla_msgs/msg/detail/carla_weather_parameters__rosidl_typesupport_fastrtps_c.h
[1.450s] -- Up-to-date: /home/tasl/autoware.universe-carla-ros-bridge/install/carla_msgs/include/carla_msgs/msg/detail/carla_ego_vehicle_control__rosidl_typesupport_fastrtps_c.h
[1.450s] -- Up-to-date: /home/tasl/autoware.universe-carla-ros-bridge/install/carla_msgs/include/carla_msgs/msg/detail/carla_lane_invasion_event__rosidl_typesupport_fastrtps_c.h
[1.450s] -- Up-to-date: /home/tasl/autoware.universe-carla-ros-bridge/install/carla_msgs/include/carla_msgs/msg/rosidl_typesupport_fastrtps_c__visibility_control.h
[1.450s] -- Up-to-date: /home/tasl/autoware.universe-carla-ros-bridge/install/carla_msgs/include/carla_msgs/srv
[1.450s] -- Up-to-date: /home/tasl/autoware.universe-carla-ros-bridge/install/carla_msgs/include/carla_msgs/srv/detail
[1.450s] -- Up-to-date: /home/tasl/autoware.universe-carla-ros-bridge/install/carla_msgs/include/carla_msgs/srv/detail/spawn_object__rosidl_typesupport_fastrtps_c.h
[1.450s] -- Up-to-date: /home/tasl/autoware.universe-carla-ros-bridge/install/carla_msgs/include/carla_msgs/srv/detail/destroy_object__rosidl_typesupport_fastrtps_c.h
[1.450s] -- Up-to-date: /home/tasl/autoware.universe-carla-ros-bridge/install/carla_msgs/include/carla_msgs/srv/detail/get_blueprints__rosidl_typesupport_fastrtps_c.h
[1.450s] -- Up-to-date: /home/tasl/autoware.universe-carla-ros-bridge/install/carla_msgs/lib/libcarla_msgs__rosidl_typesupport_fastrtps_c.so
[1.450s] -- Up-to-date: /home/tasl/autoware.universe-carla-ros-bridge/install/carla_msgs/include/carla_msgs
[1.450s] -- Up-to-date: /home/tasl/autoware.universe-carla-ros-bridge/install/carla_msgs/include/carla_msgs/msg
[1.450s] -- Up-to-date: /home/tasl/autoware.universe-carla-ros-bridge/install/carla_msgs/include/carla_msgs/msg/detail
[1.450s] -- Up-to-date: /home/tasl/autoware.universe-carla-ros-bridge/install/carla_msgs/include/carla_msgs/msg/detail/carla_ego_vehicle_control__rosidl_typesupport_fastrtps_cpp.hpp
[1.450s] -- Up-to-date: /home/tasl/autoware.universe-carla-ros-bridge/install/carla_msgs/include/carla_msgs/msg/detail/carla_bounding_box__rosidl_typesupport_fastrtps_cpp.hpp
[1.450s] -- Up-to-date: /home/tasl/autoware.universe-carla-ros-bridge/install/carla_msgs/include/carla_msgs/msg/detail/carla_actor_list__rosidl_typesupport_fastrtps_cpp.hpp
[1.450s] -- Up-to-date: /home/tasl/autoware.universe-carla-ros-bridge/install/carla_msgs/include/carla_msgs/msg/detail/carla_traffic_light_info__rosidl_typesupport_fastrtps_cpp.hpp
[1.450s] -- Up-to-date: /home/tasl/autoware.universe-carla-ros-bridge/install/carla_msgs/include/carla_msgs/msg/detail/carla_status__rosidl_typesupport_fastrtps_cpp.hpp
[1.451s] -- Up-to-date: /home/tasl/autoware.universe-carla-ros-bridge/install/carla_msgs/include/carla_msgs/msg/detail/carla_ego_vehicle_info_wheel__rosidl_typesupport_fastrtps_cpp.hpp
[1.451s] -- Up-to-date: /home/tasl/autoware.universe-carla-ros-bridge/install/carla_msgs/include/carla_msgs/msg/detail/carla_traffic_light_status__rosidl_typesupport_fastrtps_cpp.hpp
[1.451s] -- Up-to-date: /home/tasl/autoware.universe-carla-ros-bridge/install/carla_msgs/include/carla_msgs/msg/detail/carla_weather_parameters__rosidl_typesupport_fastrtps_cpp.hpp
[1.451s] -- Up-to-date: /home/tasl/autoware.universe-carla-ros-bridge/install/carla_msgs/include/carla_msgs/msg/detail/dds_fastrtps
[1.451s] -- Up-to-date: /home/tasl/autoware.universe-carla-ros-bridge/install/carla_msgs/include/carla_msgs/msg/detail/carla_walker_control__rosidl_typesupport_fastrtps_cpp.hpp
[1.451s] -- Up-to-date: /home/tasl/autoware.universe-carla-ros-bridge/install/carla_msgs/include/carla_msgs/msg/detail/carla_actor_info__rosidl_typesupport_fastrtps_cpp.hpp
[1.451s] -- Up-to-date: /home/tasl/autoware.universe-carla-ros-bridge/install/carla_msgs/include/carla_msgs/msg/detail/carla_world_info__rosidl_typesupport_fastrtps_cpp.hpp
[1.451s] -- Up-to-date: /home/tasl/autoware.universe-carla-ros-bridge/install/carla_msgs/include/carla_msgs/msg/detail/carla_traffic_light_info_list__rosidl_typesupport_fastrtps_cpp.hpp
[1.451s] -- Up-to-date: /home/tasl/autoware.universe-carla-ros-bridge/install/carla_msgs/include/carla_msgs/msg/detail/carla_ego_vehicle_status__rosidl_typesupport_fastrtps_cpp.hpp
[1.451s] -- Up-to-date: /home/tasl/autoware.universe-carla-ros-bridge/install/carla_msgs/include/carla_msgs/msg/detail/carla_collision_event__rosidl_typesupport_fastrtps_cpp.hpp
[1.451s] -- Up-to-date: /home/tasl/autoware.universe-carla-ros-bridge/install/carla_msgs/include/carla_msgs/msg/detail/carla_lane_invasion_event__rosidl_typesupport_fastrtps_cpp.hpp
[1.451s] -- Up-to-date: /home/tasl/autoware.universe-carla-ros-bridge/install/carla_msgs/include/carla_msgs/msg/detail/carla_ego_vehicle_info__rosidl_typesupport_fastrtps_cpp.hpp
[1.451s] -- Up-to-date: /home/tasl/autoware.universe-carla-ros-bridge/install/carla_msgs/include/carla_msgs/msg/detail/carla_control__rosidl_typesupport_fastrtps_cpp.hpp
[1.451s] -- Up-to-date: /home/tasl/autoware.universe-carla-ros-bridge/install/carla_msgs/include/carla_msgs/msg/detail/carla_traffic_light_status_list__rosidl_typesupport_fastrtps_cpp.hpp
[1.451s] -- Up-to-date: /home/tasl/autoware.universe-carla-ros-bridge/install/carla_msgs/include/carla_msgs/msg/rosidl_typesupport_fastrtps_cpp__visibility_control.h
[1.451s] -- Up-to-date: /home/tasl/autoware.universe-carla-ros-bridge/install/carla_msgs/include/carla_msgs/srv
[1.451s] -- Up-to-date: /home/tasl/autoware.universe-carla-ros-bridge/install/carla_msgs/include/carla_msgs/srv/detail
[1.451s] -- Up-to-date: /home/tasl/autoware.universe-carla-ros-bridge/install/carla_msgs/include/carla_msgs/srv/detail/get_blueprints__rosidl_typesupport_fastrtps_cpp.hpp
[1.452s] -- Up-to-date: /home/tasl/autoware.universe-carla-ros-bridge/install/carla_msgs/include/carla_msgs/srv/detail/destroy_object__rosidl_typesupport_fastrtps_cpp.hpp
[1.452s] -- Up-to-date: /home/tasl/autoware.universe-carla-ros-bridge/install/carla_msgs/include/carla_msgs/srv/detail/dds_fastrtps
[1.452s] -- Up-to-date: /home/tasl/autoware.universe-carla-ros-bridge/install/carla_msgs/include/carla_msgs/srv/detail/spawn_object__rosidl_typesupport_fastrtps_cpp.hpp
[1.452s] -- Up-to-date: /home/tasl/autoware.universe-carla-ros-bridge/install/carla_msgs/lib/libcarla_msgs__rosidl_typesupport_fastrtps_cpp.so
[1.452s] -- Up-to-date: /home/tasl/autoware.universe-carla-ros-bridge/install/carla_msgs/include/carla_msgs
[1.452s] -- Up-to-date: /home/tasl/autoware.universe-carla-ros-bridge/install/carla_msgs/include/carla_msgs/msg
[1.452s] -- Up-to-date: /home/tasl/autoware.universe-carla-ros-bridge/install/carla_msgs/include/carla_msgs/msg/rosidl_typesupport_introspection_c__visibility_control.h
[1.452s] -- Up-to-date: /home/tasl/autoware.universe-carla-ros-bridge/install/carla_msgs/include/carla_msgs/msg/detail
[1.452s] -- Up-to-date: /home/tasl/autoware.universe-carla-ros-bridge/install/carla_msgs/include/carla_msgs/msg/detail/carla_traffic_light_info_list__type_support.c
[1.452s] -- Up-to-date: /home/tasl/autoware.universe-carla-ros-bridge/install/carla_msgs/include/carla_msgs/msg/detail/carla_ego_vehicle_info_wheel__rosidl_typesupport_introspection_c.h
[1.452s] -- Up-to-date: /home/tasl/autoware.universe-carla-ros-bridge/install/carla_msgs/include/carla_msgs/msg/detail/carla_weather_parameters__rosidl_typesupport_introspection_c.h
[1.452s] -- Up-to-date: /home/tasl/autoware.universe-carla-ros-bridge/install/carla_msgs/include/carla_msgs/msg/detail/carla_actor_list__type_support.c
[1.452s] -- Up-to-date: /home/tasl/autoware.universe-carla-ros-bridge/install/carla_msgs/include/carla_msgs/msg/detail/carla_lane_invasion_event__rosidl_typesupport_introspection_c.h
[1.452s] -- Up-to-date: /home/tasl/autoware.universe-carla-ros-bridge/install/carla_msgs/include/carla_msgs/msg/detail/carla_traffic_light_info_list__rosidl_typesupport_introspection_c.h
[1.452s] -- Up-to-date: /home/tasl/autoware.universe-carla-ros-bridge/install/carla_msgs/include/carla_msgs/msg/detail/carla_bounding_box__rosidl_typesupport_introspection_c.h
[1.452s] -- Up-to-date: /home/tasl/autoware.universe-carla-ros-bridge/install/carla_msgs/include/carla_msgs/msg/detail/carla_bounding_box__type_support.c
[1.452s] -- Up-to-date: /home/tasl/autoware.universe-carla-ros-bridge/install/carla_msgs/include/carla_msgs/msg/detail/carla_ego_vehicle_info_wheel__type_support.c
[1.452s] -- Up-to-date: /home/tasl/autoware.universe-carla-ros-bridge/install/carla_msgs/include/carla_msgs/msg/detail/carla_collision_event__type_support.c
[1.452s] -- Up-to-date: /home/tasl/autoware.universe-carla-ros-bridge/install/carla_msgs/include/carla_msgs/msg/detail/carla_control__type_support.c
[1.453s] -- Up-to-date: /home/tasl/autoware.universe-carla-ros-bridge/install/carla_msgs/include/carla_msgs/msg/detail/carla_traffic_light_status_list__type_support.c
[1.453s] -- Up-to-date: /home/tasl/autoware.universe-carla-ros-bridge/install/carla_msgs/include/carla_msgs/msg/detail/carla_control__rosidl_typesupport_introspection_c.h
[1.453s] -- Up-to-date: /home/tasl/autoware.universe-carla-ros-bridge/install/carla_msgs/include/carla_msgs/msg/detail/carla_traffic_light_info__type_support.c
[1.453s] -- Up-to-date: /home/tasl/autoware.universe-carla-ros-bridge/install/carla_msgs/include/carla_msgs/msg/detail/carla_status__rosidl_typesupport_introspection_c.h
[1.453s] -- Up-to-date: /home/tasl/autoware.universe-carla-ros-bridge/install/carla_msgs/include/carla_msgs/msg/detail/carla_collision_event__rosidl_typesupport_introspection_c.h
[1.453s] -- Up-to-date: /home/tasl/autoware.universe-carla-ros-bridge/install/carla_msgs/include/carla_msgs/msg/detail/carla_ego_vehicle_status__type_support.c
[1.453s] -- Up-to-date: /home/tasl/autoware.universe-carla-ros-bridge/install/carla_msgs/include/carla_msgs/msg/detail/carla_ego_vehicle_status__rosidl_typesupport_introspection_c.h
[1.453s] -- Up-to-date: /home/tasl/autoware.universe-carla-ros-bridge/install/carla_msgs/include/carla_msgs/msg/detail/carla_traffic_light_status__rosidl_typesupport_introspection_c.h
[1.453s] -- Up-to-date: /home/tasl/autoware.universe-carla-ros-bridge/install/carla_msgs/include/carla_msgs/msg/detail/carla_traffic_light_status__type_support.c
[1.453s] -- Up-to-date: /home/tasl/autoware.universe-carla-ros-bridge/install/carla_msgs/include/carla_msgs/msg/detail/carla_actor_info__type_support.c
[1.453s] -- Up-to-date: /home/tasl/autoware.universe-carla-ros-bridge/install/carla_msgs/include/carla_msgs/msg/detail/carla_world_info__rosidl_typesupport_introspection_c.h
[1.453s] -- Up-to-date: /home/tasl/autoware.universe-carla-ros-bridge/install/carla_msgs/include/carla_msgs/msg/detail/carla_walker_control__type_support.c
[1.453s] -- Up-to-date: /home/tasl/autoware.universe-carla-ros-bridge/install/carla_msgs/include/carla_msgs/msg/detail/carla_lane_invasion_event__type_support.c
[1.453s] -- Up-to-date: /home/tasl/autoware.universe-carla-ros-bridge/install/carla_msgs/include/carla_msgs/msg/detail/carla_actor_info__rosidl_typesupport_introspection_c.h
[1.453s] -- Up-to-date: /home/tasl/autoware.universe-carla-ros-bridge/install/carla_msgs/include/carla_msgs/msg/detail/carla_traffic_light_info__rosidl_typesupport_introspection_c.h
[1.453s] -- Up-to-date: /home/tasl/autoware.universe-carla-ros-bridge/install/carla_msgs/include/carla_msgs/msg/detail/carla_ego_vehicle_info__type_support.c
[1.453s] -- Up-to-date: /home/tasl/autoware.universe-carla-ros-bridge/install/carla_msgs/include/carla_msgs/msg/detail/carla_walker_control__rosidl_typesupport_introspection_c.h
[1.453s] -- Up-to-date: /home/tasl/autoware.universe-carla-ros-bridge/install/carla_msgs/include/carla_msgs/msg/detail/carla_world_info__type_support.c
[1.454s] -- Up-to-date: /home/tasl/autoware.universe-carla-ros-bridge/install/carla_msgs/include/carla_msgs/msg/detail/carla_weather_parameters__type_support.c
[1.454s] -- Up-to-date: /home/tasl/autoware.universe-carla-ros-bridge/install/carla_msgs/include/carla_msgs/msg/detail/carla_ego_vehicle_info__rosidl_typesupport_introspection_c.h
[1.454s] -- Up-to-date: /home/tasl/autoware.universe-carla-ros-bridge/install/carla_msgs/include/carla_msgs/msg/detail/carla_traffic_light_status_list__rosidl_typesupport_introspection_c.h
[1.454s] -- Up-to-date: /home/tasl/autoware.universe-carla-ros-bridge/install/carla_msgs/include/carla_msgs/msg/detail/carla_ego_vehicle_control__type_support.c
[1.454s] -- Up-to-date: /home/tasl/autoware.universe-carla-ros-bridge/install/carla_msgs/include/carla_msgs/msg/detail/carla_status__type_support.c
[1.454s] -- Up-to-date: /home/tasl/autoware.universe-carla-ros-bridge/install/carla_msgs/include/carla_msgs/msg/detail/carla_ego_vehicle_control__rosidl_typesupport_introspection_c.h
[1.454s] -- Up-to-date: /home/tasl/autoware.universe-carla-ros-bridge/install/carla_msgs/include/carla_msgs/msg/detail/carla_actor_list__rosidl_typesupport_introspection_c.h
[1.454s] -- Up-to-date: /home/tasl/autoware.universe-carla-ros-bridge/install/carla_msgs/include/carla_msgs/srv
[1.454s] -- Up-to-date: /home/tasl/autoware.universe-carla-ros-bridge/install/carla_msgs/include/carla_msgs/srv/detail
[1.454s] -- Up-to-date: /home/tasl/autoware.universe-carla-ros-bridge/install/carla_msgs/include/carla_msgs/srv/detail/get_blueprints__rosidl_typesupport_introspection_c.h
[1.454s] -- Up-to-date: /home/tasl/autoware.universe-carla-ros-bridge/install/carla_msgs/include/carla_msgs/srv/detail/get_blueprints__type_support.c
[1.454s] -- Up-to-date: /home/tasl/autoware.universe-carla-ros-bridge/install/carla_msgs/include/carla_msgs/srv/detail/spawn_object__type_support.c
[1.454s] -- Up-to-date: /home/tasl/autoware.universe-carla-ros-bridge/install/carla_msgs/include/carla_msgs/srv/detail/spawn_object__rosidl_typesupport_introspection_c.h
[1.454s] -- Up-to-date: /home/tasl/autoware.universe-carla-ros-bridge/install/carla_msgs/include/carla_msgs/srv/detail/destroy_object__type_support.c
[1.454s] -- Up-to-date: /home/tasl/autoware.universe-carla-ros-bridge/install/carla_msgs/include/carla_msgs/srv/detail/destroy_object__rosidl_typesupport_introspection_c.h
[1.454s] -- Up-to-date: /home/tasl/autoware.universe-carla-ros-bridge/install/carla_msgs/lib/libcarla_msgs__rosidl_typesupport_introspection_c.so
[1.454s] -- Up-to-date: /home/tasl/autoware.universe-carla-ros-bridge/install/carla_msgs/lib/libcarla_msgs__rosidl_typesupport_c.so
[1.454s] -- Up-to-date: /home/tasl/autoware.universe-carla-ros-bridge/install/carla_msgs/include/carla_msgs
[1.454s] -- Up-to-date: /home/tasl/autoware.universe-carla-ros-bridge/install/carla_msgs/include/carla_msgs/msg
[1.455s] -- Up-to-date: /home/tasl/autoware.universe-carla-ros-bridge/install/carla_msgs/include/carla_msgs/msg/carla_actor_info.hpp
[1.455s] -- Up-to-date: /home/tasl/autoware.universe-carla-ros-bridge/install/carla_msgs/include/carla_msgs/msg/carla_lane_invasion_event.hpp
[1.455s] -- Up-to-date: /home/tasl/autoware.universe-carla-ros-bridge/install/carla_msgs/include/carla_msgs/msg/carla_ego_vehicle_control.hpp
[1.455s] -- Up-to-date: /home/tasl/autoware.universe-carla-ros-bridge/install/carla_msgs/include/carla_msgs/msg/carla_ego_vehicle_info_wheel.hpp
[1.455s] -- Up-to-date: /home/tasl/autoware.universe-carla-ros-bridge/install/carla_msgs/include/carla_msgs/msg/carla_bounding_box.hpp
[1.455s] -- Up-to-date: /home/tasl/autoware.universe-carla-ros-bridge/install/carla_msgs/include/carla_msgs/msg/carla_status.hpp
[1.455s] -- Up-to-date: /home/tasl/autoware.universe-carla-ros-bridge/install/carla_msgs/include/carla_msgs/msg/carla_weather_parameters.hpp
[1.455s] -- Up-to-date: /home/tasl/autoware.universe-carla-ros-bridge/install/carla_msgs/include/carla_msgs/msg/carla_walker_control.hpp
[1.455s] -- Up-to-date: /home/tasl/autoware.universe-carla-ros-bridge/install/carla_msgs/include/carla_msgs/msg/carla_world_info.hpp
[1.455s] -- Up-to-date: /home/tasl/autoware.universe-carla-ros-bridge/install/carla_msgs/include/carla_msgs/msg/detail
[1.455s] -- Up-to-date: /home/tasl/autoware.universe-carla-ros-bridge/install/carla_msgs/include/carla_msgs/msg/detail/carla_traffic_light_info__builder.hpp
[1.455s] -- Up-to-date: /home/tasl/autoware.universe-carla-ros-bridge/install/carla_msgs/include/carla_msgs/msg/detail/carla_weather_parameters__struct.hpp
[1.455s] -- Up-to-date: /home/tasl/autoware.universe-carla-ros-bridge/install/carla_msgs/include/carla_msgs/msg/detail/carla_world_info__builder.hpp
[1.455s] -- Up-to-date: /home/tasl/autoware.universe-carla-ros-bridge/install/carla_msgs/include/carla_msgs/msg/detail/carla_actor_list__struct.hpp
[1.455s] -- Up-to-date: /home/tasl/autoware.universe-carla-ros-bridge/install/carla_msgs/include/carla_msgs/msg/detail/carla_bounding_box__struct.hpp
[1.455s] -- Up-to-date: /home/tasl/autoware.universe-carla-ros-bridge/install/carla_msgs/include/carla_msgs/msg/detail/carla_traffic_light_info__struct.hpp
[1.455s] -- Up-to-date: /home/tasl/autoware.universe-carla-ros-bridge/install/carla_msgs/include/carla_msgs/msg/detail/carla_traffic_light_info_list__builder.hpp
[1.455s] -- Up-to-date: /home/tasl/autoware.universe-carla-ros-bridge/install/carla_msgs/include/carla_msgs/msg/detail/carla_ego_vehicle_status__traits.hpp
[1.456s] -- Up-to-date: /home/tasl/autoware.universe-carla-ros-bridge/install/carla_msgs/include/carla_msgs/msg/detail/carla_traffic_light_status_list__traits.hpp
[1.456s] -- Up-to-date: /home/tasl/autoware.universe-carla-ros-bridge/install/carla_msgs/include/carla_msgs/msg/detail/carla_weather_parameters__builder.hpp
[1.456s] -- Up-to-date: /home/tasl/autoware.universe-carla-ros-bridge/install/carla_msgs/include/carla_msgs/msg/detail/carla_actor_list__traits.hpp
[1.456s] -- Up-to-date: /home/tasl/autoware.universe-carla-ros-bridge/install/carla_msgs/include/carla_msgs/msg/detail/carla_control__builder.hpp
[1.456s] -- Up-to-date: /home/tasl/autoware.universe-carla-ros-bridge/install/carla_msgs/include/carla_msgs/msg/detail/carla_walker_control__traits.hpp
[1.456s] -- Up-to-date: /home/tasl/autoware.universe-carla-ros-bridge/install/carla_msgs/include/carla_msgs/msg/detail/carla_weather_parameters__traits.hpp
[1.456s] -- Up-to-date: /home/tasl/autoware.universe-carla-ros-bridge/install/carla_msgs/include/carla_msgs/msg/detail/carla_ego_vehicle_status__builder.hpp
[1.456s] -- Up-to-date: /home/tasl/autoware.universe-carla-ros-bridge/install/carla_msgs/include/carla_msgs/msg/detail/carla_bounding_box__traits.hpp
[1.456s] -- Up-to-date: /home/tasl/autoware.universe-carla-ros-bridge/install/carla_msgs/include/carla_msgs/msg/detail/carla_ego_vehicle_control__traits.hpp
[1.456s] -- Up-to-date: /home/tasl/autoware.universe-carla-ros-bridge/install/carla_msgs/include/carla_msgs/msg/detail/carla_collision_event__traits.hpp
[1.456s] -- Up-to-date: /home/tasl/autoware.universe-carla-ros-bridge/install/carla_msgs/include/carla_msgs/msg/detail/carla_ego_vehicle_status__struct.hpp
[1.456s] -- Up-to-date: /home/tasl/autoware.universe-carla-ros-bridge/install/carla_msgs/include/carla_msgs/msg/detail/carla_control__traits.hpp
[1.456s] -- Up-to-date: /home/tasl/autoware.universe-carla-ros-bridge/install/carla_msgs/include/carla_msgs/msg/detail/carla_traffic_light_status_list__struct.hpp
[1.456s] -- Up-to-date: /home/tasl/autoware.universe-carla-ros-bridge/install/carla_msgs/include/carla_msgs/msg/detail/carla_ego_vehicle_info_wheel__traits.hpp
[1.456s] -- Up-to-date: /home/tasl/autoware.universe-carla-ros-bridge/install/carla_msgs/include/carla_msgs/msg/detail/carla_actor_list__builder.hpp
[1.456s] -- Up-to-date: /home/tasl/autoware.universe-carla-ros-bridge/install/carla_msgs/include/carla_msgs/msg/detail/carla_traffic_light_status__struct.hpp
[1.456s] -- Up-to-date: /home/tasl/autoware.universe-carla-ros-bridge/install/carla_msgs/include/carla_msgs/msg/detail/carla_ego_vehicle_info__struct.hpp
[1.456s] -- Up-to-date: /home/tasl/autoware.universe-carla-ros-bridge/install/carla_msgs/include/carla_msgs/msg/detail/carla_ego_vehicle_info_wheel__struct.hpp
[1.456s] -- Up-to-date: /home/tasl/autoware.universe-carla-ros-bridge/install/carla_msgs/include/carla_msgs/msg/detail/carla_ego_vehicle_control__struct.hpp
[1.457s] -- Up-to-date: /home/tasl/autoware.universe-carla-ros-bridge/install/carla_msgs/include/carla_msgs/msg/detail/carla_traffic_light_status__traits.hpp
[1.457s] -- Up-to-date: /home/tasl/autoware.universe-carla-ros-bridge/install/carla_msgs/include/carla_msgs/msg/detail/carla_actor_info__builder.hpp
[1.457s] -- Up-to-date: /home/tasl/autoware.universe-carla-ros-bridge/install/carla_msgs/include/carla_msgs/msg/detail/carla_status__builder.hpp
[1.457s] -- Up-to-date: /home/tasl/autoware.universe-carla-ros-bridge/install/carla_msgs/include/carla_msgs/msg/detail/carla_walker_control__struct.hpp
[1.457s] -- Up-to-date: /home/tasl/autoware.universe-carla-ros-bridge/install/carla_msgs/include/carla_msgs/msg/detail/carla_traffic_light_status__builder.hpp
[1.457s] -- Up-to-date: /home/tasl/autoware.universe-carla-ros-bridge/install/carla_msgs/include/carla_msgs/msg/detail/carla_traffic_light_info_list__struct.hpp
[1.457s] -- Up-to-date: /home/tasl/autoware.universe-carla-ros-bridge/install/carla_msgs/include/carla_msgs/msg/detail/carla_lane_invasion_event__traits.hpp
[1.457s] -- Up-to-date: /home/tasl/autoware.universe-carla-ros-bridge/install/carla_msgs/include/carla_msgs/msg/detail/carla_actor_info__traits.hpp
[1.457s] -- Up-to-date: /home/tasl/autoware.universe-carla-ros-bridge/install/carla_msgs/include/carla_msgs/msg/detail/carla_collision_event__struct.hpp
[1.457s] -- Up-to-date: /home/tasl/autoware.universe-carla-ros-bridge/install/carla_msgs/include/carla_msgs/msg/detail/carla_world_info__traits.hpp
[1.457s] -- Up-to-date: /home/tasl/autoware.universe-carla-ros-bridge/install/carla_msgs/include/carla_msgs/msg/detail/carla_ego_vehicle_info__traits.hpp
[1.457s] -- Up-to-date: /home/tasl/autoware.universe-carla-ros-bridge/install/carla_msgs/include/carla_msgs/msg/detail/carla_lane_invasion_event__builder.hpp
[1.457s] -- Up-to-date: /home/tasl/autoware.universe-carla-ros-bridge/install/carla_msgs/include/carla_msgs/msg/detail/carla_status__struct.hpp
[1.457s] -- Up-to-date: /home/tasl/autoware.universe-carla-ros-bridge/install/carla_msgs/include/carla_msgs/msg/detail/carla_world_info__struct.hpp
[1.457s] -- Up-to-date: /home/tasl/autoware.universe-carla-ros-bridge/install/carla_msgs/include/carla_msgs/msg/detail/carla_lane_invasion_event__struct.hpp
[1.457s] -- Up-to-date: /home/tasl/autoware.universe-carla-ros-bridge/install/carla_msgs/include/carla_msgs/msg/detail/carla_control__struct.hpp
[1.457s] -- Up-to-date: /home/tasl/autoware.universe-carla-ros-bridge/install/carla_msgs/include/carla_msgs/msg/detail/carla_collision_event__builder.hpp
[1.458s] -- Up-to-date: /home/tasl/autoware.universe-carla-ros-bridge/install/carla_msgs/include/carla_msgs/msg/detail/carla_ego_vehicle_info__builder.hpp
[1.458s] -- Up-to-date: /home/tasl/autoware.universe-carla-ros-bridge/install/carla_msgs/include/carla_msgs/msg/detail/carla_bounding_box__builder.hpp
[1.458s] -- Up-to-date: /home/tasl/autoware.universe-carla-ros-bridge/install/carla_msgs/include/carla_msgs/msg/detail/carla_ego_vehicle_control__builder.hpp
[1.458s] -- Up-to-date: /home/tasl/autoware.universe-carla-ros-bridge/install/carla_msgs/include/carla_msgs/msg/detail/carla_actor_info__struct.hpp
[1.458s] -- Up-to-date: /home/tasl/autoware.universe-carla-ros-bridge/install/carla_msgs/include/carla_msgs/msg/detail/carla_traffic_light_info__traits.hpp
[1.458s] -- Up-to-date: /home/tasl/autoware.universe-carla-ros-bridge/install/carla_msgs/include/carla_msgs/msg/detail/carla_traffic_light_info_list__traits.hpp
[1.458s] -- Up-to-date: /home/tasl/autoware.universe-carla-ros-bridge/install/carla_msgs/include/carla_msgs/msg/detail/carla_traffic_light_status_list__builder.hpp
[1.458s] -- Up-to-date: /home/tasl/autoware.universe-carla-ros-bridge/install/carla_msgs/include/carla_msgs/msg/detail/carla_walker_control__builder.hpp
[1.458s] -- Up-to-date: /home/tasl/autoware.universe-carla-ros-bridge/install/carla_msgs/include/carla_msgs/msg/detail/carla_status__traits.hpp
[1.458s] -- Up-to-date: /home/tasl/autoware.universe-carla-ros-bridge/install/carla_msgs/include/carla_msgs/msg/detail/carla_ego_vehicle_info_wheel__builder.hpp
[1.458s] -- Up-to-date: /home/tasl/autoware.universe-carla-ros-bridge/install/carla_msgs/include/carla_msgs/msg/carla_traffic_light_info.hpp
[1.458s] -- Up-to-date: /home/tasl/autoware.universe-carla-ros-bridge/install/carla_msgs/include/carla_msgs/msg/carla_traffic_light_status.hpp
[1.458s] -- Up-to-date: /home/tasl/autoware.universe-carla-ros-bridge/install/carla_msgs/include/carla_msgs/msg/carla_traffic_light_status_list.hpp
[1.458s] -- Up-to-date: /home/tasl/autoware.universe-carla-ros-bridge/install/carla_msgs/include/carla_msgs/msg/carla_collision_event.hpp
[1.458s] -- Up-to-date: /home/tasl/autoware.universe-carla-ros-bridge/install/carla_msgs/include/carla_msgs/msg/carla_actor_list.hpp
[1.458s] -- Up-to-date: /home/tasl/autoware.universe-carla-ros-bridge/install/carla_msgs/include/carla_msgs/msg/carla_control.hpp
[1.458s] -- Up-to-date: /home/tasl/autoware.universe-carla-ros-bridge/install/carla_msgs/include/carla_msgs/msg/carla_traffic_light_info_list.hpp
[1.458s] -- Up-to-date: /home/tasl/autoware.universe-carla-ros-bridge/install/carla_msgs/include/carla_msgs/msg/carla_ego_vehicle_status.hpp
[1.458s] -- Up-to-date: /home/tasl/autoware.universe-carla-ros-bridge/install/carla_msgs/include/carla_msgs/msg/carla_ego_vehicle_info.hpp
[1.459s] -- Up-to-date: /home/tasl/autoware.universe-carla-ros-bridge/install/carla_msgs/include/carla_msgs/srv
[1.459s] -- Up-to-date: /home/tasl/autoware.universe-carla-ros-bridge/install/carla_msgs/include/carla_msgs/srv/spawn_object.hpp
[1.459s] -- Up-to-date: /home/tasl/autoware.universe-carla-ros-bridge/install/carla_msgs/include/carla_msgs/srv/destroy_object.hpp
[1.459s] -- Up-to-date: /home/tasl/autoware.universe-carla-ros-bridge/install/carla_msgs/include/carla_msgs/srv/detail
[1.459s] -- Up-to-date: /home/tasl/autoware.universe-carla-ros-bridge/install/carla_msgs/include/carla_msgs/srv/detail/get_blueprints__struct.hpp
[1.459s] -- Up-to-date: /home/tasl/autoware.universe-carla-ros-bridge/install/carla_msgs/include/carla_msgs/srv/detail/spawn_object__builder.hpp
[1.459s] -- Up-to-date: /home/tasl/autoware.universe-carla-ros-bridge/install/carla_msgs/include/carla_msgs/srv/detail/get_blueprints__traits.hpp
[1.459s] -- Up-to-date: /home/tasl/autoware.universe-carla-ros-bridge/install/carla_msgs/include/carla_msgs/srv/detail/get_blueprints__builder.hpp
[1.459s] -- Up-to-date: /home/tasl/autoware.universe-carla-ros-bridge/install/carla_msgs/include/carla_msgs/srv/detail/destroy_object__traits.hpp
[1.459s] -- Up-to-date: /home/tasl/autoware.universe-carla-ros-bridge/install/carla_msgs/include/carla_msgs/srv/detail/destroy_object__struct.hpp
[1.459s] -- Up-to-date: /home/tasl/autoware.universe-carla-ros-bridge/install/carla_msgs/include/carla_msgs/srv/detail/spawn_object__struct.hpp
[1.459s] -- Up-to-date: /home/tasl/autoware.universe-carla-ros-bridge/install/carla_msgs/include/carla_msgs/srv/detail/spawn_object__traits.hpp
[1.459s] -- Up-to-date: /home/tasl/autoware.universe-carla-ros-bridge/install/carla_msgs/include/carla_msgs/srv/detail/destroy_object__builder.hpp
[1.459s] -- Up-to-date: /home/tasl/autoware.universe-carla-ros-bridge/install/carla_msgs/include/carla_msgs/srv/get_blueprints.hpp
[1.459s] -- Up-to-date: /home/tasl/autoware.universe-carla-ros-bridge/install/carla_msgs/include/carla_msgs
[1.459s] -- Up-to-date: /home/tasl/autoware.universe-carla-ros-bridge/install/carla_msgs/include/carla_msgs/msg
[1.459s] -- Up-to-date: /home/tasl/autoware.universe-carla-ros-bridge/install/carla_msgs/include/carla_msgs/msg/detail
[1.459s] -- Up-to-date: /home/tasl/autoware.universe-carla-ros-bridge/install/carla_msgs/include/carla_msgs/msg/detail/carla_weather_parameters__type_support.cpp
[1.459s] -- Up-to-date: /home/tasl/autoware.universe-carla-ros-bridge/install/carla_msgs/include/carla_msgs/msg/detail/carla_ego_vehicle_control__rosidl_typesupport_introspection_cpp.hpp
[1.460s] -- Up-to-date: /home/tasl/autoware.universe-carla-ros-bridge/install/carla_msgs/include/carla_msgs/msg/detail/carla_walker_control__rosidl_typesupport_introspection_cpp.hpp
[1.460s] -- Up-to-date: /home/tasl/autoware.universe-carla-ros-bridge/install/carla_msgs/include/carla_msgs/msg/detail/carla_traffic_light_status_list__rosidl_typesupport_introspection_cpp.hpp
[1.460s] -- Up-to-date: /home/tasl/autoware.universe-carla-ros-bridge/install/carla_msgs/include/carla_msgs/msg/detail/carla_traffic_light_status__rosidl_typesupport_introspection_cpp.hpp
[1.460s] -- Up-to-date: /home/tasl/autoware.universe-carla-ros-bridge/install/carla_msgs/include/carla_msgs/msg/detail/carla_ego_vehicle_info__type_support.cpp
[1.460s] -- Up-to-date: /home/tasl/autoware.universe-carla-ros-bridge/install/carla_msgs/include/carla_msgs/msg/detail/carla_traffic_light_info__type_support.cpp
[1.460s] -- Up-to-date: /home/tasl/autoware.universe-carla-ros-bridge/install/carla_msgs/include/carla_msgs/msg/detail/carla_actor_list__rosidl_typesupport_introspection_cpp.hpp
[1.460s] -- Up-to-date: /home/tasl/autoware.universe-carla-ros-bridge/install/carla_msgs/include/carla_msgs/msg/detail/carla_traffic_light_status__type_support.cpp
[1.460s] -- Up-to-date: /home/tasl/autoware.universe-carla-ros-bridge/install/carla_msgs/include/carla_msgs/msg/detail/carla_traffic_light_info_list__rosidl_typesupport_introspection_cpp.hpp
[1.460s] -- Up-to-date: /home/tasl/autoware.universe-carla-ros-bridge/install/carla_msgs/include/carla_msgs/msg/detail/carla_traffic_light_info__rosidl_typesupport_introspection_cpp.hpp
[1.460s] -- Up-to-date: /home/tasl/autoware.universe-carla-ros-bridge/install/carla_msgs/include/carla_msgs/msg/detail/carla_traffic_light_status_list__type_support.cpp
[1.460s] -- Up-to-date: /home/tasl/autoware.universe-carla-ros-bridge/install/carla_msgs/include/carla_msgs/msg/detail/carla_actor_info__type_support.cpp
[1.460s] -- Up-to-date: /home/tasl/autoware.universe-carla-ros-bridge/install/carla_msgs/include/carla_msgs/msg/detail/carla_bounding_box__type_support.cpp
[1.460s] -- Up-to-date: /home/tasl/autoware.universe-carla-ros-bridge/install/carla_msgs/include/carla_msgs/msg/detail/carla_actor_list__type_support.cpp
[1.460s] -- Up-to-date: /home/tasl/autoware.universe-carla-ros-bridge/install/carla_msgs/include/carla_msgs/msg/detail/carla_world_info__rosidl_typesupport_introspection_cpp.hpp
[1.460s] -- Up-to-date: /home/tasl/autoware.universe-carla-ros-bridge/install/carla_msgs/include/carla_msgs/msg/detail/carla_ego_vehicle_status__type_support.cpp
[1.460s] -- Up-to-date: /home/tasl/autoware.universe-carla-ros-bridge/install/carla_msgs/include/carla_msgs/msg/detail/carla_collision_event__type_support.cpp
[1.460s] -- Up-to-date: /home/tasl/autoware.universe-carla-ros-bridge/install/carla_msgs/include/carla_msgs/msg/detail/carla_status__type_support.cpp
[1.460s] -- Up-to-date: /home/tasl/autoware.universe-carla-ros-bridge/install/carla_msgs/include/carla_msgs/msg/detail/carla_ego_vehicle_status__rosidl_typesupport_introspection_cpp.hpp
[1.461s] -- Up-to-date: /home/tasl/autoware.universe-carla-ros-bridge/install/carla_msgs/include/carla_msgs/msg/detail/carla_control__rosidl_typesupport_introspection_cpp.hpp
[1.461s] -- Up-to-date: /home/tasl/autoware.universe-carla-ros-bridge/install/carla_msgs/include/carla_msgs/msg/detail/carla_ego_vehicle_control__type_support.cpp
[1.461s] -- Up-to-date: /home/tasl/autoware.universe-carla-ros-bridge/install/carla_msgs/include/carla_msgs/msg/detail/carla_lane_invasion_event__rosidl_typesupport_introspection_cpp.hpp
[1.461s] -- Up-to-date: /home/tasl/autoware.universe-carla-ros-bridge/install/carla_msgs/include/carla_msgs/msg/detail/carla_ego_vehicle_info_wheel__rosidl_typesupport_introspection_cpp.hpp
[1.461s] -- Up-to-date: /home/tasl/autoware.universe-carla-ros-bridge/install/carla_msgs/include/carla_msgs/msg/detail/carla_actor_info__rosidl_typesupport_introspection_cpp.hpp
[1.461s] -- Up-to-date: /home/tasl/autoware.universe-carla-ros-bridge/install/carla_msgs/include/carla_msgs/msg/detail/carla_lane_invasion_event__type_support.cpp
[1.461s] -- Up-to-date: /home/tasl/autoware.universe-carla-ros-bridge/install/carla_msgs/include/carla_msgs/msg/detail/carla_control__type_support.cpp
[1.461s] -- Up-to-date: /home/tasl/autoware.universe-carla-ros-bridge/install/carla_msgs/include/carla_msgs/msg/detail/carla_walker_control__type_support.cpp
[1.461s] -- Up-to-date: /home/tasl/autoware.universe-carla-ros-bridge/install/carla_msgs/include/carla_msgs/msg/detail/carla_collision_event__rosidl_typesupport_introspection_cpp.hpp
[1.461s] -- Up-to-date: /home/tasl/autoware.universe-carla-ros-bridge/install/carla_msgs/include/carla_msgs/msg/detail/carla_world_info__type_support.cpp
[1.461s] -- Up-to-date: /home/tasl/autoware.universe-carla-ros-bridge/install/carla_msgs/include/carla_msgs/msg/detail/carla_weather_parameters__rosidl_typesupport_introspection_cpp.hpp
[1.461s] -- Up-to-date: /home/tasl/autoware.universe-carla-ros-bridge/install/carla_msgs/include/carla_msgs/msg/detail/carla_traffic_light_info_list__type_support.cpp
[1.461s] -- Up-to-date: /home/tasl/autoware.universe-carla-ros-bridge/install/carla_msgs/include/carla_msgs/msg/detail/carla_ego_vehicle_info_wheel__type_support.cpp
[1.461s] -- Up-to-date: /home/tasl/autoware.universe-carla-ros-bridge/install/carla_msgs/include/carla_msgs/msg/detail/carla_status__rosidl_typesupport_introspection_cpp.hpp
[1.461s] -- Up-to-date: /home/tasl/autoware.universe-carla-ros-bridge/install/carla_msgs/include/carla_msgs/msg/detail/carla_bounding_box__rosidl_typesupport_introspection_cpp.hpp
[1.461s] -- Up-to-date: /home/tasl/autoware.universe-carla-ros-bridge/install/carla_msgs/include/carla_msgs/msg/detail/carla_ego_vehicle_info__rosidl_typesupport_introspection_cpp.hpp
[1.461s] -- Up-to-date: /home/tasl/autoware.universe-carla-ros-bridge/install/carla_msgs/include/carla_msgs/srv
[1.461s] -- Up-to-date: /home/tasl/autoware.universe-carla-ros-bridge/install/carla_msgs/include/carla_msgs/srv/detail
[1.462s] -- Up-to-date: /home/tasl/autoware.universe-carla-ros-bridge/install/carla_msgs/include/carla_msgs/srv/detail/spawn_object__rosidl_typesupport_introspection_cpp.hpp
[1.462s] -- Up-to-date: /home/tasl/autoware.universe-carla-ros-bridge/install/carla_msgs/include/carla_msgs/srv/detail/destroy_object__type_support.cpp
[1.462s] -- Up-to-date: /home/tasl/autoware.universe-carla-ros-bridge/install/carla_msgs/include/carla_msgs/srv/detail/spawn_object__type_support.cpp
[1.462s] -- Up-to-date: /home/tasl/autoware.universe-carla-ros-bridge/install/carla_msgs/include/carla_msgs/srv/detail/get_blueprints__type_support.cpp
[1.462s] -- Up-to-date: /home/tasl/autoware.universe-carla-ros-bridge/install/carla_msgs/include/carla_msgs/srv/detail/get_blueprints__rosidl_typesupport_introspection_cpp.hpp
[1.462s] -- Up-to-date: /home/tasl/autoware.universe-carla-ros-bridge/install/carla_msgs/include/carla_msgs/srv/detail/destroy_object__rosidl_typesupport_introspection_cpp.hpp
[1.462s] -- Up-to-date: /home/tasl/autoware.universe-carla-ros-bridge/install/carla_msgs/lib/libcarla_msgs__rosidl_typesupport_introspection_cpp.so
[1.462s] -- Up-to-date: /home/tasl/autoware.universe-carla-ros-bridge/install/carla_msgs/lib/libcarla_msgs__rosidl_typesupport_cpp.so
[1.462s] -- Up-to-date: /home/tasl/autoware.universe-carla-ros-bridge/install/carla_msgs/share/carla_msgs/environment/pythonpath.sh
[1.462s] -- Installing: /home/tasl/autoware.universe-carla-ros-bridge/install/carla_msgs/share/carla_msgs/environment/pythonpath.dsv
[1.462s] -- Installing: /home/tasl/autoware.universe-carla-ros-bridge/install/carla_msgs/lib/python3.8/site-packages/carla_msgs/__init__.py
[1.468s] Compiling '/home/tasl/autoware.universe-carla-ros-bridge/install/carla_msgs/lib/python3.8/site-packages/carla_msgs/__init__.py'...
[1.470s] -- Up-to-date: /home/tasl/autoware.universe-carla-ros-bridge/install/carla_msgs/lib/python3.8/site-packages/carla_msgs/msg
[1.470s] -- Up-to-date: /home/tasl/autoware.universe-carla-ros-bridge/install/carla_msgs/lib/python3.8/site-packages/carla_msgs/msg/_carla_walker_control_s.c
[1.471s] -- Up-to-date: /home/tasl/autoware.universe-carla-ros-bridge/install/carla_msgs/lib/python3.8/site-packages/carla_msgs/msg/_carla_bounding_box.py
[1.471s] -- Up-to-date: /home/tasl/autoware.universe-carla-ros-bridge/install/carla_msgs/lib/python3.8/site-packages/carla_msgs/msg/_carla_ego_vehicle_info.py
[1.471s] -- Up-to-date: /home/tasl/autoware.universe-carla-ros-bridge/install/carla_msgs/lib/python3.8/site-packages/carla_msgs/msg/_carla_actor_info_s.c
[1.471s] -- Up-to-date: /home/tasl/autoware.universe-carla-ros-bridge/install/carla_msgs/lib/python3.8/site-packages/carla_msgs/msg/_carla_world_info.py
[1.471s] -- Up-to-date: /home/tasl/autoware.universe-carla-ros-bridge/install/carla_msgs/lib/python3.8/site-packages/carla_msgs/msg/_carla_traffic_light_status_s.c
[1.471s] -- Up-to-date: /home/tasl/autoware.universe-carla-ros-bridge/install/carla_msgs/lib/python3.8/site-packages/carla_msgs/msg/_carla_ego_vehicle_control_s.c
[1.471s] -- Up-to-date: /home/tasl/autoware.universe-carla-ros-bridge/install/carla_msgs/lib/python3.8/site-packages/carla_msgs/msg/_carla_ego_vehicle_status_s.c
[1.471s] -- Up-to-date: /home/tasl/autoware.universe-carla-ros-bridge/install/carla_msgs/lib/python3.8/site-packages/carla_msgs/msg/_carla_status.py
[1.471s] -- Up-to-date: /home/tasl/autoware.universe-carla-ros-bridge/install/carla_msgs/lib/python3.8/site-packages/carla_msgs/msg/_carla_collision_event_s.c
[1.471s] -- Up-to-date: /home/tasl/autoware.universe-carla-ros-bridge/install/carla_msgs/lib/python3.8/site-packages/carla_msgs/msg/_carla_walker_control.py
[1.471s] -- Up-to-date: /home/tasl/autoware.universe-carla-ros-bridge/install/carla_msgs/lib/python3.8/site-packages/carla_msgs/msg/_carla_ego_vehicle_control.py
[1.471s] -- Up-to-date: /home/tasl/autoware.universe-carla-ros-bridge/install/carla_msgs/lib/python3.8/site-packages/carla_msgs/msg/_carla_traffic_light_info.py
[1.471s] -- Up-to-date: /home/tasl/autoware.universe-carla-ros-bridge/install/carla_msgs/lib/python3.8/site-packages/carla_msgs/msg/_carla_ego_vehicle_info_wheel.py
[1.471s] -- Up-to-date: /home/tasl/autoware.universe-carla-ros-bridge/install/carla_msgs/lib/python3.8/site-packages/carla_msgs/msg/_carla_ego_vehicle_info_s.c
[1.471s] -- Up-to-date: /home/tasl/autoware.universe-carla-ros-bridge/install/carla_msgs/lib/python3.8/site-packages/carla_msgs/msg/_carla_control.py
[1.471s] -- Up-to-date: /home/tasl/autoware.universe-carla-ros-bridge/install/carla_msgs/lib/python3.8/site-packages/carla_msgs/msg/_carla_ego_vehicle_status.py
[1.472s] -- Up-to-date: /home/tasl/autoware.universe-carla-ros-bridge/install/carla_msgs/lib/python3.8/site-packages/carla_msgs/msg/__init__.py
[1.472s] -- Up-to-date: /home/tasl/autoware.universe-carla-ros-bridge/install/carla_msgs/lib/python3.8/site-packages/carla_msgs/msg/_carla_actor_list.py
[1.472s] -- Up-to-date: /home/tasl/autoware.universe-carla-ros-bridge/install/carla_msgs/lib/python3.8/site-packages/carla_msgs/msg/_carla_control_s.c
[1.472s] -- Up-to-date: /home/tasl/autoware.universe-carla-ros-bridge/install/carla_msgs/lib/python3.8/site-packages/carla_msgs/msg/_carla_lane_invasion_event_s.c
[1.472s] -- Up-to-date: /home/tasl/autoware.universe-carla-ros-bridge/install/carla_msgs/lib/python3.8/site-packages/carla_msgs/msg/_carla_bounding_box_s.c
[1.472s] -- Up-to-date: /home/tasl/autoware.universe-carla-ros-bridge/install/carla_msgs/lib/python3.8/site-packages/carla_msgs/msg/_carla_traffic_light_info_list.py
[1.472s] -- Up-to-date: /home/tasl/autoware.universe-carla-ros-bridge/install/carla_msgs/lib/python3.8/site-packages/carla_msgs/msg/_carla_world_info_s.c
[1.472s] -- Up-to-date: /home/tasl/autoware.universe-carla-ros-bridge/install/carla_msgs/lib/python3.8/site-packages/carla_msgs/msg/_carla_traffic_light_status_list.py
[1.472s] -- Up-to-date: /home/tasl/autoware.universe-carla-ros-bridge/install/carla_msgs/lib/python3.8/site-packages/carla_msgs/msg/_carla_collision_event.py
[1.472s] -- Up-to-date: /home/tasl/autoware.universe-carla-ros-bridge/install/carla_msgs/lib/python3.8/site-packages/carla_msgs/msg/_carla_weather_parameters.py
[1.472s] -- Up-to-date: /home/tasl/autoware.universe-carla-ros-bridge/install/carla_msgs/lib/python3.8/site-packages/carla_msgs/msg/_carla_actor_list_s.c
[1.472s] -- Up-to-date: /home/tasl/autoware.universe-carla-ros-bridge/install/carla_msgs/lib/python3.8/site-packages/carla_msgs/msg/_carla_traffic_light_status.py
[1.472s] -- Up-to-date: /home/tasl/autoware.universe-carla-ros-bridge/install/carla_msgs/lib/python3.8/site-packages/carla_msgs/msg/_carla_ego_vehicle_info_wheel_s.c
[1.472s] -- Up-to-date: /home/tasl/autoware.universe-carla-ros-bridge/install/carla_msgs/lib/python3.8/site-packages/carla_msgs/msg/_carla_traffic_light_status_list_s.c
[1.472s] -- Up-to-date: /home/tasl/autoware.universe-carla-ros-bridge/install/carla_msgs/lib/python3.8/site-packages/carla_msgs/msg/_carla_traffic_light_info_list_s.c
[1.472s] -- Up-to-date: /home/tasl/autoware.universe-carla-ros-bridge/install/carla_msgs/lib/python3.8/site-packages/carla_msgs/msg/_carla_actor_info.py
[1.473s] -- Up-to-date: /home/tasl/autoware.universe-carla-ros-bridge/install/carla_msgs/lib/python3.8/site-packages/carla_msgs/msg/_carla_lane_invasion_event.py
[1.473s] -- Up-to-date: /home/tasl/autoware.universe-carla-ros-bridge/install/carla_msgs/lib/python3.8/site-packages/carla_msgs/msg/_carla_traffic_light_info_s.c
[1.473s] -- Up-to-date: /home/tasl/autoware.universe-carla-ros-bridge/install/carla_msgs/lib/python3.8/site-packages/carla_msgs/msg/_carla_weather_parameters_s.c
[1.473s] -- Up-to-date: /home/tasl/autoware.universe-carla-ros-bridge/install/carla_msgs/lib/python3.8/site-packages/carla_msgs/msg/_carla_status_s.c
[1.473s] -- Up-to-date: /home/tasl/autoware.universe-carla-ros-bridge/install/carla_msgs/lib/python3.8/site-packages/carla_msgs/srv
[1.473s] -- Up-to-date: /home/tasl/autoware.universe-carla-ros-bridge/install/carla_msgs/lib/python3.8/site-packages/carla_msgs/srv/_destroy_object.py
[1.473s] -- Up-to-date: /home/tasl/autoware.universe-carla-ros-bridge/install/carla_msgs/lib/python3.8/site-packages/carla_msgs/srv/_get_blueprints.py
[1.473s] -- Up-to-date: /home/tasl/autoware.universe-carla-ros-bridge/install/carla_msgs/lib/python3.8/site-packages/carla_msgs/srv/_destroy_object_s.c
[1.473s] -- Up-to-date: /home/tasl/autoware.universe-carla-ros-bridge/install/carla_msgs/lib/python3.8/site-packages/carla_msgs/srv/__init__.py
[1.473s] -- Up-to-date: /home/tasl/autoware.universe-carla-ros-bridge/install/carla_msgs/lib/python3.8/site-packages/carla_msgs/srv/_spawn_object_s.c
[1.473s] -- Up-to-date: /home/tasl/autoware.universe-carla-ros-bridge/install/carla_msgs/lib/python3.8/site-packages/carla_msgs/srv/_spawn_object.py
[1.473s] -- Up-to-date: /home/tasl/autoware.universe-carla-ros-bridge/install/carla_msgs/lib/python3.8/site-packages/carla_msgs/srv/_get_blueprints_s.c
[1.473s] -- Up-to-date: /home/tasl/autoware.universe-carla-ros-bridge/install/carla_msgs/lib/python3.8/site-packages/carla_msgs/carla_msgs_s__rosidl_typesupport_fastrtps_c.cpython-38-x86_64-linux-gnu.so
[1.474s] -- Up-to-date: /home/tasl/autoware.universe-carla-ros-bridge/install/carla_msgs/lib/python3.8/site-packages/carla_msgs/carla_msgs_s__rosidl_typesupport_introspection_c.cpython-38-x86_64-linux-gnu.so
[1.474s] -- Up-to-date: /home/tasl/autoware.universe-carla-ros-bridge/install/carla_msgs/lib/python3.8/site-packages/carla_msgs/carla_msgs_s__rosidl_typesupport_c.cpython-38-x86_64-linux-gnu.so
[1.474s] -- Up-to-date: /home/tasl/autoware.universe-carla-ros-bridge/install/carla_msgs/lib/libcarla_msgs__python.so
[1.474s] -- Up-to-date: /home/tasl/autoware.universe-carla-ros-bridge/install/carla_msgs/share/carla_msgs/msg/CarlaBoundingBox.idl
[1.474s] -- Up-to-date: /home/tasl/autoware.universe-carla-ros-bridge/install/carla_msgs/share/carla_msgs/msg/CarlaEgoVehicleControl.idl
[1.474s] -- Up-to-date: /home/tasl/autoware.universe-carla-ros-bridge/install/carla_msgs/share/carla_msgs/msg/CarlaEgoVehicleStatus.idl
[1.474s] -- Up-to-date: /home/tasl/autoware.universe-carla-ros-bridge/install/carla_msgs/share/carla_msgs/msg/CarlaEgoVehicleInfoWheel.idl
[1.474s] -- Up-to-date: /home/tasl/autoware.universe-carla-ros-bridge/install/carla_msgs/share/carla_msgs/msg/CarlaEgoVehicleInfo.idl
[1.474s] -- Up-to-date: /home/tasl/autoware.universe-carla-ros-bridge/install/carla_msgs/share/carla_msgs/msg/CarlaCollisionEvent.idl
[1.474s] -- Up-to-date: /home/tasl/autoware.universe-carla-ros-bridge/install/carla_msgs/share/carla_msgs/msg/CarlaLaneInvasionEvent.idl
[1.475s] -- Up-to-date: /home/tasl/autoware.universe-carla-ros-bridge/install/carla_msgs/share/carla_msgs/msg/CarlaWorldInfo.idl
[1.475s] -- Up-to-date: /home/tasl/autoware.universe-carla-ros-bridge/install/carla_msgs/share/carla_msgs/msg/CarlaActorInfo.idl
[1.475s] -- Up-to-date: /home/tasl/autoware.universe-carla-ros-bridge/install/carla_msgs/share/carla_msgs/msg/CarlaActorList.idl
[1.475s] -- Up-to-date: /home/tasl/autoware.universe-carla-ros-bridge/install/carla_msgs/share/carla_msgs/msg/CarlaControl.idl
[1.475s] -- Up-to-date: /home/tasl/autoware.universe-carla-ros-bridge/install/carla_msgs/share/carla_msgs/msg/CarlaStatus.idl
[1.475s] -- Up-to-date: /home/tasl/autoware.universe-carla-ros-bridge/install/carla_msgs/share/carla_msgs/msg/CarlaTrafficLightInfo.idl
[1.475s] -- Up-to-date: /home/tasl/autoware.universe-carla-ros-bridge/install/carla_msgs/share/carla_msgs/msg/CarlaTrafficLightInfoList.idl
[1.475s] -- Up-to-date: /home/tasl/autoware.universe-carla-ros-bridge/install/carla_msgs/share/carla_msgs/msg/CarlaTrafficLightStatus.idl
[1.475s] -- Up-to-date: /home/tasl/autoware.universe-carla-ros-bridge/install/carla_msgs/share/carla_msgs/msg/CarlaTrafficLightStatusList.idl
[1.475s] -- Up-to-date: /home/tasl/autoware.universe-carla-ros-bridge/install/carla_msgs/share/carla_msgs/msg/CarlaWalkerControl.idl
[1.475s] -- Up-to-date: /home/tasl/autoware.universe-carla-ros-bridge/install/carla_msgs/share/carla_msgs/msg/CarlaWeatherParameters.idl
[1.475s] -- Up-to-date: /home/tasl/autoware.universe-carla-ros-bridge/install/carla_msgs/share/carla_msgs/srv/SpawnObject.idl
[1.476s] -- Up-to-date: /home/tasl/autoware.universe-carla-ros-bridge/install/carla_msgs/share/carla_msgs/srv/DestroyObject.idl
[1.476s] -- Up-to-date: /home/tasl/autoware.universe-carla-ros-bridge/install/carla_msgs/share/carla_msgs/srv/GetBlueprints.idl
[1.476s] -- Up-to-date: /home/tasl/autoware.universe-carla-ros-bridge/install/carla_msgs/share/carla_msgs/msg/CarlaBoundingBox.msg
[1.476s] -- Up-to-date: /home/tasl/autoware.universe-carla-ros-bridge/install/carla_msgs/share/carla_msgs/msg/CarlaEgoVehicleControl.msg
[1.476s] -- Up-to-date: /home/tasl/autoware.universe-carla-ros-bridge/install/carla_msgs/share/carla_msgs/msg/CarlaEgoVehicleStatus.msg
[1.476s] -- Up-to-date: /home/tasl/autoware.universe-carla-ros-bridge/install/carla_msgs/share/carla_msgs/msg/CarlaEgoVehicleInfoWheel.msg
[1.476s] -- Up-to-date: /home/tasl/autoware.universe-carla-ros-bridge/install/carla_msgs/share/carla_msgs/msg/CarlaEgoVehicleInfo.msg
[1.476s] -- Up-to-date: /home/tasl/autoware.universe-carla-ros-bridge/install/carla_msgs/share/carla_msgs/msg/CarlaCollisionEvent.msg
[1.476s] -- Up-to-date: /home/tasl/autoware.universe-carla-ros-bridge/install/carla_msgs/share/carla_msgs/msg/CarlaLaneInvasionEvent.msg
[1.476s] -- Up-to-date: /home/tasl/autoware.universe-carla-ros-bridge/install/carla_msgs/share/carla_msgs/msg/CarlaWorldInfo.msg
[1.476s] -- Up-to-date: /home/tasl/autoware.universe-carla-ros-bridge/install/carla_msgs/share/carla_msgs/msg/CarlaActorInfo.msg
[1.476s] -- Up-to-date: /home/tasl/autoware.universe-carla-ros-bridge/install/carla_msgs/share/carla_msgs/msg/CarlaActorList.msg
[1.476s] -- Up-to-date: /home/tasl/autoware.universe-carla-ros-bridge/install/carla_msgs/share/carla_msgs/msg/CarlaControl.msg
[1.476s] -- Up-to-date: /home/tasl/autoware.universe-carla-ros-bridge/install/carla_msgs/share/carla_msgs/msg/CarlaStatus.msg
[1.477s] -- Up-to-date: /home/tasl/autoware.universe-carla-ros-bridge/install/carla_msgs/share/carla_msgs/msg/CarlaTrafficLightInfo.msg
[1.477s] -- Up-to-date: /home/tasl/autoware.universe-carla-ros-bridge/install/carla_msgs/share/carla_msgs/msg/CarlaTrafficLightInfoList.msg
[1.477s] -- Up-to-date: /home/tasl/autoware.universe-carla-ros-bridge/install/carla_msgs/share/carla_msgs/msg/CarlaTrafficLightStatus.msg
[1.477s] -- Up-to-date: /home/tasl/autoware.universe-carla-ros-bridge/install/carla_msgs/share/carla_msgs/msg/CarlaTrafficLightStatusList.msg
[1.477s] -- Up-to-date: /home/tasl/autoware.universe-carla-ros-bridge/install/carla_msgs/share/carla_msgs/msg/CarlaWalkerControl.msg
[1.477s] -- Up-to-date: /home/tasl/autoware.universe-carla-ros-bridge/install/carla_msgs/share/carla_msgs/msg/CarlaWeatherParameters.msg
[1.477s] -- Up-to-date: /home/tasl/autoware.universe-carla-ros-bridge/install/carla_msgs/share/carla_msgs/srv/SpawnObject.srv
[1.477s] -- Up-to-date: /home/tasl/autoware.universe-carla-ros-bridge/install/carla_msgs/share/carla_msgs/srv/SpawnObject_Request.msg
[1.477s] -- Up-to-date: /home/tasl/autoware.universe-carla-ros-bridge/install/carla_msgs/share/carla_msgs/srv/SpawnObject_Response.msg
[1.477s] -- Up-to-date: /home/tasl/autoware.universe-carla-ros-bridge/install/carla_msgs/share/carla_msgs/srv/DestroyObject.srv
[1.478s] -- Up-to-date: /home/tasl/autoware.universe-carla-ros-bridge/install/carla_msgs/share/carla_msgs/srv/DestroyObject_Request.msg
[1.478s] -- Up-to-date: /home/tasl/autoware.universe-carla-ros-bridge/install/carla_msgs/share/carla_msgs/srv/DestroyObject_Response.msg
[1.478s] -- Up-to-date: /home/tasl/autoware.universe-carla-ros-bridge/install/carla_msgs/share/carla_msgs/srv/GetBlueprints.srv
[1.478s] -- Up-to-date: /home/tasl/autoware.universe-carla-ros-bridge/install/carla_msgs/share/carla_msgs/srv/GetBlueprints_Request.msg
[1.478s] -- Up-to-date: /home/tasl/autoware.universe-carla-ros-bridge/install/carla_msgs/share/carla_msgs/srv/GetBlueprints_Response.msg
[1.478s] -- Up-to-date: /home/tasl/autoware.universe-carla-ros-bridge/install/carla_msgs/share/ament_index/resource_index/package_run_dependencies/carla_msgs
[1.478s] -- Installing: /home/tasl/autoware.universe-carla-ros-bridge/install/carla_msgs/share/ament_index/resource_index/parent_prefix_path/carla_msgs
[1.478s] -- Up-to-date: /home/tasl/autoware.universe-carla-ros-bridge/install/carla_msgs/share/carla_msgs/environment/ament_prefix_path.sh
[1.478s] -- Installing: /home/tasl/autoware.universe-carla-ros-bridge/install/carla_msgs/share/carla_msgs/environment/ament_prefix_path.dsv
[1.478s] -- Up-to-date: /home/tasl/autoware.universe-carla-ros-bridge/install/carla_msgs/share/carla_msgs/environment/path.sh
[1.478s] -- Installing: /home/tasl/autoware.universe-carla-ros-bridge/install/carla_msgs/share/carla_msgs/environment/path.dsv
[1.479s] -- Up-to-date: /home/tasl/autoware.universe-carla-ros-bridge/install/carla_msgs/share/carla_msgs/local_setup.bash
[1.479s] -- Up-to-date: /home/tasl/autoware.universe-carla-ros-bridge/install/carla_msgs/share/carla_msgs/local_setup.sh
[1.479s] -- Up-to-date: /home/tasl/autoware.universe-carla-ros-bridge/install/carla_msgs/share/carla_msgs/local_setup.zsh
[1.479s] -- Installing: /home/tasl/autoware.universe-carla-ros-bridge/install/carla_msgs/share/carla_msgs/local_setup.dsv
[1.479s] -- Installing: /home/tasl/autoware.universe-carla-ros-bridge/install/carla_msgs/share/carla_msgs/package.dsv
[1.479s] -- Up-to-date: /home/tasl/autoware.universe-carla-ros-bridge/install/carla_msgs/share/ament_index/resource_index/packages/carla_msgs
[1.479s] -- Up-to-date: /home/tasl/autoware.universe-carla-ros-bridge/install/carla_msgs/share/carla_msgs/cmake/carla_msgs__rosidl_generator_cExport.cmake
[1.479s] -- Installing: /home/tasl/autoware.universe-carla-ros-bridge/install/carla_msgs/share/carla_msgs/cmake/carla_msgs__rosidl_generator_cExport-noconfig.cmake
[1.479s] -- Up-to-date: /home/tasl/autoware.universe-carla-ros-bridge/install/carla_msgs/share/carla_msgs/cmake/carla_msgs__rosidl_typesupport_introspection_cExport.cmake
[1.479s] -- Installing: /home/tasl/autoware.universe-carla-ros-bridge/install/carla_msgs/share/carla_msgs/cmake/carla_msgs__rosidl_typesupport_introspection_cExport-noconfig.cmake
[1.479s] -- Up-to-date: /home/tasl/autoware.universe-carla-ros-bridge/install/carla_msgs/share/carla_msgs/cmake/carla_msgs__rosidl_typesupport_cExport.cmake
[1.479s] -- Installing: /home/tasl/autoware.universe-carla-ros-bridge/install/carla_msgs/share/carla_msgs/cmake/carla_msgs__rosidl_typesupport_cExport-noconfig.cmake
[1.483s] -- Up-to-date: /home/tasl/autoware.universe-carla-ros-bridge/install/carla_msgs/share/carla_msgs/cmake/carla_msgs__rosidl_generator_cppExport.cmake
[1.484s] -- Up-to-date: /home/tasl/autoware.universe-carla-ros-bridge/install/carla_msgs/share/carla_msgs/cmake/carla_msgs__rosidl_typesupport_introspection_cppExport.cmake
[1.484s] -- Installing: /home/tasl/autoware.universe-carla-ros-bridge/install/carla_msgs/share/carla_msgs/cmake/carla_msgs__rosidl_typesupport_introspection_cppExport-noconfig.cmake
[1.484s] -- Up-to-date: /home/tasl/autoware.universe-carla-ros-bridge/install/carla_msgs/share/carla_msgs/cmake/carla_msgs__rosidl_typesupport_cppExport.cmake
[1.484s] -- Installing: /home/tasl/autoware.universe-carla-ros-bridge/install/carla_msgs/share/carla_msgs/cmake/carla_msgs__rosidl_typesupport_cppExport-noconfig.cmake
[1.484s] -- Up-to-date: /home/tasl/autoware.universe-carla-ros-bridge/install/carla_msgs/share/carla_msgs/cmake/rosidl_cmake-extras.cmake
[1.484s] -- Up-to-date: /home/tasl/autoware.universe-carla-ros-bridge/install/carla_msgs/share/carla_msgs/cmake/ament_cmake_export_dependencies-extras.cmake
[1.484s] -- Up-to-date: /home/tasl/autoware.universe-carla-ros-bridge/install/carla_msgs/share/carla_msgs/cmake/ament_cmake_export_libraries-extras.cmake
[1.484s] -- Up-to-date: /home/tasl/autoware.universe-carla-ros-bridge/install/carla_msgs/share/carla_msgs/cmake/ament_cmake_export_targets-extras.cmake
[1.485s] -- Up-to-date: /home/tasl/autoware.universe-carla-ros-bridge/install/carla_msgs/share/carla_msgs/cmake/ament_cmake_export_include_directories-extras.cmake
[1.485s] -- Up-to-date: /home/tasl/autoware.universe-carla-ros-bridge/install/carla_msgs/share/carla_msgs/cmake/rosidl_cmake_export_typesupport_libraries-extras.cmake
[1.485s] -- Up-to-date: /home/tasl/autoware.universe-carla-ros-bridge/install/carla_msgs/share/carla_msgs/cmake/rosidl_cmake_export_typesupport_targets-extras.cmake
[1.485s] -- Up-to-date: /home/tasl/autoware.universe-carla-ros-bridge/install/carla_msgs/share/carla_msgs/cmake/carla_msgsConfig.cmake
[1.485s] -- Up-to-date: /home/tasl/autoware.universe-carla-ros-bridge/install/carla_msgs/share/carla_msgs/cmake/carla_msgsConfig-version.cmake
[1.485s] -- Up-to-date: /home/tasl/autoware.universe-carla-ros-bridge/install/carla_msgs/share/carla_msgs/package.xml
[1.485s] Invoked command in '/home/tasl/autoware.universe-carla-ros-bridge/build/carla_msgs' returned '0': CMAKE_PREFIX_PATH=${CMAKE_PREFIX_PATH}:/opt/ros/galactic /usr/bin/cmake --install /home/tasl/autoware.universe-carla-ros-bridge/build/carla_msgs
