[01m[K/home/tasl/autoware.auto-ros-bridge/autoware_ros_bridge_carla/src/controlCommandForwarding.cpp:[m[K In function ‘[01m[Kint main(int, char**)[m[K’:
[01m[K/home/tasl/autoware.auto-ros-bridge/autoware_ros_bridge_carla/src/controlCommandForwarding.cpp:117:22:[m[K [01;31m[Kerror: [m[K‘[01m[Kmsg[m[K’ was not declared in this scope
  117 |     mini_pub.publish([01;31m[Kmsg[m[K);
      |                      [01;31m[K^~~[m[K
[01m[K/home/tasl/autoware.auto-ros-bridge/autoware_ros_bridge_carla/src/controlCommandForwarding.cpp:117:22:[m[K [01;36m[Knote: [m[Ksuggested alternatives:
In file included from [01m[K/opt/ros/foxy/include/builtin_interfaces/msg/duration.hpp:7[m[K,
                 from [01m[K/opt/ros/foxy/include/rclcpp/duration.hpp:20[m[K,
                 from [01m[K/opt/ros/foxy/include/rclcpp/qos.hpp:20[m[K,
                 from [01m[K/opt/ros/foxy/include/rclcpp/node_interfaces/node_graph_interface.hpp:31[m[K,
                 from [01m[K/opt/ros/foxy/include/rclcpp/client.hpp:34[m[K,
                 from [01m[K/opt/ros/foxy/include/rclcpp/callback_group.hpp:23[m[K,
                 from [01m[K/opt/ros/foxy/include/rclcpp/any_executable.hpp:20[m[K,
                 from [01m[K/opt/ros/foxy/include/rclcpp/memory_strategy.hpp:24[m[K,
                 from [01m[K/opt/ros/foxy/include/rclcpp/memory_strategies.hpp:18[m[K,
                 from [01m[K/opt/ros/foxy/include/rclcpp/executor_options.hpp:20[m[K,
                 from [01m[K/opt/ros/foxy/include/rclcpp/executor.hpp:33[m[K,
                 from [01m[K/opt/ros/foxy/include/rclcpp/executors/multi_threaded_executor.hpp:26[m[K,
                 from [01m[K/opt/ros/foxy/include/rclcpp/executors.hpp:21[m[K,
                 from [01m[K/opt/ros/foxy/include/rclcpp/rclcpp.hpp:146[m[K,
                 from [01m[K/home/tasl/autoware.auto-ros-bridge/autoware_ros_bridge_carla/src/controlCommandForwarding.cpp:2[m[K:
[01m[K/opt/ros/foxy/include/builtin_interfaces/msg/detail/duration__struct.hpp:26:11:[m[K [01;36m[Knote: [m[K  ‘[01m[Kbuiltin_interfaces::msg[m[K’
   26 | namespace [01;36m[Kmsg[m[K
      |           [01;36m[K^~~[m[K
In file included from [01m[K/opt/ros/foxy/include/statistics_msgs/msg/detail/metrics_message__struct.hpp:22[m[K,
                 from [01m[K/opt/ros/foxy/include/statistics_msgs/msg/metrics_message.hpp:7[m[K,
                 from [01m[K/opt/ros/foxy/include/libstatistics_collector/collector/generate_statistics_message.hpp:21[m[K,
                 from [01m[K/opt/ros/foxy/include/rclcpp/topic_statistics/subscription_topic_statistics.hpp:23[m[K,
                 from [01m[K/opt/ros/foxy/include/rclcpp/subscription.hpp:50[m[K,
                 from [01m[K/opt/ros/foxy/include/rclcpp/any_executable.hpp:25[m[K,
                 from [01m[K/opt/ros/foxy/include/rclcpp/memory_strategy.hpp:24[m[K,
                 from [01m[K/opt/ros/foxy/include/rclcpp/memory_strategies.hpp:18[m[K,
                 from [01m[K/opt/ros/foxy/include/rclcpp/executor_options.hpp:20[m[K,
                 from [01m[K/opt/ros/foxy/include/rclcpp/executor.hpp:33[m[K,
                 from [01m[K/opt/ros/foxy/include/rclcpp/executors/multi_threaded_executor.hpp:26[m[K,
                 from [01m[K/opt/ros/foxy/include/rclcpp/executors.hpp:21[m[K,
                 from [01m[K/opt/ros/foxy/include/rclcpp/rclcpp.hpp:146[m[K,
                 from [01m[K/home/tasl/autoware.auto-ros-bridge/autoware_ros_bridge_carla/src/controlCommandForwarding.cpp:2[m[K:
[01m[K/opt/ros/foxy/include/statistics_msgs/msg/detail/statistic_data_point__struct.hpp:26:11:[m[K [01;36m[Knote: [m[K  ‘[01m[Kstatistics_msgs::msg[m[K’
   26 | namespace [01;36m[Kmsg[m[K
      |           [01;36m[K^~~[m[K
In file included from [01m[K/opt/ros/foxy/include/rcl_interfaces/msg/list_parameters_result.hpp:7[m[K,
                 from [01m[K/opt/ros/foxy/include/rclcpp/node.hpp:34[m[K,
                 from [01m[K/opt/ros/foxy/include/rclcpp/executors/single_threaded_executor.hpp:28[m[K,
                 from [01m[K/opt/ros/foxy/include/rclcpp/executors.hpp:22[m[K,
                 from [01m[K/opt/ros/foxy/include/rclcpp/rclcpp.hpp:146[m[K,
                 from [01m[K/home/tasl/autoware.auto-ros-bridge/autoware_ros_bridge_carla/src/controlCommandForwarding.cpp:2[m[K:
[01m[K/opt/ros/foxy/include/rcl_interfaces/msg/detail/list_parameters_result__struct.hpp:26:11:[m[K [01;36m[Knote: [m[K  ‘[01m[Krcl_interfaces::msg[m[K’
   26 | namespace [01;36m[Kmsg[m[K
      |           [01;36m[K^~~[m[K
In file included from [01m[K/opt/ros/foxy/include/std_msgs/msg/string.hpp:7[m[K,
                 from [01m[K/home/tasl/autoware.auto-ros-bridge/autoware_ros_bridge_carla/src/controlCommandForwarding.cpp:3[m[K:
[01m[K/opt/ros/foxy/include/std_msgs/msg/detail/string__struct.hpp:26:11:[m[K [01;36m[Knote: [m[K  ‘[01m[Kstd_msgs::msg[m[K’
   26 | namespace [01;36m[Kmsg[m[K
      |           [01;36m[K^~~[m[K
In file included from [01m[K/opt/ros/foxy/include/ackermann_msgs/msg/ackermann_drive.hpp:7[m[K,
                 from [01m[K/home/tasl/autoware.auto-ros-bridge/autoware_ros_bridge_carla/src/controlCommandForwarding.cpp:4[m[K:
[01m[K/opt/ros/foxy/include/ackermann_msgs/msg/detail/ackermann_drive__struct.hpp:26:11:[m[K [01;36m[Knote: [m[K  ‘[01m[Kackermann_msgs::msg[m[K’
   26 | namespace [01;36m[Kmsg[m[K
      |           [01;36m[K^~~[m[K
[01m[K/home/tasl/autoware.auto-ros-bridge/autoware_ros_bridge_carla/src/controlCommandForwarding.cpp:51:14:[m[K [01;35m[Kwarning: [m[Kunused parameter ‘[01m[Kargc[m[K’ [[01;35m[K-Wunused-parameter[m[K]
   51 | int main([01;35m[Kint argc[m[K, char * argv[])
      |          [01;35m[K~~~~^~~~[m[K
[01m[K/home/tasl/autoware.auto-ros-bridge/autoware_ros_bridge_carla/src/controlCommandForwarding.cpp:51:27:[m[K [01;35m[Kwarning: [m[Kunused parameter ‘[01m[Kargv[m[K’ [[01;35m[K-Wunused-parameter[m[K]
   51 | int main(int argc, [01;35m[Kchar * argv[][m[K)
      |                    [01;35m[K~~~~~~~^~~~~~[m[K
make[2]: *** [CMakeFiles/sender.dir/build.make:63: CMakeFiles/sender.dir/src/controlCommandForwarding.cpp.o] Error 1
make[1]: *** [CMakeFiles/Makefile2:82: CMakeFiles/sender.dir/all] Error 2
make: *** [Makefile:141: all] Error 2
