[0.024s] Invoking command in '/home/tasl/autoware.universe-carla-ros-bridge/build/autoware_ros_bridge_carla': CMAKE_PREFIX_PATH=/opt/ros/galactic:/home/tasl/autoware.universe-carla-ros-bridge/install/carla_msgs:/home/tasl/autoware.universe-carla-ros-bridge/install/autoware_auto_vehicle_msgs:/home/tasl/autoware.universe-carla-ros-bridge/install/autoware_auto_control_msgs:/home/tasl/autoware.universe-carla-ros-bridge/install/autoware_ros_bridge_carla /usr/bin/cmake --build /home/tasl/autoware.universe-carla-ros-bridge/build/autoware_ros_bridge_carla -- -j16 -l16
[0.089s] [ 14%] Built target jsontest
[0.095s] [ 28%] Built target sender
[0.095s] [ 42%] Built target control_command_converter
[0.097s] [ 71%] Built target velocity_reporter
[0.097s] [ 71%] Built target odometry_remapper
[0.103s] [ 85%] Built target listener
[0.105s] [100%] Built target steering_reporter
[0.120s] Invoked command in '/home/tasl/autoware.universe-carla-ros-bridge/build/autoware_ros_bridge_carla' returned '0': CMAKE_PREFIX_PATH=/opt/ros/galactic:/home/tasl/autoware.universe-carla-ros-bridge/install/carla_msgs:/home/tasl/autoware.universe-carla-ros-bridge/install/autoware_auto_vehicle_msgs:/home/tasl/autoware.universe-carla-ros-bridge/install/autoware_auto_control_msgs:/home/tasl/autoware.universe-carla-ros-bridge/install/autoware_ros_bridge_carla /usr/bin/cmake --build /home/tasl/autoware.universe-carla-ros-bridge/build/autoware_ros_bridge_carla -- -j16 -l16
[0.164s] Invoking command in '/home/tasl/autoware.universe-carla-ros-bridge/build/autoware_ros_bridge_carla': CMAKE_PREFIX_PATH=/opt/ros/galactic:/home/tasl/autoware.universe-carla-ros-bridge/install/carla_msgs:/home/tasl/autoware.universe-carla-ros-bridge/install/autoware_auto_vehicle_msgs:/home/tasl/autoware.universe-carla-ros-bridge/install/autoware_auto_control_msgs:/home/tasl/autoware.universe-carla-ros-bridge/install/autoware_ros_bridge_carla /usr/bin/cmake --install /home/tasl/autoware.universe-carla-ros-bridge/build/autoware_ros_bridge_carla
[0.173s] -- Install configuration: ""
[0.173s] -- Up-to-date: /home/tasl/autoware.universe-carla-ros-bridge/install/autoware_ros_bridge_carla/lib/autoware_ros_bridge_carla/listener
[0.173s] -- Up-to-date: /home/tasl/autoware.universe-carla-ros-bridge/install/autoware_ros_bridge_carla/lib/autoware_ros_bridge_carla/jsontest
[0.173s] -- Up-to-date: /home/tasl/autoware.universe-carla-ros-bridge/install/autoware_ros_bridge_carla/lib/autoware_ros_bridge_carla/sender
[0.174s] -- Up-to-date: /home/tasl/autoware.universe-carla-ros-bridge/install/autoware_ros_bridge_carla/lib/autoware_ros_bridge_carla/control_command_converter
[0.174s] -- Up-to-date: /home/tasl/autoware.universe-carla-ros-bridge/install/autoware_ros_bridge_carla/lib/autoware_ros_bridge_carla/odometry_remapper
[0.175s] -- Up-to-date: /home/tasl/autoware.universe-carla-ros-bridge/install/autoware_ros_bridge_carla/lib/autoware_ros_bridge_carla/velocity_reporter
[0.175s] -- Up-to-date: /home/tasl/autoware.universe-carla-ros-bridge/install/autoware_ros_bridge_carla/lib/autoware_ros_bridge_carla/steering_reporter
[0.175s] -- Up-to-date: /home/tasl/autoware.universe-carla-ros-bridge/install/autoware_ros_bridge_carla/share/ament_index/resource_index/package_run_dependencies/autoware_ros_bridge_carla
[0.175s] -- Up-to-date: /home/tasl/autoware.universe-carla-ros-bridge/install/autoware_ros_bridge_carla/share/ament_index/resource_index/parent_prefix_path/autoware_ros_bridge_carla
[0.175s] -- Up-to-date: /home/tasl/autoware.universe-carla-ros-bridge/install/autoware_ros_bridge_carla/share/autoware_ros_bridge_carla/environment/ament_prefix_path.sh
[0.176s] -- Up-to-date: /home/tasl/autoware.universe-carla-ros-bridge/install/autoware_ros_bridge_carla/share/autoware_ros_bridge_carla/environment/ament_prefix_path.dsv
[0.176s] -- Up-to-date: /home/tasl/autoware.universe-carla-ros-bridge/install/autoware_ros_bridge_carla/share/autoware_ros_bridge_carla/environment/path.sh
[0.176s] -- Up-to-date: /home/tasl/autoware.universe-carla-ros-bridge/install/autoware_ros_bridge_carla/share/autoware_ros_bridge_carla/environment/path.dsv
[0.176s] -- Up-to-date: /home/tasl/autoware.universe-carla-ros-bridge/install/autoware_ros_bridge_carla/share/autoware_ros_bridge_carla/local_setup.bash
[0.176s] -- Up-to-date: /home/tasl/autoware.universe-carla-ros-bridge/install/autoware_ros_bridge_carla/share/autoware_ros_bridge_carla/local_setup.sh
[0.176s] -- Up-to-date: /home/tasl/autoware.universe-carla-ros-bridge/install/autoware_ros_bridge_carla/share/autoware_ros_bridge_carla/local_setup.zsh
[0.176s] -- Up-to-date: /home/tasl/autoware.universe-carla-ros-bridge/install/autoware_ros_bridge_carla/share/autoware_ros_bridge_carla/local_setup.dsv
[0.176s] -- Installing: /home/tasl/autoware.universe-carla-ros-bridge/install/autoware_ros_bridge_carla/share/autoware_ros_bridge_carla/package.dsv
[0.176s] -- Up-to-date: /home/tasl/autoware.universe-carla-ros-bridge/install/autoware_ros_bridge_carla/share/ament_index/resource_index/packages/autoware_ros_bridge_carla
[0.176s] -- Up-to-date: /home/tasl/autoware.universe-carla-ros-bridge/install/autoware_ros_bridge_carla/share/autoware_ros_bridge_carla/cmake/autoware_ros_bridge_carlaConfig.cmake
[0.177s] -- Up-to-date: /home/tasl/autoware.universe-carla-ros-bridge/install/autoware_ros_bridge_carla/share/autoware_ros_bridge_carla/cmake/autoware_ros_bridge_carlaConfig-version.cmake
[0.177s] -- Up-to-date: /home/tasl/autoware.universe-carla-ros-bridge/install/autoware_ros_bridge_carla/share/autoware_ros_bridge_carla/package.xml
[0.184s] Invoked command in '/home/tasl/autoware.universe-carla-ros-bridge/build/autoware_ros_bridge_carla' returned '0': CMAKE_PREFIX_PATH=/opt/ros/galactic:/home/tasl/autoware.universe-carla-ros-bridge/install/carla_msgs:/home/tasl/autoware.universe-carla-ros-bridge/install/autoware_auto_vehicle_msgs:/home/tasl/autoware.universe-carla-ros-bridge/install/autoware_auto_control_msgs:/home/tasl/autoware.universe-carla-ros-bridge/install/autoware_ros_bridge_carla /usr/bin/cmake --install /home/tasl/autoware.universe-carla-ros-bridge/build/autoware_ros_bridge_carla
