[0.021s] Invoking command in '/home/tasl/autoware.universe-carla-ros-bridge/build/carla_msgs': /usr/bin/cmake /home/tasl/autoware.universe-carla-ros-bridge/carla_msgs -DCATKIN_INSTALL_INTO_PREFIX_ROOT=0 -DCMAKE_INSTALL_PREFIX=/home/tasl/autoware.universe-carla-ros-bridge/install/carla_msgs
[0.084s] -- The C compiler identification is GNU 7.5.0
[0.148s] -- The CXX compiler identification is GNU 9.4.0
[0.155s] -- Check for working C compiler: /usr/bin/cc
[0.217s] -- Check for working C compiler: /usr/bin/cc -- works
[0.219s] -- Detecting C compiler ABI info
[0.282s] -- Detecting C compiler ABI info - done
[0.296s] -- Detecting C compile features
[0.296s] -- Detecting C compile features - done
[0.300s] -- Check for working CXX compiler: /usr/bin/c++
[0.378s] -- Check for working CXX compiler: /usr/bin/c++ -- works
[0.379s] -- Detecting CXX compiler ABI info
[0.452s] -- Detecting CXX compiler ABI info - done
[0.476s] -- Detecting CXX compile features
[0.476s] -- Detecting CXX compile features - done
[0.481s] CMake Error at CMakeLists.txt:4 (find_package):
[0.481s]   By not providing "Findros_environment.cmake" in CMAKE_MODULE_PATH this
[0.481s]   project has asked CMake to find a package configuration file provided by
[0.481s]   "ros_environment", but CMake did not find one.
[0.481s] 
[0.482s]   Could not find a package configuration file provided by "ros_environment"
[0.482s]   with any of the following names:
[0.482s] 
[0.482s]     ros_environmentConfig.cmake
[0.483s]     ros_environment-config.cmake
[0.483s] 
[0.486s]   Add the installation prefix of "ros_environment" to CMAKE_PREFIX_PATH or
[0.486s]   set "ros_environment_DIR" to a directory containing one of the above files.
[0.486s]   If "ros_environment" provides a separate development package or SDK, be
[0.487s]   sure it has been installed.
[0.487s] 
[0.487s] 
[0.487s] -- Configuring incomplete, errors occurred!
[0.487s] See also "/home/tasl/autoware.universe-carla-ros-bridge/build/carla_msgs/CMakeFiles/CMakeOutput.log".
[0.526s] Invoked command in '/home/tasl/autoware.universe-carla-ros-bridge/build/carla_msgs' returned '1': /usr/bin/cmake /home/tasl/autoware.universe-carla-ros-bridge/carla_msgs -DCATKIN_INSTALL_INTO_PREFIX_ROOT=0 -DCMAKE_INSTALL_PREFIX=/home/tasl/autoware.universe-carla-ros-bridge/install/carla_msgs
