[0.024s] Invoking command in '/home/tasl/autoware.universe-carla-ros-bridge/build/autoware_ros_bridge_carla': CMAKE_PREFIX_PATH=/home/tasl/autoware.universe-carla-ros-bridge/install/carla_msgs:/home/tasl/autoware.universe-carla-ros-bridge/install/autoware_auto_vehicle_msgs:/home/tasl/autoware.universe-carla-ros-bridge/install/autoware_auto_control_msgs:/home/tasl/autoware.universe-carla-ros-bridge/install/autoware_ros_bridge_carla:/opt/ros/galactic /usr/bin/cmake --build /home/tasl/autoware.universe-carla-ros-bridge/build/autoware_ros_bridge_carla -- -j16 -l16
[0.085s] [35m[1mScanning dependencies of target sensor_converter[0m
[0.095s] [ 11%] Built target jsontest
[0.104s] [ 33%] Built target velocity_reporter
[0.104s] [ 33%] Built target sender
[0.106s] [ 66%] Built target gnss_converter
[0.106s] [ 66%] Built target control_command_converter
[0.106s] [ 66%] Built target listener
[0.111s] [ 77%] Built target odometry_remapper
[0.112s] [ 88%] Built target steering_reporter
[0.130s] [ 94%] [32mBuilding CXX object CMakeFiles/sensor_converter.dir/src/sensor_message_converter.cpp.o[0m
[15.565s] [100%] [32m[1mLinking CXX executable sensor_converter[0m
[16.327s] [100%] Built target sensor_converter
[16.340s] Invoked command in '/home/tasl/autoware.universe-carla-ros-bridge/build/autoware_ros_bridge_carla' returned '0': CMAKE_PREFIX_PATH=/home/tasl/autoware.universe-carla-ros-bridge/install/carla_msgs:/home/tasl/autoware.universe-carla-ros-bridge/install/autoware_auto_vehicle_msgs:/home/tasl/autoware.universe-carla-ros-bridge/install/autoware_auto_control_msgs:/home/tasl/autoware.universe-carla-ros-bridge/install/autoware_ros_bridge_carla:/opt/ros/galactic /usr/bin/cmake --build /home/tasl/autoware.universe-carla-ros-bridge/build/autoware_ros_bridge_carla -- -j16 -l16
[16.393s] Invoking command in '/home/tasl/autoware.universe-carla-ros-bridge/build/autoware_ros_bridge_carla': CMAKE_PREFIX_PATH=/home/tasl/autoware.universe-carla-ros-bridge/install/carla_msgs:/home/tasl/autoware.universe-carla-ros-bridge/install/autoware_auto_vehicle_msgs:/home/tasl/autoware.universe-carla-ros-bridge/install/autoware_auto_control_msgs:/home/tasl/autoware.universe-carla-ros-bridge/install/autoware_ros_bridge_carla:/opt/ros/galactic /usr/bin/cmake --install /home/tasl/autoware.universe-carla-ros-bridge/build/autoware_ros_bridge_carla
[16.404s] -- Install configuration: ""
[16.405s] -- Up-to-date: /home/tasl/autoware.universe-carla-ros-bridge/install/autoware_ros_bridge_carla/lib/autoware_ros_bridge_carla/listener
[16.405s] -- Up-to-date: /home/tasl/autoware.universe-carla-ros-bridge/install/autoware_ros_bridge_carla/lib/autoware_ros_bridge_carla/jsontest
[16.405s] -- Up-to-date: /home/tasl/autoware.universe-carla-ros-bridge/install/autoware_ros_bridge_carla/lib/autoware_ros_bridge_carla/sender
[16.405s] -- Up-to-date: /home/tasl/autoware.universe-carla-ros-bridge/install/autoware_ros_bridge_carla/lib/autoware_ros_bridge_carla/control_command_converter
[16.406s] -- Up-to-date: /home/tasl/autoware.universe-carla-ros-bridge/install/autoware_ros_bridge_carla/lib/autoware_ros_bridge_carla/odometry_remapper
[16.406s] -- Up-to-date: /home/tasl/autoware.universe-carla-ros-bridge/install/autoware_ros_bridge_carla/lib/autoware_ros_bridge_carla/velocity_reporter
[16.406s] -- Up-to-date: /home/tasl/autoware.universe-carla-ros-bridge/install/autoware_ros_bridge_carla/lib/autoware_ros_bridge_carla/steering_reporter
[16.407s] -- Up-to-date: /home/tasl/autoware.universe-carla-ros-bridge/install/autoware_ros_bridge_carla/lib/autoware_ros_bridge_carla/gnss_converter
[16.407s] -- Installing: /home/tasl/autoware.universe-carla-ros-bridge/install/autoware_ros_bridge_carla/lib/autoware_ros_bridge_carla/sensor_converter
[16.415s] -- Set runtime path of "/home/tasl/autoware.universe-carla-ros-bridge/install/autoware_ros_bridge_carla/lib/autoware_ros_bridge_carla/sensor_converter" to ""
[16.415s] -- Up-to-date: /home/tasl/autoware.universe-carla-ros-bridge/install/autoware_ros_bridge_carla/share/ament_index/resource_index/package_run_dependencies/autoware_ros_bridge_carla
[16.415s] -- Up-to-date: /home/tasl/autoware.universe-carla-ros-bridge/install/autoware_ros_bridge_carla/share/ament_index/resource_index/parent_prefix_path/autoware_ros_bridge_carla
[16.415s] -- Up-to-date: /home/tasl/autoware.universe-carla-ros-bridge/install/autoware_ros_bridge_carla/share/autoware_ros_bridge_carla/environment/ament_prefix_path.sh
[16.416s] -- Up-to-date: /home/tasl/autoware.universe-carla-ros-bridge/install/autoware_ros_bridge_carla/share/autoware_ros_bridge_carla/environment/ament_prefix_path.dsv
[16.416s] -- Up-to-date: /home/tasl/autoware.universe-carla-ros-bridge/install/autoware_ros_bridge_carla/share/autoware_ros_bridge_carla/environment/path.sh
[16.416s] -- Up-to-date: /home/tasl/autoware.universe-carla-ros-bridge/install/autoware_ros_bridge_carla/share/autoware_ros_bridge_carla/environment/path.dsv
[16.417s] -- Up-to-date: /home/tasl/autoware.universe-carla-ros-bridge/install/autoware_ros_bridge_carla/share/autoware_ros_bridge_carla/local_setup.bash
[16.417s] -- Up-to-date: /home/tasl/autoware.universe-carla-ros-bridge/install/autoware_ros_bridge_carla/share/autoware_ros_bridge_carla/local_setup.sh
[16.417s] -- Up-to-date: /home/tasl/autoware.universe-carla-ros-bridge/install/autoware_ros_bridge_carla/share/autoware_ros_bridge_carla/local_setup.zsh
[16.417s] -- Up-to-date: /home/tasl/autoware.universe-carla-ros-bridge/install/autoware_ros_bridge_carla/share/autoware_ros_bridge_carla/local_setup.dsv
[16.417s] -- Installing: /home/tasl/autoware.universe-carla-ros-bridge/install/autoware_ros_bridge_carla/share/autoware_ros_bridge_carla/package.dsv
[16.417s] -- Up-to-date: /home/tasl/autoware.universe-carla-ros-bridge/install/autoware_ros_bridge_carla/share/ament_index/resource_index/packages/autoware_ros_bridge_carla
[16.417s] -- Up-to-date: /home/tasl/autoware.universe-carla-ros-bridge/install/autoware_ros_bridge_carla/share/autoware_ros_bridge_carla/cmake/autoware_ros_bridge_carlaConfig.cmake
[16.418s] -- Up-to-date: /home/tasl/autoware.universe-carla-ros-bridge/install/autoware_ros_bridge_carla/share/autoware_ros_bridge_carla/cmake/autoware_ros_bridge_carlaConfig-version.cmake
[16.418s] -- Up-to-date: /home/tasl/autoware.universe-carla-ros-bridge/install/autoware_ros_bridge_carla/share/autoware_ros_bridge_carla/package.xml
[16.426s] Invoked command in '/home/tasl/autoware.universe-carla-ros-bridge/build/autoware_ros_bridge_carla' returned '0': CMAKE_PREFIX_PATH=/home/tasl/autoware.universe-carla-ros-bridge/install/carla_msgs:/home/tasl/autoware.universe-carla-ros-bridge/install/autoware_auto_vehicle_msgs:/home/tasl/autoware.universe-carla-ros-bridge/install/autoware_auto_control_msgs:/home/tasl/autoware.universe-carla-ros-bridge/install/autoware_ros_bridge_carla:/opt/ros/galactic /usr/bin/cmake --install /home/tasl/autoware.universe-carla-ros-bridge/build/autoware_ros_bridge_carla
