[0.058s] Invoking command in '/home/tasl/autoware.universe-carla-ros-bridge/build/autoware_auto_control_msgs': CMAKE_PREFIX_PATH=${CMAKE_PREFIX_PATH}:/opt/ros/galactic /usr/bin/cmake --build /home/tasl/autoware.universe-carla-ros-bridge/build/autoware_auto_control_msgs -- -j16 -l16
[0.134s] [  1%] Built target autoware_auto_control_msgs__cpp
[0.134s] [ 12%] Built target autoware_auto_control_msgs__rosidl_generator_c
[0.191s] [ 34%] Built target autoware_auto_control_msgs__rosidl_typesupport_cpp
[0.191s] [ 34%] Built target autoware_auto_control_msgs__rosidl_typesupport_fastrtps_cpp
[0.192s] [ 45%] Built target autoware_auto_control_msgs__rosidl_typesupport_introspection_cpp
[0.202s] [ 56%] Built target autoware_auto_control_msgs__rosidl_typesupport_c
[0.205s] [ 67%] Built target autoware_auto_control_msgs__rosidl_typesupport_introspection_c
[0.230s] [ 78%] Built target autoware_auto_control_msgs__rosidl_typesupport_fastrtps_c
[0.261s] [ 78%] Built target autoware_auto_control_msgs
[0.289s] [ 80%] Built target autoware_auto_control_msgs__py
[0.326s] [ 89%] Built target autoware_auto_control_msgs__python
[0.366s] [ 96%] Built target autoware_auto_control_msgs__rosidl_typesupport_c__pyext
[0.366s] [ 96%] Built target autoware_auto_control_msgs__rosidl_typesupport_introspection_c__pyext
[0.367s] [100%] Built target autoware_auto_control_msgs__rosidl_typesupport_fastrtps_c__pyext
[0.385s] Invoked command in '/home/tasl/autoware.universe-carla-ros-bridge/build/autoware_auto_control_msgs' returned '0': CMAKE_PREFIX_PATH=${CMAKE_PREFIX_PATH}:/opt/ros/galactic /usr/bin/cmake --build /home/tasl/autoware.universe-carla-ros-bridge/build/autoware_auto_control_msgs -- -j16 -l16
[0.522s] Invoking command in '/home/tasl/autoware.universe-carla-ros-bridge/build/autoware_auto_control_msgs': CMAKE_PREFIX_PATH=${CMAKE_PREFIX_PATH}:/opt/ros/galactic /usr/bin/cmake --install /home/tasl/autoware.universe-carla-ros-bridge/build/autoware_auto_control_msgs
[0.526s] -- Install configuration: ""
[0.527s] -- Up-to-date: /home/tasl/autoware.universe-carla-ros-bridge/install/autoware_auto_control_msgs/share/ament_index/resource_index/rosidl_interfaces/autoware_auto_control_msgs
[0.527s] -- Up-to-date: /home/tasl/autoware.universe-carla-ros-bridge/install/autoware_auto_control_msgs/include/autoware_auto_control_msgs
[0.527s] -- Up-to-date: /home/tasl/autoware.universe-carla-ros-bridge/install/autoware_auto_control_msgs/include/autoware_auto_control_msgs/msg
[0.527s] -- Up-to-date: /home/tasl/autoware.universe-carla-ros-bridge/install/autoware_auto_control_msgs/include/autoware_auto_control_msgs/msg/high_level_control_command.h
[0.528s] -- Up-to-date: /home/tasl/autoware.universe-carla-ros-bridge/install/autoware_auto_control_msgs/include/autoware_auto_control_msgs/msg/ackermann_lateral_command.h
[0.528s] -- Up-to-date: /home/tasl/autoware.universe-carla-ros-bridge/install/autoware_auto_control_msgs/include/autoware_auto_control_msgs/msg/ackermann_control_command.h
[0.528s] -- Up-to-date: /home/tasl/autoware.universe-carla-ros-bridge/install/autoware_auto_control_msgs/include/autoware_auto_control_msgs/msg/longitudinal_command.h
[0.529s] -- Up-to-date: /home/tasl/autoware.universe-carla-ros-bridge/install/autoware_auto_control_msgs/include/autoware_auto_control_msgs/msg/detail
[0.529s] -- Up-to-date: /home/tasl/autoware.universe-carla-ros-bridge/install/autoware_auto_control_msgs/include/autoware_auto_control_msgs/msg/detail/high_level_control_command__functions.h
[0.529s] -- Up-to-date: /home/tasl/autoware.universe-carla-ros-bridge/install/autoware_auto_control_msgs/include/autoware_auto_control_msgs/msg/detail/longitudinal_command__functions.c
[0.529s] -- Up-to-date: /home/tasl/autoware.universe-carla-ros-bridge/install/autoware_auto_control_msgs/include/autoware_auto_control_msgs/msg/detail/ackermann_control_command__functions.h
[0.530s] -- Up-to-date: /home/tasl/autoware.universe-carla-ros-bridge/install/autoware_auto_control_msgs/include/autoware_auto_control_msgs/msg/detail/high_level_control_command__functions.c
[0.530s] -- Up-to-date: /home/tasl/autoware.universe-carla-ros-bridge/install/autoware_auto_control_msgs/include/autoware_auto_control_msgs/msg/detail/ackermann_control_command__type_support.h
[0.530s] -- Up-to-date: /home/tasl/autoware.universe-carla-ros-bridge/install/autoware_auto_control_msgs/include/autoware_auto_control_msgs/msg/detail/ackermann_control_command__struct.h
[0.530s] -- Up-to-date: /home/tasl/autoware.universe-carla-ros-bridge/install/autoware_auto_control_msgs/include/autoware_auto_control_msgs/msg/detail/ackermann_lateral_command__functions.c
[0.531s] -- Up-to-date: /home/tasl/autoware.universe-carla-ros-bridge/install/autoware_auto_control_msgs/include/autoware_auto_control_msgs/msg/detail/high_level_control_command__struct.h
[0.532s] -- Up-to-date: /home/tasl/autoware.universe-carla-ros-bridge/install/autoware_auto_control_msgs/include/autoware_auto_control_msgs/msg/detail/ackermann_lateral_command__struct.h
[0.532s] -- Up-to-date: /home/tasl/autoware.universe-carla-ros-bridge/install/autoware_auto_control_msgs/include/autoware_auto_control_msgs/msg/detail/ackermann_control_command__functions.c
[0.532s] -- Up-to-date: /home/tasl/autoware.universe-carla-ros-bridge/install/autoware_auto_control_msgs/include/autoware_auto_control_msgs/msg/detail/longitudinal_command__struct.h
[0.532s] -- Up-to-date: /home/tasl/autoware.universe-carla-ros-bridge/install/autoware_auto_control_msgs/include/autoware_auto_control_msgs/msg/detail/ackermann_lateral_command__type_support.h
[0.532s] -- Up-to-date: /home/tasl/autoware.universe-carla-ros-bridge/install/autoware_auto_control_msgs/include/autoware_auto_control_msgs/msg/detail/high_level_control_command__type_support.h
[0.533s] -- Up-to-date: /home/tasl/autoware.universe-carla-ros-bridge/install/autoware_auto_control_msgs/include/autoware_auto_control_msgs/msg/detail/longitudinal_command__functions.h
[0.534s] -- Up-to-date: /home/tasl/autoware.universe-carla-ros-bridge/install/autoware_auto_control_msgs/include/autoware_auto_control_msgs/msg/detail/longitudinal_command__type_support.h
[0.534s] -- Up-to-date: /home/tasl/autoware.universe-carla-ros-bridge/install/autoware_auto_control_msgs/include/autoware_auto_control_msgs/msg/detail/ackermann_lateral_command__functions.h
[0.534s] -- Up-to-date: /home/tasl/autoware.universe-carla-ros-bridge/install/autoware_auto_control_msgs/include/autoware_auto_control_msgs/msg/rosidl_generator_c__visibility_control.h
[0.534s] -- Up-to-date: /home/tasl/autoware.universe-carla-ros-bridge/install/autoware_auto_control_msgs/share/autoware_auto_control_msgs/environment/library_path.sh
[0.535s] -- Up-to-date: /home/tasl/autoware.universe-carla-ros-bridge/install/autoware_auto_control_msgs/share/autoware_auto_control_msgs/environment/library_path.dsv
[0.535s] -- Up-to-date: /home/tasl/autoware.universe-carla-ros-bridge/install/autoware_auto_control_msgs/lib/libautoware_auto_control_msgs__rosidl_generator_c.so
[0.535s] -- Up-to-date: /home/tasl/autoware.universe-carla-ros-bridge/install/autoware_auto_control_msgs/include/autoware_auto_control_msgs
[0.535s] -- Up-to-date: /home/tasl/autoware.universe-carla-ros-bridge/install/autoware_auto_control_msgs/include/autoware_auto_control_msgs/msg
[0.535s] -- Up-to-date: /home/tasl/autoware.universe-carla-ros-bridge/install/autoware_auto_control_msgs/include/autoware_auto_control_msgs/msg/detail
[0.535s] -- Up-to-date: /home/tasl/autoware.universe-carla-ros-bridge/install/autoware_auto_control_msgs/include/autoware_auto_control_msgs/msg/detail/longitudinal_command__rosidl_typesupport_fastrtps_c.h
[0.536s] -- Up-to-date: /home/tasl/autoware.universe-carla-ros-bridge/install/autoware_auto_control_msgs/include/autoware_auto_control_msgs/msg/detail/high_level_control_command__rosidl_typesupport_fastrtps_c.h
[0.536s] -- Up-to-date: /home/tasl/autoware.universe-carla-ros-bridge/install/autoware_auto_control_msgs/include/autoware_auto_control_msgs/msg/detail/ackermann_lateral_command__rosidl_typesupport_fastrtps_c.h
[0.536s] -- Up-to-date: /home/tasl/autoware.universe-carla-ros-bridge/install/autoware_auto_control_msgs/include/autoware_auto_control_msgs/msg/detail/ackermann_control_command__rosidl_typesupport_fastrtps_c.h
[0.536s] -- Up-to-date: /home/tasl/autoware.universe-carla-ros-bridge/install/autoware_auto_control_msgs/include/autoware_auto_control_msgs/msg/rosidl_typesupport_fastrtps_c__visibility_control.h
[0.536s] -- Up-to-date: /home/tasl/autoware.universe-carla-ros-bridge/install/autoware_auto_control_msgs/lib/libautoware_auto_control_msgs__rosidl_typesupport_fastrtps_c.so
[0.536s] -- Up-to-date: /home/tasl/autoware.universe-carla-ros-bridge/install/autoware_auto_control_msgs/include/autoware_auto_control_msgs
[0.536s] -- Up-to-date: /home/tasl/autoware.universe-carla-ros-bridge/install/autoware_auto_control_msgs/include/autoware_auto_control_msgs/msg
[0.537s] -- Up-to-date: /home/tasl/autoware.universe-carla-ros-bridge/install/autoware_auto_control_msgs/include/autoware_auto_control_msgs/msg/detail
[0.537s] -- Up-to-date: /home/tasl/autoware.universe-carla-ros-bridge/install/autoware_auto_control_msgs/include/autoware_auto_control_msgs/msg/detail/ackermann_control_command__rosidl_typesupport_fastrtps_cpp.hpp
[0.537s] -- Up-to-date: /home/tasl/autoware.universe-carla-ros-bridge/install/autoware_auto_control_msgs/include/autoware_auto_control_msgs/msg/detail/longitudinal_command__rosidl_typesupport_fastrtps_cpp.hpp
[0.537s] -- Up-to-date: /home/tasl/autoware.universe-carla-ros-bridge/install/autoware_auto_control_msgs/include/autoware_auto_control_msgs/msg/detail/dds_fastrtps
[0.537s] -- Up-to-date: /home/tasl/autoware.universe-carla-ros-bridge/install/autoware_auto_control_msgs/include/autoware_auto_control_msgs/msg/detail/ackermann_lateral_command__rosidl_typesupport_fastrtps_cpp.hpp
[0.538s] -- Up-to-date: /home/tasl/autoware.universe-carla-ros-bridge/install/autoware_auto_control_msgs/include/autoware_auto_control_msgs/msg/detail/high_level_control_command__rosidl_typesupport_fastrtps_cpp.hpp
[0.538s] -- Up-to-date: /home/tasl/autoware.universe-carla-ros-bridge/install/autoware_auto_control_msgs/include/autoware_auto_control_msgs/msg/rosidl_typesupport_fastrtps_cpp__visibility_control.h
[0.538s] -- Up-to-date: /home/tasl/autoware.universe-carla-ros-bridge/install/autoware_auto_control_msgs/lib/libautoware_auto_control_msgs__rosidl_typesupport_fastrtps_cpp.so
[0.538s] -- Up-to-date: /home/tasl/autoware.universe-carla-ros-bridge/install/autoware_auto_control_msgs/include/autoware_auto_control_msgs
[0.539s] -- Up-to-date: /home/tasl/autoware.universe-carla-ros-bridge/install/autoware_auto_control_msgs/include/autoware_auto_control_msgs/msg
[0.539s] -- Up-to-date: /home/tasl/autoware.universe-carla-ros-bridge/install/autoware_auto_control_msgs/include/autoware_auto_control_msgs/msg/rosidl_typesupport_introspection_c__visibility_control.h
[0.539s] -- Up-to-date: /home/tasl/autoware.universe-carla-ros-bridge/install/autoware_auto_control_msgs/include/autoware_auto_control_msgs/msg/detail
[0.540s] -- Up-to-date: /home/tasl/autoware.universe-carla-ros-bridge/install/autoware_auto_control_msgs/include/autoware_auto_control_msgs/msg/detail/high_level_control_command__type_support.c
[0.540s] -- Up-to-date: /home/tasl/autoware.universe-carla-ros-bridge/install/autoware_auto_control_msgs/include/autoware_auto_control_msgs/msg/detail/ackermann_control_command__type_support.c
[0.540s] -- Up-to-date: /home/tasl/autoware.universe-carla-ros-bridge/install/autoware_auto_control_msgs/include/autoware_auto_control_msgs/msg/detail/longitudinal_command__rosidl_typesupport_introspection_c.h
[0.540s] -- Up-to-date: /home/tasl/autoware.universe-carla-ros-bridge/install/autoware_auto_control_msgs/include/autoware_auto_control_msgs/msg/detail/high_level_control_command__rosidl_typesupport_introspection_c.h
[0.540s] -- Up-to-date: /home/tasl/autoware.universe-carla-ros-bridge/install/autoware_auto_control_msgs/include/autoware_auto_control_msgs/msg/detail/ackermann_lateral_command__rosidl_typesupport_introspection_c.h
[0.541s] -- Up-to-date: /home/tasl/autoware.universe-carla-ros-bridge/install/autoware_auto_control_msgs/include/autoware_auto_control_msgs/msg/detail/longitudinal_command__type_support.c
[0.541s] -- Up-to-date: /home/tasl/autoware.universe-carla-ros-bridge/install/autoware_auto_control_msgs/include/autoware_auto_control_msgs/msg/detail/ackermann_control_command__rosidl_typesupport_introspection_c.h
[0.541s] -- Up-to-date: /home/tasl/autoware.universe-carla-ros-bridge/install/autoware_auto_control_msgs/include/autoware_auto_control_msgs/msg/detail/ackermann_lateral_command__type_support.c
[0.541s] -- Up-to-date: /home/tasl/autoware.universe-carla-ros-bridge/install/autoware_auto_control_msgs/lib/libautoware_auto_control_msgs__rosidl_typesupport_introspection_c.so
[0.541s] -- Up-to-date: /home/tasl/autoware.universe-carla-ros-bridge/install/autoware_auto_control_msgs/lib/libautoware_auto_control_msgs__rosidl_typesupport_c.so
[0.542s] -- Up-to-date: /home/tasl/autoware.universe-carla-ros-bridge/install/autoware_auto_control_msgs/include/autoware_auto_control_msgs
[0.542s] -- Up-to-date: /home/tasl/autoware.universe-carla-ros-bridge/install/autoware_auto_control_msgs/include/autoware_auto_control_msgs/msg
[0.542s] -- Up-to-date: /home/tasl/autoware.universe-carla-ros-bridge/install/autoware_auto_control_msgs/include/autoware_auto_control_msgs/msg/ackermann_lateral_command.hpp
[0.542s] -- Up-to-date: /home/tasl/autoware.universe-carla-ros-bridge/install/autoware_auto_control_msgs/include/autoware_auto_control_msgs/msg/longitudinal_command.hpp
[0.543s] -- Up-to-date: /home/tasl/autoware.universe-carla-ros-bridge/install/autoware_auto_control_msgs/include/autoware_auto_control_msgs/msg/detail
[0.543s] -- Up-to-date: /home/tasl/autoware.universe-carla-ros-bridge/install/autoware_auto_control_msgs/include/autoware_auto_control_msgs/msg/detail/longitudinal_command__builder.hpp
[0.543s] -- Up-to-date: /home/tasl/autoware.universe-carla-ros-bridge/install/autoware_auto_control_msgs/include/autoware_auto_control_msgs/msg/detail/high_level_control_command__builder.hpp
[0.543s] -- Up-to-date: /home/tasl/autoware.universe-carla-ros-bridge/install/autoware_auto_control_msgs/include/autoware_auto_control_msgs/msg/detail/ackermann_control_command__traits.hpp
[0.543s] -- Up-to-date: /home/tasl/autoware.universe-carla-ros-bridge/install/autoware_auto_control_msgs/include/autoware_auto_control_msgs/msg/detail/ackermann_lateral_command__builder.hpp
[0.543s] -- Up-to-date: /home/tasl/autoware.universe-carla-ros-bridge/install/autoware_auto_control_msgs/include/autoware_auto_control_msgs/msg/detail/longitudinal_command__struct.hpp
[0.544s] -- Up-to-date: /home/tasl/autoware.universe-carla-ros-bridge/install/autoware_auto_control_msgs/include/autoware_auto_control_msgs/msg/detail/ackermann_control_command__builder.hpp
[0.544s] -- Up-to-date: /home/tasl/autoware.universe-carla-ros-bridge/install/autoware_auto_control_msgs/include/autoware_auto_control_msgs/msg/detail/high_level_control_command__struct.hpp
[0.544s] -- Up-to-date: /home/tasl/autoware.universe-carla-ros-bridge/install/autoware_auto_control_msgs/include/autoware_auto_control_msgs/msg/detail/high_level_control_command__traits.hpp
[0.544s] -- Up-to-date: /home/tasl/autoware.universe-carla-ros-bridge/install/autoware_auto_control_msgs/include/autoware_auto_control_msgs/msg/detail/ackermann_lateral_command__struct.hpp
[0.544s] -- Up-to-date: /home/tasl/autoware.universe-carla-ros-bridge/install/autoware_auto_control_msgs/include/autoware_auto_control_msgs/msg/detail/ackermann_lateral_command__traits.hpp
[0.544s] -- Up-to-date: /home/tasl/autoware.universe-carla-ros-bridge/install/autoware_auto_control_msgs/include/autoware_auto_control_msgs/msg/detail/ackermann_control_command__struct.hpp
[0.544s] -- Up-to-date: /home/tasl/autoware.universe-carla-ros-bridge/install/autoware_auto_control_msgs/include/autoware_auto_control_msgs/msg/detail/longitudinal_command__traits.hpp
[0.545s] -- Up-to-date: /home/tasl/autoware.universe-carla-ros-bridge/install/autoware_auto_control_msgs/include/autoware_auto_control_msgs/msg/high_level_control_command.hpp
[0.545s] -- Up-to-date: /home/tasl/autoware.universe-carla-ros-bridge/install/autoware_auto_control_msgs/include/autoware_auto_control_msgs/msg/ackermann_control_command.hpp
[0.549s] -- Up-to-date: /home/tasl/autoware.universe-carla-ros-bridge/install/autoware_auto_control_msgs/include/autoware_auto_control_msgs
[0.550s] -- Up-to-date: /home/tasl/autoware.universe-carla-ros-bridge/install/autoware_auto_control_msgs/include/autoware_auto_control_msgs/msg
[0.550s] -- Up-to-date: /home/tasl/autoware.universe-carla-ros-bridge/install/autoware_auto_control_msgs/include/autoware_auto_control_msgs/msg/detail
[0.550s] -- Up-to-date: /home/tasl/autoware.universe-carla-ros-bridge/install/autoware_auto_control_msgs/include/autoware_auto_control_msgs/msg/detail/ackermann_control_command__rosidl_typesupport_introspection_cpp.hpp
[0.550s] -- Up-to-date: /home/tasl/autoware.universe-carla-ros-bridge/install/autoware_auto_control_msgs/include/autoware_auto_control_msgs/msg/detail/ackermann_control_command__type_support.cpp
[0.551s] -- Up-to-date: /home/tasl/autoware.universe-carla-ros-bridge/install/autoware_auto_control_msgs/include/autoware_auto_control_msgs/msg/detail/longitudinal_command__rosidl_typesupport_introspection_cpp.hpp
[0.551s] -- Up-to-date: /home/tasl/autoware.universe-carla-ros-bridge/install/autoware_auto_control_msgs/include/autoware_auto_control_msgs/msg/detail/ackermann_lateral_command__type_support.cpp
[0.551s] -- Up-to-date: /home/tasl/autoware.universe-carla-ros-bridge/install/autoware_auto_control_msgs/include/autoware_auto_control_msgs/msg/detail/longitudinal_command__type_support.cpp
[0.551s] -- Up-to-date: /home/tasl/autoware.universe-carla-ros-bridge/install/autoware_auto_control_msgs/include/autoware_auto_control_msgs/msg/detail/ackermann_lateral_command__rosidl_typesupport_introspection_cpp.hpp
[0.551s] -- Up-to-date: /home/tasl/autoware.universe-carla-ros-bridge/install/autoware_auto_control_msgs/include/autoware_auto_control_msgs/msg/detail/high_level_control_command__type_support.cpp
[0.551s] -- Up-to-date: /home/tasl/autoware.universe-carla-ros-bridge/install/autoware_auto_control_msgs/include/autoware_auto_control_msgs/msg/detail/high_level_control_command__rosidl_typesupport_introspection_cpp.hpp
[0.552s] -- Up-to-date: /home/tasl/autoware.universe-carla-ros-bridge/install/autoware_auto_control_msgs/lib/libautoware_auto_control_msgs__rosidl_typesupport_introspection_cpp.so
[0.552s] -- Up-to-date: /home/tasl/autoware.universe-carla-ros-bridge/install/autoware_auto_control_msgs/lib/libautoware_auto_control_msgs__rosidl_typesupport_cpp.so
[0.552s] -- Up-to-date: /home/tasl/autoware.universe-carla-ros-bridge/install/autoware_auto_control_msgs/share/autoware_auto_control_msgs/environment/pythonpath.sh
[0.552s] -- Up-to-date: /home/tasl/autoware.universe-carla-ros-bridge/install/autoware_auto_control_msgs/share/autoware_auto_control_msgs/environment/pythonpath.dsv
[0.552s] -- Up-to-date: /home/tasl/autoware.universe-carla-ros-bridge/install/autoware_auto_control_msgs/lib/python3.8/site-packages/autoware_auto_control_msgs/__init__.py
[0.586s] -- Up-to-date: /home/tasl/autoware.universe-carla-ros-bridge/install/autoware_auto_control_msgs/lib/python3.8/site-packages/autoware_auto_control_msgs/msg
[0.586s] -- Up-to-date: /home/tasl/autoware.universe-carla-ros-bridge/install/autoware_auto_control_msgs/lib/python3.8/site-packages/autoware_auto_control_msgs/msg/_high_level_control_command.py
[0.586s] -- Up-to-date: /home/tasl/autoware.universe-carla-ros-bridge/install/autoware_auto_control_msgs/lib/python3.8/site-packages/autoware_auto_control_msgs/msg/_ackermann_lateral_command_s.c
[0.586s] -- Up-to-date: /home/tasl/autoware.universe-carla-ros-bridge/install/autoware_auto_control_msgs/lib/python3.8/site-packages/autoware_auto_control_msgs/msg/__init__.py
[0.587s] -- Up-to-date: /home/tasl/autoware.universe-carla-ros-bridge/install/autoware_auto_control_msgs/lib/python3.8/site-packages/autoware_auto_control_msgs/msg/_ackermann_control_command.py
[0.587s] -- Up-to-date: /home/tasl/autoware.universe-carla-ros-bridge/install/autoware_auto_control_msgs/lib/python3.8/site-packages/autoware_auto_control_msgs/msg/_longitudinal_command_s.c
[0.587s] -- Up-to-date: /home/tasl/autoware.universe-carla-ros-bridge/install/autoware_auto_control_msgs/lib/python3.8/site-packages/autoware_auto_control_msgs/msg/_longitudinal_command.py
[0.588s] -- Up-to-date: /home/tasl/autoware.universe-carla-ros-bridge/install/autoware_auto_control_msgs/lib/python3.8/site-packages/autoware_auto_control_msgs/msg/_high_level_control_command_s.c
[0.588s] -- Up-to-date: /home/tasl/autoware.universe-carla-ros-bridge/install/autoware_auto_control_msgs/lib/python3.8/site-packages/autoware_auto_control_msgs/msg/_ackermann_lateral_command.py
[0.591s] -- Up-to-date: /home/tasl/autoware.universe-carla-ros-bridge/install/autoware_auto_control_msgs/lib/python3.8/site-packages/autoware_auto_control_msgs/msg/_ackermann_control_command_s.c
[0.591s] -- Up-to-date: /home/tasl/autoware.universe-carla-ros-bridge/install/autoware_auto_control_msgs/lib/python3.8/site-packages/autoware_auto_control_msgs/autoware_auto_control_msgs_s__rosidl_typesupport_fastrtps_c.cpython-38-x86_64-linux-gnu.so
[0.592s] -- Up-to-date: /home/tasl/autoware.universe-carla-ros-bridge/install/autoware_auto_control_msgs/lib/python3.8/site-packages/autoware_auto_control_msgs/autoware_auto_control_msgs_s__rosidl_typesupport_introspection_c.cpython-38-x86_64-linux-gnu.so
[0.592s] -- Up-to-date: /home/tasl/autoware.universe-carla-ros-bridge/install/autoware_auto_control_msgs/lib/python3.8/site-packages/autoware_auto_control_msgs/autoware_auto_control_msgs_s__rosidl_typesupport_c.cpython-38-x86_64-linux-gnu.so
[0.592s] -- Up-to-date: /home/tasl/autoware.universe-carla-ros-bridge/install/autoware_auto_control_msgs/lib/libautoware_auto_control_msgs__python.so
[0.593s] -- Up-to-date: /home/tasl/autoware.universe-carla-ros-bridge/install/autoware_auto_control_msgs/share/autoware_auto_control_msgs/msg/AckermannControlCommand.idl
[0.594s] -- Up-to-date: /home/tasl/autoware.universe-carla-ros-bridge/install/autoware_auto_control_msgs/share/autoware_auto_control_msgs/msg/AckermannLateralCommand.idl
[0.594s] -- Up-to-date: /home/tasl/autoware.universe-carla-ros-bridge/install/autoware_auto_control_msgs/share/autoware_auto_control_msgs/msg/HighLevelControlCommand.idl
[0.594s] -- Up-to-date: /home/tasl/autoware.universe-carla-ros-bridge/install/autoware_auto_control_msgs/share/autoware_auto_control_msgs/msg/LongitudinalCommand.idl
[0.594s] -- Up-to-date: /home/tasl/autoware.universe-carla-ros-bridge/install/autoware_auto_control_msgs/share/ament_index/resource_index/package_run_dependencies/autoware_auto_control_msgs
[0.594s] -- Up-to-date: /home/tasl/autoware.universe-carla-ros-bridge/install/autoware_auto_control_msgs/share/ament_index/resource_index/parent_prefix_path/autoware_auto_control_msgs
[0.594s] -- Up-to-date: /home/tasl/autoware.universe-carla-ros-bridge/install/autoware_auto_control_msgs/share/autoware_auto_control_msgs/environment/ament_prefix_path.sh
[0.595s] -- Up-to-date: /home/tasl/autoware.universe-carla-ros-bridge/install/autoware_auto_control_msgs/share/autoware_auto_control_msgs/environment/ament_prefix_path.dsv
[0.595s] -- Up-to-date: /home/tasl/autoware.universe-carla-ros-bridge/install/autoware_auto_control_msgs/share/autoware_auto_control_msgs/environment/path.sh
[0.595s] -- Up-to-date: /home/tasl/autoware.universe-carla-ros-bridge/install/autoware_auto_control_msgs/share/autoware_auto_control_msgs/environment/path.dsv
[0.596s] -- Up-to-date: /home/tasl/autoware.universe-carla-ros-bridge/install/autoware_auto_control_msgs/share/autoware_auto_control_msgs/local_setup.bash
[0.596s] -- Up-to-date: /home/tasl/autoware.universe-carla-ros-bridge/install/autoware_auto_control_msgs/share/autoware_auto_control_msgs/local_setup.sh
[0.597s] -- Up-to-date: /home/tasl/autoware.universe-carla-ros-bridge/install/autoware_auto_control_msgs/share/autoware_auto_control_msgs/local_setup.zsh
[0.597s] -- Up-to-date: /home/tasl/autoware.universe-carla-ros-bridge/install/autoware_auto_control_msgs/share/autoware_auto_control_msgs/local_setup.dsv
[0.598s] -- Installing: /home/tasl/autoware.universe-carla-ros-bridge/install/autoware_auto_control_msgs/share/autoware_auto_control_msgs/package.dsv
[0.598s] -- Up-to-date: /home/tasl/autoware.universe-carla-ros-bridge/install/autoware_auto_control_msgs/share/ament_index/resource_index/packages/autoware_auto_control_msgs
[0.599s] -- Up-to-date: /home/tasl/autoware.universe-carla-ros-bridge/install/autoware_auto_control_msgs/share/autoware_auto_control_msgs/cmake/autoware_auto_control_msgs__rosidl_generator_cExport.cmake
[0.599s] -- Up-to-date: /home/tasl/autoware.universe-carla-ros-bridge/install/autoware_auto_control_msgs/share/autoware_auto_control_msgs/cmake/autoware_auto_control_msgs__rosidl_generator_cExport-noconfig.cmake
[0.599s] -- Up-to-date: /home/tasl/autoware.universe-carla-ros-bridge/install/autoware_auto_control_msgs/share/autoware_auto_control_msgs/cmake/autoware_auto_control_msgs__rosidl_typesupport_introspection_cExport.cmake
[0.599s] -- Up-to-date: /home/tasl/autoware.universe-carla-ros-bridge/install/autoware_auto_control_msgs/share/autoware_auto_control_msgs/cmake/autoware_auto_control_msgs__rosidl_typesupport_introspection_cExport-noconfig.cmake
[0.600s] -- Up-to-date: /home/tasl/autoware.universe-carla-ros-bridge/install/autoware_auto_control_msgs/share/autoware_auto_control_msgs/cmake/autoware_auto_control_msgs__rosidl_typesupport_cExport.cmake
[0.600s] -- Up-to-date: /home/tasl/autoware.universe-carla-ros-bridge/install/autoware_auto_control_msgs/share/autoware_auto_control_msgs/cmake/autoware_auto_control_msgs__rosidl_typesupport_cExport-noconfig.cmake
[0.600s] -- Up-to-date: /home/tasl/autoware.universe-carla-ros-bridge/install/autoware_auto_control_msgs/share/autoware_auto_control_msgs/cmake/autoware_auto_control_msgs__rosidl_generator_cppExport.cmake
[0.600s] -- Up-to-date: /home/tasl/autoware.universe-carla-ros-bridge/install/autoware_auto_control_msgs/share/autoware_auto_control_msgs/cmake/autoware_auto_control_msgs__rosidl_typesupport_introspection_cppExport.cmake
[0.600s] -- Up-to-date: /home/tasl/autoware.universe-carla-ros-bridge/install/autoware_auto_control_msgs/share/autoware_auto_control_msgs/cmake/autoware_auto_control_msgs__rosidl_typesupport_introspection_cppExport-noconfig.cmake
[0.600s] -- Up-to-date: /home/tasl/autoware.universe-carla-ros-bridge/install/autoware_auto_control_msgs/share/autoware_auto_control_msgs/cmake/autoware_auto_control_msgs__rosidl_typesupport_cppExport.cmake
[0.600s] -- Up-to-date: /home/tasl/autoware.universe-carla-ros-bridge/install/autoware_auto_control_msgs/share/autoware_auto_control_msgs/cmake/autoware_auto_control_msgs__rosidl_typesupport_cppExport-noconfig.cmake
[0.600s] -- Up-to-date: /home/tasl/autoware.universe-carla-ros-bridge/install/autoware_auto_control_msgs/share/autoware_auto_control_msgs/cmake/rosidl_cmake-extras.cmake
[0.601s] -- Up-to-date: /home/tasl/autoware.universe-carla-ros-bridge/install/autoware_auto_control_msgs/share/autoware_auto_control_msgs/cmake/ament_cmake_export_dependencies-extras.cmake
[0.601s] -- Up-to-date: /home/tasl/autoware.universe-carla-ros-bridge/install/autoware_auto_control_msgs/share/autoware_auto_control_msgs/cmake/ament_cmake_export_libraries-extras.cmake
[0.601s] -- Up-to-date: /home/tasl/autoware.universe-carla-ros-bridge/install/autoware_auto_control_msgs/share/autoware_auto_control_msgs/cmake/ament_cmake_export_targets-extras.cmake
[0.601s] -- Up-to-date: /home/tasl/autoware.universe-carla-ros-bridge/install/autoware_auto_control_msgs/share/autoware_auto_control_msgs/cmake/ament_cmake_export_include_directories-extras.cmake
[0.601s] -- Up-to-date: /home/tasl/autoware.universe-carla-ros-bridge/install/autoware_auto_control_msgs/share/autoware_auto_control_msgs/cmake/rosidl_cmake_export_typesupport_libraries-extras.cmake
[0.601s] -- Up-to-date: /home/tasl/autoware.universe-carla-ros-bridge/install/autoware_auto_control_msgs/share/autoware_auto_control_msgs/cmake/rosidl_cmake_export_typesupport_targets-extras.cmake
[0.601s] -- Up-to-date: /home/tasl/autoware.universe-carla-ros-bridge/install/autoware_auto_control_msgs/share/autoware_auto_control_msgs/cmake/autoware_auto_control_msgsConfig.cmake
[0.601s] -- Up-to-date: /home/tasl/autoware.universe-carla-ros-bridge/install/autoware_auto_control_msgs/share/autoware_auto_control_msgs/cmake/autoware_auto_control_msgsConfig-version.cmake
[0.602s] -- Up-to-date: /home/tasl/autoware.universe-carla-ros-bridge/install/autoware_auto_control_msgs/share/autoware_auto_control_msgs/package.xml
[0.651s] Invoked command in '/home/tasl/autoware.universe-carla-ros-bridge/build/autoware_auto_control_msgs' returned '0': CMAKE_PREFIX_PATH=${CMAKE_PREFIX_PATH}:/opt/ros/galactic /usr/bin/cmake --install /home/tasl/autoware.universe-carla-ros-bridge/build/autoware_auto_control_msgs
