[0.455s] DEBUG:colcon:Command line arguments: ['/usr/bin/colcon', 'build']
[0.456s] DEBUG:colcon:Parsed command line arguments: Namespace(allow_overriding=[], ament_cmake_args=None, base_paths=['.'], build_base='build', catkin_cmake_args=None, catkin_skip_building_tests=False, cmake_args=None, cmake_clean_cache=False, cmake_clean_first=False, cmake_force_configure=False, cmake_target=None, cmake_target_skip_unavailable=False, continue_on_error=False, event_handlers=None, executor='parallel', ignore_user_meta=False, install_base='install', log_base=None, log_level=None, main=<bound method BuildVerb.main of <colcon_core.verb.build.BuildVerb object at 0x7f755fa92610>>, merge_install=False, metas=['./colcon.meta'], packages_above=None, packages_above_and_dependencies=None, packages_above_depth=None, packages_end=None, packages_ignore=None, packages_ignore_regex=None, packages_select=None, packages_select_build_failed=False, packages_select_by_dep=None, packages_select_regex=None, packages_select_test_failures=False, packages_skip=None, packages_skip_build_finished=False, packages_skip_by_dep=None, packages_skip_regex=None, packages_skip_test_passed=False, packages_skip_up_to=None, packages_start=None, packages_up_to=None, packages_up_to_regex=None, parallel_workers=16, paths=None, symlink_install=False, test_result_base=None, verb_extension=<colcon_core.verb.build.BuildVerb object at 0x7f755fa92610>, verb_name='build', verb_parser=<colcon_defaults.argument_parser.defaults.DefaultArgumentsDecorator object at 0x7f755f2c6a00>)
[0.509s] Level 1:colcon.colcon_core.package_discovery:discover_packages(colcon_meta) check parameters
[0.509s] Level 1:colcon.colcon_core.package_discovery:discover_packages(recursive) check parameters
[0.509s] Level 1:colcon.colcon_core.package_discovery:discover_packages(ignore) check parameters
[0.509s] Level 1:colcon.colcon_core.package_discovery:discover_packages(path) check parameters
[0.509s] Level 1:colcon.colcon_core.package_discovery:discover_packages(colcon_meta) discover
[0.509s] Level 1:colcon.colcon_core.package_discovery:discover_packages(recursive) discover
[0.509s] INFO:colcon.colcon_core.package_discovery:Crawling recursively for packages in '/home/tasl/autoware.universe-carla-ros-bridge'
[0.510s] Level 1:colcon.colcon_core.package_identification:_identify(.) by extensions ['ignore', 'ignore_ament_install']
[0.510s] Level 1:colcon.colcon_core.package_identification:_identify(.) by extension 'ignore'
[0.510s] Level 1:colcon.colcon_core.package_identification:_identify(.) by extension 'ignore_ament_install'
[0.510s] Level 1:colcon.colcon_core.package_identification:_identify(.) by extensions ['colcon_pkg']
[0.510s] Level 1:colcon.colcon_core.package_identification:_identify(.) by extension 'colcon_pkg'
[0.510s] Level 1:colcon.colcon_core.package_identification:_identify(.) by extensions ['colcon_meta']
[0.510s] Level 1:colcon.colcon_core.package_identification:_identify(.) by extension 'colcon_meta'
[0.510s] Level 1:colcon.colcon_core.package_identification:_identify(.) by extensions ['ros']
[0.510s] Level 1:colcon.colcon_core.package_identification:_identify(.) by extension 'ros'
[0.526s] Level 1:colcon.colcon_core.package_identification:_identify(.) by extensions ['cmake', 'python']
[0.526s] Level 1:colcon.colcon_core.package_identification:_identify(.) by extension 'cmake'
[0.526s] Level 1:colcon.colcon_core.package_identification:_identify(.) by extension 'python'
[0.526s] Level 1:colcon.colcon_core.package_identification:_identify(.) by extensions ['python_setup_py']
[0.526s] Level 1:colcon.colcon_core.package_identification:_identify(.) by extension 'python_setup_py'
[0.526s] Level 1:colcon.colcon_core.package_identification:_identify(autoware_auto_control_msgs) by extensions ['ignore', 'ignore_ament_install']
[0.527s] Level 1:colcon.colcon_core.package_identification:_identify(autoware_auto_control_msgs) by extension 'ignore'
[0.527s] Level 1:colcon.colcon_core.package_identification:_identify(autoware_auto_control_msgs) by extension 'ignore_ament_install'
[0.527s] Level 1:colcon.colcon_core.package_identification:_identify(autoware_auto_control_msgs) by extensions ['colcon_pkg']
[0.527s] Level 1:colcon.colcon_core.package_identification:_identify(autoware_auto_control_msgs) by extension 'colcon_pkg'
[0.527s] Level 1:colcon.colcon_core.package_identification:_identify(autoware_auto_control_msgs) by extensions ['colcon_meta']
[0.527s] Level 1:colcon.colcon_core.package_identification:_identify(autoware_auto_control_msgs) by extension 'colcon_meta'
[0.527s] Level 1:colcon.colcon_core.package_identification:_identify(autoware_auto_control_msgs) by extensions ['ros']
[0.527s] Level 1:colcon.colcon_core.package_identification:_identify(autoware_auto_control_msgs) by extension 'ros'
[0.532s] DEBUG:colcon.colcon_core.package_identification:Package 'autoware_auto_control_msgs' with type 'ros.ament_cmake' and name 'autoware_auto_control_msgs'
[0.532s] Level 1:colcon.colcon_core.package_identification:_identify(autoware_auto_vehicle_msgs) by extensions ['ignore', 'ignore_ament_install']
[0.532s] Level 1:colcon.colcon_core.package_identification:_identify(autoware_auto_vehicle_msgs) by extension 'ignore'
[0.532s] Level 1:colcon.colcon_core.package_identification:_identify(autoware_auto_vehicle_msgs) by extension 'ignore_ament_install'
[0.532s] Level 1:colcon.colcon_core.package_identification:_identify(autoware_auto_vehicle_msgs) by extensions ['colcon_pkg']
[0.532s] Level 1:colcon.colcon_core.package_identification:_identify(autoware_auto_vehicle_msgs) by extension 'colcon_pkg'
[0.532s] Level 1:colcon.colcon_core.package_identification:_identify(autoware_auto_vehicle_msgs) by extensions ['colcon_meta']
[0.533s] Level 1:colcon.colcon_core.package_identification:_identify(autoware_auto_vehicle_msgs) by extension 'colcon_meta'
[0.533s] Level 1:colcon.colcon_core.package_identification:_identify(autoware_auto_vehicle_msgs) by extensions ['ros']
[0.533s] Level 1:colcon.colcon_core.package_identification:_identify(autoware_auto_vehicle_msgs) by extension 'ros'
[0.534s] DEBUG:colcon.colcon_core.package_identification:Package 'autoware_auto_vehicle_msgs' with type 'ros.ament_cmake' and name 'autoware_auto_vehicle_msgs'
[0.534s] Level 1:colcon.colcon_core.package_identification:_identify(autoware_ros_bridge_carla) by extensions ['ignore', 'ignore_ament_install']
[0.534s] Level 1:colcon.colcon_core.package_identification:_identify(autoware_ros_bridge_carla) by extension 'ignore'
[0.534s] Level 1:colcon.colcon_core.package_identification:_identify(autoware_ros_bridge_carla) by extension 'ignore_ament_install'
[0.534s] Level 1:colcon.colcon_core.package_identification:_identify(autoware_ros_bridge_carla) by extensions ['colcon_pkg']
[0.534s] Level 1:colcon.colcon_core.package_identification:_identify(autoware_ros_bridge_carla) by extension 'colcon_pkg'
[0.534s] Level 1:colcon.colcon_core.package_identification:_identify(autoware_ros_bridge_carla) by extensions ['colcon_meta']
[0.534s] Level 1:colcon.colcon_core.package_identification:_identify(autoware_ros_bridge_carla) by extension 'colcon_meta'
[0.535s] Level 1:colcon.colcon_core.package_identification:_identify(autoware_ros_bridge_carla) by extensions ['ros']
[0.535s] Level 1:colcon.colcon_core.package_identification:_identify(autoware_ros_bridge_carla) by extension 'ros'
[0.535s] DEBUG:colcon.colcon_core.package_identification:Package 'autoware_ros_bridge_carla' with type 'ros.ament_cmake' and name 'autoware_ros_bridge_carla'
[0.535s] Level 1:colcon.colcon_core.package_identification:_identify(build) by extensions ['ignore', 'ignore_ament_install']
[0.536s] Level 1:colcon.colcon_core.package_identification:_identify(build) by extension 'ignore'
[0.536s] Level 1:colcon.colcon_core.package_identification:_identify(build) ignored
[0.536s] Level 1:colcon.colcon_core.package_identification:_identify(carla_msgs) by extensions ['ignore', 'ignore_ament_install']
[0.536s] Level 1:colcon.colcon_core.package_identification:_identify(carla_msgs) by extension 'ignore'
[0.536s] Level 1:colcon.colcon_core.package_identification:_identify(carla_msgs) by extension 'ignore_ament_install'
[0.536s] Level 1:colcon.colcon_core.package_identification:_identify(carla_msgs) by extensions ['colcon_pkg']
[0.536s] Level 1:colcon.colcon_core.package_identification:_identify(carla_msgs) by extension 'colcon_pkg'
[0.536s] Level 1:colcon.colcon_core.package_identification:_identify(carla_msgs) by extensions ['colcon_meta']
[0.536s] Level 1:colcon.colcon_core.package_identification:_identify(carla_msgs) by extension 'colcon_meta'
[0.536s] Level 1:colcon.colcon_core.package_identification:_identify(carla_msgs) by extensions ['ros']
[0.536s] Level 1:colcon.colcon_core.package_identification:_identify(carla_msgs) by extension 'ros'
[0.541s] DEBUG:colcon.colcon_core.package_identification:Package 'carla_msgs' with type 'ros.ament_cmake' and name 'carla_msgs'
[0.541s] Level 1:colcon.colcon_core.package_identification:_identify(install) by extensions ['ignore', 'ignore_ament_install']
[0.542s] Level 1:colcon.colcon_core.package_identification:_identify(install) by extension 'ignore'
[0.542s] Level 1:colcon.colcon_core.package_identification:_identify(install) ignored
[0.542s] Level 1:colcon.colcon_core.package_identification:_identify(log) by extensions ['ignore', 'ignore_ament_install']
[0.542s] Level 1:colcon.colcon_core.package_identification:_identify(log) by extension 'ignore'
[0.542s] Level 1:colcon.colcon_core.package_identification:_identify(log) ignored
[0.542s] Level 1:colcon.colcon_core.package_discovery:discover_packages(recursive) using defaults
[0.542s] Level 1:colcon.colcon_core.package_discovery:discover_packages(ignore) discover
[0.542s] Level 1:colcon.colcon_core.package_discovery:discover_packages(ignore) using defaults
[0.542s] Level 1:colcon.colcon_core.package_discovery:discover_packages(path) discover
[0.542s] Level 1:colcon.colcon_core.package_discovery:discover_packages(path) using defaults
[0.571s] Level 1:colcon.colcon_core.package_discovery:discover_packages(prefix_path) check parameters
[0.571s] Level 1:colcon.colcon_core.package_discovery:discover_packages(prefix_path) discover
[0.577s] DEBUG:colcon.colcon_installed_package_information.package_discovery:Found 4 installed packages in /home/tasl/autoware.universe-carla-ros-bridge/install
[0.579s] DEBUG:colcon.colcon_installed_package_information.package_discovery:Found 332 installed packages in /opt/ros/galactic
[0.581s] Level 1:colcon.colcon_core.package_discovery:discover_packages(prefix_path) using defaults
[0.684s] Level 5:colcon.colcon_core.verb:set package 'autoware_auto_control_msgs' build argument 'cmake_args' from command line to 'None'
[0.685s] Level 5:colcon.colcon_core.verb:set package 'autoware_auto_control_msgs' build argument 'cmake_target' from command line to 'None'
[0.685s] Level 5:colcon.colcon_core.verb:set package 'autoware_auto_control_msgs' build argument 'cmake_target_skip_unavailable' from command line to 'False'
[0.685s] Level 5:colcon.colcon_core.verb:set package 'autoware_auto_control_msgs' build argument 'cmake_clean_cache' from command line to 'False'
[0.685s] Level 5:colcon.colcon_core.verb:set package 'autoware_auto_control_msgs' build argument 'cmake_clean_first' from command line to 'False'
[0.685s] Level 5:colcon.colcon_core.verb:set package 'autoware_auto_control_msgs' build argument 'cmake_force_configure' from command line to 'False'
[0.685s] Level 5:colcon.colcon_core.verb:set package 'autoware_auto_control_msgs' build argument 'ament_cmake_args' from command line to 'None'
[0.685s] Level 5:colcon.colcon_core.verb:set package 'autoware_auto_control_msgs' build argument 'catkin_cmake_args' from command line to 'None'
[0.685s] Level 5:colcon.colcon_core.verb:set package 'autoware_auto_control_msgs' build argument 'catkin_skip_building_tests' from command line to 'False'
[0.685s] DEBUG:colcon.colcon_core.verb:Building package 'autoware_auto_control_msgs' with the following arguments: {'ament_cmake_args': None, 'build_base': '/home/tasl/autoware.universe-carla-ros-bridge/build/autoware_auto_control_msgs', 'catkin_cmake_args': None, 'catkin_skip_building_tests': False, 'cmake_args': None, 'cmake_clean_cache': False, 'cmake_clean_first': False, 'cmake_force_configure': False, 'cmake_target': None, 'cmake_target_skip_unavailable': False, 'install_base': '/home/tasl/autoware.universe-carla-ros-bridge/install/autoware_auto_control_msgs', 'merge_install': False, 'path': '/home/tasl/autoware.universe-carla-ros-bridge/autoware_auto_control_msgs', 'symlink_install': False, 'test_result_base': None}
[0.686s] Level 5:colcon.colcon_core.verb:set package 'autoware_auto_vehicle_msgs' build argument 'cmake_args' from command line to 'None'
[0.687s] Level 5:colcon.colcon_core.verb:set package 'autoware_auto_vehicle_msgs' build argument 'cmake_target' from command line to 'None'
[0.687s] Level 5:colcon.colcon_core.verb:set package 'autoware_auto_vehicle_msgs' build argument 'cmake_target_skip_unavailable' from command line to 'False'
[0.687s] Level 5:colcon.colcon_core.verb:set package 'autoware_auto_vehicle_msgs' build argument 'cmake_clean_cache' from command line to 'False'
[0.687s] Level 5:colcon.colcon_core.verb:set package 'autoware_auto_vehicle_msgs' build argument 'cmake_clean_first' from command line to 'False'
[0.687s] Level 5:colcon.colcon_core.verb:set package 'autoware_auto_vehicle_msgs' build argument 'cmake_force_configure' from command line to 'False'
[0.687s] Level 5:colcon.colcon_core.verb:set package 'autoware_auto_vehicle_msgs' build argument 'ament_cmake_args' from command line to 'None'
[0.687s] Level 5:colcon.colcon_core.verb:set package 'autoware_auto_vehicle_msgs' build argument 'catkin_cmake_args' from command line to 'None'
[0.687s] Level 5:colcon.colcon_core.verb:set package 'autoware_auto_vehicle_msgs' build argument 'catkin_skip_building_tests' from command line to 'False'
[0.687s] DEBUG:colcon.colcon_core.verb:Building package 'autoware_auto_vehicle_msgs' with the following arguments: {'ament_cmake_args': None, 'build_base': '/home/tasl/autoware.universe-carla-ros-bridge/build/autoware_auto_vehicle_msgs', 'catkin_cmake_args': None, 'catkin_skip_building_tests': False, 'cmake_args': None, 'cmake_clean_cache': False, 'cmake_clean_first': False, 'cmake_force_configure': False, 'cmake_target': None, 'cmake_target_skip_unavailable': False, 'install_base': '/home/tasl/autoware.universe-carla-ros-bridge/install/autoware_auto_vehicle_msgs', 'merge_install': False, 'path': '/home/tasl/autoware.universe-carla-ros-bridge/autoware_auto_vehicle_msgs', 'symlink_install': False, 'test_result_base': None}
[0.688s] Level 5:colcon.colcon_core.verb:set package 'carla_msgs' build argument 'cmake_args' from command line to 'None'
[0.688s] Level 5:colcon.colcon_core.verb:set package 'carla_msgs' build argument 'cmake_target' from command line to 'None'
[0.688s] Level 5:colcon.colcon_core.verb:set package 'carla_msgs' build argument 'cmake_target_skip_unavailable' from command line to 'False'
[0.688s] Level 5:colcon.colcon_core.verb:set package 'carla_msgs' build argument 'cmake_clean_cache' from command line to 'False'
[0.689s] Level 5:colcon.colcon_core.verb:set package 'carla_msgs' build argument 'cmake_clean_first' from command line to 'False'
[0.689s] Level 5:colcon.colcon_core.verb:set package 'carla_msgs' build argument 'cmake_force_configure' from command line to 'False'
[0.689s] Level 5:colcon.colcon_core.verb:set package 'carla_msgs' build argument 'ament_cmake_args' from command line to 'None'
[0.689s] Level 5:colcon.colcon_core.verb:set package 'carla_msgs' build argument 'catkin_cmake_args' from command line to 'None'
[0.689s] Level 5:colcon.colcon_core.verb:set package 'carla_msgs' build argument 'catkin_skip_building_tests' from command line to 'False'
[0.689s] DEBUG:colcon.colcon_core.verb:Building package 'carla_msgs' with the following arguments: {'ament_cmake_args': None, 'build_base': '/home/tasl/autoware.universe-carla-ros-bridge/build/carla_msgs', 'catkin_cmake_args': None, 'catkin_skip_building_tests': False, 'cmake_args': None, 'cmake_clean_cache': False, 'cmake_clean_first': False, 'cmake_force_configure': False, 'cmake_target': None, 'cmake_target_skip_unavailable': False, 'install_base': '/home/tasl/autoware.universe-carla-ros-bridge/install/carla_msgs', 'merge_install': False, 'path': '/home/tasl/autoware.universe-carla-ros-bridge/carla_msgs', 'symlink_install': False, 'test_result_base': None}
[0.690s] Level 5:colcon.colcon_core.verb:set package 'autoware_ros_bridge_carla' build argument 'cmake_args' from command line to 'None'
[0.690s] Level 5:colcon.colcon_core.verb:set package 'autoware_ros_bridge_carla' build argument 'cmake_target' from command line to 'None'
[0.690s] Level 5:colcon.colcon_core.verb:set package 'autoware_ros_bridge_carla' build argument 'cmake_target_skip_unavailable' from command line to 'False'
[0.690s] Level 5:colcon.colcon_core.verb:set package 'autoware_ros_bridge_carla' build argument 'cmake_clean_cache' from command line to 'False'
[0.690s] Level 5:colcon.colcon_core.verb:set package 'autoware_ros_bridge_carla' build argument 'cmake_clean_first' from command line to 'False'
[0.690s] Level 5:colcon.colcon_core.verb:set package 'autoware_ros_bridge_carla' build argument 'cmake_force_configure' from command line to 'False'
[0.690s] Level 5:colcon.colcon_core.verb:set package 'autoware_ros_bridge_carla' build argument 'ament_cmake_args' from command line to 'None'
[0.691s] Level 5:colcon.colcon_core.verb:set package 'autoware_ros_bridge_carla' build argument 'catkin_cmake_args' from command line to 'None'
[0.691s] Level 5:colcon.colcon_core.verb:set package 'autoware_ros_bridge_carla' build argument 'catkin_skip_building_tests' from command line to 'False'
[0.691s] DEBUG:colcon.colcon_core.verb:Building package 'autoware_ros_bridge_carla' with the following arguments: {'ament_cmake_args': None, 'build_base': '/home/tasl/autoware.universe-carla-ros-bridge/build/autoware_ros_bridge_carla', 'catkin_cmake_args': None, 'catkin_skip_building_tests': False, 'cmake_args': None, 'cmake_clean_cache': False, 'cmake_clean_first': False, 'cmake_force_configure': False, 'cmake_target': None, 'cmake_target_skip_unavailable': False, 'install_base': '/home/tasl/autoware.universe-carla-ros-bridge/install/autoware_ros_bridge_carla', 'merge_install': False, 'path': '/home/tasl/autoware.universe-carla-ros-bridge/autoware_ros_bridge_carla', 'symlink_install': False, 'test_result_base': None}
[0.693s] INFO:colcon.colcon_core.executor:Executing jobs using 'parallel' executor
[0.705s] DEBUG:colcon.colcon_parallel_executor.executor.parallel:run_until_complete
[0.705s] INFO:colcon.colcon_ros.task.ament_cmake.build:Building ROS package in '/home/tasl/autoware.universe-carla-ros-bridge/autoware_auto_control_msgs' with build type 'ament_cmake'
[0.706s] INFO:colcon.colcon_cmake.task.cmake.build:Building CMake package in '/home/tasl/autoware.universe-carla-ros-bridge/autoware_auto_control_msgs'
[0.714s] INFO:colcon.colcon_core.plugin_system:Skipping extension 'colcon_core.shell.bat': Not used on non-Windows systems
[0.714s] INFO:colcon.colcon_core.shell:Skip shell extension 'powershell' for command environment: Not usable outside of PowerShell
[0.714s] DEBUG:colcon.colcon_core.shell:Skip shell extension 'dsv' for command environment
[0.725s] INFO:colcon.colcon_ros.task.ament_cmake.build:Building ROS package in '/home/tasl/autoware.universe-carla-ros-bridge/autoware_auto_vehicle_msgs' with build type 'ament_cmake'
[0.726s] INFO:colcon.colcon_cmake.task.cmake.build:Building CMake package in '/home/tasl/autoware.universe-carla-ros-bridge/autoware_auto_vehicle_msgs'
[0.730s] INFO:colcon.colcon_core.shell:Skip shell extension 'powershell' for command environment: Not usable outside of PowerShell
[0.731s] DEBUG:colcon.colcon_core.shell:Skip shell extension 'dsv' for command environment
[0.742s] INFO:colcon.colcon_ros.task.ament_cmake.build:Building ROS package in '/home/tasl/autoware.universe-carla-ros-bridge/carla_msgs' with build type 'ament_cmake'
[0.743s] INFO:colcon.colcon_cmake.task.cmake.build:Building CMake package in '/home/tasl/autoware.universe-carla-ros-bridge/carla_msgs'
[0.747s] INFO:colcon.colcon_core.shell:Skip shell extension 'powershell' for command environment: Not usable outside of PowerShell
[0.747s] DEBUG:colcon.colcon_core.shell:Skip shell extension 'dsv' for command environment
[0.764s] DEBUG:colcon.colcon_core.event_handler.log_command:Invoking command in '/home/tasl/autoware.universe-carla-ros-bridge/build/autoware_auto_control_msgs': CMAKE_PREFIX_PATH=/opt/ros/galactic:${CMAKE_PREFIX_PATH} /usr/bin/cmake --build /home/tasl/autoware.universe-carla-ros-bridge/build/autoware_auto_control_msgs -- -j16 -l16
[0.774s] DEBUG:colcon.colcon_core.event_handler.log_command:Invoking command in '/home/tasl/autoware.universe-carla-ros-bridge/build/autoware_auto_vehicle_msgs': CMAKE_PREFIX_PATH=/opt/ros/galactic:${CMAKE_PREFIX_PATH} /usr/bin/cmake --build /home/tasl/autoware.universe-carla-ros-bridge/build/autoware_auto_vehicle_msgs -- -j16 -l16
[0.779s] DEBUG:colcon.colcon_core.event_handler.log_command:Invoking command in '/home/tasl/autoware.universe-carla-ros-bridge/build/carla_msgs': CMAKE_PREFIX_PATH=/opt/ros/galactic:${CMAKE_PREFIX_PATH} /usr/bin/cmake --build /home/tasl/autoware.universe-carla-ros-bridge/build/carla_msgs -- -j16 -l16
[1.018s] DEBUG:colcon.colcon_core.event_handler.log_command:Invoked command in '/home/tasl/autoware.universe-carla-ros-bridge/build/autoware_auto_vehicle_msgs' returned '0': CMAKE_PREFIX_PATH=/opt/ros/galactic:${CMAKE_PREFIX_PATH} /usr/bin/cmake --build /home/tasl/autoware.universe-carla-ros-bridge/build/autoware_auto_vehicle_msgs -- -j16 -l16
[1.023s] DEBUG:colcon.colcon_core.event_handler.log_command:Invoked command in '/home/tasl/autoware.universe-carla-ros-bridge/build/autoware_auto_control_msgs' returned '0': CMAKE_PREFIX_PATH=/opt/ros/galactic:${CMAKE_PREFIX_PATH} /usr/bin/cmake --build /home/tasl/autoware.universe-carla-ros-bridge/build/autoware_auto_control_msgs -- -j16 -l16
[1.081s] DEBUG:colcon.colcon_core.event_handler.log_command:Invoked command in '/home/tasl/autoware.universe-carla-ros-bridge/build/carla_msgs' returned '0': CMAKE_PREFIX_PATH=/opt/ros/galactic:${CMAKE_PREFIX_PATH} /usr/bin/cmake --build /home/tasl/autoware.universe-carla-ros-bridge/build/carla_msgs -- -j16 -l16
[1.102s] DEBUG:colcon.colcon_core.event_handler.log_command:Invoking command in '/home/tasl/autoware.universe-carla-ros-bridge/build/autoware_auto_vehicle_msgs': CMAKE_PREFIX_PATH=/opt/ros/galactic:${CMAKE_PREFIX_PATH} /usr/bin/cmake --install /home/tasl/autoware.universe-carla-ros-bridge/build/autoware_auto_vehicle_msgs
[1.114s] DEBUG:colcon.colcon_core.event_handler.log_command:Invoking command in '/home/tasl/autoware.universe-carla-ros-bridge/build/autoware_auto_control_msgs': CMAKE_PREFIX_PATH=/opt/ros/galactic:${CMAKE_PREFIX_PATH} /usr/bin/cmake --install /home/tasl/autoware.universe-carla-ros-bridge/build/autoware_auto_control_msgs
[1.162s] Level 1:colcon.colcon_core.environment:create_environment_scripts_only(autoware_auto_vehicle_msgs)
[1.170s] DEBUG:colcon.colcon_core.event_handler.log_command:Invoked command in '/home/tasl/autoware.universe-carla-ros-bridge/build/autoware_auto_vehicle_msgs' returned '0': CMAKE_PREFIX_PATH=/opt/ros/galactic:${CMAKE_PREFIX_PATH} /usr/bin/cmake --install /home/tasl/autoware.universe-carla-ros-bridge/build/autoware_auto_vehicle_msgs
[1.176s] Level 1:colcon.colcon_core.environment:checking '/home/tasl/autoware.universe-carla-ros-bridge/install/autoware_auto_vehicle_msgs' for CMake module files
[1.177s] Level 1:colcon.colcon_core.environment:checking '/home/tasl/autoware.universe-carla-ros-bridge/install/autoware_auto_vehicle_msgs' for CMake config files
[1.180s] Level 1:colcon.colcon_core.shell:create_environment_hook('autoware_auto_vehicle_msgs', 'cmake_prefix_path')
[1.183s] INFO:colcon.colcon_core.shell:Creating environment hook '/home/tasl/autoware.universe-carla-ros-bridge/install/autoware_auto_vehicle_msgs/share/autoware_auto_vehicle_msgs/hook/cmake_prefix_path.ps1'
[1.185s] INFO:colcon.colcon_core.shell:Creating environment descriptor '/home/tasl/autoware.universe-carla-ros-bridge/install/autoware_auto_vehicle_msgs/share/autoware_auto_vehicle_msgs/hook/cmake_prefix_path.dsv'
[1.185s] INFO:colcon.colcon_core.shell:Creating environment hook '/home/tasl/autoware.universe-carla-ros-bridge/install/autoware_auto_vehicle_msgs/share/autoware_auto_vehicle_msgs/hook/cmake_prefix_path.sh'
[1.187s] Level 1:colcon.colcon_core.environment:checking '/home/tasl/autoware.universe-carla-ros-bridge/install/autoware_auto_vehicle_msgs/lib'
[1.187s] Level 1:colcon.colcon_core.shell:create_environment_hook('autoware_auto_vehicle_msgs', 'ld_library_path_lib')
[1.190s] INFO:colcon.colcon_core.shell:Creating environment hook '/home/tasl/autoware.universe-carla-ros-bridge/install/autoware_auto_vehicle_msgs/share/autoware_auto_vehicle_msgs/hook/ld_library_path_lib.ps1'
[1.190s] INFO:colcon.colcon_core.shell:Creating environment descriptor '/home/tasl/autoware.universe-carla-ros-bridge/install/autoware_auto_vehicle_msgs/share/autoware_auto_vehicle_msgs/hook/ld_library_path_lib.dsv'
[1.191s] INFO:colcon.colcon_core.shell:Creating environment hook '/home/tasl/autoware.universe-carla-ros-bridge/install/autoware_auto_vehicle_msgs/share/autoware_auto_vehicle_msgs/hook/ld_library_path_lib.sh'
[1.191s] Level 1:colcon.colcon_core.environment:checking '/home/tasl/autoware.universe-carla-ros-bridge/install/autoware_auto_vehicle_msgs/bin'
[1.191s] Level 1:colcon.colcon_core.environment:checking '/home/tasl/autoware.universe-carla-ros-bridge/install/autoware_auto_vehicle_msgs/lib/pkgconfig/autoware_auto_vehicle_msgs.pc'
[1.191s] Level 1:colcon.colcon_core.environment:checking '/home/tasl/autoware.universe-carla-ros-bridge/install/autoware_auto_vehicle_msgs/lib/python3.8/site-packages'
[1.191s] Level 1:colcon.colcon_core.shell:create_environment_hook('autoware_auto_vehicle_msgs', 'pythonpath')
[1.194s] INFO:colcon.colcon_core.shell:Creating environment hook '/home/tasl/autoware.universe-carla-ros-bridge/install/autoware_auto_vehicle_msgs/share/autoware_auto_vehicle_msgs/hook/pythonpath.ps1'
[1.194s] INFO:colcon.colcon_core.shell:Creating environment descriptor '/home/tasl/autoware.universe-carla-ros-bridge/install/autoware_auto_vehicle_msgs/share/autoware_auto_vehicle_msgs/hook/pythonpath.dsv'
[1.195s] INFO:colcon.colcon_core.shell:Creating environment hook '/home/tasl/autoware.universe-carla-ros-bridge/install/autoware_auto_vehicle_msgs/share/autoware_auto_vehicle_msgs/hook/pythonpath.sh'
[1.195s] Level 1:colcon.colcon_core.environment:checking '/home/tasl/autoware.universe-carla-ros-bridge/install/autoware_auto_vehicle_msgs/bin'
[1.198s] INFO:colcon.colcon_core.shell:Creating package script '/home/tasl/autoware.universe-carla-ros-bridge/install/autoware_auto_vehicle_msgs/share/autoware_auto_vehicle_msgs/package.ps1'
[1.200s] INFO:colcon.colcon_core.shell:Creating package descriptor '/home/tasl/autoware.universe-carla-ros-bridge/install/autoware_auto_vehicle_msgs/share/autoware_auto_vehicle_msgs/package.dsv'
[1.200s] INFO:colcon.colcon_core.shell:Creating package script '/home/tasl/autoware.universe-carla-ros-bridge/install/autoware_auto_vehicle_msgs/share/autoware_auto_vehicle_msgs/package.sh'
[1.202s] INFO:colcon.colcon_core.shell:Creating package script '/home/tasl/autoware.universe-carla-ros-bridge/install/autoware_auto_vehicle_msgs/share/autoware_auto_vehicle_msgs/package.bash'
[1.202s] INFO:colcon.colcon_core.shell:Creating package script '/home/tasl/autoware.universe-carla-ros-bridge/install/autoware_auto_vehicle_msgs/share/autoware_auto_vehicle_msgs/package.zsh'
[1.203s] Level 1:colcon.colcon_core.environment:create_file_with_runtime_dependencies(/home/tasl/autoware.universe-carla-ros-bridge/install/autoware_auto_vehicle_msgs/share/colcon-core/packages/autoware_auto_vehicle_msgs)
[1.207s] Level 1:colcon.colcon_core.environment:create_environment_scripts_only(autoware_auto_control_msgs)
[1.214s] Level 1:colcon.colcon_core.environment:checking '/home/tasl/autoware.universe-carla-ros-bridge/install/autoware_auto_control_msgs' for CMake module files
[1.214s] DEBUG:colcon.colcon_core.event_handler.log_command:Invoked command in '/home/tasl/autoware.universe-carla-ros-bridge/build/autoware_auto_control_msgs' returned '0': CMAKE_PREFIX_PATH=/opt/ros/galactic:${CMAKE_PREFIX_PATH} /usr/bin/cmake --install /home/tasl/autoware.universe-carla-ros-bridge/build/autoware_auto_control_msgs
[1.215s] Level 1:colcon.colcon_core.environment:checking '/home/tasl/autoware.universe-carla-ros-bridge/install/autoware_auto_control_msgs' for CMake config files
[1.216s] Level 1:colcon.colcon_core.shell:create_environment_hook('autoware_auto_control_msgs', 'cmake_prefix_path')
[1.220s] INFO:colcon.colcon_core.shell:Creating environment hook '/home/tasl/autoware.universe-carla-ros-bridge/install/autoware_auto_control_msgs/share/autoware_auto_control_msgs/hook/cmake_prefix_path.ps1'
[1.221s] INFO:colcon.colcon_core.shell:Creating environment descriptor '/home/tasl/autoware.universe-carla-ros-bridge/install/autoware_auto_control_msgs/share/autoware_auto_control_msgs/hook/cmake_prefix_path.dsv'
[1.222s] INFO:colcon.colcon_core.shell:Creating environment hook '/home/tasl/autoware.universe-carla-ros-bridge/install/autoware_auto_control_msgs/share/autoware_auto_control_msgs/hook/cmake_prefix_path.sh'
[1.222s] Level 1:colcon.colcon_core.environment:checking '/home/tasl/autoware.universe-carla-ros-bridge/install/autoware_auto_control_msgs/lib'
[1.223s] Level 1:colcon.colcon_core.shell:create_environment_hook('autoware_auto_control_msgs', 'ld_library_path_lib')
[1.227s] INFO:colcon.colcon_core.shell:Creating environment hook '/home/tasl/autoware.universe-carla-ros-bridge/install/autoware_auto_control_msgs/share/autoware_auto_control_msgs/hook/ld_library_path_lib.ps1'
[1.228s] INFO:colcon.colcon_core.shell:Creating environment descriptor '/home/tasl/autoware.universe-carla-ros-bridge/install/autoware_auto_control_msgs/share/autoware_auto_control_msgs/hook/ld_library_path_lib.dsv'
[1.228s] INFO:colcon.colcon_core.shell:Creating environment hook '/home/tasl/autoware.universe-carla-ros-bridge/install/autoware_auto_control_msgs/share/autoware_auto_control_msgs/hook/ld_library_path_lib.sh'
[1.229s] Level 1:colcon.colcon_core.environment:checking '/home/tasl/autoware.universe-carla-ros-bridge/install/autoware_auto_control_msgs/bin'
[1.229s] Level 1:colcon.colcon_core.environment:checking '/home/tasl/autoware.universe-carla-ros-bridge/install/autoware_auto_control_msgs/lib/pkgconfig/autoware_auto_control_msgs.pc'
[1.229s] Level 1:colcon.colcon_core.environment:checking '/home/tasl/autoware.universe-carla-ros-bridge/install/autoware_auto_control_msgs/lib/python3.8/site-packages'
[1.229s] Level 1:colcon.colcon_core.shell:create_environment_hook('autoware_auto_control_msgs', 'pythonpath')
[1.234s] INFO:colcon.colcon_core.shell:Creating environment hook '/home/tasl/autoware.universe-carla-ros-bridge/install/autoware_auto_control_msgs/share/autoware_auto_control_msgs/hook/pythonpath.ps1'
[1.234s] INFO:colcon.colcon_core.shell:Creating environment descriptor '/home/tasl/autoware.universe-carla-ros-bridge/install/autoware_auto_control_msgs/share/autoware_auto_control_msgs/hook/pythonpath.dsv'
[1.235s] INFO:colcon.colcon_core.shell:Creating environment hook '/home/tasl/autoware.universe-carla-ros-bridge/install/autoware_auto_control_msgs/share/autoware_auto_control_msgs/hook/pythonpath.sh'
[1.236s] Level 1:colcon.colcon_core.environment:checking '/home/tasl/autoware.universe-carla-ros-bridge/install/autoware_auto_control_msgs/bin'
[1.240s] INFO:colcon.colcon_core.shell:Creating package script '/home/tasl/autoware.universe-carla-ros-bridge/install/autoware_auto_control_msgs/share/autoware_auto_control_msgs/package.ps1'
[1.241s] INFO:colcon.colcon_core.shell:Creating package descriptor '/home/tasl/autoware.universe-carla-ros-bridge/install/autoware_auto_control_msgs/share/autoware_auto_control_msgs/package.dsv'
[1.242s] INFO:colcon.colcon_core.shell:Creating package script '/home/tasl/autoware.universe-carla-ros-bridge/install/autoware_auto_control_msgs/share/autoware_auto_control_msgs/package.sh'
[1.243s] INFO:colcon.colcon_core.shell:Creating package script '/home/tasl/autoware.universe-carla-ros-bridge/install/autoware_auto_control_msgs/share/autoware_auto_control_msgs/package.bash'
[1.243s] INFO:colcon.colcon_core.shell:Creating package script '/home/tasl/autoware.universe-carla-ros-bridge/install/autoware_auto_control_msgs/share/autoware_auto_control_msgs/package.zsh'
[1.244s] Level 1:colcon.colcon_core.environment:create_file_with_runtime_dependencies(/home/tasl/autoware.universe-carla-ros-bridge/install/autoware_auto_control_msgs/share/colcon-core/packages/autoware_auto_control_msgs)
[1.267s] Level 1:colcon.colcon_core.environment:create_environment_scripts_only(autoware_auto_vehicle_msgs)
[1.272s] Level 1:colcon.colcon_core.environment:checking '/home/tasl/autoware.universe-carla-ros-bridge/install/autoware_auto_vehicle_msgs' for CMake module files
[1.273s] Level 1:colcon.colcon_core.environment:checking '/home/tasl/autoware.universe-carla-ros-bridge/install/autoware_auto_vehicle_msgs' for CMake config files
[1.274s] Level 1:colcon.colcon_core.shell:create_environment_hook('autoware_auto_vehicle_msgs', 'cmake_prefix_path')
[1.277s] INFO:colcon.colcon_core.shell:Creating environment hook '/home/tasl/autoware.universe-carla-ros-bridge/install/autoware_auto_vehicle_msgs/share/autoware_auto_vehicle_msgs/hook/cmake_prefix_path.ps1'
[1.278s] INFO:colcon.colcon_core.shell:Creating environment descriptor '/home/tasl/autoware.universe-carla-ros-bridge/install/autoware_auto_vehicle_msgs/share/autoware_auto_vehicle_msgs/hook/cmake_prefix_path.dsv'
[1.278s] INFO:colcon.colcon_core.shell:Creating environment hook '/home/tasl/autoware.universe-carla-ros-bridge/install/autoware_auto_vehicle_msgs/share/autoware_auto_vehicle_msgs/hook/cmake_prefix_path.sh'
[1.278s] Level 1:colcon.colcon_core.environment:checking '/home/tasl/autoware.universe-carla-ros-bridge/install/autoware_auto_vehicle_msgs/lib'
[1.279s] Level 1:colcon.colcon_core.shell:create_environment_hook('autoware_auto_vehicle_msgs', 'ld_library_path_lib')
[1.282s] INFO:colcon.colcon_core.shell:Creating environment hook '/home/tasl/autoware.universe-carla-ros-bridge/install/autoware_auto_vehicle_msgs/share/autoware_auto_vehicle_msgs/hook/ld_library_path_lib.ps1'
[1.282s] INFO:colcon.colcon_core.shell:Creating environment descriptor '/home/tasl/autoware.universe-carla-ros-bridge/install/autoware_auto_vehicle_msgs/share/autoware_auto_vehicle_msgs/hook/ld_library_path_lib.dsv'
[1.283s] INFO:colcon.colcon_core.shell:Creating environment hook '/home/tasl/autoware.universe-carla-ros-bridge/install/autoware_auto_vehicle_msgs/share/autoware_auto_vehicle_msgs/hook/ld_library_path_lib.sh'
[1.283s] Level 1:colcon.colcon_core.environment:checking '/home/tasl/autoware.universe-carla-ros-bridge/install/autoware_auto_vehicle_msgs/bin'
[1.283s] Level 1:colcon.colcon_core.environment:checking '/home/tasl/autoware.universe-carla-ros-bridge/install/autoware_auto_vehicle_msgs/lib/pkgconfig/autoware_auto_vehicle_msgs.pc'
[1.283s] Level 1:colcon.colcon_core.environment:checking '/home/tasl/autoware.universe-carla-ros-bridge/install/autoware_auto_vehicle_msgs/lib/python3.8/site-packages'
[1.283s] Level 1:colcon.colcon_core.shell:create_environment_hook('autoware_auto_vehicle_msgs', 'pythonpath')
[1.287s] INFO:colcon.colcon_core.shell:Creating environment hook '/home/tasl/autoware.universe-carla-ros-bridge/install/autoware_auto_vehicle_msgs/share/autoware_auto_vehicle_msgs/hook/pythonpath.ps1'
[1.287s] INFO:colcon.colcon_core.shell:Creating environment descriptor '/home/tasl/autoware.universe-carla-ros-bridge/install/autoware_auto_vehicle_msgs/share/autoware_auto_vehicle_msgs/hook/pythonpath.dsv'
[1.287s] INFO:colcon.colcon_core.shell:Creating environment hook '/home/tasl/autoware.universe-carla-ros-bridge/install/autoware_auto_vehicle_msgs/share/autoware_auto_vehicle_msgs/hook/pythonpath.sh'
[1.288s] Level 1:colcon.colcon_core.environment:checking '/home/tasl/autoware.universe-carla-ros-bridge/install/autoware_auto_vehicle_msgs/bin'
[1.291s] INFO:colcon.colcon_core.shell:Creating package script '/home/tasl/autoware.universe-carla-ros-bridge/install/autoware_auto_vehicle_msgs/share/autoware_auto_vehicle_msgs/package.ps1'
[1.292s] INFO:colcon.colcon_core.shell:Creating package descriptor '/home/tasl/autoware.universe-carla-ros-bridge/install/autoware_auto_vehicle_msgs/share/autoware_auto_vehicle_msgs/package.dsv'
[1.292s] INFO:colcon.colcon_core.shell:Creating package script '/home/tasl/autoware.universe-carla-ros-bridge/install/autoware_auto_vehicle_msgs/share/autoware_auto_vehicle_msgs/package.sh'
[1.293s] INFO:colcon.colcon_core.shell:Creating package script '/home/tasl/autoware.universe-carla-ros-bridge/install/autoware_auto_vehicle_msgs/share/autoware_auto_vehicle_msgs/package.bash'
[1.293s] INFO:colcon.colcon_core.shell:Creating package script '/home/tasl/autoware.universe-carla-ros-bridge/install/autoware_auto_vehicle_msgs/share/autoware_auto_vehicle_msgs/package.zsh'
[1.294s] Level 1:colcon.colcon_core.environment:create_file_with_runtime_dependencies(/home/tasl/autoware.universe-carla-ros-bridge/install/autoware_auto_vehicle_msgs/share/colcon-core/packages/autoware_auto_vehicle_msgs)
[1.330s] Level 1:colcon.colcon_core.environment:create_environment_scripts_only(autoware_auto_control_msgs)
[1.334s] Level 1:colcon.colcon_core.environment:checking '/home/tasl/autoware.universe-carla-ros-bridge/install/autoware_auto_control_msgs' for CMake module files
[1.335s] Level 1:colcon.colcon_core.environment:checking '/home/tasl/autoware.universe-carla-ros-bridge/install/autoware_auto_control_msgs' for CMake config files
[1.335s] Level 1:colcon.colcon_core.shell:create_environment_hook('autoware_auto_control_msgs', 'cmake_prefix_path')
[1.338s] INFO:colcon.colcon_core.shell:Creating environment hook '/home/tasl/autoware.universe-carla-ros-bridge/install/autoware_auto_control_msgs/share/autoware_auto_control_msgs/hook/cmake_prefix_path.ps1'
[1.339s] INFO:colcon.colcon_core.shell:Creating environment descriptor '/home/tasl/autoware.universe-carla-ros-bridge/install/autoware_auto_control_msgs/share/autoware_auto_control_msgs/hook/cmake_prefix_path.dsv'
[1.339s] INFO:colcon.colcon_core.shell:Creating environment hook '/home/tasl/autoware.universe-carla-ros-bridge/install/autoware_auto_control_msgs/share/autoware_auto_control_msgs/hook/cmake_prefix_path.sh'
[1.340s] Level 1:colcon.colcon_core.environment:checking '/home/tasl/autoware.universe-carla-ros-bridge/install/autoware_auto_control_msgs/lib'
[1.340s] Level 1:colcon.colcon_core.shell:create_environment_hook('autoware_auto_control_msgs', 'ld_library_path_lib')
[1.343s] INFO:colcon.colcon_core.shell:Creating environment hook '/home/tasl/autoware.universe-carla-ros-bridge/install/autoware_auto_control_msgs/share/autoware_auto_control_msgs/hook/ld_library_path_lib.ps1'
[1.344s] INFO:colcon.colcon_core.shell:Creating environment descriptor '/home/tasl/autoware.universe-carla-ros-bridge/install/autoware_auto_control_msgs/share/autoware_auto_control_msgs/hook/ld_library_path_lib.dsv'
[1.344s] INFO:colcon.colcon_core.shell:Creating environment hook '/home/tasl/autoware.universe-carla-ros-bridge/install/autoware_auto_control_msgs/share/autoware_auto_control_msgs/hook/ld_library_path_lib.sh'
[1.345s] Level 1:colcon.colcon_core.environment:checking '/home/tasl/autoware.universe-carla-ros-bridge/install/autoware_auto_control_msgs/bin'
[1.345s] Level 1:colcon.colcon_core.environment:checking '/home/tasl/autoware.universe-carla-ros-bridge/install/autoware_auto_control_msgs/lib/pkgconfig/autoware_auto_control_msgs.pc'
[1.345s] Level 1:colcon.colcon_core.environment:checking '/home/tasl/autoware.universe-carla-ros-bridge/install/autoware_auto_control_msgs/lib/python3.8/site-packages'
[1.345s] Level 1:colcon.colcon_core.shell:create_environment_hook('autoware_auto_control_msgs', 'pythonpath')
[1.348s] INFO:colcon.colcon_core.shell:Creating environment hook '/home/tasl/autoware.universe-carla-ros-bridge/install/autoware_auto_control_msgs/share/autoware_auto_control_msgs/hook/pythonpath.ps1'
[1.348s] INFO:colcon.colcon_core.shell:Creating environment descriptor '/home/tasl/autoware.universe-carla-ros-bridge/install/autoware_auto_control_msgs/share/autoware_auto_control_msgs/hook/pythonpath.dsv'
[1.349s] INFO:colcon.colcon_core.shell:Creating environment hook '/home/tasl/autoware.universe-carla-ros-bridge/install/autoware_auto_control_msgs/share/autoware_auto_control_msgs/hook/pythonpath.sh'
[1.349s] Level 1:colcon.colcon_core.environment:checking '/home/tasl/autoware.universe-carla-ros-bridge/install/autoware_auto_control_msgs/bin'
[1.352s] INFO:colcon.colcon_core.shell:Creating package script '/home/tasl/autoware.universe-carla-ros-bridge/install/autoware_auto_control_msgs/share/autoware_auto_control_msgs/package.ps1'
[1.353s] INFO:colcon.colcon_core.shell:Creating package descriptor '/home/tasl/autoware.universe-carla-ros-bridge/install/autoware_auto_control_msgs/share/autoware_auto_control_msgs/package.dsv'
[1.353s] INFO:colcon.colcon_core.shell:Creating package script '/home/tasl/autoware.universe-carla-ros-bridge/install/autoware_auto_control_msgs/share/autoware_auto_control_msgs/package.sh'
[1.354s] INFO:colcon.colcon_core.shell:Creating package script '/home/tasl/autoware.universe-carla-ros-bridge/install/autoware_auto_control_msgs/share/autoware_auto_control_msgs/package.bash'
[1.354s] INFO:colcon.colcon_core.shell:Creating package script '/home/tasl/autoware.universe-carla-ros-bridge/install/autoware_auto_control_msgs/share/autoware_auto_control_msgs/package.zsh'
[1.355s] Level 1:colcon.colcon_core.environment:create_file_with_runtime_dependencies(/home/tasl/autoware.universe-carla-ros-bridge/install/autoware_auto_control_msgs/share/colcon-core/packages/autoware_auto_control_msgs)
[1.371s] DEBUG:colcon.colcon_core.event_handler.log_command:Invoking command in '/home/tasl/autoware.universe-carla-ros-bridge/build/carla_msgs': CMAKE_PREFIX_PATH=/opt/ros/galactic:${CMAKE_PREFIX_PATH} /usr/bin/cmake --install /home/tasl/autoware.universe-carla-ros-bridge/build/carla_msgs
[1.444s] Level 1:colcon.colcon_core.environment:create_environment_scripts_only(carla_msgs)
[1.450s] Level 1:colcon.colcon_core.environment:checking '/home/tasl/autoware.universe-carla-ros-bridge/install/carla_msgs' for CMake module files
[1.452s] Level 1:colcon.colcon_core.environment:checking '/home/tasl/autoware.universe-carla-ros-bridge/install/carla_msgs' for CMake config files
[1.456s] DEBUG:colcon.colcon_core.event_handler.log_command:Invoked command in '/home/tasl/autoware.universe-carla-ros-bridge/build/carla_msgs' returned '0': CMAKE_PREFIX_PATH=/opt/ros/galactic:${CMAKE_PREFIX_PATH} /usr/bin/cmake --install /home/tasl/autoware.universe-carla-ros-bridge/build/carla_msgs
[1.457s] Level 1:colcon.colcon_core.shell:create_environment_hook('carla_msgs', 'cmake_prefix_path')
[1.460s] INFO:colcon.colcon_core.shell:Creating environment hook '/home/tasl/autoware.universe-carla-ros-bridge/install/carla_msgs/share/carla_msgs/hook/cmake_prefix_path.ps1'
[1.461s] INFO:colcon.colcon_core.shell:Creating environment descriptor '/home/tasl/autoware.universe-carla-ros-bridge/install/carla_msgs/share/carla_msgs/hook/cmake_prefix_path.dsv'
[1.461s] INFO:colcon.colcon_core.shell:Creating environment hook '/home/tasl/autoware.universe-carla-ros-bridge/install/carla_msgs/share/carla_msgs/hook/cmake_prefix_path.sh'
[1.461s] Level 1:colcon.colcon_core.environment:checking '/home/tasl/autoware.universe-carla-ros-bridge/install/carla_msgs/lib'
[1.462s] Level 1:colcon.colcon_core.shell:create_environment_hook('carla_msgs', 'ld_library_path_lib')
[1.464s] INFO:colcon.colcon_core.shell:Creating environment hook '/home/tasl/autoware.universe-carla-ros-bridge/install/carla_msgs/share/carla_msgs/hook/ld_library_path_lib.ps1'
[1.465s] INFO:colcon.colcon_core.shell:Creating environment descriptor '/home/tasl/autoware.universe-carla-ros-bridge/install/carla_msgs/share/carla_msgs/hook/ld_library_path_lib.dsv'
[1.465s] INFO:colcon.colcon_core.shell:Creating environment hook '/home/tasl/autoware.universe-carla-ros-bridge/install/carla_msgs/share/carla_msgs/hook/ld_library_path_lib.sh'
[1.465s] Level 1:colcon.colcon_core.environment:checking '/home/tasl/autoware.universe-carla-ros-bridge/install/carla_msgs/bin'
[1.465s] Level 1:colcon.colcon_core.environment:checking '/home/tasl/autoware.universe-carla-ros-bridge/install/carla_msgs/lib/pkgconfig/carla_msgs.pc'
[1.466s] Level 1:colcon.colcon_core.environment:checking '/home/tasl/autoware.universe-carla-ros-bridge/install/carla_msgs/lib/python3.8/site-packages'
[1.466s] Level 1:colcon.colcon_core.shell:create_environment_hook('carla_msgs', 'pythonpath')
[1.469s] INFO:colcon.colcon_core.shell:Creating environment hook '/home/tasl/autoware.universe-carla-ros-bridge/install/carla_msgs/share/carla_msgs/hook/pythonpath.ps1'
[1.469s] INFO:colcon.colcon_core.shell:Creating environment descriptor '/home/tasl/autoware.universe-carla-ros-bridge/install/carla_msgs/share/carla_msgs/hook/pythonpath.dsv'
[1.470s] INFO:colcon.colcon_core.shell:Creating environment hook '/home/tasl/autoware.universe-carla-ros-bridge/install/carla_msgs/share/carla_msgs/hook/pythonpath.sh'
[1.470s] Level 1:colcon.colcon_core.environment:checking '/home/tasl/autoware.universe-carla-ros-bridge/install/carla_msgs/bin'
[1.475s] INFO:colcon.colcon_core.shell:Creating package script '/home/tasl/autoware.universe-carla-ros-bridge/install/carla_msgs/share/carla_msgs/package.ps1'
[1.476s] INFO:colcon.colcon_core.shell:Creating package descriptor '/home/tasl/autoware.universe-carla-ros-bridge/install/carla_msgs/share/carla_msgs/package.dsv'
[1.476s] INFO:colcon.colcon_core.shell:Creating package script '/home/tasl/autoware.universe-carla-ros-bridge/install/carla_msgs/share/carla_msgs/package.sh'
[1.477s] INFO:colcon.colcon_core.shell:Creating package script '/home/tasl/autoware.universe-carla-ros-bridge/install/carla_msgs/share/carla_msgs/package.bash'
[1.477s] INFO:colcon.colcon_core.shell:Creating package script '/home/tasl/autoware.universe-carla-ros-bridge/install/carla_msgs/share/carla_msgs/package.zsh'
[1.477s] Level 1:colcon.colcon_core.environment:create_file_with_runtime_dependencies(/home/tasl/autoware.universe-carla-ros-bridge/install/carla_msgs/share/colcon-core/packages/carla_msgs)
[1.748s] Level 1:colcon.colcon_core.environment:create_environment_scripts_only(carla_msgs)
[1.753s] Level 1:colcon.colcon_core.environment:checking '/home/tasl/autoware.universe-carla-ros-bridge/install/carla_msgs' for CMake module files
[1.753s] Level 1:colcon.colcon_core.environment:checking '/home/tasl/autoware.universe-carla-ros-bridge/install/carla_msgs' for CMake config files
[1.754s] Level 1:colcon.colcon_core.shell:create_environment_hook('carla_msgs', 'cmake_prefix_path')
[1.757s] INFO:colcon.colcon_core.shell:Creating environment hook '/home/tasl/autoware.universe-carla-ros-bridge/install/carla_msgs/share/carla_msgs/hook/cmake_prefix_path.ps1'
[1.757s] INFO:colcon.colcon_core.shell:Creating environment descriptor '/home/tasl/autoware.universe-carla-ros-bridge/install/carla_msgs/share/carla_msgs/hook/cmake_prefix_path.dsv'
[1.757s] INFO:colcon.colcon_core.shell:Creating environment hook '/home/tasl/autoware.universe-carla-ros-bridge/install/carla_msgs/share/carla_msgs/hook/cmake_prefix_path.sh'
[1.758s] Level 1:colcon.colcon_core.environment:checking '/home/tasl/autoware.universe-carla-ros-bridge/install/carla_msgs/lib'
[1.758s] Level 1:colcon.colcon_core.shell:create_environment_hook('carla_msgs', 'ld_library_path_lib')
[1.762s] INFO:colcon.colcon_core.shell:Creating environment hook '/home/tasl/autoware.universe-carla-ros-bridge/install/carla_msgs/share/carla_msgs/hook/ld_library_path_lib.ps1'
[1.763s] INFO:colcon.colcon_core.shell:Creating environment descriptor '/home/tasl/autoware.universe-carla-ros-bridge/install/carla_msgs/share/carla_msgs/hook/ld_library_path_lib.dsv'
[1.763s] INFO:colcon.colcon_core.shell:Creating environment hook '/home/tasl/autoware.universe-carla-ros-bridge/install/carla_msgs/share/carla_msgs/hook/ld_library_path_lib.sh'
[1.764s] Level 1:colcon.colcon_core.environment:checking '/home/tasl/autoware.universe-carla-ros-bridge/install/carla_msgs/bin'
[1.764s] Level 1:colcon.colcon_core.environment:checking '/home/tasl/autoware.universe-carla-ros-bridge/install/carla_msgs/lib/pkgconfig/carla_msgs.pc'
[1.764s] Level 1:colcon.colcon_core.environment:checking '/home/tasl/autoware.universe-carla-ros-bridge/install/carla_msgs/lib/python3.8/site-packages'
[1.764s] Level 1:colcon.colcon_core.shell:create_environment_hook('carla_msgs', 'pythonpath')
[1.768s] INFO:colcon.colcon_core.shell:Creating environment hook '/home/tasl/autoware.universe-carla-ros-bridge/install/carla_msgs/share/carla_msgs/hook/pythonpath.ps1'
[1.769s] INFO:colcon.colcon_core.shell:Creating environment descriptor '/home/tasl/autoware.universe-carla-ros-bridge/install/carla_msgs/share/carla_msgs/hook/pythonpath.dsv'
[1.769s] INFO:colcon.colcon_core.shell:Creating environment hook '/home/tasl/autoware.universe-carla-ros-bridge/install/carla_msgs/share/carla_msgs/hook/pythonpath.sh'
[1.770s] Level 1:colcon.colcon_core.environment:checking '/home/tasl/autoware.universe-carla-ros-bridge/install/carla_msgs/bin'
[1.774s] INFO:colcon.colcon_core.shell:Creating package script '/home/tasl/autoware.universe-carla-ros-bridge/install/carla_msgs/share/carla_msgs/package.ps1'
[1.775s] INFO:colcon.colcon_core.shell:Creating package descriptor '/home/tasl/autoware.universe-carla-ros-bridge/install/carla_msgs/share/carla_msgs/package.dsv'
[1.776s] INFO:colcon.colcon_core.shell:Creating package script '/home/tasl/autoware.universe-carla-ros-bridge/install/carla_msgs/share/carla_msgs/package.sh'
[1.777s] INFO:colcon.colcon_core.shell:Creating package script '/home/tasl/autoware.universe-carla-ros-bridge/install/carla_msgs/share/carla_msgs/package.bash'
[1.777s] INFO:colcon.colcon_core.shell:Creating package script '/home/tasl/autoware.universe-carla-ros-bridge/install/carla_msgs/share/carla_msgs/package.zsh'
[1.778s] Level 1:colcon.colcon_core.environment:create_file_with_runtime_dependencies(/home/tasl/autoware.universe-carla-ros-bridge/install/carla_msgs/share/colcon-core/packages/carla_msgs)
[1.778s] INFO:colcon.colcon_ros.task.ament_cmake.build:Building ROS package in '/home/tasl/autoware.universe-carla-ros-bridge/autoware_ros_bridge_carla' with build type 'ament_cmake'
[1.778s] INFO:colcon.colcon_cmake.task.cmake.build:Building CMake package in '/home/tasl/autoware.universe-carla-ros-bridge/autoware_ros_bridge_carla'
[1.782s] INFO:colcon.colcon_core.shell:Skip shell extension 'powershell' for command environment: Not usable outside of PowerShell
[1.782s] DEBUG:colcon.colcon_core.shell:Skip shell extension 'dsv' for command environment
[1.806s] DEBUG:colcon.colcon_core.event_handler.log_command:Invoking command in '/home/tasl/autoware.universe-carla-ros-bridge/build/autoware_ros_bridge_carla': CMAKE_PREFIX_PATH=/opt/ros/galactic:/home/tasl/autoware.universe-carla-ros-bridge/install/carla_msgs:/home/tasl/autoware.universe-carla-ros-bridge/install/autoware_auto_vehicle_msgs:/home/tasl/autoware.universe-carla-ros-bridge/install/autoware_auto_control_msgs:/home/tasl/autoware.universe-carla-ros-bridge/install/autoware_ros_bridge_carla /usr/bin/cmake --build /home/tasl/autoware.universe-carla-ros-bridge/build/autoware_ros_bridge_carla -- -j16 -l16
[10.153s] DEBUG:colcon.colcon_core.event_handler.log_command:Invoked command in '/home/tasl/autoware.universe-carla-ros-bridge/build/autoware_ros_bridge_carla' returned '0': CMAKE_PREFIX_PATH=/opt/ros/galactic:/home/tasl/autoware.universe-carla-ros-bridge/install/carla_msgs:/home/tasl/autoware.universe-carla-ros-bridge/install/autoware_auto_vehicle_msgs:/home/tasl/autoware.universe-carla-ros-bridge/install/autoware_auto_control_msgs:/home/tasl/autoware.universe-carla-ros-bridge/install/autoware_ros_bridge_carla /usr/bin/cmake --build /home/tasl/autoware.universe-carla-ros-bridge/build/autoware_ros_bridge_carla -- -j16 -l16
[10.191s] DEBUG:colcon.colcon_core.event_handler.log_command:Invoking command in '/home/tasl/autoware.universe-carla-ros-bridge/build/autoware_ros_bridge_carla': CMAKE_PREFIX_PATH=/opt/ros/galactic:/home/tasl/autoware.universe-carla-ros-bridge/install/carla_msgs:/home/tasl/autoware.universe-carla-ros-bridge/install/autoware_auto_vehicle_msgs:/home/tasl/autoware.universe-carla-ros-bridge/install/autoware_auto_control_msgs:/home/tasl/autoware.universe-carla-ros-bridge/install/autoware_ros_bridge_carla /usr/bin/cmake --install /home/tasl/autoware.universe-carla-ros-bridge/build/autoware_ros_bridge_carla
[10.206s] Level 1:colcon.colcon_core.environment:create_environment_scripts_only(autoware_ros_bridge_carla)
[10.211s] Level 1:colcon.colcon_core.environment:checking '/home/tasl/autoware.universe-carla-ros-bridge/install/autoware_ros_bridge_carla' for CMake module files
[10.212s] DEBUG:colcon.colcon_core.event_handler.log_command:Invoked command in '/home/tasl/autoware.universe-carla-ros-bridge/build/autoware_ros_bridge_carla' returned '0': CMAKE_PREFIX_PATH=/opt/ros/galactic:/home/tasl/autoware.universe-carla-ros-bridge/install/carla_msgs:/home/tasl/autoware.universe-carla-ros-bridge/install/autoware_auto_vehicle_msgs:/home/tasl/autoware.universe-carla-ros-bridge/install/autoware_auto_control_msgs:/home/tasl/autoware.universe-carla-ros-bridge/install/autoware_ros_bridge_carla /usr/bin/cmake --install /home/tasl/autoware.universe-carla-ros-bridge/build/autoware_ros_bridge_carla
[10.212s] Level 1:colcon.colcon_core.environment:checking '/home/tasl/autoware.universe-carla-ros-bridge/install/autoware_ros_bridge_carla' for CMake config files
[10.213s] Level 1:colcon.colcon_core.shell:create_environment_hook('autoware_ros_bridge_carla', 'cmake_prefix_path')
[10.218s] INFO:colcon.colcon_core.shell:Creating environment hook '/home/tasl/autoware.universe-carla-ros-bridge/install/autoware_ros_bridge_carla/share/autoware_ros_bridge_carla/hook/cmake_prefix_path.ps1'
[10.219s] INFO:colcon.colcon_core.shell:Creating environment descriptor '/home/tasl/autoware.universe-carla-ros-bridge/install/autoware_ros_bridge_carla/share/autoware_ros_bridge_carla/hook/cmake_prefix_path.dsv'
[10.219s] INFO:colcon.colcon_core.shell:Creating environment hook '/home/tasl/autoware.universe-carla-ros-bridge/install/autoware_ros_bridge_carla/share/autoware_ros_bridge_carla/hook/cmake_prefix_path.sh'
[10.220s] Level 1:colcon.colcon_core.environment:checking '/home/tasl/autoware.universe-carla-ros-bridge/install/autoware_ros_bridge_carla/lib'
[10.220s] Level 1:colcon.colcon_core.environment:checking '/home/tasl/autoware.universe-carla-ros-bridge/install/autoware_ros_bridge_carla/bin'
[10.221s] Level 1:colcon.colcon_core.environment:checking '/home/tasl/autoware.universe-carla-ros-bridge/install/autoware_ros_bridge_carla/lib/pkgconfig/autoware_ros_bridge_carla.pc'
[10.221s] Level 1:colcon.colcon_core.environment:checking '/home/tasl/autoware.universe-carla-ros-bridge/install/autoware_ros_bridge_carla/lib/python3.8/site-packages'
[10.222s] Level 1:colcon.colcon_core.environment:checking '/home/tasl/autoware.universe-carla-ros-bridge/install/autoware_ros_bridge_carla/bin'
[10.229s] INFO:colcon.colcon_core.shell:Creating package script '/home/tasl/autoware.universe-carla-ros-bridge/install/autoware_ros_bridge_carla/share/autoware_ros_bridge_carla/package.ps1'
[10.229s] INFO:colcon.colcon_core.shell:Creating package descriptor '/home/tasl/autoware.universe-carla-ros-bridge/install/autoware_ros_bridge_carla/share/autoware_ros_bridge_carla/package.dsv'
[10.230s] INFO:colcon.colcon_core.shell:Creating package script '/home/tasl/autoware.universe-carla-ros-bridge/install/autoware_ros_bridge_carla/share/autoware_ros_bridge_carla/package.sh'
[10.231s] INFO:colcon.colcon_core.shell:Creating package script '/home/tasl/autoware.universe-carla-ros-bridge/install/autoware_ros_bridge_carla/share/autoware_ros_bridge_carla/package.bash'
[10.231s] INFO:colcon.colcon_core.shell:Creating package script '/home/tasl/autoware.universe-carla-ros-bridge/install/autoware_ros_bridge_carla/share/autoware_ros_bridge_carla/package.zsh'
[10.231s] Level 1:colcon.colcon_core.environment:create_file_with_runtime_dependencies(/home/tasl/autoware.universe-carla-ros-bridge/install/autoware_ros_bridge_carla/share/colcon-core/packages/autoware_ros_bridge_carla)
[10.268s] Level 1:colcon.colcon_core.environment:create_environment_scripts_only(autoware_ros_bridge_carla)
[10.273s] Level 1:colcon.colcon_core.environment:checking '/home/tasl/autoware.universe-carla-ros-bridge/install/autoware_ros_bridge_carla' for CMake module files
[10.274s] Level 1:colcon.colcon_core.environment:checking '/home/tasl/autoware.universe-carla-ros-bridge/install/autoware_ros_bridge_carla' for CMake config files
[10.274s] Level 1:colcon.colcon_core.shell:create_environment_hook('autoware_ros_bridge_carla', 'cmake_prefix_path')
[10.277s] INFO:colcon.colcon_core.shell:Creating environment hook '/home/tasl/autoware.universe-carla-ros-bridge/install/autoware_ros_bridge_carla/share/autoware_ros_bridge_carla/hook/cmake_prefix_path.ps1'
[10.278s] INFO:colcon.colcon_core.shell:Creating environment descriptor '/home/tasl/autoware.universe-carla-ros-bridge/install/autoware_ros_bridge_carla/share/autoware_ros_bridge_carla/hook/cmake_prefix_path.dsv'
[10.278s] INFO:colcon.colcon_core.shell:Creating environment hook '/home/tasl/autoware.universe-carla-ros-bridge/install/autoware_ros_bridge_carla/share/autoware_ros_bridge_carla/hook/cmake_prefix_path.sh'
[10.279s] Level 1:colcon.colcon_core.environment:checking '/home/tasl/autoware.universe-carla-ros-bridge/install/autoware_ros_bridge_carla/lib'
[10.279s] Level 1:colcon.colcon_core.environment:checking '/home/tasl/autoware.universe-carla-ros-bridge/install/autoware_ros_bridge_carla/bin'
[10.279s] Level 1:colcon.colcon_core.environment:checking '/home/tasl/autoware.universe-carla-ros-bridge/install/autoware_ros_bridge_carla/lib/pkgconfig/autoware_ros_bridge_carla.pc'
[10.279s] Level 1:colcon.colcon_core.environment:checking '/home/tasl/autoware.universe-carla-ros-bridge/install/autoware_ros_bridge_carla/lib/python3.8/site-packages'
[10.279s] Level 1:colcon.colcon_core.environment:checking '/home/tasl/autoware.universe-carla-ros-bridge/install/autoware_ros_bridge_carla/bin'
[10.282s] INFO:colcon.colcon_core.shell:Creating package script '/home/tasl/autoware.universe-carla-ros-bridge/install/autoware_ros_bridge_carla/share/autoware_ros_bridge_carla/package.ps1'
[10.282s] INFO:colcon.colcon_core.shell:Creating package descriptor '/home/tasl/autoware.universe-carla-ros-bridge/install/autoware_ros_bridge_carla/share/autoware_ros_bridge_carla/package.dsv'
[10.283s] INFO:colcon.colcon_core.shell:Creating package script '/home/tasl/autoware.universe-carla-ros-bridge/install/autoware_ros_bridge_carla/share/autoware_ros_bridge_carla/package.sh'
[10.283s] INFO:colcon.colcon_core.shell:Creating package script '/home/tasl/autoware.universe-carla-ros-bridge/install/autoware_ros_bridge_carla/share/autoware_ros_bridge_carla/package.bash'
[10.284s] INFO:colcon.colcon_core.shell:Creating package script '/home/tasl/autoware.universe-carla-ros-bridge/install/autoware_ros_bridge_carla/share/autoware_ros_bridge_carla/package.zsh'
[10.284s] Level 1:colcon.colcon_core.environment:create_file_with_runtime_dependencies(/home/tasl/autoware.universe-carla-ros-bridge/install/autoware_ros_bridge_carla/share/colcon-core/packages/autoware_ros_bridge_carla)
[10.284s] DEBUG:colcon.colcon_parallel_executor.executor.parallel:closing loop
[10.285s] DEBUG:colcon.colcon_parallel_executor.executor.parallel:loop closed
[10.285s] DEBUG:colcon.colcon_parallel_executor.executor.parallel:run_until_complete finished with '0'
[10.285s] DEBUG:colcon.colcon_core.event_reactor:joining thread
[10.293s] INFO:colcon.colcon_core.plugin_system:Skipping extension 'colcon_notification.desktop_notification.terminal_notifier': Not used on non-Darwin systems
[10.293s] INFO:colcon.colcon_core.plugin_system:Skipping extension 'colcon_notification.desktop_notification.win32': Not used on non-Windows systems
[10.294s] INFO:colcon.colcon_notification.desktop_notification:Sending desktop notification using 'notify2'
[10.307s] DEBUG:colcon.colcon_core.event_reactor:joined thread
[10.311s] INFO:colcon.colcon_core.shell:Creating prefix script '/home/tasl/autoware.universe-carla-ros-bridge/install/local_setup.ps1'
[10.312s] INFO:colcon.colcon_core.shell:Creating prefix util module '/home/tasl/autoware.universe-carla-ros-bridge/install/_local_setup_util_ps1.py'
[10.313s] INFO:colcon.colcon_core.shell:Creating prefix chain script '/home/tasl/autoware.universe-carla-ros-bridge/install/setup.ps1'
[10.316s] INFO:colcon.colcon_core.shell:Creating prefix script '/home/tasl/autoware.universe-carla-ros-bridge/install/local_setup.sh'
[10.317s] INFO:colcon.colcon_core.shell:Creating prefix util module '/home/tasl/autoware.universe-carla-ros-bridge/install/_local_setup_util_sh.py'
[10.317s] INFO:colcon.colcon_core.shell:Creating prefix chain script '/home/tasl/autoware.universe-carla-ros-bridge/install/setup.sh'
[10.320s] INFO:colcon.colcon_core.shell:Creating prefix script '/home/tasl/autoware.universe-carla-ros-bridge/install/local_setup.bash'
[10.320s] INFO:colcon.colcon_core.shell:Creating prefix chain script '/home/tasl/autoware.universe-carla-ros-bridge/install/setup.bash'
[10.323s] INFO:colcon.colcon_core.shell:Creating prefix script '/home/tasl/autoware.universe-carla-ros-bridge/install/local_setup.zsh'
[10.323s] INFO:colcon.colcon_core.shell:Creating prefix chain script '/home/tasl/autoware.universe-carla-ros-bridge/install/setup.zsh'
