[0.348s] DEBUG:colcon:Command line arguments: ['/usr/bin/colcon', 'build']
[0.348s] DEBUG:colcon:Parsed command line arguments: Namespace(allow_overriding=[], ament_cmake_args=None, base_paths=['.'], build_base='build', catkin_cmake_args=None, catkin_skip_building_tests=False, cmake_args=None, cmake_clean_cache=False, cmake_clean_first=False, cmake_force_configure=False, cmake_target=None, cmake_target_skip_unavailable=False, continue_on_error=False, event_handlers=None, executor='parallel', ignore_user_meta=False, install_base='install', log_base=None, log_level=None, main=<bound method BuildVerb.main of <colcon_core.verb.build.BuildVerb object at 0x7f2833408eb0>>, merge_install=False, metas=['./colcon.meta'], packages_above=None, packages_above_and_dependencies=None, packages_above_depth=None, packages_end=None, packages_ignore=None, packages_ignore_regex=None, packages_select=None, packages_select_build_failed=False, packages_select_by_dep=None, packages_select_regex=None, packages_select_test_failures=False, packages_skip=None, packages_skip_build_finished=False, packages_skip_by_dep=None, packages_skip_regex=None, packages_skip_test_passed=False, packages_skip_up_to=None, packages_start=None, packages_up_to=None, packages_up_to_regex=None, parallel_workers=16, paths=None, symlink_install=False, test_result_base=None, verb_extension=<colcon_core.verb.build.BuildVerb object at 0x7f2833408eb0>, verb_name='build', verb_parser=<colcon_defaults.argument_parser.defaults.DefaultArgumentsDecorator object at 0x7f28333dabb0>)
[0.387s] Level 1:colcon.colcon_core.package_discovery:discover_packages(colcon_meta) check parameters
[0.387s] Level 1:colcon.colcon_core.package_discovery:discover_packages(recursive) check parameters
[0.387s] Level 1:colcon.colcon_core.package_discovery:discover_packages(ignore) check parameters
[0.387s] Level 1:colcon.colcon_core.package_discovery:discover_packages(path) check parameters
[0.387s] Level 1:colcon.colcon_core.package_discovery:discover_packages(colcon_meta) discover
[0.387s] Level 1:colcon.colcon_core.package_discovery:discover_packages(recursive) discover
[0.387s] INFO:colcon.colcon_core.package_discovery:Crawling recursively for packages in '/home/tasl/autoware.universe-carla-ros-bridge'
[0.387s] Level 1:colcon.colcon_core.package_identification:_identify(.) by extensions ['ignore', 'ignore_ament_install']
[0.387s] Level 1:colcon.colcon_core.package_identification:_identify(.) by extension 'ignore'
[0.387s] Level 1:colcon.colcon_core.package_identification:_identify(.) by extension 'ignore_ament_install'
[0.387s] Level 1:colcon.colcon_core.package_identification:_identify(.) by extensions ['colcon_pkg']
[0.387s] Level 1:colcon.colcon_core.package_identification:_identify(.) by extension 'colcon_pkg'
[0.387s] Level 1:colcon.colcon_core.package_identification:_identify(.) by extensions ['colcon_meta']
[0.388s] Level 1:colcon.colcon_core.package_identification:_identify(.) by extension 'colcon_meta'
[0.388s] Level 1:colcon.colcon_core.package_identification:_identify(.) by extensions ['ros']
[0.388s] Level 1:colcon.colcon_core.package_identification:_identify(.) by extension 'ros'
[0.399s] Level 1:colcon.colcon_core.package_identification:_identify(.) by extensions ['cmake', 'python']
[0.400s] Level 1:colcon.colcon_core.package_identification:_identify(.) by extension 'cmake'
[0.400s] Level 1:colcon.colcon_core.package_identification:_identify(.) by extension 'python'
[0.400s] Level 1:colcon.colcon_core.package_identification:_identify(.) by extensions ['python_setup_py']
[0.400s] Level 1:colcon.colcon_core.package_identification:_identify(.) by extension 'python_setup_py'
[0.400s] Level 1:colcon.colcon_core.package_identification:_identify(autoware_auto_control_msgs) by extensions ['ignore', 'ignore_ament_install']
[0.400s] Level 1:colcon.colcon_core.package_identification:_identify(autoware_auto_control_msgs) by extension 'ignore'
[0.400s] Level 1:colcon.colcon_core.package_identification:_identify(autoware_auto_control_msgs) by extension 'ignore_ament_install'
[0.400s] Level 1:colcon.colcon_core.package_identification:_identify(autoware_auto_control_msgs) by extensions ['colcon_pkg']
[0.400s] Level 1:colcon.colcon_core.package_identification:_identify(autoware_auto_control_msgs) by extension 'colcon_pkg'
[0.400s] Level 1:colcon.colcon_core.package_identification:_identify(autoware_auto_control_msgs) by extensions ['colcon_meta']
[0.400s] Level 1:colcon.colcon_core.package_identification:_identify(autoware_auto_control_msgs) by extension 'colcon_meta'
[0.400s] Level 1:colcon.colcon_core.package_identification:_identify(autoware_auto_control_msgs) by extensions ['ros']
[0.400s] Level 1:colcon.colcon_core.package_identification:_identify(autoware_auto_control_msgs) by extension 'ros'
[0.404s] DEBUG:colcon.colcon_core.package_identification:Package 'autoware_auto_control_msgs' with type 'ros.ament_cmake' and name 'autoware_auto_control_msgs'
[0.404s] Level 1:colcon.colcon_core.package_identification:_identify(autoware_control_msgs) by extensions ['ignore', 'ignore_ament_install']
[0.404s] Level 1:colcon.colcon_core.package_identification:_identify(autoware_control_msgs) by extension 'ignore'
[0.404s] Level 1:colcon.colcon_core.package_identification:_identify(autoware_control_msgs) by extension 'ignore_ament_install'
[0.404s] Level 1:colcon.colcon_core.package_identification:_identify(autoware_control_msgs) by extensions ['colcon_pkg']
[0.404s] Level 1:colcon.colcon_core.package_identification:_identify(autoware_control_msgs) by extension 'colcon_pkg'
[0.404s] Level 1:colcon.colcon_core.package_identification:_identify(autoware_control_msgs) by extensions ['colcon_meta']
[0.404s] Level 1:colcon.colcon_core.package_identification:_identify(autoware_control_msgs) by extension 'colcon_meta'
[0.404s] Level 1:colcon.colcon_core.package_identification:_identify(autoware_control_msgs) by extensions ['ros']
[0.404s] Level 1:colcon.colcon_core.package_identification:_identify(autoware_control_msgs) by extension 'ros'
[0.405s] DEBUG:colcon.colcon_core.package_identification:Package 'autoware_control_msgs' with type 'ros.ament_cmake' and name 'autoware_control_msgs'
[0.405s] Level 1:colcon.colcon_core.package_identification:_identify(autoware_ros_bridge_carla) by extensions ['ignore', 'ignore_ament_install']
[0.405s] Level 1:colcon.colcon_core.package_identification:_identify(autoware_ros_bridge_carla) by extension 'ignore'
[0.405s] Level 1:colcon.colcon_core.package_identification:_identify(autoware_ros_bridge_carla) by extension 'ignore_ament_install'
[0.405s] Level 1:colcon.colcon_core.package_identification:_identify(autoware_ros_bridge_carla) by extensions ['colcon_pkg']
[0.405s] Level 1:colcon.colcon_core.package_identification:_identify(autoware_ros_bridge_carla) by extension 'colcon_pkg'
[0.405s] Level 1:colcon.colcon_core.package_identification:_identify(autoware_ros_bridge_carla) by extensions ['colcon_meta']
[0.405s] Level 1:colcon.colcon_core.package_identification:_identify(autoware_ros_bridge_carla) by extension 'colcon_meta'
[0.405s] Level 1:colcon.colcon_core.package_identification:_identify(autoware_ros_bridge_carla) by extensions ['ros']
[0.405s] Level 1:colcon.colcon_core.package_identification:_identify(autoware_ros_bridge_carla) by extension 'ros'
[0.406s] DEBUG:colcon.colcon_core.package_identification:Package 'autoware_ros_bridge_carla' with type 'ros.ament_cmake' and name 'autoware_ros_bridge_carla'
[0.406s] Level 1:colcon.colcon_core.package_identification:_identify(build) by extensions ['ignore', 'ignore_ament_install']
[0.406s] Level 1:colcon.colcon_core.package_identification:_identify(build) by extension 'ignore'
[0.406s] Level 1:colcon.colcon_core.package_identification:_identify(build) ignored
[0.407s] Level 1:colcon.colcon_core.package_identification:_identify(install) by extensions ['ignore', 'ignore_ament_install']
[0.407s] Level 1:colcon.colcon_core.package_identification:_identify(install) by extension 'ignore'
[0.407s] Level 1:colcon.colcon_core.package_identification:_identify(install) ignored
[0.407s] Level 1:colcon.colcon_core.package_identification:_identify(log) by extensions ['ignore', 'ignore_ament_install']
[0.407s] Level 1:colcon.colcon_core.package_identification:_identify(log) by extension 'ignore'
[0.407s] Level 1:colcon.colcon_core.package_identification:_identify(log) ignored
[0.407s] Level 1:colcon.colcon_core.package_discovery:discover_packages(recursive) using defaults
[0.407s] Level 1:colcon.colcon_core.package_discovery:discover_packages(ignore) discover
[0.407s] Level 1:colcon.colcon_core.package_discovery:discover_packages(ignore) using defaults
[0.407s] Level 1:colcon.colcon_core.package_discovery:discover_packages(path) discover
[0.407s] Level 1:colcon.colcon_core.package_discovery:discover_packages(path) using defaults
[0.432s] Level 1:colcon.colcon_core.package_discovery:discover_packages(prefix_path) check parameters
[0.432s] Level 1:colcon.colcon_core.package_discovery:discover_packages(prefix_path) discover
[0.436s] DEBUG:colcon.colcon_installed_package_information.package_discovery:Found 332 installed packages in /opt/ros/galactic
[0.438s] Level 1:colcon.colcon_core.package_discovery:discover_packages(prefix_path) using defaults
[0.524s] Level 5:colcon.colcon_core.verb:set package 'autoware_auto_control_msgs' build argument 'cmake_args' from command line to 'None'
[0.525s] Level 5:colcon.colcon_core.verb:set package 'autoware_auto_control_msgs' build argument 'cmake_target' from command line to 'None'
[0.525s] Level 5:colcon.colcon_core.verb:set package 'autoware_auto_control_msgs' build argument 'cmake_target_skip_unavailable' from command line to 'False'
[0.525s] Level 5:colcon.colcon_core.verb:set package 'autoware_auto_control_msgs' build argument 'cmake_clean_cache' from command line to 'False'
[0.525s] Level 5:colcon.colcon_core.verb:set package 'autoware_auto_control_msgs' build argument 'cmake_clean_first' from command line to 'False'
[0.525s] Level 5:colcon.colcon_core.verb:set package 'autoware_auto_control_msgs' build argument 'cmake_force_configure' from command line to 'False'
[0.525s] Level 5:colcon.colcon_core.verb:set package 'autoware_auto_control_msgs' build argument 'ament_cmake_args' from command line to 'None'
[0.525s] Level 5:colcon.colcon_core.verb:set package 'autoware_auto_control_msgs' build argument 'catkin_cmake_args' from command line to 'None'
[0.525s] Level 5:colcon.colcon_core.verb:set package 'autoware_auto_control_msgs' build argument 'catkin_skip_building_tests' from command line to 'False'
[0.525s] DEBUG:colcon.colcon_core.verb:Building package 'autoware_auto_control_msgs' with the following arguments: {'ament_cmake_args': None, 'build_base': '/home/tasl/autoware.universe-carla-ros-bridge/build/autoware_auto_control_msgs', 'catkin_cmake_args': None, 'catkin_skip_building_tests': False, 'cmake_args': None, 'cmake_clean_cache': False, 'cmake_clean_first': False, 'cmake_force_configure': False, 'cmake_target': None, 'cmake_target_skip_unavailable': False, 'install_base': '/home/tasl/autoware.universe-carla-ros-bridge/install/autoware_auto_control_msgs', 'merge_install': False, 'path': '/home/tasl/autoware.universe-carla-ros-bridge/autoware_auto_control_msgs', 'symlink_install': False, 'test_result_base': None}
[0.527s] Level 5:colcon.colcon_core.verb:set package 'autoware_control_msgs' build argument 'cmake_args' from command line to 'None'
[0.527s] Level 5:colcon.colcon_core.verb:set package 'autoware_control_msgs' build argument 'cmake_target' from command line to 'None'
[0.527s] Level 5:colcon.colcon_core.verb:set package 'autoware_control_msgs' build argument 'cmake_target_skip_unavailable' from command line to 'False'
[0.527s] Level 5:colcon.colcon_core.verb:set package 'autoware_control_msgs' build argument 'cmake_clean_cache' from command line to 'False'
[0.527s] Level 5:colcon.colcon_core.verb:set package 'autoware_control_msgs' build argument 'cmake_clean_first' from command line to 'False'
[0.527s] Level 5:colcon.colcon_core.verb:set package 'autoware_control_msgs' build argument 'cmake_force_configure' from command line to 'False'
[0.527s] Level 5:colcon.colcon_core.verb:set package 'autoware_control_msgs' build argument 'ament_cmake_args' from command line to 'None'
[0.527s] Level 5:colcon.colcon_core.verb:set package 'autoware_control_msgs' build argument 'catkin_cmake_args' from command line to 'None'
[0.527s] Level 5:colcon.colcon_core.verb:set package 'autoware_control_msgs' build argument 'catkin_skip_building_tests' from command line to 'False'
[0.527s] DEBUG:colcon.colcon_core.verb:Building package 'autoware_control_msgs' with the following arguments: {'ament_cmake_args': None, 'build_base': '/home/tasl/autoware.universe-carla-ros-bridge/build/autoware_control_msgs', 'catkin_cmake_args': None, 'catkin_skip_building_tests': False, 'cmake_args': None, 'cmake_clean_cache': False, 'cmake_clean_first': False, 'cmake_force_configure': False, 'cmake_target': None, 'cmake_target_skip_unavailable': False, 'install_base': '/home/tasl/autoware.universe-carla-ros-bridge/install/autoware_control_msgs', 'merge_install': False, 'path': '/home/tasl/autoware.universe-carla-ros-bridge/autoware_control_msgs', 'symlink_install': False, 'test_result_base': None}
[0.529s] Level 5:colcon.colcon_core.verb:set package 'autoware_ros_bridge_carla' build argument 'cmake_args' from command line to 'None'
[0.529s] Level 5:colcon.colcon_core.verb:set package 'autoware_ros_bridge_carla' build argument 'cmake_target' from command line to 'None'
[0.529s] Level 5:colcon.colcon_core.verb:set package 'autoware_ros_bridge_carla' build argument 'cmake_target_skip_unavailable' from command line to 'False'
[0.529s] Level 5:colcon.colcon_core.verb:set package 'autoware_ros_bridge_carla' build argument 'cmake_clean_cache' from command line to 'False'
[0.529s] Level 5:colcon.colcon_core.verb:set package 'autoware_ros_bridge_carla' build argument 'cmake_clean_first' from command line to 'False'
[0.529s] Level 5:colcon.colcon_core.verb:set package 'autoware_ros_bridge_carla' build argument 'cmake_force_configure' from command line to 'False'
[0.529s] Level 5:colcon.colcon_core.verb:set package 'autoware_ros_bridge_carla' build argument 'ament_cmake_args' from command line to 'None'
[0.529s] Level 5:colcon.colcon_core.verb:set package 'autoware_ros_bridge_carla' build argument 'catkin_cmake_args' from command line to 'None'
[0.529s] Level 5:colcon.colcon_core.verb:set package 'autoware_ros_bridge_carla' build argument 'catkin_skip_building_tests' from command line to 'False'
[0.529s] DEBUG:colcon.colcon_core.verb:Building package 'autoware_ros_bridge_carla' with the following arguments: {'ament_cmake_args': None, 'build_base': '/home/tasl/autoware.universe-carla-ros-bridge/build/autoware_ros_bridge_carla', 'catkin_cmake_args': None, 'catkin_skip_building_tests': False, 'cmake_args': None, 'cmake_clean_cache': False, 'cmake_clean_first': False, 'cmake_force_configure': False, 'cmake_target': None, 'cmake_target_skip_unavailable': False, 'install_base': '/home/tasl/autoware.universe-carla-ros-bridge/install/autoware_ros_bridge_carla', 'merge_install': False, 'path': '/home/tasl/autoware.universe-carla-ros-bridge/autoware_ros_bridge_carla', 'symlink_install': False, 'test_result_base': None}
[0.531s] INFO:colcon.colcon_core.executor:Executing jobs using 'parallel' executor
[0.539s] DEBUG:colcon.colcon_parallel_executor.executor.parallel:run_until_complete
[0.539s] INFO:colcon.colcon_ros.task.ament_cmake.build:Building ROS package in '/home/tasl/autoware.universe-carla-ros-bridge/autoware_auto_control_msgs' with build type 'ament_cmake'
[0.539s] INFO:colcon.colcon_cmake.task.cmake.build:Building CMake package in '/home/tasl/autoware.universe-carla-ros-bridge/autoware_auto_control_msgs'
[0.545s] INFO:colcon.colcon_core.plugin_system:Skipping extension 'colcon_core.shell.bat': Not used on non-Windows systems
[0.545s] INFO:colcon.colcon_core.shell:Skip shell extension 'powershell' for command environment: Not usable outside of PowerShell
[0.545s] DEBUG:colcon.colcon_core.shell:Skip shell extension 'dsv' for command environment
[0.552s] INFO:colcon.colcon_ros.task.ament_cmake.build:Building ROS package in '/home/tasl/autoware.universe-carla-ros-bridge/autoware_control_msgs' with build type 'ament_cmake'
[0.553s] INFO:colcon.colcon_cmake.task.cmake.build:Building CMake package in '/home/tasl/autoware.universe-carla-ros-bridge/autoware_control_msgs'
[0.555s] INFO:colcon.colcon_core.shell:Skip shell extension 'powershell' for command environment: Not usable outside of PowerShell
[0.556s] DEBUG:colcon.colcon_core.shell:Skip shell extension 'dsv' for command environment
[0.570s] DEBUG:colcon.colcon_core.event_handler.log_command:Invoking command in '/home/tasl/autoware.universe-carla-ros-bridge/build/autoware_auto_control_msgs': CMAKE_PREFIX_PATH=/opt/ros/galactic /usr/bin/cmake --build /home/tasl/autoware.universe-carla-ros-bridge/build/autoware_auto_control_msgs -- -j16 -l16
[0.577s] DEBUG:colcon.colcon_core.event_handler.log_command:Invoking command in '/home/tasl/autoware.universe-carla-ros-bridge/build/autoware_control_msgs': CMAKE_PREFIX_PATH=/opt/ros/galactic /usr/bin/cmake --build /home/tasl/autoware.universe-carla-ros-bridge/build/autoware_control_msgs -- -j16 -l16
[0.782s] DEBUG:colcon.colcon_core.event_handler.log_command:Invoked command in '/home/tasl/autoware.universe-carla-ros-bridge/build/autoware_control_msgs' returned '0': CMAKE_PREFIX_PATH=/opt/ros/galactic /usr/bin/cmake --build /home/tasl/autoware.universe-carla-ros-bridge/build/autoware_control_msgs -- -j16 -l16
[0.783s] DEBUG:colcon.colcon_core.event_handler.log_command:Invoked command in '/home/tasl/autoware.universe-carla-ros-bridge/build/autoware_auto_control_msgs' returned '0': CMAKE_PREFIX_PATH=/opt/ros/galactic /usr/bin/cmake --build /home/tasl/autoware.universe-carla-ros-bridge/build/autoware_auto_control_msgs -- -j16 -l16
[0.850s] DEBUG:colcon.colcon_core.event_handler.log_command:Invoking command in '/home/tasl/autoware.universe-carla-ros-bridge/build/autoware_control_msgs': CMAKE_PREFIX_PATH=/opt/ros/galactic /usr/bin/cmake --install /home/tasl/autoware.universe-carla-ros-bridge/build/autoware_control_msgs
[0.857s] DEBUG:colcon.colcon_core.event_handler.log_command:Invoking command in '/home/tasl/autoware.universe-carla-ros-bridge/build/autoware_auto_control_msgs': CMAKE_PREFIX_PATH=/opt/ros/galactic /usr/bin/cmake --install /home/tasl/autoware.universe-carla-ros-bridge/build/autoware_auto_control_msgs
[0.899s] Level 1:colcon.colcon_core.environment:create_environment_scripts_only(autoware_control_msgs)
[0.901s] DEBUG:colcon.colcon_core.event_handler.log_command:Invoked command in '/home/tasl/autoware.universe-carla-ros-bridge/build/autoware_control_msgs' returned '0': CMAKE_PREFIX_PATH=/opt/ros/galactic /usr/bin/cmake --install /home/tasl/autoware.universe-carla-ros-bridge/build/autoware_control_msgs
[0.907s] Level 1:colcon.colcon_core.environment:checking '/home/tasl/autoware.universe-carla-ros-bridge/install/autoware_control_msgs' for CMake module files
[0.908s] Level 1:colcon.colcon_core.environment:checking '/home/tasl/autoware.universe-carla-ros-bridge/install/autoware_control_msgs' for CMake config files
[0.909s] Level 1:colcon.colcon_core.shell:create_environment_hook('autoware_control_msgs', 'cmake_prefix_path')
[0.912s] INFO:colcon.colcon_core.shell:Creating environment hook '/home/tasl/autoware.universe-carla-ros-bridge/install/autoware_control_msgs/share/autoware_control_msgs/hook/cmake_prefix_path.ps1'
[0.912s] INFO:colcon.colcon_core.shell:Creating environment descriptor '/home/tasl/autoware.universe-carla-ros-bridge/install/autoware_control_msgs/share/autoware_control_msgs/hook/cmake_prefix_path.dsv'
[0.913s] INFO:colcon.colcon_core.shell:Creating environment hook '/home/tasl/autoware.universe-carla-ros-bridge/install/autoware_control_msgs/share/autoware_control_msgs/hook/cmake_prefix_path.sh'
[0.914s] Level 1:colcon.colcon_core.environment:checking '/home/tasl/autoware.universe-carla-ros-bridge/install/autoware_control_msgs/lib'
[0.914s] Level 1:colcon.colcon_core.shell:create_environment_hook('autoware_control_msgs', 'ld_library_path_lib')
[0.916s] INFO:colcon.colcon_core.shell:Creating environment hook '/home/tasl/autoware.universe-carla-ros-bridge/install/autoware_control_msgs/share/autoware_control_msgs/hook/ld_library_path_lib.ps1'
[0.917s] INFO:colcon.colcon_core.shell:Creating environment descriptor '/home/tasl/autoware.universe-carla-ros-bridge/install/autoware_control_msgs/share/autoware_control_msgs/hook/ld_library_path_lib.dsv'
[0.917s] INFO:colcon.colcon_core.shell:Creating environment hook '/home/tasl/autoware.universe-carla-ros-bridge/install/autoware_control_msgs/share/autoware_control_msgs/hook/ld_library_path_lib.sh'
[0.917s] Level 1:colcon.colcon_core.environment:checking '/home/tasl/autoware.universe-carla-ros-bridge/install/autoware_control_msgs/bin'
[0.917s] Level 1:colcon.colcon_core.environment:checking '/home/tasl/autoware.universe-carla-ros-bridge/install/autoware_control_msgs/lib/pkgconfig/autoware_control_msgs.pc'
[0.918s] Level 1:colcon.colcon_core.environment:checking '/home/tasl/autoware.universe-carla-ros-bridge/install/autoware_control_msgs/lib/python3.8/site-packages'
[0.918s] Level 1:colcon.colcon_core.shell:create_environment_hook('autoware_control_msgs', 'pythonpath')
[0.921s] INFO:colcon.colcon_core.shell:Creating environment hook '/home/tasl/autoware.universe-carla-ros-bridge/install/autoware_control_msgs/share/autoware_control_msgs/hook/pythonpath.ps1'
[0.921s] INFO:colcon.colcon_core.shell:Creating environment descriptor '/home/tasl/autoware.universe-carla-ros-bridge/install/autoware_control_msgs/share/autoware_control_msgs/hook/pythonpath.dsv'
[0.921s] INFO:colcon.colcon_core.shell:Creating environment hook '/home/tasl/autoware.universe-carla-ros-bridge/install/autoware_control_msgs/share/autoware_control_msgs/hook/pythonpath.sh'
[0.922s] Level 1:colcon.colcon_core.environment:checking '/home/tasl/autoware.universe-carla-ros-bridge/install/autoware_control_msgs/bin'
[0.925s] INFO:colcon.colcon_core.shell:Creating package script '/home/tasl/autoware.universe-carla-ros-bridge/install/autoware_control_msgs/share/autoware_control_msgs/package.ps1'
[0.926s] INFO:colcon.colcon_core.shell:Creating package descriptor '/home/tasl/autoware.universe-carla-ros-bridge/install/autoware_control_msgs/share/autoware_control_msgs/package.dsv'
[0.926s] INFO:colcon.colcon_core.shell:Creating package script '/home/tasl/autoware.universe-carla-ros-bridge/install/autoware_control_msgs/share/autoware_control_msgs/package.sh'
[0.927s] INFO:colcon.colcon_core.shell:Creating package script '/home/tasl/autoware.universe-carla-ros-bridge/install/autoware_control_msgs/share/autoware_control_msgs/package.bash'
[0.927s] INFO:colcon.colcon_core.shell:Creating package script '/home/tasl/autoware.universe-carla-ros-bridge/install/autoware_control_msgs/share/autoware_control_msgs/package.zsh'
[0.928s] Level 1:colcon.colcon_core.environment:create_file_with_runtime_dependencies(/home/tasl/autoware.universe-carla-ros-bridge/install/autoware_control_msgs/share/colcon-core/packages/autoware_control_msgs)
[0.932s] Level 1:colcon.colcon_core.environment:create_environment_scripts_only(autoware_auto_control_msgs)
[0.936s] Level 1:colcon.colcon_core.environment:checking '/home/tasl/autoware.universe-carla-ros-bridge/install/autoware_auto_control_msgs' for CMake module files
[0.936s] DEBUG:colcon.colcon_core.event_handler.log_command:Invoked command in '/home/tasl/autoware.universe-carla-ros-bridge/build/autoware_auto_control_msgs' returned '0': CMAKE_PREFIX_PATH=/opt/ros/galactic /usr/bin/cmake --install /home/tasl/autoware.universe-carla-ros-bridge/build/autoware_auto_control_msgs
[0.937s] Level 1:colcon.colcon_core.environment:checking '/home/tasl/autoware.universe-carla-ros-bridge/install/autoware_auto_control_msgs' for CMake config files
[0.937s] Level 1:colcon.colcon_core.shell:create_environment_hook('autoware_auto_control_msgs', 'cmake_prefix_path')
[0.940s] INFO:colcon.colcon_core.shell:Creating environment hook '/home/tasl/autoware.universe-carla-ros-bridge/install/autoware_auto_control_msgs/share/autoware_auto_control_msgs/hook/cmake_prefix_path.ps1'
[0.940s] INFO:colcon.colcon_core.shell:Creating environment descriptor '/home/tasl/autoware.universe-carla-ros-bridge/install/autoware_auto_control_msgs/share/autoware_auto_control_msgs/hook/cmake_prefix_path.dsv'
[0.941s] INFO:colcon.colcon_core.shell:Creating environment hook '/home/tasl/autoware.universe-carla-ros-bridge/install/autoware_auto_control_msgs/share/autoware_auto_control_msgs/hook/cmake_prefix_path.sh'
[0.941s] Level 1:colcon.colcon_core.environment:checking '/home/tasl/autoware.universe-carla-ros-bridge/install/autoware_auto_control_msgs/lib'
[0.941s] Level 1:colcon.colcon_core.shell:create_environment_hook('autoware_auto_control_msgs', 'ld_library_path_lib')
[0.945s] INFO:colcon.colcon_core.shell:Creating environment hook '/home/tasl/autoware.universe-carla-ros-bridge/install/autoware_auto_control_msgs/share/autoware_auto_control_msgs/hook/ld_library_path_lib.ps1'
[0.945s] INFO:colcon.colcon_core.shell:Creating environment descriptor '/home/tasl/autoware.universe-carla-ros-bridge/install/autoware_auto_control_msgs/share/autoware_auto_control_msgs/hook/ld_library_path_lib.dsv'
[0.945s] INFO:colcon.colcon_core.shell:Creating environment hook '/home/tasl/autoware.universe-carla-ros-bridge/install/autoware_auto_control_msgs/share/autoware_auto_control_msgs/hook/ld_library_path_lib.sh'
[0.946s] Level 1:colcon.colcon_core.environment:checking '/home/tasl/autoware.universe-carla-ros-bridge/install/autoware_auto_control_msgs/bin'
[0.946s] Level 1:colcon.colcon_core.environment:checking '/home/tasl/autoware.universe-carla-ros-bridge/install/autoware_auto_control_msgs/lib/pkgconfig/autoware_auto_control_msgs.pc'
[0.946s] Level 1:colcon.colcon_core.environment:checking '/home/tasl/autoware.universe-carla-ros-bridge/install/autoware_auto_control_msgs/lib/python3.8/site-packages'
[0.946s] Level 1:colcon.colcon_core.shell:create_environment_hook('autoware_auto_control_msgs', 'pythonpath')
[0.949s] INFO:colcon.colcon_core.shell:Creating environment hook '/home/tasl/autoware.universe-carla-ros-bridge/install/autoware_auto_control_msgs/share/autoware_auto_control_msgs/hook/pythonpath.ps1'
[0.949s] INFO:colcon.colcon_core.shell:Creating environment descriptor '/home/tasl/autoware.universe-carla-ros-bridge/install/autoware_auto_control_msgs/share/autoware_auto_control_msgs/hook/pythonpath.dsv'
[0.950s] INFO:colcon.colcon_core.shell:Creating environment hook '/home/tasl/autoware.universe-carla-ros-bridge/install/autoware_auto_control_msgs/share/autoware_auto_control_msgs/hook/pythonpath.sh'
[0.950s] Level 1:colcon.colcon_core.environment:checking '/home/tasl/autoware.universe-carla-ros-bridge/install/autoware_auto_control_msgs/bin'
[0.953s] INFO:colcon.colcon_core.shell:Creating package script '/home/tasl/autoware.universe-carla-ros-bridge/install/autoware_auto_control_msgs/share/autoware_auto_control_msgs/package.ps1'
[0.953s] INFO:colcon.colcon_core.shell:Creating package descriptor '/home/tasl/autoware.universe-carla-ros-bridge/install/autoware_auto_control_msgs/share/autoware_auto_control_msgs/package.dsv'
[0.954s] INFO:colcon.colcon_core.shell:Creating package script '/home/tasl/autoware.universe-carla-ros-bridge/install/autoware_auto_control_msgs/share/autoware_auto_control_msgs/package.sh'
[0.954s] INFO:colcon.colcon_core.shell:Creating package script '/home/tasl/autoware.universe-carla-ros-bridge/install/autoware_auto_control_msgs/share/autoware_auto_control_msgs/package.bash'
[0.954s] INFO:colcon.colcon_core.shell:Creating package script '/home/tasl/autoware.universe-carla-ros-bridge/install/autoware_auto_control_msgs/share/autoware_auto_control_msgs/package.zsh'
[0.955s] Level 1:colcon.colcon_core.environment:create_file_with_runtime_dependencies(/home/tasl/autoware.universe-carla-ros-bridge/install/autoware_auto_control_msgs/share/colcon-core/packages/autoware_auto_control_msgs)
[0.992s] Level 1:colcon.colcon_core.environment:create_environment_scripts_only(autoware_control_msgs)
[0.995s] Level 1:colcon.colcon_core.environment:checking '/home/tasl/autoware.universe-carla-ros-bridge/install/autoware_control_msgs' for CMake module files
[0.996s] Level 1:colcon.colcon_core.environment:checking '/home/tasl/autoware.universe-carla-ros-bridge/install/autoware_control_msgs' for CMake config files
[0.996s] Level 1:colcon.colcon_core.shell:create_environment_hook('autoware_control_msgs', 'cmake_prefix_path')
[0.999s] INFO:colcon.colcon_core.shell:Creating environment hook '/home/tasl/autoware.universe-carla-ros-bridge/install/autoware_control_msgs/share/autoware_control_msgs/hook/cmake_prefix_path.ps1'
[1.000s] INFO:colcon.colcon_core.shell:Creating environment descriptor '/home/tasl/autoware.universe-carla-ros-bridge/install/autoware_control_msgs/share/autoware_control_msgs/hook/cmake_prefix_path.dsv'
[1.000s] INFO:colcon.colcon_core.shell:Creating environment hook '/home/tasl/autoware.universe-carla-ros-bridge/install/autoware_control_msgs/share/autoware_control_msgs/hook/cmake_prefix_path.sh'
[1.000s] Level 1:colcon.colcon_core.environment:checking '/home/tasl/autoware.universe-carla-ros-bridge/install/autoware_control_msgs/lib'
[1.000s] Level 1:colcon.colcon_core.shell:create_environment_hook('autoware_control_msgs', 'ld_library_path_lib')
[1.003s] INFO:colcon.colcon_core.shell:Creating environment hook '/home/tasl/autoware.universe-carla-ros-bridge/install/autoware_control_msgs/share/autoware_control_msgs/hook/ld_library_path_lib.ps1'
[1.003s] INFO:colcon.colcon_core.shell:Creating environment descriptor '/home/tasl/autoware.universe-carla-ros-bridge/install/autoware_control_msgs/share/autoware_control_msgs/hook/ld_library_path_lib.dsv'
[1.004s] INFO:colcon.colcon_core.shell:Creating environment hook '/home/tasl/autoware.universe-carla-ros-bridge/install/autoware_control_msgs/share/autoware_control_msgs/hook/ld_library_path_lib.sh'
[1.004s] Level 1:colcon.colcon_core.environment:checking '/home/tasl/autoware.universe-carla-ros-bridge/install/autoware_control_msgs/bin'
[1.004s] Level 1:colcon.colcon_core.environment:checking '/home/tasl/autoware.universe-carla-ros-bridge/install/autoware_control_msgs/lib/pkgconfig/autoware_control_msgs.pc'
[1.004s] Level 1:colcon.colcon_core.environment:checking '/home/tasl/autoware.universe-carla-ros-bridge/install/autoware_control_msgs/lib/python3.8/site-packages'
[1.004s] Level 1:colcon.colcon_core.shell:create_environment_hook('autoware_control_msgs', 'pythonpath')
[1.007s] INFO:colcon.colcon_core.shell:Creating environment hook '/home/tasl/autoware.universe-carla-ros-bridge/install/autoware_control_msgs/share/autoware_control_msgs/hook/pythonpath.ps1'
[1.007s] INFO:colcon.colcon_core.shell:Creating environment descriptor '/home/tasl/autoware.universe-carla-ros-bridge/install/autoware_control_msgs/share/autoware_control_msgs/hook/pythonpath.dsv'
[1.007s] INFO:colcon.colcon_core.shell:Creating environment hook '/home/tasl/autoware.universe-carla-ros-bridge/install/autoware_control_msgs/share/autoware_control_msgs/hook/pythonpath.sh'
[1.008s] Level 1:colcon.colcon_core.environment:checking '/home/tasl/autoware.universe-carla-ros-bridge/install/autoware_control_msgs/bin'
[1.010s] INFO:colcon.colcon_core.shell:Creating package script '/home/tasl/autoware.universe-carla-ros-bridge/install/autoware_control_msgs/share/autoware_control_msgs/package.ps1'
[1.011s] INFO:colcon.colcon_core.shell:Creating package descriptor '/home/tasl/autoware.universe-carla-ros-bridge/install/autoware_control_msgs/share/autoware_control_msgs/package.dsv'
[1.012s] INFO:colcon.colcon_core.shell:Creating package script '/home/tasl/autoware.universe-carla-ros-bridge/install/autoware_control_msgs/share/autoware_control_msgs/package.sh'
[1.012s] INFO:colcon.colcon_core.shell:Creating package script '/home/tasl/autoware.universe-carla-ros-bridge/install/autoware_control_msgs/share/autoware_control_msgs/package.bash'
[1.012s] INFO:colcon.colcon_core.shell:Creating package script '/home/tasl/autoware.universe-carla-ros-bridge/install/autoware_control_msgs/share/autoware_control_msgs/package.zsh'
[1.013s] Level 1:colcon.colcon_core.environment:create_file_with_runtime_dependencies(/home/tasl/autoware.universe-carla-ros-bridge/install/autoware_control_msgs/share/colcon-core/packages/autoware_control_msgs)
[1.016s] Level 1:colcon.colcon_core.environment:create_environment_scripts_only(autoware_auto_control_msgs)
[1.020s] Level 1:colcon.colcon_core.environment:checking '/home/tasl/autoware.universe-carla-ros-bridge/install/autoware_auto_control_msgs' for CMake module files
[1.021s] Level 1:colcon.colcon_core.environment:checking '/home/tasl/autoware.universe-carla-ros-bridge/install/autoware_auto_control_msgs' for CMake config files
[1.022s] Level 1:colcon.colcon_core.shell:create_environment_hook('autoware_auto_control_msgs', 'cmake_prefix_path')
[1.024s] INFO:colcon.colcon_core.shell:Creating environment hook '/home/tasl/autoware.universe-carla-ros-bridge/install/autoware_auto_control_msgs/share/autoware_auto_control_msgs/hook/cmake_prefix_path.ps1'
[1.025s] INFO:colcon.colcon_core.shell:Creating environment descriptor '/home/tasl/autoware.universe-carla-ros-bridge/install/autoware_auto_control_msgs/share/autoware_auto_control_msgs/hook/cmake_prefix_path.dsv'
[1.025s] INFO:colcon.colcon_core.shell:Creating environment hook '/home/tasl/autoware.universe-carla-ros-bridge/install/autoware_auto_control_msgs/share/autoware_auto_control_msgs/hook/cmake_prefix_path.sh'
[1.026s] Level 1:colcon.colcon_core.environment:checking '/home/tasl/autoware.universe-carla-ros-bridge/install/autoware_auto_control_msgs/lib'
[1.026s] Level 1:colcon.colcon_core.shell:create_environment_hook('autoware_auto_control_msgs', 'ld_library_path_lib')
[1.028s] INFO:colcon.colcon_core.shell:Creating environment hook '/home/tasl/autoware.universe-carla-ros-bridge/install/autoware_auto_control_msgs/share/autoware_auto_control_msgs/hook/ld_library_path_lib.ps1'
[1.029s] INFO:colcon.colcon_core.shell:Creating environment descriptor '/home/tasl/autoware.universe-carla-ros-bridge/install/autoware_auto_control_msgs/share/autoware_auto_control_msgs/hook/ld_library_path_lib.dsv'
[1.029s] INFO:colcon.colcon_core.shell:Creating environment hook '/home/tasl/autoware.universe-carla-ros-bridge/install/autoware_auto_control_msgs/share/autoware_auto_control_msgs/hook/ld_library_path_lib.sh'
[1.029s] Level 1:colcon.colcon_core.environment:checking '/home/tasl/autoware.universe-carla-ros-bridge/install/autoware_auto_control_msgs/bin'
[1.029s] Level 1:colcon.colcon_core.environment:checking '/home/tasl/autoware.universe-carla-ros-bridge/install/autoware_auto_control_msgs/lib/pkgconfig/autoware_auto_control_msgs.pc'
[1.029s] Level 1:colcon.colcon_core.environment:checking '/home/tasl/autoware.universe-carla-ros-bridge/install/autoware_auto_control_msgs/lib/python3.8/site-packages'
[1.029s] Level 1:colcon.colcon_core.shell:create_environment_hook('autoware_auto_control_msgs', 'pythonpath')
[1.032s] INFO:colcon.colcon_core.shell:Creating environment hook '/home/tasl/autoware.universe-carla-ros-bridge/install/autoware_auto_control_msgs/share/autoware_auto_control_msgs/hook/pythonpath.ps1'
[1.032s] INFO:colcon.colcon_core.shell:Creating environment descriptor '/home/tasl/autoware.universe-carla-ros-bridge/install/autoware_auto_control_msgs/share/autoware_auto_control_msgs/hook/pythonpath.dsv'
[1.032s] INFO:colcon.colcon_core.shell:Creating environment hook '/home/tasl/autoware.universe-carla-ros-bridge/install/autoware_auto_control_msgs/share/autoware_auto_control_msgs/hook/pythonpath.sh'
[1.033s] Level 1:colcon.colcon_core.environment:checking '/home/tasl/autoware.universe-carla-ros-bridge/install/autoware_auto_control_msgs/bin'
[1.035s] INFO:colcon.colcon_core.shell:Creating package script '/home/tasl/autoware.universe-carla-ros-bridge/install/autoware_auto_control_msgs/share/autoware_auto_control_msgs/package.ps1'
[1.036s] INFO:colcon.colcon_core.shell:Creating package descriptor '/home/tasl/autoware.universe-carla-ros-bridge/install/autoware_auto_control_msgs/share/autoware_auto_control_msgs/package.dsv'
[1.036s] INFO:colcon.colcon_core.shell:Creating package script '/home/tasl/autoware.universe-carla-ros-bridge/install/autoware_auto_control_msgs/share/autoware_auto_control_msgs/package.sh'
[1.037s] INFO:colcon.colcon_core.shell:Creating package script '/home/tasl/autoware.universe-carla-ros-bridge/install/autoware_auto_control_msgs/share/autoware_auto_control_msgs/package.bash'
[1.037s] INFO:colcon.colcon_core.shell:Creating package script '/home/tasl/autoware.universe-carla-ros-bridge/install/autoware_auto_control_msgs/share/autoware_auto_control_msgs/package.zsh'
[1.037s] Level 1:colcon.colcon_core.environment:create_file_with_runtime_dependencies(/home/tasl/autoware.universe-carla-ros-bridge/install/autoware_auto_control_msgs/share/colcon-core/packages/autoware_auto_control_msgs)
[1.038s] INFO:colcon.colcon_ros.task.ament_cmake.build:Building ROS package in '/home/tasl/autoware.universe-carla-ros-bridge/autoware_ros_bridge_carla' with build type 'ament_cmake'
[1.038s] INFO:colcon.colcon_cmake.task.cmake.build:Building CMake package in '/home/tasl/autoware.universe-carla-ros-bridge/autoware_ros_bridge_carla'
[1.040s] INFO:colcon.colcon_core.shell:Skip shell extension 'powershell' for command environment: Not usable outside of PowerShell
[1.041s] DEBUG:colcon.colcon_core.shell:Skip shell extension 'dsv' for command environment
[1.054s] DEBUG:colcon.colcon_core.event_handler.log_command:Invoking command in '/home/tasl/autoware.universe-carla-ros-bridge/build/autoware_ros_bridge_carla': AMENT_PREFIX_PATH=/home/tasl/autoware.universe-carla-ros-bridge/install/autoware_control_msgs:/home/tasl/autoware.universe-carla-ros-bridge/install/autoware_auto_control_msgs:${AMENT_PREFIX_PATH} CMAKE_PREFIX_PATH=/home/tasl/autoware.universe-carla-ros-bridge/install/autoware_control_msgs:/home/tasl/autoware.universe-carla-ros-bridge/install/autoware_auto_control_msgs:/opt/ros/galactic LD_LIBRARY_PATH=/home/tasl/autoware.universe-carla-ros-bridge/install/autoware_control_msgs/lib:/home/tasl/autoware.universe-carla-ros-bridge/install/autoware_auto_control_msgs/lib:${LD_LIBRARY_PATH} PYTHONPATH=/home/tasl/autoware.universe-carla-ros-bridge/install/autoware_control_msgs/lib/python3.8/site-packages:/home/tasl/autoware.universe-carla-ros-bridge/install/autoware_auto_control_msgs/lib/python3.8/site-packages:${PYTHONPATH} /usr/bin/cmake --build /home/tasl/autoware.universe-carla-ros-bridge/build/autoware_ros_bridge_carla -- -j16 -l16
[4.788s] DEBUG:colcon.colcon_core.event_handler.log_command:Invoked command in '/home/tasl/autoware.universe-carla-ros-bridge/build/autoware_ros_bridge_carla' returned '2': AMENT_PREFIX_PATH=/home/tasl/autoware.universe-carla-ros-bridge/install/autoware_control_msgs:/home/tasl/autoware.universe-carla-ros-bridge/install/autoware_auto_control_msgs:${AMENT_PREFIX_PATH} CMAKE_PREFIX_PATH=/home/tasl/autoware.universe-carla-ros-bridge/install/autoware_control_msgs:/home/tasl/autoware.universe-carla-ros-bridge/install/autoware_auto_control_msgs:/opt/ros/galactic LD_LIBRARY_PATH=/home/tasl/autoware.universe-carla-ros-bridge/install/autoware_control_msgs/lib:/home/tasl/autoware.universe-carla-ros-bridge/install/autoware_auto_control_msgs/lib:${LD_LIBRARY_PATH} PYTHONPATH=/home/tasl/autoware.universe-carla-ros-bridge/install/autoware_control_msgs/lib/python3.8/site-packages:/home/tasl/autoware.universe-carla-ros-bridge/install/autoware_auto_control_msgs/lib/python3.8/site-packages:${PYTHONPATH} /usr/bin/cmake --build /home/tasl/autoware.universe-carla-ros-bridge/build/autoware_ros_bridge_carla -- -j16 -l16
[4.815s] Level 1:colcon.colcon_core.environment:create_environment_scripts_only(autoware_ros_bridge_carla)
[4.819s] Level 1:colcon.colcon_core.environment:checking '/home/tasl/autoware.universe-carla-ros-bridge/install/autoware_ros_bridge_carla' for CMake module files
[4.820s] Level 1:colcon.colcon_core.environment:checking '/home/tasl/autoware.universe-carla-ros-bridge/install/autoware_ros_bridge_carla' for CMake config files
[4.820s] Level 1:colcon.colcon_core.environment:checking '/home/tasl/autoware.universe-carla-ros-bridge/install/autoware_ros_bridge_carla/bin'
[4.820s] Level 1:colcon.colcon_core.environment:checking '/home/tasl/autoware.universe-carla-ros-bridge/install/autoware_ros_bridge_carla/lib/pkgconfig/autoware_ros_bridge_carla.pc'
[4.821s] Level 1:colcon.colcon_core.environment:checking '/home/tasl/autoware.universe-carla-ros-bridge/install/autoware_ros_bridge_carla/lib/python3.8/site-packages'
[4.821s] Level 1:colcon.colcon_core.environment:checking '/home/tasl/autoware.universe-carla-ros-bridge/install/autoware_ros_bridge_carla/bin'
[4.825s] INFO:colcon.colcon_core.shell:Creating package script '/home/tasl/autoware.universe-carla-ros-bridge/install/autoware_ros_bridge_carla/share/autoware_ros_bridge_carla/package.ps1'
[4.825s] INFO:colcon.colcon_core.shell:Creating package descriptor '/home/tasl/autoware.universe-carla-ros-bridge/install/autoware_ros_bridge_carla/share/autoware_ros_bridge_carla/package.dsv'
[4.826s] INFO:colcon.colcon_core.shell:Creating package script '/home/tasl/autoware.universe-carla-ros-bridge/install/autoware_ros_bridge_carla/share/autoware_ros_bridge_carla/package.sh'
[4.826s] INFO:colcon.colcon_core.shell:Creating package script '/home/tasl/autoware.universe-carla-ros-bridge/install/autoware_ros_bridge_carla/share/autoware_ros_bridge_carla/package.bash'
[4.826s] INFO:colcon.colcon_core.shell:Creating package script '/home/tasl/autoware.universe-carla-ros-bridge/install/autoware_ros_bridge_carla/share/autoware_ros_bridge_carla/package.zsh'
[4.827s] Level 1:colcon.colcon_core.environment:create_file_with_runtime_dependencies(/home/tasl/autoware.universe-carla-ros-bridge/install/autoware_ros_bridge_carla/share/colcon-core/packages/autoware_ros_bridge_carla)
[4.837s] DEBUG:colcon.colcon_parallel_executor.executor.parallel:closing loop
[4.838s] DEBUG:colcon.colcon_parallel_executor.executor.parallel:loop closed
[4.838s] DEBUG:colcon.colcon_parallel_executor.executor.parallel:run_until_complete finished with '2'
[4.838s] DEBUG:colcon.colcon_core.event_reactor:joining thread
[4.845s] INFO:colcon.colcon_core.plugin_system:Skipping extension 'colcon_notification.desktop_notification.terminal_notifier': Not used on non-Darwin systems
[4.845s] INFO:colcon.colcon_core.plugin_system:Skipping extension 'colcon_notification.desktop_notification.win32': Not used on non-Windows systems
[4.845s] INFO:colcon.colcon_notification.desktop_notification:Sending desktop notification using 'notify2'
[4.859s] DEBUG:colcon.colcon_core.event_reactor:joined thread
[4.862s] INFO:colcon.colcon_core.shell:Creating prefix script '/home/tasl/autoware.universe-carla-ros-bridge/install/local_setup.ps1'
[4.863s] INFO:colcon.colcon_core.shell:Creating prefix util module '/home/tasl/autoware.universe-carla-ros-bridge/install/_local_setup_util_ps1.py'
[4.864s] INFO:colcon.colcon_core.shell:Creating prefix chain script '/home/tasl/autoware.universe-carla-ros-bridge/install/setup.ps1'
[4.866s] INFO:colcon.colcon_core.shell:Creating prefix script '/home/tasl/autoware.universe-carla-ros-bridge/install/local_setup.sh'
[4.866s] INFO:colcon.colcon_core.shell:Creating prefix util module '/home/tasl/autoware.universe-carla-ros-bridge/install/_local_setup_util_sh.py'
[4.867s] INFO:colcon.colcon_core.shell:Creating prefix chain script '/home/tasl/autoware.universe-carla-ros-bridge/install/setup.sh'
[4.868s] INFO:colcon.colcon_core.shell:Creating prefix script '/home/tasl/autoware.universe-carla-ros-bridge/install/local_setup.bash'
[4.868s] INFO:colcon.colcon_core.shell:Creating prefix chain script '/home/tasl/autoware.universe-carla-ros-bridge/install/setup.bash'
[4.870s] INFO:colcon.colcon_core.shell:Creating prefix script '/home/tasl/autoware.universe-carla-ros-bridge/install/local_setup.zsh'
[4.870s] INFO:colcon.colcon_core.shell:Creating prefix chain script '/home/tasl/autoware.universe-carla-ros-bridge/install/setup.zsh'
