[1.208s] DEBUG:colcon:Command line arguments: ['/usr/bin/colcon', 'build', '--cmake-clean-first']
[1.208s] DEBUG:colcon:Parsed command line arguments: Namespace(allow_overriding=[], ament_cmake_args=None, base_paths=['.'], build_base='build', catkin_cmake_args=None, catkin_skip_building_tests=False, cmake_args=None, cmake_clean_cache=False, cmake_clean_first=True, cmake_force_configure=False, cmake_target=None, cmake_target_skip_unavailable=False, continue_on_error=False, event_handlers=None, executor='parallel', ignore_user_meta=False, install_base='install', log_base=None, log_level=None, main=<bound method BuildVerb.main of <colcon_core.verb.build.BuildVerb object at 0x7fbb7a099dc0>>, merge_install=False, metas=['./colcon.meta'], packages_above=None, packages_above_and_dependencies=None, packages_above_depth=None, packages_end=None, packages_ignore=None, packages_ignore_regex=None, packages_select=None, packages_select_build_failed=False, packages_select_by_dep=None, packages_select_regex=None, packages_select_test_failures=False, packages_skip=None, packages_skip_build_finished=False, packages_skip_by_dep=None, packages_skip_regex=None, packages_skip_test_passed=False, packages_skip_up_to=None, packages_start=None, packages_up_to=None, packages_up_to_regex=None, parallel_workers=16, paths=None, symlink_install=False, test_result_base=None, verb_extension=<colcon_core.verb.build.BuildVerb object at 0x7fbb7a099dc0>, verb_name='build', verb_parser=<colcon_defaults.argument_parser.defaults.DefaultArgumentsDecorator object at 0x7fbb79fd7a60>)
[1.257s] Level 1:colcon.colcon_core.package_discovery:discover_packages(colcon_meta) check parameters
[1.257s] Level 1:colcon.colcon_core.package_discovery:discover_packages(recursive) check parameters
[1.257s] Level 1:colcon.colcon_core.package_discovery:discover_packages(ignore) check parameters
[1.257s] Level 1:colcon.colcon_core.package_discovery:discover_packages(path) check parameters
[1.257s] Level 1:colcon.colcon_core.package_discovery:discover_packages(colcon_meta) discover
[1.258s] Level 1:colcon.colcon_core.package_discovery:discover_packages(recursive) discover
[1.258s] INFO:colcon.colcon_core.package_discovery:Crawling recursively for packages in '/home/tasl/autoware.universe-carla-ros-bridge'
[1.258s] Level 1:colcon.colcon_core.package_identification:_identify(.) by extensions ['ignore', 'ignore_ament_install']
[1.258s] Level 1:colcon.colcon_core.package_identification:_identify(.) by extension 'ignore'
[1.258s] Level 1:colcon.colcon_core.package_identification:_identify(.) by extension 'ignore_ament_install'
[1.258s] Level 1:colcon.colcon_core.package_identification:_identify(.) by extensions ['colcon_pkg']
[1.258s] Level 1:colcon.colcon_core.package_identification:_identify(.) by extension 'colcon_pkg'
[1.258s] Level 1:colcon.colcon_core.package_identification:_identify(.) by extensions ['colcon_meta']
[1.258s] Level 1:colcon.colcon_core.package_identification:_identify(.) by extension 'colcon_meta'
[1.258s] Level 1:colcon.colcon_core.package_identification:_identify(.) by extensions ['ros']
[1.258s] Level 1:colcon.colcon_core.package_identification:_identify(.) by extension 'ros'
[1.272s] Level 1:colcon.colcon_core.package_identification:_identify(.) by extensions ['cmake', 'python']
[1.272s] Level 1:colcon.colcon_core.package_identification:_identify(.) by extension 'cmake'
[1.272s] Level 1:colcon.colcon_core.package_identification:_identify(.) by extension 'python'
[1.272s] Level 1:colcon.colcon_core.package_identification:_identify(.) by extensions ['python_setup_py']
[1.272s] Level 1:colcon.colcon_core.package_identification:_identify(.) by extension 'python_setup_py'
[1.273s] Level 1:colcon.colcon_core.package_identification:_identify(autoware_auto_control_msgs) by extensions ['ignore', 'ignore_ament_install']
[1.273s] Level 1:colcon.colcon_core.package_identification:_identify(autoware_auto_control_msgs) by extension 'ignore'
[1.273s] Level 1:colcon.colcon_core.package_identification:_identify(autoware_auto_control_msgs) by extension 'ignore_ament_install'
[1.273s] Level 1:colcon.colcon_core.package_identification:_identify(autoware_auto_control_msgs) by extensions ['colcon_pkg']
[1.273s] Level 1:colcon.colcon_core.package_identification:_identify(autoware_auto_control_msgs) by extension 'colcon_pkg'
[1.273s] Level 1:colcon.colcon_core.package_identification:_identify(autoware_auto_control_msgs) by extensions ['colcon_meta']
[1.273s] Level 1:colcon.colcon_core.package_identification:_identify(autoware_auto_control_msgs) by extension 'colcon_meta'
[1.273s] Level 1:colcon.colcon_core.package_identification:_identify(autoware_auto_control_msgs) by extensions ['ros']
[1.273s] Level 1:colcon.colcon_core.package_identification:_identify(autoware_auto_control_msgs) by extension 'ros'
[1.276s] DEBUG:colcon.colcon_core.package_identification:Package 'autoware_auto_control_msgs' with type 'ros.ament_cmake' and name 'autoware_auto_control_msgs'
[1.277s] Level 1:colcon.colcon_core.package_identification:_identify(autoware_auto_vehicle_msgs) by extensions ['ignore', 'ignore_ament_install']
[1.277s] Level 1:colcon.colcon_core.package_identification:_identify(autoware_auto_vehicle_msgs) by extension 'ignore'
[1.277s] Level 1:colcon.colcon_core.package_identification:_identify(autoware_auto_vehicle_msgs) by extension 'ignore_ament_install'
[1.277s] Level 1:colcon.colcon_core.package_identification:_identify(autoware_auto_vehicle_msgs) by extensions ['colcon_pkg']
[1.277s] Level 1:colcon.colcon_core.package_identification:_identify(autoware_auto_vehicle_msgs) by extension 'colcon_pkg'
[1.277s] Level 1:colcon.colcon_core.package_identification:_identify(autoware_auto_vehicle_msgs) by extensions ['colcon_meta']
[1.277s] Level 1:colcon.colcon_core.package_identification:_identify(autoware_auto_vehicle_msgs) by extension 'colcon_meta'
[1.277s] Level 1:colcon.colcon_core.package_identification:_identify(autoware_auto_vehicle_msgs) by extensions ['ros']
[1.277s] Level 1:colcon.colcon_core.package_identification:_identify(autoware_auto_vehicle_msgs) by extension 'ros'
[1.278s] DEBUG:colcon.colcon_core.package_identification:Package 'autoware_auto_vehicle_msgs' with type 'ros.ament_cmake' and name 'autoware_auto_vehicle_msgs'
[1.278s] Level 1:colcon.colcon_core.package_identification:_identify(autoware_ros_bridge_carla) by extensions ['ignore', 'ignore_ament_install']
[1.278s] Level 1:colcon.colcon_core.package_identification:_identify(autoware_ros_bridge_carla) by extension 'ignore'
[1.278s] Level 1:colcon.colcon_core.package_identification:_identify(autoware_ros_bridge_carla) by extension 'ignore_ament_install'
[1.278s] Level 1:colcon.colcon_core.package_identification:_identify(autoware_ros_bridge_carla) by extensions ['colcon_pkg']
[1.278s] Level 1:colcon.colcon_core.package_identification:_identify(autoware_ros_bridge_carla) by extension 'colcon_pkg'
[1.278s] Level 1:colcon.colcon_core.package_identification:_identify(autoware_ros_bridge_carla) by extensions ['colcon_meta']
[1.278s] Level 1:colcon.colcon_core.package_identification:_identify(autoware_ros_bridge_carla) by extension 'colcon_meta'
[1.278s] Level 1:colcon.colcon_core.package_identification:_identify(autoware_ros_bridge_carla) by extensions ['ros']
[1.278s] Level 1:colcon.colcon_core.package_identification:_identify(autoware_ros_bridge_carla) by extension 'ros'
[1.279s] DEBUG:colcon.colcon_core.package_identification:Package 'autoware_ros_bridge_carla' with type 'ros.ament_cmake' and name 'autoware_ros_bridge_carla'
[1.279s] Level 1:colcon.colcon_core.package_identification:_identify(build) by extensions ['ignore', 'ignore_ament_install']
[1.279s] Level 1:colcon.colcon_core.package_identification:_identify(build) by extension 'ignore'
[1.279s] Level 1:colcon.colcon_core.package_identification:_identify(build) ignored
[1.279s] Level 1:colcon.colcon_core.package_identification:_identify(carla_msgs) by extensions ['ignore', 'ignore_ament_install']
[1.279s] Level 1:colcon.colcon_core.package_identification:_identify(carla_msgs) by extension 'ignore'
[1.279s] Level 1:colcon.colcon_core.package_identification:_identify(carla_msgs) by extension 'ignore_ament_install'
[1.280s] Level 1:colcon.colcon_core.package_identification:_identify(carla_msgs) by extensions ['colcon_pkg']
[1.280s] Level 1:colcon.colcon_core.package_identification:_identify(carla_msgs) by extension 'colcon_pkg'
[1.280s] Level 1:colcon.colcon_core.package_identification:_identify(carla_msgs) by extensions ['colcon_meta']
[1.280s] Level 1:colcon.colcon_core.package_identification:_identify(carla_msgs) by extension 'colcon_meta'
[1.280s] Level 1:colcon.colcon_core.package_identification:_identify(carla_msgs) by extensions ['ros']
[1.280s] Level 1:colcon.colcon_core.package_identification:_identify(carla_msgs) by extension 'ros'
[1.285s] DEBUG:colcon.colcon_core.package_identification:Package 'carla_msgs' with type 'ros.ament_cmake' and name 'carla_msgs'
[1.285s] Level 1:colcon.colcon_core.package_identification:_identify(install) by extensions ['ignore', 'ignore_ament_install']
[1.285s] Level 1:colcon.colcon_core.package_identification:_identify(install) by extension 'ignore'
[1.285s] Level 1:colcon.colcon_core.package_identification:_identify(install) ignored
[1.285s] Level 1:colcon.colcon_core.package_identification:_identify(log) by extensions ['ignore', 'ignore_ament_install']
[1.285s] Level 1:colcon.colcon_core.package_identification:_identify(log) by extension 'ignore'
[1.285s] Level 1:colcon.colcon_core.package_identification:_identify(log) ignored
[1.285s] Level 1:colcon.colcon_core.package_discovery:discover_packages(recursive) using defaults
[1.286s] Level 1:colcon.colcon_core.package_discovery:discover_packages(ignore) discover
[1.286s] Level 1:colcon.colcon_core.package_discovery:discover_packages(ignore) using defaults
[1.286s] Level 1:colcon.colcon_core.package_discovery:discover_packages(path) discover
[1.286s] Level 1:colcon.colcon_core.package_discovery:discover_packages(path) using defaults
[1.314s] Level 1:colcon.colcon_core.package_discovery:discover_packages(prefix_path) check parameters
[1.314s] Level 1:colcon.colcon_core.package_discovery:discover_packages(prefix_path) discover
[1.319s] DEBUG:colcon.colcon_installed_package_information.package_discovery:Found 4 installed packages in /home/tasl/autoware.universe-carla-ros-bridge/install
[1.321s] DEBUG:colcon.colcon_installed_package_information.package_discovery:Found 332 installed packages in /opt/ros/galactic
[1.324s] Level 1:colcon.colcon_core.package_discovery:discover_packages(prefix_path) using defaults
[1.427s] Level 5:colcon.colcon_core.verb:set package 'autoware_auto_control_msgs' build argument 'cmake_args' from command line to 'None'
[1.427s] Level 5:colcon.colcon_core.verb:set package 'autoware_auto_control_msgs' build argument 'cmake_target' from command line to 'None'
[1.427s] Level 5:colcon.colcon_core.verb:set package 'autoware_auto_control_msgs' build argument 'cmake_target_skip_unavailable' from command line to 'False'
[1.427s] Level 5:colcon.colcon_core.verb:set package 'autoware_auto_control_msgs' build argument 'cmake_clean_cache' from command line to 'False'
[1.427s] Level 5:colcon.colcon_core.verb:set package 'autoware_auto_control_msgs' build argument 'cmake_clean_first' from command line to 'True'
[1.427s] Level 5:colcon.colcon_core.verb:set package 'autoware_auto_control_msgs' build argument 'cmake_force_configure' from command line to 'False'
[1.427s] Level 5:colcon.colcon_core.verb:set package 'autoware_auto_control_msgs' build argument 'ament_cmake_args' from command line to 'None'
[1.427s] Level 5:colcon.colcon_core.verb:set package 'autoware_auto_control_msgs' build argument 'catkin_cmake_args' from command line to 'None'
[1.427s] Level 5:colcon.colcon_core.verb:set package 'autoware_auto_control_msgs' build argument 'catkin_skip_building_tests' from command line to 'False'
[1.427s] DEBUG:colcon.colcon_core.verb:Building package 'autoware_auto_control_msgs' with the following arguments: {'ament_cmake_args': None, 'build_base': '/home/tasl/autoware.universe-carla-ros-bridge/build/autoware_auto_control_msgs', 'catkin_cmake_args': None, 'catkin_skip_building_tests': False, 'cmake_args': None, 'cmake_clean_cache': False, 'cmake_clean_first': True, 'cmake_force_configure': False, 'cmake_target': None, 'cmake_target_skip_unavailable': False, 'install_base': '/home/tasl/autoware.universe-carla-ros-bridge/install/autoware_auto_control_msgs', 'merge_install': False, 'path': '/home/tasl/autoware.universe-carla-ros-bridge/autoware_auto_control_msgs', 'symlink_install': False, 'test_result_base': None}
[1.429s] Level 5:colcon.colcon_core.verb:set package 'autoware_auto_vehicle_msgs' build argument 'cmake_args' from command line to 'None'
[1.429s] Level 5:colcon.colcon_core.verb:set package 'autoware_auto_vehicle_msgs' build argument 'cmake_target' from command line to 'None'
[1.430s] Level 5:colcon.colcon_core.verb:set package 'autoware_auto_vehicle_msgs' build argument 'cmake_target_skip_unavailable' from command line to 'False'
[1.430s] Level 5:colcon.colcon_core.verb:set package 'autoware_auto_vehicle_msgs' build argument 'cmake_clean_cache' from command line to 'False'
[1.430s] Level 5:colcon.colcon_core.verb:set package 'autoware_auto_vehicle_msgs' build argument 'cmake_clean_first' from command line to 'True'
[1.430s] Level 5:colcon.colcon_core.verb:set package 'autoware_auto_vehicle_msgs' build argument 'cmake_force_configure' from command line to 'False'
[1.430s] Level 5:colcon.colcon_core.verb:set package 'autoware_auto_vehicle_msgs' build argument 'ament_cmake_args' from command line to 'None'
[1.430s] Level 5:colcon.colcon_core.verb:set package 'autoware_auto_vehicle_msgs' build argument 'catkin_cmake_args' from command line to 'None'
[1.430s] Level 5:colcon.colcon_core.verb:set package 'autoware_auto_vehicle_msgs' build argument 'catkin_skip_building_tests' from command line to 'False'
[1.430s] DEBUG:colcon.colcon_core.verb:Building package 'autoware_auto_vehicle_msgs' with the following arguments: {'ament_cmake_args': None, 'build_base': '/home/tasl/autoware.universe-carla-ros-bridge/build/autoware_auto_vehicle_msgs', 'catkin_cmake_args': None, 'catkin_skip_building_tests': False, 'cmake_args': None, 'cmake_clean_cache': False, 'cmake_clean_first': True, 'cmake_force_configure': False, 'cmake_target': None, 'cmake_target_skip_unavailable': False, 'install_base': '/home/tasl/autoware.universe-carla-ros-bridge/install/autoware_auto_vehicle_msgs', 'merge_install': False, 'path': '/home/tasl/autoware.universe-carla-ros-bridge/autoware_auto_vehicle_msgs', 'symlink_install': False, 'test_result_base': None}
[1.432s] Level 5:colcon.colcon_core.verb:set package 'carla_msgs' build argument 'cmake_args' from command line to 'None'
[1.432s] Level 5:colcon.colcon_core.verb:set package 'carla_msgs' build argument 'cmake_target' from command line to 'None'
[1.432s] Level 5:colcon.colcon_core.verb:set package 'carla_msgs' build argument 'cmake_target_skip_unavailable' from command line to 'False'
[1.432s] Level 5:colcon.colcon_core.verb:set package 'carla_msgs' build argument 'cmake_clean_cache' from command line to 'False'
[1.432s] Level 5:colcon.colcon_core.verb:set package 'carla_msgs' build argument 'cmake_clean_first' from command line to 'True'
[1.432s] Level 5:colcon.colcon_core.verb:set package 'carla_msgs' build argument 'cmake_force_configure' from command line to 'False'
[1.432s] Level 5:colcon.colcon_core.verb:set package 'carla_msgs' build argument 'ament_cmake_args' from command line to 'None'
[1.432s] Level 5:colcon.colcon_core.verb:set package 'carla_msgs' build argument 'catkin_cmake_args' from command line to 'None'
[1.432s] Level 5:colcon.colcon_core.verb:set package 'carla_msgs' build argument 'catkin_skip_building_tests' from command line to 'False'
[1.432s] DEBUG:colcon.colcon_core.verb:Building package 'carla_msgs' with the following arguments: {'ament_cmake_args': None, 'build_base': '/home/tasl/autoware.universe-carla-ros-bridge/build/carla_msgs', 'catkin_cmake_args': None, 'catkin_skip_building_tests': False, 'cmake_args': None, 'cmake_clean_cache': False, 'cmake_clean_first': True, 'cmake_force_configure': False, 'cmake_target': None, 'cmake_target_skip_unavailable': False, 'install_base': '/home/tasl/autoware.universe-carla-ros-bridge/install/carla_msgs', 'merge_install': False, 'path': '/home/tasl/autoware.universe-carla-ros-bridge/carla_msgs', 'symlink_install': False, 'test_result_base': None}
[1.434s] Level 5:colcon.colcon_core.verb:set package 'autoware_ros_bridge_carla' build argument 'cmake_args' from command line to 'None'
[1.434s] Level 5:colcon.colcon_core.verb:set package 'autoware_ros_bridge_carla' build argument 'cmake_target' from command line to 'None'
[1.434s] Level 5:colcon.colcon_core.verb:set package 'autoware_ros_bridge_carla' build argument 'cmake_target_skip_unavailable' from command line to 'False'
[1.434s] Level 5:colcon.colcon_core.verb:set package 'autoware_ros_bridge_carla' build argument 'cmake_clean_cache' from command line to 'False'
[1.434s] Level 5:colcon.colcon_core.verb:set package 'autoware_ros_bridge_carla' build argument 'cmake_clean_first' from command line to 'True'
[1.434s] Level 5:colcon.colcon_core.verb:set package 'autoware_ros_bridge_carla' build argument 'cmake_force_configure' from command line to 'False'
[1.434s] Level 5:colcon.colcon_core.verb:set package 'autoware_ros_bridge_carla' build argument 'ament_cmake_args' from command line to 'None'
[1.434s] Level 5:colcon.colcon_core.verb:set package 'autoware_ros_bridge_carla' build argument 'catkin_cmake_args' from command line to 'None'
[1.434s] Level 5:colcon.colcon_core.verb:set package 'autoware_ros_bridge_carla' build argument 'catkin_skip_building_tests' from command line to 'False'
[1.434s] DEBUG:colcon.colcon_core.verb:Building package 'autoware_ros_bridge_carla' with the following arguments: {'ament_cmake_args': None, 'build_base': '/home/tasl/autoware.universe-carla-ros-bridge/build/autoware_ros_bridge_carla', 'catkin_cmake_args': None, 'catkin_skip_building_tests': False, 'cmake_args': None, 'cmake_clean_cache': False, 'cmake_clean_first': True, 'cmake_force_configure': False, 'cmake_target': None, 'cmake_target_skip_unavailable': False, 'install_base': '/home/tasl/autoware.universe-carla-ros-bridge/install/autoware_ros_bridge_carla', 'merge_install': False, 'path': '/home/tasl/autoware.universe-carla-ros-bridge/autoware_ros_bridge_carla', 'symlink_install': False, 'test_result_base': None}
[1.436s] INFO:colcon.colcon_core.executor:Executing jobs using 'parallel' executor
[1.446s] DEBUG:colcon.colcon_parallel_executor.executor.parallel:run_until_complete
[1.446s] INFO:colcon.colcon_ros.task.ament_cmake.build:Building ROS package in '/home/tasl/autoware.universe-carla-ros-bridge/autoware_auto_control_msgs' with build type 'ament_cmake'
[1.446s] INFO:colcon.colcon_cmake.task.cmake.build:Building CMake package in '/home/tasl/autoware.universe-carla-ros-bridge/autoware_auto_control_msgs'
[1.454s] INFO:colcon.colcon_core.plugin_system:Skipping extension 'colcon_core.shell.bat': Not used on non-Windows systems
[1.454s] INFO:colcon.colcon_core.shell:Skip shell extension 'powershell' for command environment: Not usable outside of PowerShell
[1.455s] DEBUG:colcon.colcon_core.shell:Skip shell extension 'dsv' for command environment
[1.467s] INFO:colcon.colcon_ros.task.ament_cmake.build:Building ROS package in '/home/tasl/autoware.universe-carla-ros-bridge/autoware_auto_vehicle_msgs' with build type 'ament_cmake'
[1.467s] INFO:colcon.colcon_cmake.task.cmake.build:Building CMake package in '/home/tasl/autoware.universe-carla-ros-bridge/autoware_auto_vehicle_msgs'
[1.471s] INFO:colcon.colcon_core.shell:Skip shell extension 'powershell' for command environment: Not usable outside of PowerShell
[1.472s] DEBUG:colcon.colcon_core.shell:Skip shell extension 'dsv' for command environment
[1.481s] INFO:colcon.colcon_ros.task.ament_cmake.build:Building ROS package in '/home/tasl/autoware.universe-carla-ros-bridge/carla_msgs' with build type 'ament_cmake'
[1.481s] INFO:colcon.colcon_cmake.task.cmake.build:Building CMake package in '/home/tasl/autoware.universe-carla-ros-bridge/carla_msgs'
[1.486s] INFO:colcon.colcon_core.shell:Skip shell extension 'powershell' for command environment: Not usable outside of PowerShell
[1.486s] DEBUG:colcon.colcon_core.shell:Skip shell extension 'dsv' for command environment
[1.500s] DEBUG:colcon.colcon_core.event_handler.log_command:Invoking command in '/home/tasl/autoware.universe-carla-ros-bridge/build/autoware_auto_control_msgs': CMAKE_PREFIX_PATH=${CMAKE_PREFIX_PATH}:/opt/ros/galactic /usr/bin/cmake --build /home/tasl/autoware.universe-carla-ros-bridge/build/autoware_auto_control_msgs --clean-first -- -j16 -l16
[1.509s] DEBUG:colcon.colcon_core.event_handler.log_command:Invoking command in '/home/tasl/autoware.universe-carla-ros-bridge/build/autoware_auto_vehicle_msgs': CMAKE_PREFIX_PATH=${CMAKE_PREFIX_PATH}:/opt/ros/galactic /usr/bin/cmake --build /home/tasl/autoware.universe-carla-ros-bridge/build/autoware_auto_vehicle_msgs --clean-first -- -j16 -l16
[1.514s] DEBUG:colcon.colcon_core.event_handler.log_command:Invoking command in '/home/tasl/autoware.universe-carla-ros-bridge/build/carla_msgs': CMAKE_PREFIX_PATH=${CMAKE_PREFIX_PATH}:/opt/ros/galactic /usr/bin/cmake --build /home/tasl/autoware.universe-carla-ros-bridge/build/carla_msgs --clean-first -- -j16 -l16
[6.576s] DEBUG:colcon.colcon_core.event_handler.log_command:Invoked command in '/home/tasl/autoware.universe-carla-ros-bridge/build/autoware_auto_vehicle_msgs' returned '0': CMAKE_PREFIX_PATH=${CMAKE_PREFIX_PATH}:/opt/ros/galactic /usr/bin/cmake --build /home/tasl/autoware.universe-carla-ros-bridge/build/autoware_auto_vehicle_msgs --clean-first -- -j16 -l16
[7.376s] DEBUG:colcon.colcon_core.event_handler.log_command:Invoking command in '/home/tasl/autoware.universe-carla-ros-bridge/build/autoware_auto_vehicle_msgs': CMAKE_PREFIX_PATH=${CMAKE_PREFIX_PATH}:/opt/ros/galactic /usr/bin/cmake --install /home/tasl/autoware.universe-carla-ros-bridge/build/autoware_auto_vehicle_msgs
[7.542s] Level 1:colcon.colcon_core.environment:create_environment_scripts_only(autoware_auto_vehicle_msgs)
[7.552s] DEBUG:colcon.colcon_core.event_handler.log_command:Invoked command in '/home/tasl/autoware.universe-carla-ros-bridge/build/autoware_auto_vehicle_msgs' returned '0': CMAKE_PREFIX_PATH=${CMAKE_PREFIX_PATH}:/opt/ros/galactic /usr/bin/cmake --install /home/tasl/autoware.universe-carla-ros-bridge/build/autoware_auto_vehicle_msgs
[7.572s] Level 1:colcon.colcon_core.environment:checking '/home/tasl/autoware.universe-carla-ros-bridge/install/autoware_auto_vehicle_msgs' for CMake module files
[7.574s] Level 1:colcon.colcon_core.environment:checking '/home/tasl/autoware.universe-carla-ros-bridge/install/autoware_auto_vehicle_msgs' for CMake config files
[7.575s] Level 1:colcon.colcon_core.shell:create_environment_hook('autoware_auto_vehicle_msgs', 'cmake_prefix_path')
[7.581s] INFO:colcon.colcon_core.shell:Creating environment hook '/home/tasl/autoware.universe-carla-ros-bridge/install/autoware_auto_vehicle_msgs/share/autoware_auto_vehicle_msgs/hook/cmake_prefix_path.ps1'
[7.584s] INFO:colcon.colcon_core.shell:Creating environment descriptor '/home/tasl/autoware.universe-carla-ros-bridge/install/autoware_auto_vehicle_msgs/share/autoware_auto_vehicle_msgs/hook/cmake_prefix_path.dsv'
[7.585s] INFO:colcon.colcon_core.shell:Creating environment hook '/home/tasl/autoware.universe-carla-ros-bridge/install/autoware_auto_vehicle_msgs/share/autoware_auto_vehicle_msgs/hook/cmake_prefix_path.sh'
[7.587s] Level 1:colcon.colcon_core.environment:checking '/home/tasl/autoware.universe-carla-ros-bridge/install/autoware_auto_vehicle_msgs/lib'
[7.587s] Level 1:colcon.colcon_core.shell:create_environment_hook('autoware_auto_vehicle_msgs', 'ld_library_path_lib')
[7.604s] INFO:colcon.colcon_core.shell:Creating environment hook '/home/tasl/autoware.universe-carla-ros-bridge/install/autoware_auto_vehicle_msgs/share/autoware_auto_vehicle_msgs/hook/ld_library_path_lib.ps1'
[7.604s] INFO:colcon.colcon_core.shell:Creating environment descriptor '/home/tasl/autoware.universe-carla-ros-bridge/install/autoware_auto_vehicle_msgs/share/autoware_auto_vehicle_msgs/hook/ld_library_path_lib.dsv'
[7.605s] INFO:colcon.colcon_core.shell:Creating environment hook '/home/tasl/autoware.universe-carla-ros-bridge/install/autoware_auto_vehicle_msgs/share/autoware_auto_vehicle_msgs/hook/ld_library_path_lib.sh'
[7.615s] Level 1:colcon.colcon_core.environment:checking '/home/tasl/autoware.universe-carla-ros-bridge/install/autoware_auto_vehicle_msgs/bin'
[7.616s] Level 1:colcon.colcon_core.environment:checking '/home/tasl/autoware.universe-carla-ros-bridge/install/autoware_auto_vehicle_msgs/lib/pkgconfig/autoware_auto_vehicle_msgs.pc'
[7.616s] Level 1:colcon.colcon_core.environment:checking '/home/tasl/autoware.universe-carla-ros-bridge/install/autoware_auto_vehicle_msgs/lib/python3.8/site-packages'
[7.616s] Level 1:colcon.colcon_core.shell:create_environment_hook('autoware_auto_vehicle_msgs', 'pythonpath')
[7.629s] INFO:colcon.colcon_core.shell:Creating environment hook '/home/tasl/autoware.universe-carla-ros-bridge/install/autoware_auto_vehicle_msgs/share/autoware_auto_vehicle_msgs/hook/pythonpath.ps1'
[7.630s] INFO:colcon.colcon_core.shell:Creating environment descriptor '/home/tasl/autoware.universe-carla-ros-bridge/install/autoware_auto_vehicle_msgs/share/autoware_auto_vehicle_msgs/hook/pythonpath.dsv'
[7.631s] INFO:colcon.colcon_core.shell:Creating environment hook '/home/tasl/autoware.universe-carla-ros-bridge/install/autoware_auto_vehicle_msgs/share/autoware_auto_vehicle_msgs/hook/pythonpath.sh'
[7.631s] Level 1:colcon.colcon_core.environment:checking '/home/tasl/autoware.universe-carla-ros-bridge/install/autoware_auto_vehicle_msgs/bin'
[7.638s] INFO:colcon.colcon_core.shell:Creating package script '/home/tasl/autoware.universe-carla-ros-bridge/install/autoware_auto_vehicle_msgs/share/autoware_auto_vehicle_msgs/package.ps1'
[7.640s] INFO:colcon.colcon_core.shell:Creating package descriptor '/home/tasl/autoware.universe-carla-ros-bridge/install/autoware_auto_vehicle_msgs/share/autoware_auto_vehicle_msgs/package.dsv'
[7.641s] INFO:colcon.colcon_core.shell:Creating package script '/home/tasl/autoware.universe-carla-ros-bridge/install/autoware_auto_vehicle_msgs/share/autoware_auto_vehicle_msgs/package.sh'
[7.661s] INFO:colcon.colcon_core.shell:Creating package script '/home/tasl/autoware.universe-carla-ros-bridge/install/autoware_auto_vehicle_msgs/share/autoware_auto_vehicle_msgs/package.bash'
[7.663s] INFO:colcon.colcon_core.shell:Creating package script '/home/tasl/autoware.universe-carla-ros-bridge/install/autoware_auto_vehicle_msgs/share/autoware_auto_vehicle_msgs/package.zsh'
[7.664s] Level 1:colcon.colcon_core.environment:create_file_with_runtime_dependencies(/home/tasl/autoware.universe-carla-ros-bridge/install/autoware_auto_vehicle_msgs/share/colcon-core/packages/autoware_auto_vehicle_msgs)
[7.989s] Level 1:colcon.colcon_core.environment:create_environment_scripts_only(autoware_auto_vehicle_msgs)
[8.001s] Level 1:colcon.colcon_core.environment:checking '/home/tasl/autoware.universe-carla-ros-bridge/install/autoware_auto_vehicle_msgs' for CMake module files
[8.003s] Level 1:colcon.colcon_core.environment:checking '/home/tasl/autoware.universe-carla-ros-bridge/install/autoware_auto_vehicle_msgs' for CMake config files
[8.004s] Level 1:colcon.colcon_core.shell:create_environment_hook('autoware_auto_vehicle_msgs', 'cmake_prefix_path')
[8.011s] INFO:colcon.colcon_core.shell:Creating environment hook '/home/tasl/autoware.universe-carla-ros-bridge/install/autoware_auto_vehicle_msgs/share/autoware_auto_vehicle_msgs/hook/cmake_prefix_path.ps1'
[8.019s] INFO:colcon.colcon_core.shell:Creating environment descriptor '/home/tasl/autoware.universe-carla-ros-bridge/install/autoware_auto_vehicle_msgs/share/autoware_auto_vehicle_msgs/hook/cmake_prefix_path.dsv'
[8.019s] INFO:colcon.colcon_core.shell:Creating environment hook '/home/tasl/autoware.universe-carla-ros-bridge/install/autoware_auto_vehicle_msgs/share/autoware_auto_vehicle_msgs/hook/cmake_prefix_path.sh'
[8.020s] Level 1:colcon.colcon_core.environment:checking '/home/tasl/autoware.universe-carla-ros-bridge/install/autoware_auto_vehicle_msgs/lib'
[8.021s] Level 1:colcon.colcon_core.shell:create_environment_hook('autoware_auto_vehicle_msgs', 'ld_library_path_lib')
[8.032s] INFO:colcon.colcon_core.shell:Creating environment hook '/home/tasl/autoware.universe-carla-ros-bridge/install/autoware_auto_vehicle_msgs/share/autoware_auto_vehicle_msgs/hook/ld_library_path_lib.ps1'
[8.033s] INFO:colcon.colcon_core.shell:Creating environment descriptor '/home/tasl/autoware.universe-carla-ros-bridge/install/autoware_auto_vehicle_msgs/share/autoware_auto_vehicle_msgs/hook/ld_library_path_lib.dsv'
[8.034s] INFO:colcon.colcon_core.shell:Creating environment hook '/home/tasl/autoware.universe-carla-ros-bridge/install/autoware_auto_vehicle_msgs/share/autoware_auto_vehicle_msgs/hook/ld_library_path_lib.sh'
[8.034s] Level 1:colcon.colcon_core.environment:checking '/home/tasl/autoware.universe-carla-ros-bridge/install/autoware_auto_vehicle_msgs/bin'
[8.042s] Level 1:colcon.colcon_core.environment:checking '/home/tasl/autoware.universe-carla-ros-bridge/install/autoware_auto_vehicle_msgs/lib/pkgconfig/autoware_auto_vehicle_msgs.pc'
[8.042s] Level 1:colcon.colcon_core.environment:checking '/home/tasl/autoware.universe-carla-ros-bridge/install/autoware_auto_vehicle_msgs/lib/python3.8/site-packages'
[8.043s] Level 1:colcon.colcon_core.shell:create_environment_hook('autoware_auto_vehicle_msgs', 'pythonpath')
[8.049s] INFO:colcon.colcon_core.shell:Creating environment hook '/home/tasl/autoware.universe-carla-ros-bridge/install/autoware_auto_vehicle_msgs/share/autoware_auto_vehicle_msgs/hook/pythonpath.ps1'
[8.055s] INFO:colcon.colcon_core.shell:Creating environment descriptor '/home/tasl/autoware.universe-carla-ros-bridge/install/autoware_auto_vehicle_msgs/share/autoware_auto_vehicle_msgs/hook/pythonpath.dsv'
[8.056s] INFO:colcon.colcon_core.shell:Creating environment hook '/home/tasl/autoware.universe-carla-ros-bridge/install/autoware_auto_vehicle_msgs/share/autoware_auto_vehicle_msgs/hook/pythonpath.sh'
[8.057s] Level 1:colcon.colcon_core.environment:checking '/home/tasl/autoware.universe-carla-ros-bridge/install/autoware_auto_vehicle_msgs/bin'
[8.066s] INFO:colcon.colcon_core.shell:Creating package script '/home/tasl/autoware.universe-carla-ros-bridge/install/autoware_auto_vehicle_msgs/share/autoware_auto_vehicle_msgs/package.ps1'
[8.068s] INFO:colcon.colcon_core.shell:Creating package descriptor '/home/tasl/autoware.universe-carla-ros-bridge/install/autoware_auto_vehicle_msgs/share/autoware_auto_vehicle_msgs/package.dsv'
[8.069s] INFO:colcon.colcon_core.shell:Creating package script '/home/tasl/autoware.universe-carla-ros-bridge/install/autoware_auto_vehicle_msgs/share/autoware_auto_vehicle_msgs/package.sh'
[8.070s] INFO:colcon.colcon_core.shell:Creating package script '/home/tasl/autoware.universe-carla-ros-bridge/install/autoware_auto_vehicle_msgs/share/autoware_auto_vehicle_msgs/package.bash'
[8.071s] INFO:colcon.colcon_core.shell:Creating package script '/home/tasl/autoware.universe-carla-ros-bridge/install/autoware_auto_vehicle_msgs/share/autoware_auto_vehicle_msgs/package.zsh'
[8.071s] Level 1:colcon.colcon_core.environment:create_file_with_runtime_dependencies(/home/tasl/autoware.universe-carla-ros-bridge/install/autoware_auto_vehicle_msgs/share/colcon-core/packages/autoware_auto_vehicle_msgs)
[9.225s] DEBUG:colcon.colcon_core.event_handler.log_command:Invoked command in '/home/tasl/autoware.universe-carla-ros-bridge/build/autoware_auto_control_msgs' returned '0': CMAKE_PREFIX_PATH=${CMAKE_PREFIX_PATH}:/opt/ros/galactic /usr/bin/cmake --build /home/tasl/autoware.universe-carla-ros-bridge/build/autoware_auto_control_msgs --clean-first -- -j16 -l16
[9.878s] DEBUG:colcon.colcon_core.event_handler.log_command:Invoking command in '/home/tasl/autoware.universe-carla-ros-bridge/build/autoware_auto_control_msgs': CMAKE_PREFIX_PATH=${CMAKE_PREFIX_PATH}:/opt/ros/galactic /usr/bin/cmake --install /home/tasl/autoware.universe-carla-ros-bridge/build/autoware_auto_control_msgs
[10.025s] Level 1:colcon.colcon_core.environment:create_environment_scripts_only(autoware_auto_control_msgs)
[10.032s] Level 1:colcon.colcon_core.environment:checking '/home/tasl/autoware.universe-carla-ros-bridge/install/autoware_auto_control_msgs' for CMake module files
[10.033s] DEBUG:colcon.colcon_core.event_handler.log_command:Invoked command in '/home/tasl/autoware.universe-carla-ros-bridge/build/autoware_auto_control_msgs' returned '0': CMAKE_PREFIX_PATH=${CMAKE_PREFIX_PATH}:/opt/ros/galactic /usr/bin/cmake --install /home/tasl/autoware.universe-carla-ros-bridge/build/autoware_auto_control_msgs
[10.034s] Level 1:colcon.colcon_core.environment:checking '/home/tasl/autoware.universe-carla-ros-bridge/install/autoware_auto_control_msgs' for CMake config files
[10.034s] Level 1:colcon.colcon_core.shell:create_environment_hook('autoware_auto_control_msgs', 'cmake_prefix_path')
[10.038s] INFO:colcon.colcon_core.shell:Creating environment hook '/home/tasl/autoware.universe-carla-ros-bridge/install/autoware_auto_control_msgs/share/autoware_auto_control_msgs/hook/cmake_prefix_path.ps1'
[10.038s] INFO:colcon.colcon_core.shell:Creating environment descriptor '/home/tasl/autoware.universe-carla-ros-bridge/install/autoware_auto_control_msgs/share/autoware_auto_control_msgs/hook/cmake_prefix_path.dsv'
[10.039s] INFO:colcon.colcon_core.shell:Creating environment hook '/home/tasl/autoware.universe-carla-ros-bridge/install/autoware_auto_control_msgs/share/autoware_auto_control_msgs/hook/cmake_prefix_path.sh'
[10.039s] Level 1:colcon.colcon_core.environment:checking '/home/tasl/autoware.universe-carla-ros-bridge/install/autoware_auto_control_msgs/lib'
[10.039s] Level 1:colcon.colcon_core.shell:create_environment_hook('autoware_auto_control_msgs', 'ld_library_path_lib')
[10.052s] INFO:colcon.colcon_core.shell:Creating environment hook '/home/tasl/autoware.universe-carla-ros-bridge/install/autoware_auto_control_msgs/share/autoware_auto_control_msgs/hook/ld_library_path_lib.ps1'
[10.053s] INFO:colcon.colcon_core.shell:Creating environment descriptor '/home/tasl/autoware.universe-carla-ros-bridge/install/autoware_auto_control_msgs/share/autoware_auto_control_msgs/hook/ld_library_path_lib.dsv'
[10.053s] INFO:colcon.colcon_core.shell:Creating environment hook '/home/tasl/autoware.universe-carla-ros-bridge/install/autoware_auto_control_msgs/share/autoware_auto_control_msgs/hook/ld_library_path_lib.sh'
[10.054s] Level 1:colcon.colcon_core.environment:checking '/home/tasl/autoware.universe-carla-ros-bridge/install/autoware_auto_control_msgs/bin'
[10.054s] Level 1:colcon.colcon_core.environment:checking '/home/tasl/autoware.universe-carla-ros-bridge/install/autoware_auto_control_msgs/lib/pkgconfig/autoware_auto_control_msgs.pc'
[10.054s] Level 1:colcon.colcon_core.environment:checking '/home/tasl/autoware.universe-carla-ros-bridge/install/autoware_auto_control_msgs/lib/python3.8/site-packages'
[10.054s] Level 1:colcon.colcon_core.shell:create_environment_hook('autoware_auto_control_msgs', 'pythonpath')
[10.060s] INFO:colcon.colcon_core.shell:Creating environment hook '/home/tasl/autoware.universe-carla-ros-bridge/install/autoware_auto_control_msgs/share/autoware_auto_control_msgs/hook/pythonpath.ps1'
[10.060s] INFO:colcon.colcon_core.shell:Creating environment descriptor '/home/tasl/autoware.universe-carla-ros-bridge/install/autoware_auto_control_msgs/share/autoware_auto_control_msgs/hook/pythonpath.dsv'
[10.061s] INFO:colcon.colcon_core.shell:Creating environment hook '/home/tasl/autoware.universe-carla-ros-bridge/install/autoware_auto_control_msgs/share/autoware_auto_control_msgs/hook/pythonpath.sh'
[10.062s] Level 1:colcon.colcon_core.environment:checking '/home/tasl/autoware.universe-carla-ros-bridge/install/autoware_auto_control_msgs/bin'
[10.067s] INFO:colcon.colcon_core.shell:Creating package script '/home/tasl/autoware.universe-carla-ros-bridge/install/autoware_auto_control_msgs/share/autoware_auto_control_msgs/package.ps1'
[10.068s] INFO:colcon.colcon_core.shell:Creating package descriptor '/home/tasl/autoware.universe-carla-ros-bridge/install/autoware_auto_control_msgs/share/autoware_auto_control_msgs/package.dsv'
[10.070s] INFO:colcon.colcon_core.shell:Creating package script '/home/tasl/autoware.universe-carla-ros-bridge/install/autoware_auto_control_msgs/share/autoware_auto_control_msgs/package.sh'
[10.071s] INFO:colcon.colcon_core.shell:Creating package script '/home/tasl/autoware.universe-carla-ros-bridge/install/autoware_auto_control_msgs/share/autoware_auto_control_msgs/package.bash'
[10.072s] INFO:colcon.colcon_core.shell:Creating package script '/home/tasl/autoware.universe-carla-ros-bridge/install/autoware_auto_control_msgs/share/autoware_auto_control_msgs/package.zsh'
[10.072s] Level 1:colcon.colcon_core.environment:create_file_with_runtime_dependencies(/home/tasl/autoware.universe-carla-ros-bridge/install/autoware_auto_control_msgs/share/colcon-core/packages/autoware_auto_control_msgs)
[10.188s] Level 1:colcon.colcon_core.environment:create_environment_scripts_only(autoware_auto_control_msgs)
[10.196s] Level 1:colcon.colcon_core.environment:checking '/home/tasl/autoware.universe-carla-ros-bridge/install/autoware_auto_control_msgs' for CMake module files
[10.197s] Level 1:colcon.colcon_core.environment:checking '/home/tasl/autoware.universe-carla-ros-bridge/install/autoware_auto_control_msgs' for CMake config files
[10.198s] Level 1:colcon.colcon_core.shell:create_environment_hook('autoware_auto_control_msgs', 'cmake_prefix_path')
[10.204s] INFO:colcon.colcon_core.shell:Creating environment hook '/home/tasl/autoware.universe-carla-ros-bridge/install/autoware_auto_control_msgs/share/autoware_auto_control_msgs/hook/cmake_prefix_path.ps1'
[10.205s] INFO:colcon.colcon_core.shell:Creating environment descriptor '/home/tasl/autoware.universe-carla-ros-bridge/install/autoware_auto_control_msgs/share/autoware_auto_control_msgs/hook/cmake_prefix_path.dsv'
[10.205s] INFO:colcon.colcon_core.shell:Creating environment hook '/home/tasl/autoware.universe-carla-ros-bridge/install/autoware_auto_control_msgs/share/autoware_auto_control_msgs/hook/cmake_prefix_path.sh'
[10.206s] Level 1:colcon.colcon_core.environment:checking '/home/tasl/autoware.universe-carla-ros-bridge/install/autoware_auto_control_msgs/lib'
[10.206s] Level 1:colcon.colcon_core.shell:create_environment_hook('autoware_auto_control_msgs', 'ld_library_path_lib')
[10.212s] INFO:colcon.colcon_core.shell:Creating environment hook '/home/tasl/autoware.universe-carla-ros-bridge/install/autoware_auto_control_msgs/share/autoware_auto_control_msgs/hook/ld_library_path_lib.ps1'
[10.213s] INFO:colcon.colcon_core.shell:Creating environment descriptor '/home/tasl/autoware.universe-carla-ros-bridge/install/autoware_auto_control_msgs/share/autoware_auto_control_msgs/hook/ld_library_path_lib.dsv'
[10.213s] INFO:colcon.colcon_core.shell:Creating environment hook '/home/tasl/autoware.universe-carla-ros-bridge/install/autoware_auto_control_msgs/share/autoware_auto_control_msgs/hook/ld_library_path_lib.sh'
[10.214s] Level 1:colcon.colcon_core.environment:checking '/home/tasl/autoware.universe-carla-ros-bridge/install/autoware_auto_control_msgs/bin'
[10.214s] Level 1:colcon.colcon_core.environment:checking '/home/tasl/autoware.universe-carla-ros-bridge/install/autoware_auto_control_msgs/lib/pkgconfig/autoware_auto_control_msgs.pc'
[10.214s] Level 1:colcon.colcon_core.environment:checking '/home/tasl/autoware.universe-carla-ros-bridge/install/autoware_auto_control_msgs/lib/python3.8/site-packages'
[10.215s] Level 1:colcon.colcon_core.shell:create_environment_hook('autoware_auto_control_msgs', 'pythonpath')
[10.220s] INFO:colcon.colcon_core.shell:Creating environment hook '/home/tasl/autoware.universe-carla-ros-bridge/install/autoware_auto_control_msgs/share/autoware_auto_control_msgs/hook/pythonpath.ps1'
[10.221s] INFO:colcon.colcon_core.shell:Creating environment descriptor '/home/tasl/autoware.universe-carla-ros-bridge/install/autoware_auto_control_msgs/share/autoware_auto_control_msgs/hook/pythonpath.dsv'
[10.221s] INFO:colcon.colcon_core.shell:Creating environment hook '/home/tasl/autoware.universe-carla-ros-bridge/install/autoware_auto_control_msgs/share/autoware_auto_control_msgs/hook/pythonpath.sh'
[10.222s] Level 1:colcon.colcon_core.environment:checking '/home/tasl/autoware.universe-carla-ros-bridge/install/autoware_auto_control_msgs/bin'
[10.228s] INFO:colcon.colcon_core.shell:Creating package script '/home/tasl/autoware.universe-carla-ros-bridge/install/autoware_auto_control_msgs/share/autoware_auto_control_msgs/package.ps1'
[10.229s] INFO:colcon.colcon_core.shell:Creating package descriptor '/home/tasl/autoware.universe-carla-ros-bridge/install/autoware_auto_control_msgs/share/autoware_auto_control_msgs/package.dsv'
[10.230s] INFO:colcon.colcon_core.shell:Creating package script '/home/tasl/autoware.universe-carla-ros-bridge/install/autoware_auto_control_msgs/share/autoware_auto_control_msgs/package.sh'
[10.231s] INFO:colcon.colcon_core.shell:Creating package script '/home/tasl/autoware.universe-carla-ros-bridge/install/autoware_auto_control_msgs/share/autoware_auto_control_msgs/package.bash'
[10.232s] INFO:colcon.colcon_core.shell:Creating package script '/home/tasl/autoware.universe-carla-ros-bridge/install/autoware_auto_control_msgs/share/autoware_auto_control_msgs/package.zsh'
[10.232s] Level 1:colcon.colcon_core.environment:create_file_with_runtime_dependencies(/home/tasl/autoware.universe-carla-ros-bridge/install/autoware_auto_control_msgs/share/colcon-core/packages/autoware_auto_control_msgs)
[17.638s] DEBUG:colcon.colcon_core.event_handler.log_command:Invoked command in '/home/tasl/autoware.universe-carla-ros-bridge/build/carla_msgs' returned '0': CMAKE_PREFIX_PATH=${CMAKE_PREFIX_PATH}:/opt/ros/galactic /usr/bin/cmake --build /home/tasl/autoware.universe-carla-ros-bridge/build/carla_msgs --clean-first -- -j16 -l16
[17.910s] DEBUG:colcon.colcon_core.event_handler.log_command:Invoking command in '/home/tasl/autoware.universe-carla-ros-bridge/build/carla_msgs': CMAKE_PREFIX_PATH=${CMAKE_PREFIX_PATH}:/opt/ros/galactic /usr/bin/cmake --install /home/tasl/autoware.universe-carla-ros-bridge/build/carla_msgs
[18.017s] Level 1:colcon.colcon_core.environment:create_environment_scripts_only(carla_msgs)
[18.022s] Level 1:colcon.colcon_core.environment:checking '/home/tasl/autoware.universe-carla-ros-bridge/install/carla_msgs' for CMake module files
[18.023s] Level 1:colcon.colcon_core.environment:checking '/home/tasl/autoware.universe-carla-ros-bridge/install/carla_msgs' for CMake config files
[18.026s] DEBUG:colcon.colcon_core.event_handler.log_command:Invoked command in '/home/tasl/autoware.universe-carla-ros-bridge/build/carla_msgs' returned '0': CMAKE_PREFIX_PATH=${CMAKE_PREFIX_PATH}:/opt/ros/galactic /usr/bin/cmake --install /home/tasl/autoware.universe-carla-ros-bridge/build/carla_msgs
[18.026s] Level 1:colcon.colcon_core.shell:create_environment_hook('carla_msgs', 'cmake_prefix_path')
[18.029s] INFO:colcon.colcon_core.shell:Creating environment hook '/home/tasl/autoware.universe-carla-ros-bridge/install/carla_msgs/share/carla_msgs/hook/cmake_prefix_path.ps1'
[18.030s] INFO:colcon.colcon_core.shell:Creating environment descriptor '/home/tasl/autoware.universe-carla-ros-bridge/install/carla_msgs/share/carla_msgs/hook/cmake_prefix_path.dsv'
[18.030s] INFO:colcon.colcon_core.shell:Creating environment hook '/home/tasl/autoware.universe-carla-ros-bridge/install/carla_msgs/share/carla_msgs/hook/cmake_prefix_path.sh'
[18.031s] Level 1:colcon.colcon_core.environment:checking '/home/tasl/autoware.universe-carla-ros-bridge/install/carla_msgs/lib'
[18.031s] Level 1:colcon.colcon_core.shell:create_environment_hook('carla_msgs', 'ld_library_path_lib')
[18.034s] INFO:colcon.colcon_core.shell:Creating environment hook '/home/tasl/autoware.universe-carla-ros-bridge/install/carla_msgs/share/carla_msgs/hook/ld_library_path_lib.ps1'
[18.034s] INFO:colcon.colcon_core.shell:Creating environment descriptor '/home/tasl/autoware.universe-carla-ros-bridge/install/carla_msgs/share/carla_msgs/hook/ld_library_path_lib.dsv'
[18.035s] INFO:colcon.colcon_core.shell:Creating environment hook '/home/tasl/autoware.universe-carla-ros-bridge/install/carla_msgs/share/carla_msgs/hook/ld_library_path_lib.sh'
[18.035s] Level 1:colcon.colcon_core.environment:checking '/home/tasl/autoware.universe-carla-ros-bridge/install/carla_msgs/bin'
[18.035s] Level 1:colcon.colcon_core.environment:checking '/home/tasl/autoware.universe-carla-ros-bridge/install/carla_msgs/lib/pkgconfig/carla_msgs.pc'
[18.035s] Level 1:colcon.colcon_core.environment:checking '/home/tasl/autoware.universe-carla-ros-bridge/install/carla_msgs/lib/python3.8/site-packages'
[18.035s] Level 1:colcon.colcon_core.shell:create_environment_hook('carla_msgs', 'pythonpath')
[18.038s] INFO:colcon.colcon_core.shell:Creating environment hook '/home/tasl/autoware.universe-carla-ros-bridge/install/carla_msgs/share/carla_msgs/hook/pythonpath.ps1'
[18.039s] INFO:colcon.colcon_core.shell:Creating environment descriptor '/home/tasl/autoware.universe-carla-ros-bridge/install/carla_msgs/share/carla_msgs/hook/pythonpath.dsv'
[18.039s] INFO:colcon.colcon_core.shell:Creating environment hook '/home/tasl/autoware.universe-carla-ros-bridge/install/carla_msgs/share/carla_msgs/hook/pythonpath.sh'
[18.039s] Level 1:colcon.colcon_core.environment:checking '/home/tasl/autoware.universe-carla-ros-bridge/install/carla_msgs/bin'
[18.042s] INFO:colcon.colcon_core.shell:Creating package script '/home/tasl/autoware.universe-carla-ros-bridge/install/carla_msgs/share/carla_msgs/package.ps1'
[18.043s] INFO:colcon.colcon_core.shell:Creating package descriptor '/home/tasl/autoware.universe-carla-ros-bridge/install/carla_msgs/share/carla_msgs/package.dsv'
[18.043s] INFO:colcon.colcon_core.shell:Creating package script '/home/tasl/autoware.universe-carla-ros-bridge/install/carla_msgs/share/carla_msgs/package.sh'
[18.044s] INFO:colcon.colcon_core.shell:Creating package script '/home/tasl/autoware.universe-carla-ros-bridge/install/carla_msgs/share/carla_msgs/package.bash'
[18.044s] INFO:colcon.colcon_core.shell:Creating package script '/home/tasl/autoware.universe-carla-ros-bridge/install/carla_msgs/share/carla_msgs/package.zsh'
[18.044s] Level 1:colcon.colcon_core.environment:create_file_with_runtime_dependencies(/home/tasl/autoware.universe-carla-ros-bridge/install/carla_msgs/share/colcon-core/packages/carla_msgs)
[18.325s] Level 1:colcon.colcon_core.environment:create_environment_scripts_only(carla_msgs)
[18.330s] Level 1:colcon.colcon_core.environment:checking '/home/tasl/autoware.universe-carla-ros-bridge/install/carla_msgs' for CMake module files
[18.331s] Level 1:colcon.colcon_core.environment:checking '/home/tasl/autoware.universe-carla-ros-bridge/install/carla_msgs' for CMake config files
[18.332s] Level 1:colcon.colcon_core.shell:create_environment_hook('carla_msgs', 'cmake_prefix_path')
[18.334s] INFO:colcon.colcon_core.shell:Creating environment hook '/home/tasl/autoware.universe-carla-ros-bridge/install/carla_msgs/share/carla_msgs/hook/cmake_prefix_path.ps1'
[18.335s] INFO:colcon.colcon_core.shell:Creating environment descriptor '/home/tasl/autoware.universe-carla-ros-bridge/install/carla_msgs/share/carla_msgs/hook/cmake_prefix_path.dsv'
[18.335s] INFO:colcon.colcon_core.shell:Creating environment hook '/home/tasl/autoware.universe-carla-ros-bridge/install/carla_msgs/share/carla_msgs/hook/cmake_prefix_path.sh'
[18.336s] Level 1:colcon.colcon_core.environment:checking '/home/tasl/autoware.universe-carla-ros-bridge/install/carla_msgs/lib'
[18.336s] Level 1:colcon.colcon_core.shell:create_environment_hook('carla_msgs', 'ld_library_path_lib')
[18.339s] INFO:colcon.colcon_core.shell:Creating environment hook '/home/tasl/autoware.universe-carla-ros-bridge/install/carla_msgs/share/carla_msgs/hook/ld_library_path_lib.ps1'
[18.339s] INFO:colcon.colcon_core.shell:Creating environment descriptor '/home/tasl/autoware.universe-carla-ros-bridge/install/carla_msgs/share/carla_msgs/hook/ld_library_path_lib.dsv'
[18.339s] INFO:colcon.colcon_core.shell:Creating environment hook '/home/tasl/autoware.universe-carla-ros-bridge/install/carla_msgs/share/carla_msgs/hook/ld_library_path_lib.sh'
[18.340s] Level 1:colcon.colcon_core.environment:checking '/home/tasl/autoware.universe-carla-ros-bridge/install/carla_msgs/bin'
[18.340s] Level 1:colcon.colcon_core.environment:checking '/home/tasl/autoware.universe-carla-ros-bridge/install/carla_msgs/lib/pkgconfig/carla_msgs.pc'
[18.340s] Level 1:colcon.colcon_core.environment:checking '/home/tasl/autoware.universe-carla-ros-bridge/install/carla_msgs/lib/python3.8/site-packages'
[18.340s] Level 1:colcon.colcon_core.shell:create_environment_hook('carla_msgs', 'pythonpath')
[18.343s] INFO:colcon.colcon_core.shell:Creating environment hook '/home/tasl/autoware.universe-carla-ros-bridge/install/carla_msgs/share/carla_msgs/hook/pythonpath.ps1'
[18.344s] INFO:colcon.colcon_core.shell:Creating environment descriptor '/home/tasl/autoware.universe-carla-ros-bridge/install/carla_msgs/share/carla_msgs/hook/pythonpath.dsv'
[18.344s] INFO:colcon.colcon_core.shell:Creating environment hook '/home/tasl/autoware.universe-carla-ros-bridge/install/carla_msgs/share/carla_msgs/hook/pythonpath.sh'
[18.345s] Level 1:colcon.colcon_core.environment:checking '/home/tasl/autoware.universe-carla-ros-bridge/install/carla_msgs/bin'
[18.348s] INFO:colcon.colcon_core.shell:Creating package script '/home/tasl/autoware.universe-carla-ros-bridge/install/carla_msgs/share/carla_msgs/package.ps1'
[18.349s] INFO:colcon.colcon_core.shell:Creating package descriptor '/home/tasl/autoware.universe-carla-ros-bridge/install/carla_msgs/share/carla_msgs/package.dsv'
[18.349s] INFO:colcon.colcon_core.shell:Creating package script '/home/tasl/autoware.universe-carla-ros-bridge/install/carla_msgs/share/carla_msgs/package.sh'
[18.350s] INFO:colcon.colcon_core.shell:Creating package script '/home/tasl/autoware.universe-carla-ros-bridge/install/carla_msgs/share/carla_msgs/package.bash'
[18.350s] INFO:colcon.colcon_core.shell:Creating package script '/home/tasl/autoware.universe-carla-ros-bridge/install/carla_msgs/share/carla_msgs/package.zsh'
[18.351s] Level 1:colcon.colcon_core.environment:create_file_with_runtime_dependencies(/home/tasl/autoware.universe-carla-ros-bridge/install/carla_msgs/share/colcon-core/packages/carla_msgs)
[18.351s] INFO:colcon.colcon_ros.task.ament_cmake.build:Building ROS package in '/home/tasl/autoware.universe-carla-ros-bridge/autoware_ros_bridge_carla' with build type 'ament_cmake'
[18.351s] INFO:colcon.colcon_cmake.task.cmake.build:Building CMake package in '/home/tasl/autoware.universe-carla-ros-bridge/autoware_ros_bridge_carla'
[18.354s] INFO:colcon.colcon_core.shell:Skip shell extension 'powershell' for command environment: Not usable outside of PowerShell
[18.354s] DEBUG:colcon.colcon_core.shell:Skip shell extension 'dsv' for command environment
[18.374s] DEBUG:colcon.colcon_core.event_handler.log_command:Invoking command in '/home/tasl/autoware.universe-carla-ros-bridge/build/autoware_ros_bridge_carla': CMAKE_PREFIX_PATH=/home/tasl/autoware.universe-carla-ros-bridge/install/carla_msgs:/home/tasl/autoware.universe-carla-ros-bridge/install/autoware_auto_vehicle_msgs:/home/tasl/autoware.universe-carla-ros-bridge/install/autoware_auto_control_msgs:/home/tasl/autoware.universe-carla-ros-bridge/install/autoware_ros_bridge_carla:/opt/ros/galactic /usr/bin/cmake /home/tasl/autoware.universe-carla-ros-bridge/autoware_ros_bridge_carla -DCMAKE_INSTALL_PREFIX=/home/tasl/autoware.universe-carla-ros-bridge/install/autoware_ros_bridge_carla
[19.598s] DEBUG:colcon.colcon_core.event_handler.log_command:Invoked command in '/home/tasl/autoware.universe-carla-ros-bridge/build/autoware_ros_bridge_carla' returned '1': CMAKE_PREFIX_PATH=/home/tasl/autoware.universe-carla-ros-bridge/install/carla_msgs:/home/tasl/autoware.universe-carla-ros-bridge/install/autoware_auto_vehicle_msgs:/home/tasl/autoware.universe-carla-ros-bridge/install/autoware_auto_control_msgs:/home/tasl/autoware.universe-carla-ros-bridge/install/autoware_ros_bridge_carla:/opt/ros/galactic /usr/bin/cmake /home/tasl/autoware.universe-carla-ros-bridge/autoware_ros_bridge_carla -DCMAKE_INSTALL_PREFIX=/home/tasl/autoware.universe-carla-ros-bridge/install/autoware_ros_bridge_carla
[19.614s] Level 1:colcon.colcon_core.environment:create_environment_scripts_only(autoware_ros_bridge_carla)
[19.620s] Level 1:colcon.colcon_core.environment:checking '/home/tasl/autoware.universe-carla-ros-bridge/install/autoware_ros_bridge_carla' for CMake module files
[19.620s] Level 1:colcon.colcon_core.environment:checking '/home/tasl/autoware.universe-carla-ros-bridge/install/autoware_ros_bridge_carla' for CMake config files
[19.621s] Level 1:colcon.colcon_core.environment:checking '/home/tasl/autoware.universe-carla-ros-bridge/install/autoware_ros_bridge_carla/bin'
[19.621s] Level 1:colcon.colcon_core.environment:checking '/home/tasl/autoware.universe-carla-ros-bridge/install/autoware_ros_bridge_carla/lib/pkgconfig/autoware_ros_bridge_carla.pc'
[19.621s] Level 1:colcon.colcon_core.environment:checking '/home/tasl/autoware.universe-carla-ros-bridge/install/autoware_ros_bridge_carla/lib/python3.8/site-packages'
[19.621s] Level 1:colcon.colcon_core.environment:checking '/home/tasl/autoware.universe-carla-ros-bridge/install/autoware_ros_bridge_carla/bin'
[19.624s] INFO:colcon.colcon_core.shell:Creating package script '/home/tasl/autoware.universe-carla-ros-bridge/install/autoware_ros_bridge_carla/share/autoware_ros_bridge_carla/package.ps1'
[19.625s] INFO:colcon.colcon_core.shell:Creating package descriptor '/home/tasl/autoware.universe-carla-ros-bridge/install/autoware_ros_bridge_carla/share/autoware_ros_bridge_carla/package.dsv'
[19.626s] INFO:colcon.colcon_core.shell:Creating package script '/home/tasl/autoware.universe-carla-ros-bridge/install/autoware_ros_bridge_carla/share/autoware_ros_bridge_carla/package.sh'
[19.626s] INFO:colcon.colcon_core.shell:Creating package script '/home/tasl/autoware.universe-carla-ros-bridge/install/autoware_ros_bridge_carla/share/autoware_ros_bridge_carla/package.bash'
[19.627s] INFO:colcon.colcon_core.shell:Creating package script '/home/tasl/autoware.universe-carla-ros-bridge/install/autoware_ros_bridge_carla/share/autoware_ros_bridge_carla/package.zsh'
[19.627s] Level 1:colcon.colcon_core.environment:create_file_with_runtime_dependencies(/home/tasl/autoware.universe-carla-ros-bridge/install/autoware_ros_bridge_carla/share/colcon-core/packages/autoware_ros_bridge_carla)
[19.638s] DEBUG:colcon.colcon_parallel_executor.executor.parallel:closing loop
[19.638s] DEBUG:colcon.colcon_parallel_executor.executor.parallel:loop closed
[19.638s] DEBUG:colcon.colcon_parallel_executor.executor.parallel:run_until_complete finished with '1'
[19.638s] DEBUG:colcon.colcon_core.event_reactor:joining thread
[19.647s] INFO:colcon.colcon_core.plugin_system:Skipping extension 'colcon_notification.desktop_notification.terminal_notifier': Not used on non-Darwin systems
[19.647s] INFO:colcon.colcon_core.plugin_system:Skipping extension 'colcon_notification.desktop_notification.win32': Not used on non-Windows systems
[19.647s] INFO:colcon.colcon_notification.desktop_notification:Sending desktop notification using 'notify2'
[19.661s] DEBUG:colcon.colcon_core.event_reactor:joined thread
[19.664s] INFO:colcon.colcon_core.shell:Creating prefix script '/home/tasl/autoware.universe-carla-ros-bridge/install/local_setup.ps1'
[19.665s] INFO:colcon.colcon_core.shell:Creating prefix util module '/home/tasl/autoware.universe-carla-ros-bridge/install/_local_setup_util_ps1.py'
[19.666s] INFO:colcon.colcon_core.shell:Creating prefix chain script '/home/tasl/autoware.universe-carla-ros-bridge/install/setup.ps1'
[19.668s] INFO:colcon.colcon_core.shell:Creating prefix script '/home/tasl/autoware.universe-carla-ros-bridge/install/local_setup.sh'
[19.669s] INFO:colcon.colcon_core.shell:Creating prefix util module '/home/tasl/autoware.universe-carla-ros-bridge/install/_local_setup_util_sh.py'
[19.669s] INFO:colcon.colcon_core.shell:Creating prefix chain script '/home/tasl/autoware.universe-carla-ros-bridge/install/setup.sh'
[19.671s] INFO:colcon.colcon_core.shell:Creating prefix script '/home/tasl/autoware.universe-carla-ros-bridge/install/local_setup.bash'
[19.672s] INFO:colcon.colcon_core.shell:Creating prefix chain script '/home/tasl/autoware.universe-carla-ros-bridge/install/setup.bash'
[19.673s] INFO:colcon.colcon_core.shell:Creating prefix script '/home/tasl/autoware.universe-carla-ros-bridge/install/local_setup.zsh'
[19.674s] INFO:colcon.colcon_core.shell:Creating prefix chain script '/home/tasl/autoware.universe-carla-ros-bridge/install/setup.zsh'
