[0.034s] Invoking command in '/home/tasl/autoware.universe-carla-ros-bridge/build/carla_msgs': CMAKE_PREFIX_PATH=${CMAKE_PREFIX_PATH}:/opt/ros/galactic /usr/bin/cmake --build /home/tasl/autoware.universe-carla-ros-bridge/build/carla_msgs -- -j16 -l16
[0.103s] [  0%] Built target carla_msgs__cpp
[0.110s] [ 12%] Built target carla_msgs__rosidl_generator_c
[0.143s] [ 25%] Built target carla_msgs__rosidl_typesupport_introspection_cpp
[0.150s] [ 37%] Built target carla_msgs__rosidl_typesupport_c
[0.152s] [ 49%] Built target carla_msgs__rosidl_typesupport_cpp
[0.153s] [ 61%] Built target carla_msgs__rosidl_typesupport_introspection_c
[0.160s] [ 73%] Built target carla_msgs__rosidl_typesupport_fastrtps_cpp
[0.200s] [ 85%] Built target carla_msgs__rosidl_typesupport_fastrtps_c
[0.220s] [ 85%] Built target carla_msgs
[0.248s] [ 86%] Built target carla_msgs__py
[0.292s] [ 97%] Built target carla_msgs__python
[0.322s] [100%] Built target carla_msgs__rosidl_typesupport_c__pyext
[0.322s] [100%] Built target carla_msgs__rosidl_typesupport_fastrtps_c__pyext
[0.325s] [100%] Built target carla_msgs__rosidl_typesupport_introspection_c__pyext
[0.340s] Invoked command in '/home/tasl/autoware.universe-carla-ros-bridge/build/carla_msgs' returned '0': CMAKE_PREFIX_PATH=${CMAKE_PREFIX_PATH}:/opt/ros/galactic /usr/bin/cmake --build /home/tasl/autoware.universe-carla-ros-bridge/build/carla_msgs -- -j16 -l16
[0.636s] Invoking command in '/home/tasl/autoware.universe-carla-ros-bridge/build/carla_msgs': CMAKE_PREFIX_PATH=${CMAKE_PREFIX_PATH}:/opt/ros/galactic /usr/bin/cmake --install /home/tasl/autoware.universe-carla-ros-bridge/build/carla_msgs
[0.647s] -- Install configuration: ""
[0.647s] -- Up-to-date: /home/tasl/autoware.universe-carla-ros-bridge/install/carla_msgs/share/ament_index/resource_index/rosidl_interfaces/carla_msgs
[0.648s] -- Up-to-date: /home/tasl/autoware.universe-carla-ros-bridge/install/carla_msgs/include/carla_msgs
[0.648s] -- Up-to-date: /home/tasl/autoware.universe-carla-ros-bridge/install/carla_msgs/include/carla_msgs/msg
[0.648s] -- Up-to-date: /home/tasl/autoware.universe-carla-ros-bridge/install/carla_msgs/include/carla_msgs/msg/carla_traffic_light_info_list.h
[0.648s] -- Up-to-date: /home/tasl/autoware.universe-carla-ros-bridge/install/carla_msgs/include/carla_msgs/msg/carla_actor_list.h
[0.649s] -- Up-to-date: /home/tasl/autoware.universe-carla-ros-bridge/install/carla_msgs/include/carla_msgs/msg/carla_ego_vehicle_info_wheel.h
[0.649s] -- Up-to-date: /home/tasl/autoware.universe-carla-ros-bridge/install/carla_msgs/include/carla_msgs/msg/carla_ego_vehicle_info.h
[0.649s] -- Up-to-date: /home/tasl/autoware.universe-carla-ros-bridge/install/carla_msgs/include/carla_msgs/msg/carla_collision_event.h
[0.649s] -- Up-to-date: /home/tasl/autoware.universe-carla-ros-bridge/install/carla_msgs/include/carla_msgs/msg/carla_weather_parameters.h
[0.650s] -- Up-to-date: /home/tasl/autoware.universe-carla-ros-bridge/install/carla_msgs/include/carla_msgs/msg/carla_lane_invasion_event.h
[0.650s] -- Up-to-date: /home/tasl/autoware.universe-carla-ros-bridge/install/carla_msgs/include/carla_msgs/msg/carla_status.h
[0.650s] -- Up-to-date: /home/tasl/autoware.universe-carla-ros-bridge/install/carla_msgs/include/carla_msgs/msg/carla_traffic_light_info.h
[0.650s] -- Up-to-date: /home/tasl/autoware.universe-carla-ros-bridge/install/carla_msgs/include/carla_msgs/msg/carla_walker_control.h
[0.650s] -- Up-to-date: /home/tasl/autoware.universe-carla-ros-bridge/install/carla_msgs/include/carla_msgs/msg/carla_traffic_light_status.h
[0.651s] -- Up-to-date: /home/tasl/autoware.universe-carla-ros-bridge/install/carla_msgs/include/carla_msgs/msg/carla_actor_info.h
[0.651s] -- Up-to-date: /home/tasl/autoware.universe-carla-ros-bridge/install/carla_msgs/include/carla_msgs/msg/carla_control.h
[0.651s] -- Up-to-date: /home/tasl/autoware.universe-carla-ros-bridge/install/carla_msgs/include/carla_msgs/msg/detail
[0.652s] -- Up-to-date: /home/tasl/autoware.universe-carla-ros-bridge/install/carla_msgs/include/carla_msgs/msg/detail/carla_control__type_support.h
[0.652s] -- Up-to-date: /home/tasl/autoware.universe-carla-ros-bridge/install/carla_msgs/include/carla_msgs/msg/detail/carla_status__struct.h
[0.652s] -- Up-to-date: /home/tasl/autoware.universe-carla-ros-bridge/install/carla_msgs/include/carla_msgs/msg/detail/carla_ego_vehicle_info_wheel__type_support.h
[0.652s] -- Up-to-date: /home/tasl/autoware.universe-carla-ros-bridge/install/carla_msgs/include/carla_msgs/msg/detail/carla_ego_vehicle_status__struct.h
[0.652s] -- Up-to-date: /home/tasl/autoware.universe-carla-ros-bridge/install/carla_msgs/include/carla_msgs/msg/detail/carla_traffic_light_status_list__struct.h
[0.653s] -- Up-to-date: /home/tasl/autoware.universe-carla-ros-bridge/install/carla_msgs/include/carla_msgs/msg/detail/carla_traffic_light_status_list__type_support.h
[0.653s] -- Up-to-date: /home/tasl/autoware.universe-carla-ros-bridge/install/carla_msgs/include/carla_msgs/msg/detail/carla_actor_list__functions.c
[0.653s] -- Up-to-date: /home/tasl/autoware.universe-carla-ros-bridge/install/carla_msgs/include/carla_msgs/msg/detail/carla_weather_parameters__struct.h
[0.653s] -- Up-to-date: /home/tasl/autoware.universe-carla-ros-bridge/install/carla_msgs/include/carla_msgs/msg/detail/carla_ego_vehicle_status__functions.h
[0.653s] -- Up-to-date: /home/tasl/autoware.universe-carla-ros-bridge/install/carla_msgs/include/carla_msgs/msg/detail/carla_status__type_support.h
[0.653s] -- Up-to-date: /home/tasl/autoware.universe-carla-ros-bridge/install/carla_msgs/include/carla_msgs/msg/detail/carla_actor_list__type_support.h
[0.654s] -- Up-to-date: /home/tasl/autoware.universe-carla-ros-bridge/install/carla_msgs/include/carla_msgs/msg/detail/carla_actor_info__type_support.h
[0.654s] -- Up-to-date: /home/tasl/autoware.universe-carla-ros-bridge/install/carla_msgs/include/carla_msgs/msg/detail/carla_traffic_light_status_list__functions.h
[0.654s] -- Up-to-date: /home/tasl/autoware.universe-carla-ros-bridge/install/carla_msgs/include/carla_msgs/msg/detail/carla_traffic_light_info__struct.h
[0.654s] -- Up-to-date: /home/tasl/autoware.universe-carla-ros-bridge/install/carla_msgs/include/carla_msgs/msg/detail/carla_status__functions.c
[0.655s] -- Up-to-date: /home/tasl/autoware.universe-carla-ros-bridge/install/carla_msgs/include/carla_msgs/msg/detail/carla_ego_vehicle_control__functions.c
[0.655s] -- Up-to-date: /home/tasl/autoware.universe-carla-ros-bridge/install/carla_msgs/include/carla_msgs/msg/detail/carla_ego_vehicle_info__functions.h
[0.655s] -- Up-to-date: /home/tasl/autoware.universe-carla-ros-bridge/install/carla_msgs/include/carla_msgs/msg/detail/carla_traffic_light_info__functions.h
[0.655s] -- Up-to-date: /home/tasl/autoware.universe-carla-ros-bridge/install/carla_msgs/include/carla_msgs/msg/detail/carla_traffic_light_status__type_support.h
[0.655s] -- Up-to-date: /home/tasl/autoware.universe-carla-ros-bridge/install/carla_msgs/include/carla_msgs/msg/detail/carla_bounding_box__struct.h
[0.655s] -- Up-to-date: /home/tasl/autoware.universe-carla-ros-bridge/install/carla_msgs/include/carla_msgs/msg/detail/carla_traffic_light_info_list__type_support.h
[0.655s] -- Up-to-date: /home/tasl/autoware.universe-carla-ros-bridge/install/carla_msgs/include/carla_msgs/msg/detail/carla_traffic_light_info__type_support.h
[0.655s] -- Up-to-date: /home/tasl/autoware.universe-carla-ros-bridge/install/carla_msgs/include/carla_msgs/msg/detail/carla_walker_control__functions.c
[0.655s] -- Up-to-date: /home/tasl/autoware.universe-carla-ros-bridge/install/carla_msgs/include/carla_msgs/msg/detail/carla_walker_control__type_support.h
[0.656s] -- Up-to-date: /home/tasl/autoware.universe-carla-ros-bridge/install/carla_msgs/include/carla_msgs/msg/detail/carla_world_info__type_support.h
[0.656s] -- Up-to-date: /home/tasl/autoware.universe-carla-ros-bridge/install/carla_msgs/include/carla_msgs/msg/detail/carla_bounding_box__type_support.h
[0.656s] -- Up-to-date: /home/tasl/autoware.universe-carla-ros-bridge/install/carla_msgs/include/carla_msgs/msg/detail/carla_ego_vehicle_info__type_support.h
[0.656s] -- Up-to-date: /home/tasl/autoware.universe-carla-ros-bridge/install/carla_msgs/include/carla_msgs/msg/detail/carla_ego_vehicle_control__type_support.h
[0.657s] -- Up-to-date: /home/tasl/autoware.universe-carla-ros-bridge/install/carla_msgs/include/carla_msgs/msg/detail/carla_bounding_box__functions.h
[0.657s] -- Up-to-date: /home/tasl/autoware.universe-carla-ros-bridge/install/carla_msgs/include/carla_msgs/msg/detail/carla_traffic_light_info_list__struct.h
[0.657s] -- Up-to-date: /home/tasl/autoware.universe-carla-ros-bridge/install/carla_msgs/include/carla_msgs/msg/detail/carla_walker_control__functions.h
[0.657s] -- Up-to-date: /home/tasl/autoware.universe-carla-ros-bridge/install/carla_msgs/include/carla_msgs/msg/detail/carla_traffic_light_status__struct.h
[0.658s] -- Up-to-date: /home/tasl/autoware.universe-carla-ros-bridge/install/carla_msgs/include/carla_msgs/msg/detail/carla_ego_vehicle_info__struct.h
[0.658s] -- Up-to-date: /home/tasl/autoware.universe-carla-ros-bridge/install/carla_msgs/include/carla_msgs/msg/detail/carla_ego_vehicle_status__type_support.h
[0.658s] -- Up-to-date: /home/tasl/autoware.universe-carla-ros-bridge/install/carla_msgs/include/carla_msgs/msg/detail/carla_ego_vehicle_info_wheel__functions.h
[0.658s] -- Up-to-date: /home/tasl/autoware.universe-carla-ros-bridge/install/carla_msgs/include/carla_msgs/msg/detail/carla_lane_invasion_event__type_support.h
[0.658s] -- Up-to-date: /home/tasl/autoware.universe-carla-ros-bridge/install/carla_msgs/include/carla_msgs/msg/detail/carla_ego_vehicle_status__functions.c
[0.659s] -- Up-to-date: /home/tasl/autoware.universe-carla-ros-bridge/install/carla_msgs/include/carla_msgs/msg/detail/carla_actor_list__struct.h
[0.659s] -- Up-to-date: /home/tasl/autoware.universe-carla-ros-bridge/install/carla_msgs/include/carla_msgs/msg/detail/carla_actor_info__functions.c
[0.659s] -- Up-to-date: /home/tasl/autoware.universe-carla-ros-bridge/install/carla_msgs/include/carla_msgs/msg/detail/carla_control__functions.h
[0.659s] -- Up-to-date: /home/tasl/autoware.universe-carla-ros-bridge/install/carla_msgs/include/carla_msgs/msg/detail/carla_lane_invasion_event__functions.h
[0.659s] -- Up-to-date: /home/tasl/autoware.universe-carla-ros-bridge/install/carla_msgs/include/carla_msgs/msg/detail/carla_weather_parameters__type_support.h
[0.659s] -- Up-to-date: /home/tasl/autoware.universe-carla-ros-bridge/install/carla_msgs/include/carla_msgs/msg/detail/carla_weather_parameters__functions.h
[0.659s] -- Up-to-date: /home/tasl/autoware.universe-carla-ros-bridge/install/carla_msgs/include/carla_msgs/msg/detail/carla_ego_vehicle_control__functions.h
[0.659s] -- Up-to-date: /home/tasl/autoware.universe-carla-ros-bridge/install/carla_msgs/include/carla_msgs/msg/detail/carla_traffic_light_status_list__functions.c
[0.659s] -- Up-to-date: /home/tasl/autoware.universe-carla-ros-bridge/install/carla_msgs/include/carla_msgs/msg/detail/carla_status__functions.h
[0.660s] -- Up-to-date: /home/tasl/autoware.universe-carla-ros-bridge/install/carla_msgs/include/carla_msgs/msg/detail/carla_collision_event__functions.h
[0.660s] -- Up-to-date: /home/tasl/autoware.universe-carla-ros-bridge/install/carla_msgs/include/carla_msgs/msg/detail/carla_ego_vehicle_control__struct.h
[0.660s] -- Up-to-date: /home/tasl/autoware.universe-carla-ros-bridge/install/carla_msgs/include/carla_msgs/msg/detail/carla_actor_info__functions.h
[0.660s] -- Up-to-date: /home/tasl/autoware.universe-carla-ros-bridge/install/carla_msgs/include/carla_msgs/msg/detail/carla_actor_info__struct.h
[0.660s] -- Up-to-date: /home/tasl/autoware.universe-carla-ros-bridge/install/carla_msgs/include/carla_msgs/msg/detail/carla_collision_event__struct.h
[0.660s] -- Up-to-date: /home/tasl/autoware.universe-carla-ros-bridge/install/carla_msgs/include/carla_msgs/msg/detail/carla_collision_event__type_support.h
[0.660s] -- Up-to-date: /home/tasl/autoware.universe-carla-ros-bridge/install/carla_msgs/include/carla_msgs/msg/detail/carla_world_info__struct.h
[0.660s] -- Up-to-date: /home/tasl/autoware.universe-carla-ros-bridge/install/carla_msgs/include/carla_msgs/msg/detail/carla_control__functions.c
[0.660s] -- Up-to-date: /home/tasl/autoware.universe-carla-ros-bridge/install/carla_msgs/include/carla_msgs/msg/detail/carla_lane_invasion_event__struct.h
[0.660s] -- Up-to-date: /home/tasl/autoware.universe-carla-ros-bridge/install/carla_msgs/include/carla_msgs/msg/detail/carla_walker_control__struct.h
[0.661s] -- Up-to-date: /home/tasl/autoware.universe-carla-ros-bridge/install/carla_msgs/include/carla_msgs/msg/detail/carla_ego_vehicle_info_wheel__struct.h
[0.661s] -- Up-to-date: /home/tasl/autoware.universe-carla-ros-bridge/install/carla_msgs/include/carla_msgs/msg/detail/carla_lane_invasion_event__functions.c
[0.661s] -- Up-to-date: /home/tasl/autoware.universe-carla-ros-bridge/install/carla_msgs/include/carla_msgs/msg/detail/carla_traffic_light_status__functions.h
[0.661s] -- Up-to-date: /home/tasl/autoware.universe-carla-ros-bridge/install/carla_msgs/include/carla_msgs/msg/detail/carla_collision_event__functions.c
[0.661s] -- Up-to-date: /home/tasl/autoware.universe-carla-ros-bridge/install/carla_msgs/include/carla_msgs/msg/detail/carla_weather_parameters__functions.c
[0.661s] -- Up-to-date: /home/tasl/autoware.universe-carla-ros-bridge/install/carla_msgs/include/carla_msgs/msg/detail/carla_traffic_light_status__functions.c
[0.661s] -- Up-to-date: /home/tasl/autoware.universe-carla-ros-bridge/install/carla_msgs/include/carla_msgs/msg/detail/carla_actor_list__functions.h
[0.661s] -- Up-to-date: /home/tasl/autoware.universe-carla-ros-bridge/install/carla_msgs/include/carla_msgs/msg/detail/carla_control__struct.h
[0.661s] -- Up-to-date: /home/tasl/autoware.universe-carla-ros-bridge/install/carla_msgs/include/carla_msgs/msg/detail/carla_world_info__functions.h
[0.661s] -- Up-to-date: /home/tasl/autoware.universe-carla-ros-bridge/install/carla_msgs/include/carla_msgs/msg/detail/carla_ego_vehicle_info_wheel__functions.c
[0.662s] -- Up-to-date: /home/tasl/autoware.universe-carla-ros-bridge/install/carla_msgs/include/carla_msgs/msg/detail/carla_ego_vehicle_info__functions.c
[0.662s] -- Up-to-date: /home/tasl/autoware.universe-carla-ros-bridge/install/carla_msgs/include/carla_msgs/msg/detail/carla_world_info__functions.c
[0.662s] -- Up-to-date: /home/tasl/autoware.universe-carla-ros-bridge/install/carla_msgs/include/carla_msgs/msg/detail/carla_traffic_light_info__functions.c
[0.662s] -- Up-to-date: /home/tasl/autoware.universe-carla-ros-bridge/install/carla_msgs/include/carla_msgs/msg/detail/carla_traffic_light_info_list__functions.c
[0.662s] -- Up-to-date: /home/tasl/autoware.universe-carla-ros-bridge/install/carla_msgs/include/carla_msgs/msg/detail/carla_bounding_box__functions.c
[0.662s] -- Up-to-date: /home/tasl/autoware.universe-carla-ros-bridge/install/carla_msgs/include/carla_msgs/msg/detail/carla_traffic_light_info_list__functions.h
[0.662s] -- Up-to-date: /home/tasl/autoware.universe-carla-ros-bridge/install/carla_msgs/include/carla_msgs/msg/carla_ego_vehicle_control.h
[0.662s] -- Up-to-date: /home/tasl/autoware.universe-carla-ros-bridge/install/carla_msgs/include/carla_msgs/msg/carla_ego_vehicle_status.h
[0.662s] -- Up-to-date: /home/tasl/autoware.universe-carla-ros-bridge/install/carla_msgs/include/carla_msgs/msg/carla_bounding_box.h
[0.662s] -- Up-to-date: /home/tasl/autoware.universe-carla-ros-bridge/install/carla_msgs/include/carla_msgs/msg/rosidl_generator_c__visibility_control.h
[0.663s] -- Up-to-date: /home/tasl/autoware.universe-carla-ros-bridge/install/carla_msgs/include/carla_msgs/msg/carla_traffic_light_status_list.h
[0.663s] -- Up-to-date: /home/tasl/autoware.universe-carla-ros-bridge/install/carla_msgs/include/carla_msgs/msg/carla_world_info.h
[0.663s] -- Up-to-date: /home/tasl/autoware.universe-carla-ros-bridge/install/carla_msgs/include/carla_msgs/srv
[0.663s] -- Up-to-date: /home/tasl/autoware.universe-carla-ros-bridge/install/carla_msgs/include/carla_msgs/srv/spawn_object.h
[0.663s] -- Up-to-date: /home/tasl/autoware.universe-carla-ros-bridge/install/carla_msgs/include/carla_msgs/srv/detail
[0.663s] -- Up-to-date: /home/tasl/autoware.universe-carla-ros-bridge/install/carla_msgs/include/carla_msgs/srv/detail/get_blueprints__functions.c
[0.663s] -- Up-to-date: /home/tasl/autoware.universe-carla-ros-bridge/install/carla_msgs/include/carla_msgs/srv/detail/spawn_object__struct.h
[0.663s] -- Up-to-date: /home/tasl/autoware.universe-carla-ros-bridge/install/carla_msgs/include/carla_msgs/srv/detail/get_blueprints__type_support.h
[0.663s] -- Up-to-date: /home/tasl/autoware.universe-carla-ros-bridge/install/carla_msgs/include/carla_msgs/srv/detail/spawn_object__functions.h
[0.663s] -- Up-to-date: /home/tasl/autoware.universe-carla-ros-bridge/install/carla_msgs/include/carla_msgs/srv/detail/destroy_object__functions.h
[0.664s] -- Up-to-date: /home/tasl/autoware.universe-carla-ros-bridge/install/carla_msgs/include/carla_msgs/srv/detail/spawn_object__type_support.h
[0.664s] -- Up-to-date: /home/tasl/autoware.universe-carla-ros-bridge/install/carla_msgs/include/carla_msgs/srv/detail/destroy_object__functions.c
[0.664s] -- Up-to-date: /home/tasl/autoware.universe-carla-ros-bridge/install/carla_msgs/include/carla_msgs/srv/detail/get_blueprints__struct.h
[0.664s] -- Up-to-date: /home/tasl/autoware.universe-carla-ros-bridge/install/carla_msgs/include/carla_msgs/srv/detail/spawn_object__functions.c
[0.664s] -- Up-to-date: /home/tasl/autoware.universe-carla-ros-bridge/install/carla_msgs/include/carla_msgs/srv/detail/get_blueprints__functions.h
[0.664s] -- Up-to-date: /home/tasl/autoware.universe-carla-ros-bridge/install/carla_msgs/include/carla_msgs/srv/detail/destroy_object__struct.h
[0.664s] -- Up-to-date: /home/tasl/autoware.universe-carla-ros-bridge/install/carla_msgs/include/carla_msgs/srv/detail/destroy_object__type_support.h
[0.664s] -- Up-to-date: /home/tasl/autoware.universe-carla-ros-bridge/install/carla_msgs/include/carla_msgs/srv/destroy_object.h
[0.664s] -- Up-to-date: /home/tasl/autoware.universe-carla-ros-bridge/install/carla_msgs/include/carla_msgs/srv/get_blueprints.h
[0.664s] -- Up-to-date: /home/tasl/autoware.universe-carla-ros-bridge/install/carla_msgs/share/carla_msgs/environment/library_path.sh
[0.665s] -- Up-to-date: /home/tasl/autoware.universe-carla-ros-bridge/install/carla_msgs/share/carla_msgs/environment/library_path.dsv
[0.665s] -- Up-to-date: /home/tasl/autoware.universe-carla-ros-bridge/install/carla_msgs/lib/libcarla_msgs__rosidl_generator_c.so
[0.665s] -- Up-to-date: /home/tasl/autoware.universe-carla-ros-bridge/install/carla_msgs/include/carla_msgs
[0.665s] -- Up-to-date: /home/tasl/autoware.universe-carla-ros-bridge/install/carla_msgs/include/carla_msgs/msg
[0.665s] -- Up-to-date: /home/tasl/autoware.universe-carla-ros-bridge/install/carla_msgs/include/carla_msgs/msg/detail
[0.665s] -- Up-to-date: /home/tasl/autoware.universe-carla-ros-bridge/install/carla_msgs/include/carla_msgs/msg/detail/carla_ego_vehicle_status__rosidl_typesupport_fastrtps_c.h
[0.665s] -- Up-to-date: /home/tasl/autoware.universe-carla-ros-bridge/install/carla_msgs/include/carla_msgs/msg/detail/carla_traffic_light_status__rosidl_typesupport_fastrtps_c.h
[0.665s] -- Up-to-date: /home/tasl/autoware.universe-carla-ros-bridge/install/carla_msgs/include/carla_msgs/msg/detail/carla_traffic_light_info__rosidl_typesupport_fastrtps_c.h
[0.665s] -- Up-to-date: /home/tasl/autoware.universe-carla-ros-bridge/install/carla_msgs/include/carla_msgs/msg/detail/carla_status__rosidl_typesupport_fastrtps_c.h
[0.665s] -- Up-to-date: /home/tasl/autoware.universe-carla-ros-bridge/install/carla_msgs/include/carla_msgs/msg/detail/carla_actor_info__rosidl_typesupport_fastrtps_c.h
[0.666s] -- Up-to-date: /home/tasl/autoware.universe-carla-ros-bridge/install/carla_msgs/include/carla_msgs/msg/detail/carla_collision_event__rosidl_typesupport_fastrtps_c.h
[0.666s] -- Up-to-date: /home/tasl/autoware.universe-carla-ros-bridge/install/carla_msgs/include/carla_msgs/msg/detail/carla_walker_control__rosidl_typesupport_fastrtps_c.h
[0.666s] -- Up-to-date: /home/tasl/autoware.universe-carla-ros-bridge/install/carla_msgs/include/carla_msgs/msg/detail/carla_traffic_light_status_list__rosidl_typesupport_fastrtps_c.h
[0.666s] -- Up-to-date: /home/tasl/autoware.universe-carla-ros-bridge/install/carla_msgs/include/carla_msgs/msg/detail/carla_traffic_light_info_list__rosidl_typesupport_fastrtps_c.h
[0.666s] -- Up-to-date: /home/tasl/autoware.universe-carla-ros-bridge/install/carla_msgs/include/carla_msgs/msg/detail/carla_world_info__rosidl_typesupport_fastrtps_c.h
[0.666s] -- Up-to-date: /home/tasl/autoware.universe-carla-ros-bridge/install/carla_msgs/include/carla_msgs/msg/detail/carla_bounding_box__rosidl_typesupport_fastrtps_c.h
[0.666s] -- Up-to-date: /home/tasl/autoware.universe-carla-ros-bridge/install/carla_msgs/include/carla_msgs/msg/detail/carla_ego_vehicle_info__rosidl_typesupport_fastrtps_c.h
[0.666s] -- Up-to-date: /home/tasl/autoware.universe-carla-ros-bridge/install/carla_msgs/include/carla_msgs/msg/detail/carla_actor_list__rosidl_typesupport_fastrtps_c.h
[0.666s] -- Up-to-date: /home/tasl/autoware.universe-carla-ros-bridge/install/carla_msgs/include/carla_msgs/msg/detail/carla_ego_vehicle_info_wheel__rosidl_typesupport_fastrtps_c.h
[0.666s] -- Up-to-date: /home/tasl/autoware.universe-carla-ros-bridge/install/carla_msgs/include/carla_msgs/msg/detail/carla_control__rosidl_typesupport_fastrtps_c.h
[0.667s] -- Up-to-date: /home/tasl/autoware.universe-carla-ros-bridge/install/carla_msgs/include/carla_msgs/msg/detail/carla_weather_parameters__rosidl_typesupport_fastrtps_c.h
[0.667s] -- Up-to-date: /home/tasl/autoware.universe-carla-ros-bridge/install/carla_msgs/include/carla_msgs/msg/detail/carla_ego_vehicle_control__rosidl_typesupport_fastrtps_c.h
[0.667s] -- Up-to-date: /home/tasl/autoware.universe-carla-ros-bridge/install/carla_msgs/include/carla_msgs/msg/detail/carla_lane_invasion_event__rosidl_typesupport_fastrtps_c.h
[0.667s] -- Up-to-date: /home/tasl/autoware.universe-carla-ros-bridge/install/carla_msgs/include/carla_msgs/msg/rosidl_typesupport_fastrtps_c__visibility_control.h
[0.667s] -- Up-to-date: /home/tasl/autoware.universe-carla-ros-bridge/install/carla_msgs/include/carla_msgs/srv
[0.667s] -- Up-to-date: /home/tasl/autoware.universe-carla-ros-bridge/install/carla_msgs/include/carla_msgs/srv/detail
[0.667s] -- Up-to-date: /home/tasl/autoware.universe-carla-ros-bridge/install/carla_msgs/include/carla_msgs/srv/detail/spawn_object__rosidl_typesupport_fastrtps_c.h
[0.667s] -- Up-to-date: /home/tasl/autoware.universe-carla-ros-bridge/install/carla_msgs/include/carla_msgs/srv/detail/destroy_object__rosidl_typesupport_fastrtps_c.h
[0.667s] -- Up-to-date: /home/tasl/autoware.universe-carla-ros-bridge/install/carla_msgs/include/carla_msgs/srv/detail/get_blueprints__rosidl_typesupport_fastrtps_c.h
[0.667s] -- Up-to-date: /home/tasl/autoware.universe-carla-ros-bridge/install/carla_msgs/lib/libcarla_msgs__rosidl_typesupport_fastrtps_c.so
[0.667s] -- Up-to-date: /home/tasl/autoware.universe-carla-ros-bridge/install/carla_msgs/include/carla_msgs
[0.668s] -- Up-to-date: /home/tasl/autoware.universe-carla-ros-bridge/install/carla_msgs/include/carla_msgs/msg
[0.668s] -- Up-to-date: /home/tasl/autoware.universe-carla-ros-bridge/install/carla_msgs/include/carla_msgs/msg/detail
[0.668s] -- Up-to-date: /home/tasl/autoware.universe-carla-ros-bridge/install/carla_msgs/include/carla_msgs/msg/detail/carla_ego_vehicle_control__rosidl_typesupport_fastrtps_cpp.hpp
[0.668s] -- Up-to-date: /home/tasl/autoware.universe-carla-ros-bridge/install/carla_msgs/include/carla_msgs/msg/detail/carla_bounding_box__rosidl_typesupport_fastrtps_cpp.hpp
[0.668s] -- Up-to-date: /home/tasl/autoware.universe-carla-ros-bridge/install/carla_msgs/include/carla_msgs/msg/detail/carla_actor_list__rosidl_typesupport_fastrtps_cpp.hpp
[0.668s] -- Up-to-date: /home/tasl/autoware.universe-carla-ros-bridge/install/carla_msgs/include/carla_msgs/msg/detail/carla_traffic_light_info__rosidl_typesupport_fastrtps_cpp.hpp
[0.668s] -- Up-to-date: /home/tasl/autoware.universe-carla-ros-bridge/install/carla_msgs/include/carla_msgs/msg/detail/carla_status__rosidl_typesupport_fastrtps_cpp.hpp
[0.668s] -- Up-to-date: /home/tasl/autoware.universe-carla-ros-bridge/install/carla_msgs/include/carla_msgs/msg/detail/carla_ego_vehicle_info_wheel__rosidl_typesupport_fastrtps_cpp.hpp
[0.668s] -- Up-to-date: /home/tasl/autoware.universe-carla-ros-bridge/install/carla_msgs/include/carla_msgs/msg/detail/carla_traffic_light_status__rosidl_typesupport_fastrtps_cpp.hpp
[0.668s] -- Up-to-date: /home/tasl/autoware.universe-carla-ros-bridge/install/carla_msgs/include/carla_msgs/msg/detail/carla_weather_parameters__rosidl_typesupport_fastrtps_cpp.hpp
[0.668s] -- Up-to-date: /home/tasl/autoware.universe-carla-ros-bridge/install/carla_msgs/include/carla_msgs/msg/detail/dds_fastrtps
[0.668s] -- Up-to-date: /home/tasl/autoware.universe-carla-ros-bridge/install/carla_msgs/include/carla_msgs/msg/detail/carla_walker_control__rosidl_typesupport_fastrtps_cpp.hpp
[0.668s] -- Up-to-date: /home/tasl/autoware.universe-carla-ros-bridge/install/carla_msgs/include/carla_msgs/msg/detail/carla_actor_info__rosidl_typesupport_fastrtps_cpp.hpp
[0.669s] -- Up-to-date: /home/tasl/autoware.universe-carla-ros-bridge/install/carla_msgs/include/carla_msgs/msg/detail/carla_world_info__rosidl_typesupport_fastrtps_cpp.hpp
[0.669s] -- Up-to-date: /home/tasl/autoware.universe-carla-ros-bridge/install/carla_msgs/include/carla_msgs/msg/detail/carla_traffic_light_info_list__rosidl_typesupport_fastrtps_cpp.hpp
[0.669s] -- Up-to-date: /home/tasl/autoware.universe-carla-ros-bridge/install/carla_msgs/include/carla_msgs/msg/detail/carla_ego_vehicle_status__rosidl_typesupport_fastrtps_cpp.hpp
[0.669s] -- Up-to-date: /home/tasl/autoware.universe-carla-ros-bridge/install/carla_msgs/include/carla_msgs/msg/detail/carla_collision_event__rosidl_typesupport_fastrtps_cpp.hpp
[0.669s] -- Up-to-date: /home/tasl/autoware.universe-carla-ros-bridge/install/carla_msgs/include/carla_msgs/msg/detail/carla_lane_invasion_event__rosidl_typesupport_fastrtps_cpp.hpp
[0.669s] -- Up-to-date: /home/tasl/autoware.universe-carla-ros-bridge/install/carla_msgs/include/carla_msgs/msg/detail/carla_ego_vehicle_info__rosidl_typesupport_fastrtps_cpp.hpp
[0.669s] -- Up-to-date: /home/tasl/autoware.universe-carla-ros-bridge/install/carla_msgs/include/carla_msgs/msg/detail/carla_control__rosidl_typesupport_fastrtps_cpp.hpp
[0.669s] -- Up-to-date: /home/tasl/autoware.universe-carla-ros-bridge/install/carla_msgs/include/carla_msgs/msg/detail/carla_traffic_light_status_list__rosidl_typesupport_fastrtps_cpp.hpp
[0.669s] -- Up-to-date: /home/tasl/autoware.universe-carla-ros-bridge/install/carla_msgs/include/carla_msgs/msg/rosidl_typesupport_fastrtps_cpp__visibility_control.h
[0.670s] -- Up-to-date: /home/tasl/autoware.universe-carla-ros-bridge/install/carla_msgs/include/carla_msgs/srv
[0.670s] -- Up-to-date: /home/tasl/autoware.universe-carla-ros-bridge/install/carla_msgs/include/carla_msgs/srv/detail
[0.670s] -- Up-to-date: /home/tasl/autoware.universe-carla-ros-bridge/install/carla_msgs/include/carla_msgs/srv/detail/get_blueprints__rosidl_typesupport_fastrtps_cpp.hpp
[0.670s] -- Up-to-date: /home/tasl/autoware.universe-carla-ros-bridge/install/carla_msgs/include/carla_msgs/srv/detail/destroy_object__rosidl_typesupport_fastrtps_cpp.hpp
[0.670s] -- Up-to-date: /home/tasl/autoware.universe-carla-ros-bridge/install/carla_msgs/include/carla_msgs/srv/detail/dds_fastrtps
[0.670s] -- Up-to-date: /home/tasl/autoware.universe-carla-ros-bridge/install/carla_msgs/include/carla_msgs/srv/detail/spawn_object__rosidl_typesupport_fastrtps_cpp.hpp
[0.670s] -- Up-to-date: /home/tasl/autoware.universe-carla-ros-bridge/install/carla_msgs/lib/libcarla_msgs__rosidl_typesupport_fastrtps_cpp.so
[0.670s] -- Up-to-date: /home/tasl/autoware.universe-carla-ros-bridge/install/carla_msgs/include/carla_msgs
[0.670s] -- Up-to-date: /home/tasl/autoware.universe-carla-ros-bridge/install/carla_msgs/include/carla_msgs/msg
[0.670s] -- Up-to-date: /home/tasl/autoware.universe-carla-ros-bridge/install/carla_msgs/include/carla_msgs/msg/rosidl_typesupport_introspection_c__visibility_control.h
[0.671s] -- Up-to-date: /home/tasl/autoware.universe-carla-ros-bridge/install/carla_msgs/include/carla_msgs/msg/detail
[0.671s] -- Up-to-date: /home/tasl/autoware.universe-carla-ros-bridge/install/carla_msgs/include/carla_msgs/msg/detail/carla_traffic_light_info_list__type_support.c
[0.671s] -- Up-to-date: /home/tasl/autoware.universe-carla-ros-bridge/install/carla_msgs/include/carla_msgs/msg/detail/carla_ego_vehicle_info_wheel__rosidl_typesupport_introspection_c.h
[0.671s] -- Up-to-date: /home/tasl/autoware.universe-carla-ros-bridge/install/carla_msgs/include/carla_msgs/msg/detail/carla_weather_parameters__rosidl_typesupport_introspection_c.h
[0.671s] -- Up-to-date: /home/tasl/autoware.universe-carla-ros-bridge/install/carla_msgs/include/carla_msgs/msg/detail/carla_actor_list__type_support.c
[0.671s] -- Up-to-date: /home/tasl/autoware.universe-carla-ros-bridge/install/carla_msgs/include/carla_msgs/msg/detail/carla_lane_invasion_event__rosidl_typesupport_introspection_c.h
[0.671s] -- Up-to-date: /home/tasl/autoware.universe-carla-ros-bridge/install/carla_msgs/include/carla_msgs/msg/detail/carla_traffic_light_info_list__rosidl_typesupport_introspection_c.h
[0.671s] -- Up-to-date: /home/tasl/autoware.universe-carla-ros-bridge/install/carla_msgs/include/carla_msgs/msg/detail/carla_bounding_box__rosidl_typesupport_introspection_c.h
[0.671s] -- Up-to-date: /home/tasl/autoware.universe-carla-ros-bridge/install/carla_msgs/include/carla_msgs/msg/detail/carla_bounding_box__type_support.c
[0.671s] -- Up-to-date: /home/tasl/autoware.universe-carla-ros-bridge/install/carla_msgs/include/carla_msgs/msg/detail/carla_ego_vehicle_info_wheel__type_support.c
[0.672s] -- Up-to-date: /home/tasl/autoware.universe-carla-ros-bridge/install/carla_msgs/include/carla_msgs/msg/detail/carla_collision_event__type_support.c
[0.672s] -- Up-to-date: /home/tasl/autoware.universe-carla-ros-bridge/install/carla_msgs/include/carla_msgs/msg/detail/carla_control__type_support.c
[0.672s] -- Up-to-date: /home/tasl/autoware.universe-carla-ros-bridge/install/carla_msgs/include/carla_msgs/msg/detail/carla_traffic_light_status_list__type_support.c
[0.672s] -- Up-to-date: /home/tasl/autoware.universe-carla-ros-bridge/install/carla_msgs/include/carla_msgs/msg/detail/carla_control__rosidl_typesupport_introspection_c.h
[0.672s] -- Up-to-date: /home/tasl/autoware.universe-carla-ros-bridge/install/carla_msgs/include/carla_msgs/msg/detail/carla_traffic_light_info__type_support.c
[0.672s] -- Up-to-date: /home/tasl/autoware.universe-carla-ros-bridge/install/carla_msgs/include/carla_msgs/msg/detail/carla_status__rosidl_typesupport_introspection_c.h
[0.672s] -- Up-to-date: /home/tasl/autoware.universe-carla-ros-bridge/install/carla_msgs/include/carla_msgs/msg/detail/carla_collision_event__rosidl_typesupport_introspection_c.h
[0.672s] -- Up-to-date: /home/tasl/autoware.universe-carla-ros-bridge/install/carla_msgs/include/carla_msgs/msg/detail/carla_ego_vehicle_status__type_support.c
[0.672s] -- Up-to-date: /home/tasl/autoware.universe-carla-ros-bridge/install/carla_msgs/include/carla_msgs/msg/detail/carla_ego_vehicle_status__rosidl_typesupport_introspection_c.h
[0.672s] -- Up-to-date: /home/tasl/autoware.universe-carla-ros-bridge/install/carla_msgs/include/carla_msgs/msg/detail/carla_traffic_light_status__rosidl_typesupport_introspection_c.h
[0.672s] -- Up-to-date: /home/tasl/autoware.universe-carla-ros-bridge/install/carla_msgs/include/carla_msgs/msg/detail/carla_traffic_light_status__type_support.c
[0.673s] -- Up-to-date: /home/tasl/autoware.universe-carla-ros-bridge/install/carla_msgs/include/carla_msgs/msg/detail/carla_actor_info__type_support.c
[0.673s] -- Up-to-date: /home/tasl/autoware.universe-carla-ros-bridge/install/carla_msgs/include/carla_msgs/msg/detail/carla_world_info__rosidl_typesupport_introspection_c.h
[0.673s] -- Up-to-date: /home/tasl/autoware.universe-carla-ros-bridge/install/carla_msgs/include/carla_msgs/msg/detail/carla_walker_control__type_support.c
[0.673s] -- Up-to-date: /home/tasl/autoware.universe-carla-ros-bridge/install/carla_msgs/include/carla_msgs/msg/detail/carla_lane_invasion_event__type_support.c
[0.673s] -- Up-to-date: /home/tasl/autoware.universe-carla-ros-bridge/install/carla_msgs/include/carla_msgs/msg/detail/carla_actor_info__rosidl_typesupport_introspection_c.h
[0.673s] -- Up-to-date: /home/tasl/autoware.universe-carla-ros-bridge/install/carla_msgs/include/carla_msgs/msg/detail/carla_traffic_light_info__rosidl_typesupport_introspection_c.h
[0.673s] -- Up-to-date: /home/tasl/autoware.universe-carla-ros-bridge/install/carla_msgs/include/carla_msgs/msg/detail/carla_ego_vehicle_info__type_support.c
[0.673s] -- Up-to-date: /home/tasl/autoware.universe-carla-ros-bridge/install/carla_msgs/include/carla_msgs/msg/detail/carla_walker_control__rosidl_typesupport_introspection_c.h
[0.673s] -- Up-to-date: /home/tasl/autoware.universe-carla-ros-bridge/install/carla_msgs/include/carla_msgs/msg/detail/carla_world_info__type_support.c
[0.673s] -- Up-to-date: /home/tasl/autoware.universe-carla-ros-bridge/install/carla_msgs/include/carla_msgs/msg/detail/carla_weather_parameters__type_support.c
[0.673s] -- Up-to-date: /home/tasl/autoware.universe-carla-ros-bridge/install/carla_msgs/include/carla_msgs/msg/detail/carla_ego_vehicle_info__rosidl_typesupport_introspection_c.h
[0.673s] -- Up-to-date: /home/tasl/autoware.universe-carla-ros-bridge/install/carla_msgs/include/carla_msgs/msg/detail/carla_traffic_light_status_list__rosidl_typesupport_introspection_c.h
[0.673s] -- Up-to-date: /home/tasl/autoware.universe-carla-ros-bridge/install/carla_msgs/include/carla_msgs/msg/detail/carla_ego_vehicle_control__type_support.c
[0.674s] -- Up-to-date: /home/tasl/autoware.universe-carla-ros-bridge/install/carla_msgs/include/carla_msgs/msg/detail/carla_status__type_support.c
[0.674s] -- Up-to-date: /home/tasl/autoware.universe-carla-ros-bridge/install/carla_msgs/include/carla_msgs/msg/detail/carla_ego_vehicle_control__rosidl_typesupport_introspection_c.h
[0.674s] -- Up-to-date: /home/tasl/autoware.universe-carla-ros-bridge/install/carla_msgs/include/carla_msgs/msg/detail/carla_actor_list__rosidl_typesupport_introspection_c.h
[0.674s] -- Up-to-date: /home/tasl/autoware.universe-carla-ros-bridge/install/carla_msgs/include/carla_msgs/srv
[0.674s] -- Up-to-date: /home/tasl/autoware.universe-carla-ros-bridge/install/carla_msgs/include/carla_msgs/srv/detail
[0.674s] -- Up-to-date: /home/tasl/autoware.universe-carla-ros-bridge/install/carla_msgs/include/carla_msgs/srv/detail/get_blueprints__rosidl_typesupport_introspection_c.h
[0.674s] -- Up-to-date: /home/tasl/autoware.universe-carla-ros-bridge/install/carla_msgs/include/carla_msgs/srv/detail/get_blueprints__type_support.c
[0.674s] -- Up-to-date: /home/tasl/autoware.universe-carla-ros-bridge/install/carla_msgs/include/carla_msgs/srv/detail/spawn_object__type_support.c
[0.674s] -- Up-to-date: /home/tasl/autoware.universe-carla-ros-bridge/install/carla_msgs/include/carla_msgs/srv/detail/spawn_object__rosidl_typesupport_introspection_c.h
[0.674s] -- Up-to-date: /home/tasl/autoware.universe-carla-ros-bridge/install/carla_msgs/include/carla_msgs/srv/detail/destroy_object__type_support.c
[0.674s] -- Up-to-date: /home/tasl/autoware.universe-carla-ros-bridge/install/carla_msgs/include/carla_msgs/srv/detail/destroy_object__rosidl_typesupport_introspection_c.h
[0.674s] -- Up-to-date: /home/tasl/autoware.universe-carla-ros-bridge/install/carla_msgs/lib/libcarla_msgs__rosidl_typesupport_introspection_c.so
[0.675s] -- Up-to-date: /home/tasl/autoware.universe-carla-ros-bridge/install/carla_msgs/lib/libcarla_msgs__rosidl_typesupport_c.so
[0.675s] -- Up-to-date: /home/tasl/autoware.universe-carla-ros-bridge/install/carla_msgs/include/carla_msgs
[0.675s] -- Up-to-date: /home/tasl/autoware.universe-carla-ros-bridge/install/carla_msgs/include/carla_msgs/msg
[0.675s] -- Up-to-date: /home/tasl/autoware.universe-carla-ros-bridge/install/carla_msgs/include/carla_msgs/msg/carla_actor_info.hpp
[0.675s] -- Up-to-date: /home/tasl/autoware.universe-carla-ros-bridge/install/carla_msgs/include/carla_msgs/msg/carla_lane_invasion_event.hpp
[0.675s] -- Up-to-date: /home/tasl/autoware.universe-carla-ros-bridge/install/carla_msgs/include/carla_msgs/msg/carla_ego_vehicle_control.hpp
[0.675s] -- Up-to-date: /home/tasl/autoware.universe-carla-ros-bridge/install/carla_msgs/include/carla_msgs/msg/carla_ego_vehicle_info_wheel.hpp
[0.675s] -- Up-to-date: /home/tasl/autoware.universe-carla-ros-bridge/install/carla_msgs/include/carla_msgs/msg/carla_bounding_box.hpp
[0.675s] -- Up-to-date: /home/tasl/autoware.universe-carla-ros-bridge/install/carla_msgs/include/carla_msgs/msg/carla_status.hpp
[0.675s] -- Up-to-date: /home/tasl/autoware.universe-carla-ros-bridge/install/carla_msgs/include/carla_msgs/msg/carla_weather_parameters.hpp
[0.675s] -- Up-to-date: /home/tasl/autoware.universe-carla-ros-bridge/install/carla_msgs/include/carla_msgs/msg/carla_walker_control.hpp
[0.675s] -- Up-to-date: /home/tasl/autoware.universe-carla-ros-bridge/install/carla_msgs/include/carla_msgs/msg/carla_world_info.hpp
[0.675s] -- Up-to-date: /home/tasl/autoware.universe-carla-ros-bridge/install/carla_msgs/include/carla_msgs/msg/detail
[0.676s] -- Up-to-date: /home/tasl/autoware.universe-carla-ros-bridge/install/carla_msgs/include/carla_msgs/msg/detail/carla_traffic_light_info__builder.hpp
[0.676s] -- Up-to-date: /home/tasl/autoware.universe-carla-ros-bridge/install/carla_msgs/include/carla_msgs/msg/detail/carla_weather_parameters__struct.hpp
[0.676s] -- Up-to-date: /home/tasl/autoware.universe-carla-ros-bridge/install/carla_msgs/include/carla_msgs/msg/detail/carla_world_info__builder.hpp
[0.676s] -- Up-to-date: /home/tasl/autoware.universe-carla-ros-bridge/install/carla_msgs/include/carla_msgs/msg/detail/carla_actor_list__struct.hpp
[0.676s] -- Up-to-date: /home/tasl/autoware.universe-carla-ros-bridge/install/carla_msgs/include/carla_msgs/msg/detail/carla_bounding_box__struct.hpp
[0.676s] -- Up-to-date: /home/tasl/autoware.universe-carla-ros-bridge/install/carla_msgs/include/carla_msgs/msg/detail/carla_traffic_light_info__struct.hpp
[0.676s] -- Up-to-date: /home/tasl/autoware.universe-carla-ros-bridge/install/carla_msgs/include/carla_msgs/msg/detail/carla_traffic_light_info_list__builder.hpp
[0.676s] -- Up-to-date: /home/tasl/autoware.universe-carla-ros-bridge/install/carla_msgs/include/carla_msgs/msg/detail/carla_ego_vehicle_status__traits.hpp
[0.676s] -- Up-to-date: /home/tasl/autoware.universe-carla-ros-bridge/install/carla_msgs/include/carla_msgs/msg/detail/carla_traffic_light_status_list__traits.hpp
[0.676s] -- Up-to-date: /home/tasl/autoware.universe-carla-ros-bridge/install/carla_msgs/include/carla_msgs/msg/detail/carla_weather_parameters__builder.hpp
[0.676s] -- Up-to-date: /home/tasl/autoware.universe-carla-ros-bridge/install/carla_msgs/include/carla_msgs/msg/detail/carla_actor_list__traits.hpp
[0.676s] -- Up-to-date: /home/tasl/autoware.universe-carla-ros-bridge/install/carla_msgs/include/carla_msgs/msg/detail/carla_control__builder.hpp
[0.676s] -- Up-to-date: /home/tasl/autoware.universe-carla-ros-bridge/install/carla_msgs/include/carla_msgs/msg/detail/carla_walker_control__traits.hpp
[0.677s] -- Up-to-date: /home/tasl/autoware.universe-carla-ros-bridge/install/carla_msgs/include/carla_msgs/msg/detail/carla_weather_parameters__traits.hpp
[0.677s] -- Up-to-date: /home/tasl/autoware.universe-carla-ros-bridge/install/carla_msgs/include/carla_msgs/msg/detail/carla_ego_vehicle_status__builder.hpp
[0.677s] -- Up-to-date: /home/tasl/autoware.universe-carla-ros-bridge/install/carla_msgs/include/carla_msgs/msg/detail/carla_bounding_box__traits.hpp
[0.677s] -- Up-to-date: /home/tasl/autoware.universe-carla-ros-bridge/install/carla_msgs/include/carla_msgs/msg/detail/carla_ego_vehicle_control__traits.hpp
[0.677s] -- Up-to-date: /home/tasl/autoware.universe-carla-ros-bridge/install/carla_msgs/include/carla_msgs/msg/detail/carla_collision_event__traits.hpp
[0.677s] -- Up-to-date: /home/tasl/autoware.universe-carla-ros-bridge/install/carla_msgs/include/carla_msgs/msg/detail/carla_ego_vehicle_status__struct.hpp
[0.677s] -- Up-to-date: /home/tasl/autoware.universe-carla-ros-bridge/install/carla_msgs/include/carla_msgs/msg/detail/carla_control__traits.hpp
[0.677s] -- Up-to-date: /home/tasl/autoware.universe-carla-ros-bridge/install/carla_msgs/include/carla_msgs/msg/detail/carla_traffic_light_status_list__struct.hpp
[0.677s] -- Up-to-date: /home/tasl/autoware.universe-carla-ros-bridge/install/carla_msgs/include/carla_msgs/msg/detail/carla_ego_vehicle_info_wheel__traits.hpp
[0.677s] -- Up-to-date: /home/tasl/autoware.universe-carla-ros-bridge/install/carla_msgs/include/carla_msgs/msg/detail/carla_actor_list__builder.hpp
[0.677s] -- Up-to-date: /home/tasl/autoware.universe-carla-ros-bridge/install/carla_msgs/include/carla_msgs/msg/detail/carla_traffic_light_status__struct.hpp
[0.677s] -- Up-to-date: /home/tasl/autoware.universe-carla-ros-bridge/install/carla_msgs/include/carla_msgs/msg/detail/carla_ego_vehicle_info__struct.hpp
[0.678s] -- Up-to-date: /home/tasl/autoware.universe-carla-ros-bridge/install/carla_msgs/include/carla_msgs/msg/detail/carla_ego_vehicle_info_wheel__struct.hpp
[0.678s] -- Up-to-date: /home/tasl/autoware.universe-carla-ros-bridge/install/carla_msgs/include/carla_msgs/msg/detail/carla_ego_vehicle_control__struct.hpp
[0.678s] -- Up-to-date: /home/tasl/autoware.universe-carla-ros-bridge/install/carla_msgs/include/carla_msgs/msg/detail/carla_traffic_light_status__traits.hpp
[0.678s] -- Up-to-date: /home/tasl/autoware.universe-carla-ros-bridge/install/carla_msgs/include/carla_msgs/msg/detail/carla_actor_info__builder.hpp
[0.678s] -- Up-to-date: /home/tasl/autoware.universe-carla-ros-bridge/install/carla_msgs/include/carla_msgs/msg/detail/carla_status__builder.hpp
[0.678s] -- Up-to-date: /home/tasl/autoware.universe-carla-ros-bridge/install/carla_msgs/include/carla_msgs/msg/detail/carla_walker_control__struct.hpp
[0.678s] -- Up-to-date: /home/tasl/autoware.universe-carla-ros-bridge/install/carla_msgs/include/carla_msgs/msg/detail/carla_traffic_light_status__builder.hpp
[0.678s] -- Up-to-date: /home/tasl/autoware.universe-carla-ros-bridge/install/carla_msgs/include/carla_msgs/msg/detail/carla_traffic_light_info_list__struct.hpp
[0.678s] -- Up-to-date: /home/tasl/autoware.universe-carla-ros-bridge/install/carla_msgs/include/carla_msgs/msg/detail/carla_lane_invasion_event__traits.hpp
[0.678s] -- Up-to-date: /home/tasl/autoware.universe-carla-ros-bridge/install/carla_msgs/include/carla_msgs/msg/detail/carla_actor_info__traits.hpp
[0.678s] -- Up-to-date: /home/tasl/autoware.universe-carla-ros-bridge/install/carla_msgs/include/carla_msgs/msg/detail/carla_collision_event__struct.hpp
[0.678s] -- Up-to-date: /home/tasl/autoware.universe-carla-ros-bridge/install/carla_msgs/include/carla_msgs/msg/detail/carla_world_info__traits.hpp
[0.678s] -- Up-to-date: /home/tasl/autoware.universe-carla-ros-bridge/install/carla_msgs/include/carla_msgs/msg/detail/carla_ego_vehicle_info__traits.hpp
[0.679s] -- Up-to-date: /home/tasl/autoware.universe-carla-ros-bridge/install/carla_msgs/include/carla_msgs/msg/detail/carla_lane_invasion_event__builder.hpp
[0.679s] -- Up-to-date: /home/tasl/autoware.universe-carla-ros-bridge/install/carla_msgs/include/carla_msgs/msg/detail/carla_status__struct.hpp
[0.679s] -- Up-to-date: /home/tasl/autoware.universe-carla-ros-bridge/install/carla_msgs/include/carla_msgs/msg/detail/carla_world_info__struct.hpp
[0.679s] -- Up-to-date: /home/tasl/autoware.universe-carla-ros-bridge/install/carla_msgs/include/carla_msgs/msg/detail/carla_lane_invasion_event__struct.hpp
[0.679s] -- Up-to-date: /home/tasl/autoware.universe-carla-ros-bridge/install/carla_msgs/include/carla_msgs/msg/detail/carla_control__struct.hpp
[0.679s] -- Up-to-date: /home/tasl/autoware.universe-carla-ros-bridge/install/carla_msgs/include/carla_msgs/msg/detail/carla_collision_event__builder.hpp
[0.679s] -- Up-to-date: /home/tasl/autoware.universe-carla-ros-bridge/install/carla_msgs/include/carla_msgs/msg/detail/carla_ego_vehicle_info__builder.hpp
[0.679s] -- Up-to-date: /home/tasl/autoware.universe-carla-ros-bridge/install/carla_msgs/include/carla_msgs/msg/detail/carla_bounding_box__builder.hpp
[0.679s] -- Up-to-date: /home/tasl/autoware.universe-carla-ros-bridge/install/carla_msgs/include/carla_msgs/msg/detail/carla_ego_vehicle_control__builder.hpp
[0.679s] -- Up-to-date: /home/tasl/autoware.universe-carla-ros-bridge/install/carla_msgs/include/carla_msgs/msg/detail/carla_actor_info__struct.hpp
[0.679s] -- Up-to-date: /home/tasl/autoware.universe-carla-ros-bridge/install/carla_msgs/include/carla_msgs/msg/detail/carla_traffic_light_info__traits.hpp
[0.679s] -- Up-to-date: /home/tasl/autoware.universe-carla-ros-bridge/install/carla_msgs/include/carla_msgs/msg/detail/carla_traffic_light_info_list__traits.hpp
[0.679s] -- Up-to-date: /home/tasl/autoware.universe-carla-ros-bridge/install/carla_msgs/include/carla_msgs/msg/detail/carla_traffic_light_status_list__builder.hpp
[0.679s] -- Up-to-date: /home/tasl/autoware.universe-carla-ros-bridge/install/carla_msgs/include/carla_msgs/msg/detail/carla_walker_control__builder.hpp
[0.680s] -- Up-to-date: /home/tasl/autoware.universe-carla-ros-bridge/install/carla_msgs/include/carla_msgs/msg/detail/carla_status__traits.hpp
[0.680s] -- Up-to-date: /home/tasl/autoware.universe-carla-ros-bridge/install/carla_msgs/include/carla_msgs/msg/detail/carla_ego_vehicle_info_wheel__builder.hpp
[0.680s] -- Up-to-date: /home/tasl/autoware.universe-carla-ros-bridge/install/carla_msgs/include/carla_msgs/msg/carla_traffic_light_info.hpp
[0.680s] -- Up-to-date: /home/tasl/autoware.universe-carla-ros-bridge/install/carla_msgs/include/carla_msgs/msg/carla_traffic_light_status.hpp
[0.680s] -- Up-to-date: /home/tasl/autoware.universe-carla-ros-bridge/install/carla_msgs/include/carla_msgs/msg/carla_traffic_light_status_list.hpp
[0.680s] -- Up-to-date: /home/tasl/autoware.universe-carla-ros-bridge/install/carla_msgs/include/carla_msgs/msg/carla_collision_event.hpp
[0.680s] -- Up-to-date: /home/tasl/autoware.universe-carla-ros-bridge/install/carla_msgs/include/carla_msgs/msg/carla_actor_list.hpp
[0.680s] -- Up-to-date: /home/tasl/autoware.universe-carla-ros-bridge/install/carla_msgs/include/carla_msgs/msg/carla_control.hpp
[0.680s] -- Up-to-date: /home/tasl/autoware.universe-carla-ros-bridge/install/carla_msgs/include/carla_msgs/msg/carla_traffic_light_info_list.hpp
[0.680s] -- Up-to-date: /home/tasl/autoware.universe-carla-ros-bridge/install/carla_msgs/include/carla_msgs/msg/carla_ego_vehicle_status.hpp
[0.680s] -- Up-to-date: /home/tasl/autoware.universe-carla-ros-bridge/install/carla_msgs/include/carla_msgs/msg/carla_ego_vehicle_info.hpp
[0.680s] -- Up-to-date: /home/tasl/autoware.universe-carla-ros-bridge/install/carla_msgs/include/carla_msgs/srv
[0.680s] -- Up-to-date: /home/tasl/autoware.universe-carla-ros-bridge/install/carla_msgs/include/carla_msgs/srv/spawn_object.hpp
[0.680s] -- Up-to-date: /home/tasl/autoware.universe-carla-ros-bridge/install/carla_msgs/include/carla_msgs/srv/destroy_object.hpp
[0.681s] -- Up-to-date: /home/tasl/autoware.universe-carla-ros-bridge/install/carla_msgs/include/carla_msgs/srv/detail
[0.681s] -- Up-to-date: /home/tasl/autoware.universe-carla-ros-bridge/install/carla_msgs/include/carla_msgs/srv/detail/get_blueprints__struct.hpp
[0.681s] -- Up-to-date: /home/tasl/autoware.universe-carla-ros-bridge/install/carla_msgs/include/carla_msgs/srv/detail/spawn_object__builder.hpp
[0.681s] -- Up-to-date: /home/tasl/autoware.universe-carla-ros-bridge/install/carla_msgs/include/carla_msgs/srv/detail/get_blueprints__traits.hpp
[0.681s] -- Up-to-date: /home/tasl/autoware.universe-carla-ros-bridge/install/carla_msgs/include/carla_msgs/srv/detail/get_blueprints__builder.hpp
[0.681s] -- Up-to-date: /home/tasl/autoware.universe-carla-ros-bridge/install/carla_msgs/include/carla_msgs/srv/detail/destroy_object__traits.hpp
[0.681s] -- Up-to-date: /home/tasl/autoware.universe-carla-ros-bridge/install/carla_msgs/include/carla_msgs/srv/detail/destroy_object__struct.hpp
[0.681s] -- Up-to-date: /home/tasl/autoware.universe-carla-ros-bridge/install/carla_msgs/include/carla_msgs/srv/detail/spawn_object__struct.hpp
[0.681s] -- Up-to-date: /home/tasl/autoware.universe-carla-ros-bridge/install/carla_msgs/include/carla_msgs/srv/detail/spawn_object__traits.hpp
[0.681s] -- Up-to-date: /home/tasl/autoware.universe-carla-ros-bridge/install/carla_msgs/include/carla_msgs/srv/detail/destroy_object__builder.hpp
[0.681s] -- Up-to-date: /home/tasl/autoware.universe-carla-ros-bridge/install/carla_msgs/include/carla_msgs/srv/get_blueprints.hpp
[0.681s] -- Up-to-date: /home/tasl/autoware.universe-carla-ros-bridge/install/carla_msgs/include/carla_msgs
[0.681s] -- Up-to-date: /home/tasl/autoware.universe-carla-ros-bridge/install/carla_msgs/include/carla_msgs/msg
[0.681s] -- Up-to-date: /home/tasl/autoware.universe-carla-ros-bridge/install/carla_msgs/include/carla_msgs/msg/detail
[0.681s] -- Up-to-date: /home/tasl/autoware.universe-carla-ros-bridge/install/carla_msgs/include/carla_msgs/msg/detail/carla_weather_parameters__type_support.cpp
[0.682s] -- Up-to-date: /home/tasl/autoware.universe-carla-ros-bridge/install/carla_msgs/include/carla_msgs/msg/detail/carla_ego_vehicle_control__rosidl_typesupport_introspection_cpp.hpp
[0.682s] -- Up-to-date: /home/tasl/autoware.universe-carla-ros-bridge/install/carla_msgs/include/carla_msgs/msg/detail/carla_walker_control__rosidl_typesupport_introspection_cpp.hpp
[0.682s] -- Up-to-date: /home/tasl/autoware.universe-carla-ros-bridge/install/carla_msgs/include/carla_msgs/msg/detail/carla_traffic_light_status_list__rosidl_typesupport_introspection_cpp.hpp
[0.682s] -- Up-to-date: /home/tasl/autoware.universe-carla-ros-bridge/install/carla_msgs/include/carla_msgs/msg/detail/carla_traffic_light_status__rosidl_typesupport_introspection_cpp.hpp
[0.682s] -- Up-to-date: /home/tasl/autoware.universe-carla-ros-bridge/install/carla_msgs/include/carla_msgs/msg/detail/carla_ego_vehicle_info__type_support.cpp
[0.682s] -- Up-to-date: /home/tasl/autoware.universe-carla-ros-bridge/install/carla_msgs/include/carla_msgs/msg/detail/carla_traffic_light_info__type_support.cpp
[0.682s] -- Up-to-date: /home/tasl/autoware.universe-carla-ros-bridge/install/carla_msgs/include/carla_msgs/msg/detail/carla_actor_list__rosidl_typesupport_introspection_cpp.hpp
[0.682s] -- Up-to-date: /home/tasl/autoware.universe-carla-ros-bridge/install/carla_msgs/include/carla_msgs/msg/detail/carla_traffic_light_status__type_support.cpp
[0.682s] -- Up-to-date: /home/tasl/autoware.universe-carla-ros-bridge/install/carla_msgs/include/carla_msgs/msg/detail/carla_traffic_light_info_list__rosidl_typesupport_introspection_cpp.hpp
[0.682s] -- Up-to-date: /home/tasl/autoware.universe-carla-ros-bridge/install/carla_msgs/include/carla_msgs/msg/detail/carla_traffic_light_info__rosidl_typesupport_introspection_cpp.hpp
[0.682s] -- Up-to-date: /home/tasl/autoware.universe-carla-ros-bridge/install/carla_msgs/include/carla_msgs/msg/detail/carla_traffic_light_status_list__type_support.cpp
[0.682s] -- Up-to-date: /home/tasl/autoware.universe-carla-ros-bridge/install/carla_msgs/include/carla_msgs/msg/detail/carla_actor_info__type_support.cpp
[0.682s] -- Up-to-date: /home/tasl/autoware.universe-carla-ros-bridge/install/carla_msgs/include/carla_msgs/msg/detail/carla_bounding_box__type_support.cpp
[0.682s] -- Up-to-date: /home/tasl/autoware.universe-carla-ros-bridge/install/carla_msgs/include/carla_msgs/msg/detail/carla_actor_list__type_support.cpp
[0.683s] -- Up-to-date: /home/tasl/autoware.universe-carla-ros-bridge/install/carla_msgs/include/carla_msgs/msg/detail/carla_world_info__rosidl_typesupport_introspection_cpp.hpp
[0.683s] -- Up-to-date: /home/tasl/autoware.universe-carla-ros-bridge/install/carla_msgs/include/carla_msgs/msg/detail/carla_ego_vehicle_status__type_support.cpp
[0.683s] -- Up-to-date: /home/tasl/autoware.universe-carla-ros-bridge/install/carla_msgs/include/carla_msgs/msg/detail/carla_collision_event__type_support.cpp
[0.683s] -- Up-to-date: /home/tasl/autoware.universe-carla-ros-bridge/install/carla_msgs/include/carla_msgs/msg/detail/carla_status__type_support.cpp
[0.683s] -- Up-to-date: /home/tasl/autoware.universe-carla-ros-bridge/install/carla_msgs/include/carla_msgs/msg/detail/carla_ego_vehicle_status__rosidl_typesupport_introspection_cpp.hpp
[0.683s] -- Up-to-date: /home/tasl/autoware.universe-carla-ros-bridge/install/carla_msgs/include/carla_msgs/msg/detail/carla_control__rosidl_typesupport_introspection_cpp.hpp
[0.683s] -- Up-to-date: /home/tasl/autoware.universe-carla-ros-bridge/install/carla_msgs/include/carla_msgs/msg/detail/carla_ego_vehicle_control__type_support.cpp
[0.683s] -- Up-to-date: /home/tasl/autoware.universe-carla-ros-bridge/install/carla_msgs/include/carla_msgs/msg/detail/carla_lane_invasion_event__rosidl_typesupport_introspection_cpp.hpp
[0.683s] -- Up-to-date: /home/tasl/autoware.universe-carla-ros-bridge/install/carla_msgs/include/carla_msgs/msg/detail/carla_ego_vehicle_info_wheel__rosidl_typesupport_introspection_cpp.hpp
[0.683s] -- Up-to-date: /home/tasl/autoware.universe-carla-ros-bridge/install/carla_msgs/include/carla_msgs/msg/detail/carla_actor_info__rosidl_typesupport_introspection_cpp.hpp
[0.683s] -- Up-to-date: /home/tasl/autoware.universe-carla-ros-bridge/install/carla_msgs/include/carla_msgs/msg/detail/carla_lane_invasion_event__type_support.cpp
[0.683s] -- Up-to-date: /home/tasl/autoware.universe-carla-ros-bridge/install/carla_msgs/include/carla_msgs/msg/detail/carla_control__type_support.cpp
[0.683s] -- Up-to-date: /home/tasl/autoware.universe-carla-ros-bridge/install/carla_msgs/include/carla_msgs/msg/detail/carla_walker_control__type_support.cpp
[0.683s] -- Up-to-date: /home/tasl/autoware.universe-carla-ros-bridge/install/carla_msgs/include/carla_msgs/msg/detail/carla_collision_event__rosidl_typesupport_introspection_cpp.hpp
[0.683s] -- Up-to-date: /home/tasl/autoware.universe-carla-ros-bridge/install/carla_msgs/include/carla_msgs/msg/detail/carla_world_info__type_support.cpp
[0.684s] -- Up-to-date: /home/tasl/autoware.universe-carla-ros-bridge/install/carla_msgs/include/carla_msgs/msg/detail/carla_weather_parameters__rosidl_typesupport_introspection_cpp.hpp
[0.684s] -- Up-to-date: /home/tasl/autoware.universe-carla-ros-bridge/install/carla_msgs/include/carla_msgs/msg/detail/carla_traffic_light_info_list__type_support.cpp
[0.684s] -- Up-to-date: /home/tasl/autoware.universe-carla-ros-bridge/install/carla_msgs/include/carla_msgs/msg/detail/carla_ego_vehicle_info_wheel__type_support.cpp
[0.684s] -- Up-to-date: /home/tasl/autoware.universe-carla-ros-bridge/install/carla_msgs/include/carla_msgs/msg/detail/carla_status__rosidl_typesupport_introspection_cpp.hpp
[0.684s] -- Up-to-date: /home/tasl/autoware.universe-carla-ros-bridge/install/carla_msgs/include/carla_msgs/msg/detail/carla_bounding_box__rosidl_typesupport_introspection_cpp.hpp
[0.684s] -- Up-to-date: /home/tasl/autoware.universe-carla-ros-bridge/install/carla_msgs/include/carla_msgs/msg/detail/carla_ego_vehicle_info__rosidl_typesupport_introspection_cpp.hpp
[0.684s] -- Up-to-date: /home/tasl/autoware.universe-carla-ros-bridge/install/carla_msgs/include/carla_msgs/srv
[0.684s] -- Up-to-date: /home/tasl/autoware.universe-carla-ros-bridge/install/carla_msgs/include/carla_msgs/srv/detail
[0.684s] -- Up-to-date: /home/tasl/autoware.universe-carla-ros-bridge/install/carla_msgs/include/carla_msgs/srv/detail/spawn_object__rosidl_typesupport_introspection_cpp.hpp
[0.684s] -- Up-to-date: /home/tasl/autoware.universe-carla-ros-bridge/install/carla_msgs/include/carla_msgs/srv/detail/destroy_object__type_support.cpp
[0.684s] -- Up-to-date: /home/tasl/autoware.universe-carla-ros-bridge/install/carla_msgs/include/carla_msgs/srv/detail/spawn_object__type_support.cpp
[0.684s] -- Up-to-date: /home/tasl/autoware.universe-carla-ros-bridge/install/carla_msgs/include/carla_msgs/srv/detail/get_blueprints__type_support.cpp
[0.684s] -- Up-to-date: /home/tasl/autoware.universe-carla-ros-bridge/install/carla_msgs/include/carla_msgs/srv/detail/get_blueprints__rosidl_typesupport_introspection_cpp.hpp
[0.684s] -- Up-to-date: /home/tasl/autoware.universe-carla-ros-bridge/install/carla_msgs/include/carla_msgs/srv/detail/destroy_object__rosidl_typesupport_introspection_cpp.hpp
[0.684s] -- Up-to-date: /home/tasl/autoware.universe-carla-ros-bridge/install/carla_msgs/lib/libcarla_msgs__rosidl_typesupport_introspection_cpp.so
[0.685s] -- Up-to-date: /home/tasl/autoware.universe-carla-ros-bridge/install/carla_msgs/lib/libcarla_msgs__rosidl_typesupport_cpp.so
[0.685s] -- Up-to-date: /home/tasl/autoware.universe-carla-ros-bridge/install/carla_msgs/share/carla_msgs/environment/pythonpath.sh
[0.685s] -- Up-to-date: /home/tasl/autoware.universe-carla-ros-bridge/install/carla_msgs/share/carla_msgs/environment/pythonpath.dsv
[0.685s] -- Up-to-date: /home/tasl/autoware.universe-carla-ros-bridge/install/carla_msgs/lib/python3.8/site-packages/carla_msgs/__init__.py
[0.701s] -- Up-to-date: /home/tasl/autoware.universe-carla-ros-bridge/install/carla_msgs/lib/python3.8/site-packages/carla_msgs/msg
[0.702s] -- Up-to-date: /home/tasl/autoware.universe-carla-ros-bridge/install/carla_msgs/lib/python3.8/site-packages/carla_msgs/msg/_carla_walker_control_s.c
[0.702s] -- Up-to-date: /home/tasl/autoware.universe-carla-ros-bridge/install/carla_msgs/lib/python3.8/site-packages/carla_msgs/msg/_carla_bounding_box.py
[0.702s] -- Up-to-date: /home/tasl/autoware.universe-carla-ros-bridge/install/carla_msgs/lib/python3.8/site-packages/carla_msgs/msg/_carla_ego_vehicle_info.py
[0.702s] -- Up-to-date: /home/tasl/autoware.universe-carla-ros-bridge/install/carla_msgs/lib/python3.8/site-packages/carla_msgs/msg/_carla_actor_info_s.c
[0.702s] -- Up-to-date: /home/tasl/autoware.universe-carla-ros-bridge/install/carla_msgs/lib/python3.8/site-packages/carla_msgs/msg/_carla_world_info.py
[0.702s] -- Up-to-date: /home/tasl/autoware.universe-carla-ros-bridge/install/carla_msgs/lib/python3.8/site-packages/carla_msgs/msg/_carla_traffic_light_status_s.c
[0.702s] -- Up-to-date: /home/tasl/autoware.universe-carla-ros-bridge/install/carla_msgs/lib/python3.8/site-packages/carla_msgs/msg/_carla_ego_vehicle_control_s.c
[0.702s] -- Up-to-date: /home/tasl/autoware.universe-carla-ros-bridge/install/carla_msgs/lib/python3.8/site-packages/carla_msgs/msg/_carla_ego_vehicle_status_s.c
[0.702s] -- Up-to-date: /home/tasl/autoware.universe-carla-ros-bridge/install/carla_msgs/lib/python3.8/site-packages/carla_msgs/msg/_carla_status.py
[0.702s] -- Up-to-date: /home/tasl/autoware.universe-carla-ros-bridge/install/carla_msgs/lib/python3.8/site-packages/carla_msgs/msg/_carla_collision_event_s.c
[0.703s] -- Up-to-date: /home/tasl/autoware.universe-carla-ros-bridge/install/carla_msgs/lib/python3.8/site-packages/carla_msgs/msg/_carla_walker_control.py
[0.703s] -- Up-to-date: /home/tasl/autoware.universe-carla-ros-bridge/install/carla_msgs/lib/python3.8/site-packages/carla_msgs/msg/_carla_ego_vehicle_control.py
[0.703s] -- Up-to-date: /home/tasl/autoware.universe-carla-ros-bridge/install/carla_msgs/lib/python3.8/site-packages/carla_msgs/msg/_carla_traffic_light_info.py
[0.703s] -- Up-to-date: /home/tasl/autoware.universe-carla-ros-bridge/install/carla_msgs/lib/python3.8/site-packages/carla_msgs/msg/_carla_ego_vehicle_info_wheel.py
[0.703s] -- Up-to-date: /home/tasl/autoware.universe-carla-ros-bridge/install/carla_msgs/lib/python3.8/site-packages/carla_msgs/msg/_carla_ego_vehicle_info_s.c
[0.703s] -- Up-to-date: /home/tasl/autoware.universe-carla-ros-bridge/install/carla_msgs/lib/python3.8/site-packages/carla_msgs/msg/_carla_control.py
[0.703s] -- Up-to-date: /home/tasl/autoware.universe-carla-ros-bridge/install/carla_msgs/lib/python3.8/site-packages/carla_msgs/msg/_carla_ego_vehicle_status.py
[0.703s] -- Up-to-date: /home/tasl/autoware.universe-carla-ros-bridge/install/carla_msgs/lib/python3.8/site-packages/carla_msgs/msg/__init__.py
[0.703s] -- Up-to-date: /home/tasl/autoware.universe-carla-ros-bridge/install/carla_msgs/lib/python3.8/site-packages/carla_msgs/msg/_carla_actor_list.py
[0.703s] -- Up-to-date: /home/tasl/autoware.universe-carla-ros-bridge/install/carla_msgs/lib/python3.8/site-packages/carla_msgs/msg/_carla_control_s.c
[0.703s] -- Up-to-date: /home/tasl/autoware.universe-carla-ros-bridge/install/carla_msgs/lib/python3.8/site-packages/carla_msgs/msg/_carla_lane_invasion_event_s.c
[0.703s] -- Up-to-date: /home/tasl/autoware.universe-carla-ros-bridge/install/carla_msgs/lib/python3.8/site-packages/carla_msgs/msg/_carla_bounding_box_s.c
[0.703s] -- Up-to-date: /home/tasl/autoware.universe-carla-ros-bridge/install/carla_msgs/lib/python3.8/site-packages/carla_msgs/msg/_carla_traffic_light_info_list.py
[0.703s] -- Up-to-date: /home/tasl/autoware.universe-carla-ros-bridge/install/carla_msgs/lib/python3.8/site-packages/carla_msgs/msg/_carla_world_info_s.c
[0.704s] -- Up-to-date: /home/tasl/autoware.universe-carla-ros-bridge/install/carla_msgs/lib/python3.8/site-packages/carla_msgs/msg/_carla_traffic_light_status_list.py
[0.704s] -- Up-to-date: /home/tasl/autoware.universe-carla-ros-bridge/install/carla_msgs/lib/python3.8/site-packages/carla_msgs/msg/_carla_collision_event.py
[0.704s] -- Up-to-date: /home/tasl/autoware.universe-carla-ros-bridge/install/carla_msgs/lib/python3.8/site-packages/carla_msgs/msg/_carla_weather_parameters.py
[0.704s] -- Up-to-date: /home/tasl/autoware.universe-carla-ros-bridge/install/carla_msgs/lib/python3.8/site-packages/carla_msgs/msg/_carla_actor_list_s.c
[0.704s] -- Up-to-date: /home/tasl/autoware.universe-carla-ros-bridge/install/carla_msgs/lib/python3.8/site-packages/carla_msgs/msg/_carla_traffic_light_status.py
[0.704s] -- Up-to-date: /home/tasl/autoware.universe-carla-ros-bridge/install/carla_msgs/lib/python3.8/site-packages/carla_msgs/msg/_carla_ego_vehicle_info_wheel_s.c
[0.704s] -- Up-to-date: /home/tasl/autoware.universe-carla-ros-bridge/install/carla_msgs/lib/python3.8/site-packages/carla_msgs/msg/_carla_traffic_light_status_list_s.c
[0.704s] -- Up-to-date: /home/tasl/autoware.universe-carla-ros-bridge/install/carla_msgs/lib/python3.8/site-packages/carla_msgs/msg/_carla_traffic_light_info_list_s.c
[0.704s] -- Up-to-date: /home/tasl/autoware.universe-carla-ros-bridge/install/carla_msgs/lib/python3.8/site-packages/carla_msgs/msg/_carla_actor_info.py
[0.704s] -- Up-to-date: /home/tasl/autoware.universe-carla-ros-bridge/install/carla_msgs/lib/python3.8/site-packages/carla_msgs/msg/_carla_lane_invasion_event.py
[0.704s] -- Up-to-date: /home/tasl/autoware.universe-carla-ros-bridge/install/carla_msgs/lib/python3.8/site-packages/carla_msgs/msg/_carla_traffic_light_info_s.c
[0.705s] -- Up-to-date: /home/tasl/autoware.universe-carla-ros-bridge/install/carla_msgs/lib/python3.8/site-packages/carla_msgs/msg/_carla_weather_parameters_s.c
[0.705s] -- Up-to-date: /home/tasl/autoware.universe-carla-ros-bridge/install/carla_msgs/lib/python3.8/site-packages/carla_msgs/msg/_carla_status_s.c
[0.705s] -- Up-to-date: /home/tasl/autoware.universe-carla-ros-bridge/install/carla_msgs/lib/python3.8/site-packages/carla_msgs/srv
[0.705s] -- Up-to-date: /home/tasl/autoware.universe-carla-ros-bridge/install/carla_msgs/lib/python3.8/site-packages/carla_msgs/srv/_destroy_object.py
[0.705s] -- Up-to-date: /home/tasl/autoware.universe-carla-ros-bridge/install/carla_msgs/lib/python3.8/site-packages/carla_msgs/srv/_get_blueprints.py
[0.705s] -- Up-to-date: /home/tasl/autoware.universe-carla-ros-bridge/install/carla_msgs/lib/python3.8/site-packages/carla_msgs/srv/_destroy_object_s.c
[0.705s] -- Up-to-date: /home/tasl/autoware.universe-carla-ros-bridge/install/carla_msgs/lib/python3.8/site-packages/carla_msgs/srv/__init__.py
[0.705s] -- Up-to-date: /home/tasl/autoware.universe-carla-ros-bridge/install/carla_msgs/lib/python3.8/site-packages/carla_msgs/srv/_spawn_object_s.c
[0.705s] -- Up-to-date: /home/tasl/autoware.universe-carla-ros-bridge/install/carla_msgs/lib/python3.8/site-packages/carla_msgs/srv/_spawn_object.py
[0.705s] -- Up-to-date: /home/tasl/autoware.universe-carla-ros-bridge/install/carla_msgs/lib/python3.8/site-packages/carla_msgs/srv/_get_blueprints_s.c
[0.706s] -- Up-to-date: /home/tasl/autoware.universe-carla-ros-bridge/install/carla_msgs/lib/python3.8/site-packages/carla_msgs/carla_msgs_s__rosidl_typesupport_fastrtps_c.cpython-38-x86_64-linux-gnu.so
[0.706s] -- Up-to-date: /home/tasl/autoware.universe-carla-ros-bridge/install/carla_msgs/lib/python3.8/site-packages/carla_msgs/carla_msgs_s__rosidl_typesupport_introspection_c.cpython-38-x86_64-linux-gnu.so
[0.706s] -- Up-to-date: /home/tasl/autoware.universe-carla-ros-bridge/install/carla_msgs/lib/python3.8/site-packages/carla_msgs/carla_msgs_s__rosidl_typesupport_c.cpython-38-x86_64-linux-gnu.so
[0.706s] -- Up-to-date: /home/tasl/autoware.universe-carla-ros-bridge/install/carla_msgs/lib/libcarla_msgs__python.so
[0.706s] -- Up-to-date: /home/tasl/autoware.universe-carla-ros-bridge/install/carla_msgs/share/carla_msgs/msg/CarlaBoundingBox.idl
[0.706s] -- Up-to-date: /home/tasl/autoware.universe-carla-ros-bridge/install/carla_msgs/share/carla_msgs/msg/CarlaEgoVehicleControl.idl
[0.706s] -- Up-to-date: /home/tasl/autoware.universe-carla-ros-bridge/install/carla_msgs/share/carla_msgs/msg/CarlaEgoVehicleStatus.idl
[0.706s] -- Up-to-date: /home/tasl/autoware.universe-carla-ros-bridge/install/carla_msgs/share/carla_msgs/msg/CarlaEgoVehicleInfoWheel.idl
[0.706s] -- Up-to-date: /home/tasl/autoware.universe-carla-ros-bridge/install/carla_msgs/share/carla_msgs/msg/CarlaEgoVehicleInfo.idl
[0.706s] -- Up-to-date: /home/tasl/autoware.universe-carla-ros-bridge/install/carla_msgs/share/carla_msgs/msg/CarlaCollisionEvent.idl
[0.706s] -- Up-to-date: /home/tasl/autoware.universe-carla-ros-bridge/install/carla_msgs/share/carla_msgs/msg/CarlaLaneInvasionEvent.idl
[0.707s] -- Up-to-date: /home/tasl/autoware.universe-carla-ros-bridge/install/carla_msgs/share/carla_msgs/msg/CarlaWorldInfo.idl
[0.707s] -- Up-to-date: /home/tasl/autoware.universe-carla-ros-bridge/install/carla_msgs/share/carla_msgs/msg/CarlaActorInfo.idl
[0.707s] -- Up-to-date: /home/tasl/autoware.universe-carla-ros-bridge/install/carla_msgs/share/carla_msgs/msg/CarlaActorList.idl
[0.707s] -- Up-to-date: /home/tasl/autoware.universe-carla-ros-bridge/install/carla_msgs/share/carla_msgs/msg/CarlaControl.idl
[0.707s] -- Up-to-date: /home/tasl/autoware.universe-carla-ros-bridge/install/carla_msgs/share/carla_msgs/msg/CarlaStatus.idl
[0.707s] -- Up-to-date: /home/tasl/autoware.universe-carla-ros-bridge/install/carla_msgs/share/carla_msgs/msg/CarlaTrafficLightInfo.idl
[0.707s] -- Up-to-date: /home/tasl/autoware.universe-carla-ros-bridge/install/carla_msgs/share/carla_msgs/msg/CarlaTrafficLightInfoList.idl
[0.707s] -- Up-to-date: /home/tasl/autoware.universe-carla-ros-bridge/install/carla_msgs/share/carla_msgs/msg/CarlaTrafficLightStatus.idl
[0.708s] -- Up-to-date: /home/tasl/autoware.universe-carla-ros-bridge/install/carla_msgs/share/carla_msgs/msg/CarlaTrafficLightStatusList.idl
[0.708s] -- Up-to-date: /home/tasl/autoware.universe-carla-ros-bridge/install/carla_msgs/share/carla_msgs/msg/CarlaWalkerControl.idl
[0.708s] -- Up-to-date: /home/tasl/autoware.universe-carla-ros-bridge/install/carla_msgs/share/carla_msgs/msg/CarlaWeatherParameters.idl
[0.708s] -- Up-to-date: /home/tasl/autoware.universe-carla-ros-bridge/install/carla_msgs/share/carla_msgs/srv/SpawnObject.idl
[0.708s] -- Up-to-date: /home/tasl/autoware.universe-carla-ros-bridge/install/carla_msgs/share/carla_msgs/srv/DestroyObject.idl
[0.708s] -- Up-to-date: /home/tasl/autoware.universe-carla-ros-bridge/install/carla_msgs/share/carla_msgs/srv/GetBlueprints.idl
[0.708s] -- Up-to-date: /home/tasl/autoware.universe-carla-ros-bridge/install/carla_msgs/share/carla_msgs/msg/CarlaBoundingBox.msg
[0.708s] -- Up-to-date: /home/tasl/autoware.universe-carla-ros-bridge/install/carla_msgs/share/carla_msgs/msg/CarlaEgoVehicleControl.msg
[0.709s] -- Up-to-date: /home/tasl/autoware.universe-carla-ros-bridge/install/carla_msgs/share/carla_msgs/msg/CarlaEgoVehicleStatus.msg
[0.709s] -- Up-to-date: /home/tasl/autoware.universe-carla-ros-bridge/install/carla_msgs/share/carla_msgs/msg/CarlaEgoVehicleInfoWheel.msg
[0.709s] -- Up-to-date: /home/tasl/autoware.universe-carla-ros-bridge/install/carla_msgs/share/carla_msgs/msg/CarlaEgoVehicleInfo.msg
[0.709s] -- Up-to-date: /home/tasl/autoware.universe-carla-ros-bridge/install/carla_msgs/share/carla_msgs/msg/CarlaCollisionEvent.msg
[0.709s] -- Up-to-date: /home/tasl/autoware.universe-carla-ros-bridge/install/carla_msgs/share/carla_msgs/msg/CarlaLaneInvasionEvent.msg
[0.709s] -- Up-to-date: /home/tasl/autoware.universe-carla-ros-bridge/install/carla_msgs/share/carla_msgs/msg/CarlaWorldInfo.msg
[0.709s] -- Up-to-date: /home/tasl/autoware.universe-carla-ros-bridge/install/carla_msgs/share/carla_msgs/msg/CarlaActorInfo.msg
[0.709s] -- Up-to-date: /home/tasl/autoware.universe-carla-ros-bridge/install/carla_msgs/share/carla_msgs/msg/CarlaActorList.msg
[0.710s] -- Up-to-date: /home/tasl/autoware.universe-carla-ros-bridge/install/carla_msgs/share/carla_msgs/msg/CarlaControl.msg
[0.710s] -- Up-to-date: /home/tasl/autoware.universe-carla-ros-bridge/install/carla_msgs/share/carla_msgs/msg/CarlaStatus.msg
[0.710s] -- Up-to-date: /home/tasl/autoware.universe-carla-ros-bridge/install/carla_msgs/share/carla_msgs/msg/CarlaTrafficLightInfo.msg
[0.710s] -- Up-to-date: /home/tasl/autoware.universe-carla-ros-bridge/install/carla_msgs/share/carla_msgs/msg/CarlaTrafficLightInfoList.msg
[0.710s] -- Up-to-date: /home/tasl/autoware.universe-carla-ros-bridge/install/carla_msgs/share/carla_msgs/msg/CarlaTrafficLightStatus.msg
[0.710s] -- Up-to-date: /home/tasl/autoware.universe-carla-ros-bridge/install/carla_msgs/share/carla_msgs/msg/CarlaTrafficLightStatusList.msg
[0.710s] -- Up-to-date: /home/tasl/autoware.universe-carla-ros-bridge/install/carla_msgs/share/carla_msgs/msg/CarlaWalkerControl.msg
[0.710s] -- Up-to-date: /home/tasl/autoware.universe-carla-ros-bridge/install/carla_msgs/share/carla_msgs/msg/CarlaWeatherParameters.msg
[0.711s] -- Up-to-date: /home/tasl/autoware.universe-carla-ros-bridge/install/carla_msgs/share/carla_msgs/srv/SpawnObject.srv
[0.711s] -- Up-to-date: /home/tasl/autoware.universe-carla-ros-bridge/install/carla_msgs/share/carla_msgs/srv/SpawnObject_Request.msg
[0.711s] -- Up-to-date: /home/tasl/autoware.universe-carla-ros-bridge/install/carla_msgs/share/carla_msgs/srv/SpawnObject_Response.msg
[0.711s] -- Up-to-date: /home/tasl/autoware.universe-carla-ros-bridge/install/carla_msgs/share/carla_msgs/srv/DestroyObject.srv
[0.711s] -- Up-to-date: /home/tasl/autoware.universe-carla-ros-bridge/install/carla_msgs/share/carla_msgs/srv/DestroyObject_Request.msg
[0.713s] -- Up-to-date: /home/tasl/autoware.universe-carla-ros-bridge/install/carla_msgs/share/carla_msgs/srv/DestroyObject_Response.msg
[0.713s] -- Up-to-date: /home/tasl/autoware.universe-carla-ros-bridge/install/carla_msgs/share/carla_msgs/srv/GetBlueprints.srv
[0.713s] -- Up-to-date: /home/tasl/autoware.universe-carla-ros-bridge/install/carla_msgs/share/carla_msgs/srv/GetBlueprints_Request.msg
[0.713s] -- Up-to-date: /home/tasl/autoware.universe-carla-ros-bridge/install/carla_msgs/share/carla_msgs/srv/GetBlueprints_Response.msg
[0.713s] -- Up-to-date: /home/tasl/autoware.universe-carla-ros-bridge/install/carla_msgs/share/ament_index/resource_index/package_run_dependencies/carla_msgs
[0.714s] -- Up-to-date: /home/tasl/autoware.universe-carla-ros-bridge/install/carla_msgs/share/ament_index/resource_index/parent_prefix_path/carla_msgs
[0.714s] -- Up-to-date: /home/tasl/autoware.universe-carla-ros-bridge/install/carla_msgs/share/carla_msgs/environment/ament_prefix_path.sh
[0.714s] -- Up-to-date: /home/tasl/autoware.universe-carla-ros-bridge/install/carla_msgs/share/carla_msgs/environment/ament_prefix_path.dsv
[0.720s] -- Up-to-date: /home/tasl/autoware.universe-carla-ros-bridge/install/carla_msgs/share/carla_msgs/environment/path.sh
[0.720s] -- Up-to-date: /home/tasl/autoware.universe-carla-ros-bridge/install/carla_msgs/share/carla_msgs/environment/path.dsv
[0.720s] -- Up-to-date: /home/tasl/autoware.universe-carla-ros-bridge/install/carla_msgs/share/carla_msgs/local_setup.bash
[0.721s] -- Up-to-date: /home/tasl/autoware.universe-carla-ros-bridge/install/carla_msgs/share/carla_msgs/local_setup.sh
[0.721s] -- Up-to-date: /home/tasl/autoware.universe-carla-ros-bridge/install/carla_msgs/share/carla_msgs/local_setup.zsh
[0.721s] -- Up-to-date: /home/tasl/autoware.universe-carla-ros-bridge/install/carla_msgs/share/carla_msgs/local_setup.dsv
[0.721s] -- Installing: /home/tasl/autoware.universe-carla-ros-bridge/install/carla_msgs/share/carla_msgs/package.dsv
[0.721s] -- Up-to-date: /home/tasl/autoware.universe-carla-ros-bridge/install/carla_msgs/share/ament_index/resource_index/packages/carla_msgs
[0.722s] -- Up-to-date: /home/tasl/autoware.universe-carla-ros-bridge/install/carla_msgs/share/carla_msgs/cmake/carla_msgs__rosidl_generator_cExport.cmake
[0.722s] -- Up-to-date: /home/tasl/autoware.universe-carla-ros-bridge/install/carla_msgs/share/carla_msgs/cmake/carla_msgs__rosidl_generator_cExport-noconfig.cmake
[0.722s] -- Up-to-date: /home/tasl/autoware.universe-carla-ros-bridge/install/carla_msgs/share/carla_msgs/cmake/carla_msgs__rosidl_typesupport_introspection_cExport.cmake
[0.722s] -- Up-to-date: /home/tasl/autoware.universe-carla-ros-bridge/install/carla_msgs/share/carla_msgs/cmake/carla_msgs__rosidl_typesupport_introspection_cExport-noconfig.cmake
[0.722s] -- Up-to-date: /home/tasl/autoware.universe-carla-ros-bridge/install/carla_msgs/share/carla_msgs/cmake/carla_msgs__rosidl_typesupport_cExport.cmake
[0.722s] -- Up-to-date: /home/tasl/autoware.universe-carla-ros-bridge/install/carla_msgs/share/carla_msgs/cmake/carla_msgs__rosidl_typesupport_cExport-noconfig.cmake
[0.722s] -- Up-to-date: /home/tasl/autoware.universe-carla-ros-bridge/install/carla_msgs/share/carla_msgs/cmake/carla_msgs__rosidl_generator_cppExport.cmake
[0.723s] -- Up-to-date: /home/tasl/autoware.universe-carla-ros-bridge/install/carla_msgs/share/carla_msgs/cmake/carla_msgs__rosidl_typesupport_introspection_cppExport.cmake
[0.723s] -- Up-to-date: /home/tasl/autoware.universe-carla-ros-bridge/install/carla_msgs/share/carla_msgs/cmake/carla_msgs__rosidl_typesupport_introspection_cppExport-noconfig.cmake
[0.723s] -- Up-to-date: /home/tasl/autoware.universe-carla-ros-bridge/install/carla_msgs/share/carla_msgs/cmake/carla_msgs__rosidl_typesupport_cppExport.cmake
[0.723s] -- Up-to-date: /home/tasl/autoware.universe-carla-ros-bridge/install/carla_msgs/share/carla_msgs/cmake/carla_msgs__rosidl_typesupport_cppExport-noconfig.cmake
[0.723s] -- Up-to-date: /home/tasl/autoware.universe-carla-ros-bridge/install/carla_msgs/share/carla_msgs/cmake/rosidl_cmake-extras.cmake
[0.723s] -- Up-to-date: /home/tasl/autoware.universe-carla-ros-bridge/install/carla_msgs/share/carla_msgs/cmake/ament_cmake_export_dependencies-extras.cmake
[0.724s] -- Up-to-date: /home/tasl/autoware.universe-carla-ros-bridge/install/carla_msgs/share/carla_msgs/cmake/ament_cmake_export_libraries-extras.cmake
[0.724s] -- Up-to-date: /home/tasl/autoware.universe-carla-ros-bridge/install/carla_msgs/share/carla_msgs/cmake/ament_cmake_export_targets-extras.cmake
[0.724s] -- Up-to-date: /home/tasl/autoware.universe-carla-ros-bridge/install/carla_msgs/share/carla_msgs/cmake/ament_cmake_export_include_directories-extras.cmake
[0.724s] -- Up-to-date: /home/tasl/autoware.universe-carla-ros-bridge/install/carla_msgs/share/carla_msgs/cmake/rosidl_cmake_export_typesupport_libraries-extras.cmake
[0.724s] -- Up-to-date: /home/tasl/autoware.universe-carla-ros-bridge/install/carla_msgs/share/carla_msgs/cmake/rosidl_cmake_export_typesupport_targets-extras.cmake
[0.724s] -- Up-to-date: /home/tasl/autoware.universe-carla-ros-bridge/install/carla_msgs/share/carla_msgs/cmake/carla_msgsConfig.cmake
[0.724s] -- Up-to-date: /home/tasl/autoware.universe-carla-ros-bridge/install/carla_msgs/share/carla_msgs/cmake/carla_msgsConfig-version.cmake
[0.725s] -- Up-to-date: /home/tasl/autoware.universe-carla-ros-bridge/install/carla_msgs/share/carla_msgs/package.xml
[0.725s] Invoked command in '/home/tasl/autoware.universe-carla-ros-bridge/build/carla_msgs' returned '0': CMAKE_PREFIX_PATH=${CMAKE_PREFIX_PATH}:/opt/ros/galactic /usr/bin/cmake --install /home/tasl/autoware.universe-carla-ros-bridge/build/carla_msgs
