[0.054s] Invoking command in '/home/tasl/autoware.universe-carla-ros-bridge/build/autoware_auto_vehicle_msgs': CMAKE_PREFIX_PATH=${CMAKE_PREFIX_PATH}:/opt/ros/galactic /usr/bin/cmake --build /home/tasl/autoware.universe-carla-ros-bridge/build/autoware_auto_vehicle_msgs -- -j16 -l16
[0.128s] [  2%] Built target autoware_auto_vehicle_msgs__cpp
[0.131s] [ 12%] Built target autoware_auto_vehicle_msgs__rosidl_generator_c
[0.171s] [ 23%] Built target autoware_auto_vehicle_msgs__rosidl_typesupport_introspection_cpp
[0.171s] [ 35%] Built target autoware_auto_vehicle_msgs__rosidl_typesupport_introspection_c
[0.172s] [ 43%] Built target autoware_auto_vehicle_msgs__rosidl_typesupport_cpp
[0.176s] [ 53%] Built target autoware_auto_vehicle_msgs__rosidl_typesupport_c
[0.183s] [ 64%] Built target autoware_auto_vehicle_msgs__rosidl_typesupport_fastrtps_cpp
[0.234s] [ 74%] Built target autoware_auto_vehicle_msgs__rosidl_typesupport_fastrtps_c
[0.264s] [ 74%] Built target autoware_auto_vehicle_msgs
[0.294s] [ 76%] Built target autoware_auto_vehicle_msgs__py
[0.335s] [ 84%] Built target autoware_auto_vehicle_msgs__python
[0.378s] [ 89%] Built target autoware_auto_vehicle_msgs__rosidl_typesupport_c__pyext
[0.379s] [ 94%] Built target autoware_auto_vehicle_msgs__rosidl_typesupport_fastrtps_c__pyext
[0.379s] [100%] Built target autoware_auto_vehicle_msgs__rosidl_typesupport_introspection_c__pyext
[0.397s] Invoked command in '/home/tasl/autoware.universe-carla-ros-bridge/build/autoware_auto_vehicle_msgs' returned '0': CMAKE_PREFIX_PATH=${CMAKE_PREFIX_PATH}:/opt/ros/galactic /usr/bin/cmake --build /home/tasl/autoware.universe-carla-ros-bridge/build/autoware_auto_vehicle_msgs -- -j16 -l16
[0.514s] Invoking command in '/home/tasl/autoware.universe-carla-ros-bridge/build/autoware_auto_vehicle_msgs': CMAKE_PREFIX_PATH=${CMAKE_PREFIX_PATH}:/opt/ros/galactic /usr/bin/cmake --install /home/tasl/autoware.universe-carla-ros-bridge/build/autoware_auto_vehicle_msgs
[0.527s] -- Install configuration: ""
[0.527s] -- Up-to-date: /home/tasl/autoware.universe-carla-ros-bridge/install/autoware_auto_vehicle_msgs/share/ament_index/resource_index/rosidl_interfaces/autoware_auto_vehicle_msgs
[0.528s] -- Up-to-date: /home/tasl/autoware.universe-carla-ros-bridge/install/autoware_auto_vehicle_msgs/include/autoware_auto_vehicle_msgs
[0.528s] -- Up-to-date: /home/tasl/autoware.universe-carla-ros-bridge/install/autoware_auto_vehicle_msgs/include/autoware_auto_vehicle_msgs/msg
[0.528s] -- Up-to-date: /home/tasl/autoware.universe-carla-ros-bridge/install/autoware_auto_vehicle_msgs/include/autoware_auto_vehicle_msgs/msg/velocity_report.h
[0.529s] -- Up-to-date: /home/tasl/autoware.universe-carla-ros-bridge/install/autoware_auto_vehicle_msgs/include/autoware_auto_vehicle_msgs/msg/steering_report.h
[0.529s] -- Up-to-date: /home/tasl/autoware.universe-carla-ros-bridge/install/autoware_auto_vehicle_msgs/include/autoware_auto_vehicle_msgs/msg/detail
[0.530s] -- Up-to-date: /home/tasl/autoware.universe-carla-ros-bridge/install/autoware_auto_vehicle_msgs/include/autoware_auto_vehicle_msgs/msg/detail/steering_report__functions.h
[0.530s] -- Up-to-date: /home/tasl/autoware.universe-carla-ros-bridge/install/autoware_auto_vehicle_msgs/include/autoware_auto_vehicle_msgs/msg/detail/steering_report__type_support.h
[0.530s] -- Up-to-date: /home/tasl/autoware.universe-carla-ros-bridge/install/autoware_auto_vehicle_msgs/include/autoware_auto_vehicle_msgs/msg/detail/velocity_report__functions.c
[0.532s] -- Up-to-date: /home/tasl/autoware.universe-carla-ros-bridge/install/autoware_auto_vehicle_msgs/include/autoware_auto_vehicle_msgs/msg/detail/velocity_report__struct.h
[0.532s] -- Up-to-date: /home/tasl/autoware.universe-carla-ros-bridge/install/autoware_auto_vehicle_msgs/include/autoware_auto_vehicle_msgs/msg/detail/steering_report__functions.c
[0.532s] -- Up-to-date: /home/tasl/autoware.universe-carla-ros-bridge/install/autoware_auto_vehicle_msgs/include/autoware_auto_vehicle_msgs/msg/detail/velocity_report__type_support.h
[0.533s] -- Up-to-date: /home/tasl/autoware.universe-carla-ros-bridge/install/autoware_auto_vehicle_msgs/include/autoware_auto_vehicle_msgs/msg/detail/steering_report__struct.h
[0.533s] -- Up-to-date: /home/tasl/autoware.universe-carla-ros-bridge/install/autoware_auto_vehicle_msgs/include/autoware_auto_vehicle_msgs/msg/detail/velocity_report__functions.h
[0.533s] -- Up-to-date: /home/tasl/autoware.universe-carla-ros-bridge/install/autoware_auto_vehicle_msgs/include/autoware_auto_vehicle_msgs/msg/rosidl_generator_c__visibility_control.h
[0.533s] -- Up-to-date: /home/tasl/autoware.universe-carla-ros-bridge/install/autoware_auto_vehicle_msgs/share/autoware_auto_vehicle_msgs/environment/library_path.sh
[0.533s] -- Up-to-date: /home/tasl/autoware.universe-carla-ros-bridge/install/autoware_auto_vehicle_msgs/share/autoware_auto_vehicle_msgs/environment/library_path.dsv
[0.534s] -- Up-to-date: /home/tasl/autoware.universe-carla-ros-bridge/install/autoware_auto_vehicle_msgs/lib/libautoware_auto_vehicle_msgs__rosidl_generator_c.so
[0.534s] -- Up-to-date: /home/tasl/autoware.universe-carla-ros-bridge/install/autoware_auto_vehicle_msgs/include/autoware_auto_vehicle_msgs
[0.535s] -- Up-to-date: /home/tasl/autoware.universe-carla-ros-bridge/install/autoware_auto_vehicle_msgs/include/autoware_auto_vehicle_msgs/msg
[0.535s] -- Up-to-date: /home/tasl/autoware.universe-carla-ros-bridge/install/autoware_auto_vehicle_msgs/include/autoware_auto_vehicle_msgs/msg/detail
[0.535s] -- Up-to-date: /home/tasl/autoware.universe-carla-ros-bridge/install/autoware_auto_vehicle_msgs/include/autoware_auto_vehicle_msgs/msg/detail/steering_report__rosidl_typesupport_fastrtps_c.h
[0.535s] -- Up-to-date: /home/tasl/autoware.universe-carla-ros-bridge/install/autoware_auto_vehicle_msgs/include/autoware_auto_vehicle_msgs/msg/detail/velocity_report__rosidl_typesupport_fastrtps_c.h
[0.536s] -- Up-to-date: /home/tasl/autoware.universe-carla-ros-bridge/install/autoware_auto_vehicle_msgs/include/autoware_auto_vehicle_msgs/msg/rosidl_typesupport_fastrtps_c__visibility_control.h
[0.536s] -- Up-to-date: /home/tasl/autoware.universe-carla-ros-bridge/install/autoware_auto_vehicle_msgs/lib/libautoware_auto_vehicle_msgs__rosidl_typesupport_fastrtps_c.so
[0.536s] -- Up-to-date: /home/tasl/autoware.universe-carla-ros-bridge/install/autoware_auto_vehicle_msgs/include/autoware_auto_vehicle_msgs
[0.536s] -- Up-to-date: /home/tasl/autoware.universe-carla-ros-bridge/install/autoware_auto_vehicle_msgs/include/autoware_auto_vehicle_msgs/msg
[0.536s] -- Up-to-date: /home/tasl/autoware.universe-carla-ros-bridge/install/autoware_auto_vehicle_msgs/include/autoware_auto_vehicle_msgs/msg/detail
[0.536s] -- Up-to-date: /home/tasl/autoware.universe-carla-ros-bridge/install/autoware_auto_vehicle_msgs/include/autoware_auto_vehicle_msgs/msg/detail/steering_report__rosidl_typesupport_fastrtps_cpp.hpp
[0.536s] -- Up-to-date: /home/tasl/autoware.universe-carla-ros-bridge/install/autoware_auto_vehicle_msgs/include/autoware_auto_vehicle_msgs/msg/detail/dds_fastrtps
[0.537s] -- Up-to-date: /home/tasl/autoware.universe-carla-ros-bridge/install/autoware_auto_vehicle_msgs/include/autoware_auto_vehicle_msgs/msg/detail/velocity_report__rosidl_typesupport_fastrtps_cpp.hpp
[0.537s] -- Up-to-date: /home/tasl/autoware.universe-carla-ros-bridge/install/autoware_auto_vehicle_msgs/include/autoware_auto_vehicle_msgs/msg/rosidl_typesupport_fastrtps_cpp__visibility_control.h
[0.537s] -- Up-to-date: /home/tasl/autoware.universe-carla-ros-bridge/install/autoware_auto_vehicle_msgs/lib/libautoware_auto_vehicle_msgs__rosidl_typesupport_fastrtps_cpp.so
[0.537s] -- Up-to-date: /home/tasl/autoware.universe-carla-ros-bridge/install/autoware_auto_vehicle_msgs/include/autoware_auto_vehicle_msgs
[0.537s] -- Up-to-date: /home/tasl/autoware.universe-carla-ros-bridge/install/autoware_auto_vehicle_msgs/include/autoware_auto_vehicle_msgs/msg
[0.538s] -- Up-to-date: /home/tasl/autoware.universe-carla-ros-bridge/install/autoware_auto_vehicle_msgs/include/autoware_auto_vehicle_msgs/msg/rosidl_typesupport_introspection_c__visibility_control.h
[0.538s] -- Up-to-date: /home/tasl/autoware.universe-carla-ros-bridge/install/autoware_auto_vehicle_msgs/include/autoware_auto_vehicle_msgs/msg/detail
[0.538s] -- Up-to-date: /home/tasl/autoware.universe-carla-ros-bridge/install/autoware_auto_vehicle_msgs/include/autoware_auto_vehicle_msgs/msg/detail/velocity_report__type_support.c
[0.538s] -- Up-to-date: /home/tasl/autoware.universe-carla-ros-bridge/install/autoware_auto_vehicle_msgs/include/autoware_auto_vehicle_msgs/msg/detail/velocity_report__rosidl_typesupport_introspection_c.h
[0.538s] -- Up-to-date: /home/tasl/autoware.universe-carla-ros-bridge/install/autoware_auto_vehicle_msgs/include/autoware_auto_vehicle_msgs/msg/detail/steering_report__rosidl_typesupport_introspection_c.h
[0.538s] -- Up-to-date: /home/tasl/autoware.universe-carla-ros-bridge/install/autoware_auto_vehicle_msgs/include/autoware_auto_vehicle_msgs/msg/detail/steering_report__type_support.c
[0.539s] -- Up-to-date: /home/tasl/autoware.universe-carla-ros-bridge/install/autoware_auto_vehicle_msgs/lib/libautoware_auto_vehicle_msgs__rosidl_typesupport_introspection_c.so
[0.539s] -- Up-to-date: /home/tasl/autoware.universe-carla-ros-bridge/install/autoware_auto_vehicle_msgs/lib/libautoware_auto_vehicle_msgs__rosidl_typesupport_c.so
[0.539s] -- Up-to-date: /home/tasl/autoware.universe-carla-ros-bridge/install/autoware_auto_vehicle_msgs/include/autoware_auto_vehicle_msgs
[0.539s] -- Up-to-date: /home/tasl/autoware.universe-carla-ros-bridge/install/autoware_auto_vehicle_msgs/include/autoware_auto_vehicle_msgs/msg
[0.539s] -- Up-to-date: /home/tasl/autoware.universe-carla-ros-bridge/install/autoware_auto_vehicle_msgs/include/autoware_auto_vehicle_msgs/msg/steering_report.hpp
[0.540s] -- Up-to-date: /home/tasl/autoware.universe-carla-ros-bridge/install/autoware_auto_vehicle_msgs/include/autoware_auto_vehicle_msgs/msg/velocity_report.hpp
[0.540s] -- Up-to-date: /home/tasl/autoware.universe-carla-ros-bridge/install/autoware_auto_vehicle_msgs/include/autoware_auto_vehicle_msgs/msg/detail
[0.540s] -- Up-to-date: /home/tasl/autoware.universe-carla-ros-bridge/install/autoware_auto_vehicle_msgs/include/autoware_auto_vehicle_msgs/msg/detail/velocity_report__struct.hpp
[0.540s] -- Up-to-date: /home/tasl/autoware.universe-carla-ros-bridge/install/autoware_auto_vehicle_msgs/include/autoware_auto_vehicle_msgs/msg/detail/steering_report__struct.hpp
[0.540s] -- Up-to-date: /home/tasl/autoware.universe-carla-ros-bridge/install/autoware_auto_vehicle_msgs/include/autoware_auto_vehicle_msgs/msg/detail/velocity_report__traits.hpp
[0.540s] -- Up-to-date: /home/tasl/autoware.universe-carla-ros-bridge/install/autoware_auto_vehicle_msgs/include/autoware_auto_vehicle_msgs/msg/detail/velocity_report__builder.hpp
[0.541s] -- Up-to-date: /home/tasl/autoware.universe-carla-ros-bridge/install/autoware_auto_vehicle_msgs/include/autoware_auto_vehicle_msgs/msg/detail/steering_report__traits.hpp
[0.541s] -- Up-to-date: /home/tasl/autoware.universe-carla-ros-bridge/install/autoware_auto_vehicle_msgs/include/autoware_auto_vehicle_msgs/msg/detail/steering_report__builder.hpp
[0.541s] -- Up-to-date: /home/tasl/autoware.universe-carla-ros-bridge/install/autoware_auto_vehicle_msgs/include/autoware_auto_vehicle_msgs
[0.541s] -- Up-to-date: /home/tasl/autoware.universe-carla-ros-bridge/install/autoware_auto_vehicle_msgs/include/autoware_auto_vehicle_msgs/msg
[0.541s] -- Up-to-date: /home/tasl/autoware.universe-carla-ros-bridge/install/autoware_auto_vehicle_msgs/include/autoware_auto_vehicle_msgs/msg/detail
[0.541s] -- Up-to-date: /home/tasl/autoware.universe-carla-ros-bridge/install/autoware_auto_vehicle_msgs/include/autoware_auto_vehicle_msgs/msg/detail/velocity_report__rosidl_typesupport_introspection_cpp.hpp
[0.542s] -- Up-to-date: /home/tasl/autoware.universe-carla-ros-bridge/install/autoware_auto_vehicle_msgs/include/autoware_auto_vehicle_msgs/msg/detail/velocity_report__type_support.cpp
[0.546s] -- Up-to-date: /home/tasl/autoware.universe-carla-ros-bridge/install/autoware_auto_vehicle_msgs/include/autoware_auto_vehicle_msgs/msg/detail/steering_report__rosidl_typesupport_introspection_cpp.hpp
[0.547s] -- Up-to-date: /home/tasl/autoware.universe-carla-ros-bridge/install/autoware_auto_vehicle_msgs/include/autoware_auto_vehicle_msgs/msg/detail/steering_report__type_support.cpp
[0.547s] -- Up-to-date: /home/tasl/autoware.universe-carla-ros-bridge/install/autoware_auto_vehicle_msgs/lib/libautoware_auto_vehicle_msgs__rosidl_typesupport_introspection_cpp.so
[0.547s] -- Up-to-date: /home/tasl/autoware.universe-carla-ros-bridge/install/autoware_auto_vehicle_msgs/lib/libautoware_auto_vehicle_msgs__rosidl_typesupport_cpp.so
[0.547s] -- Up-to-date: /home/tasl/autoware.universe-carla-ros-bridge/install/autoware_auto_vehicle_msgs/share/autoware_auto_vehicle_msgs/environment/pythonpath.sh
[0.547s] -- Up-to-date: /home/tasl/autoware.universe-carla-ros-bridge/install/autoware_auto_vehicle_msgs/share/autoware_auto_vehicle_msgs/environment/pythonpath.dsv
[0.547s] -- Up-to-date: /home/tasl/autoware.universe-carla-ros-bridge/install/autoware_auto_vehicle_msgs/lib/python3.8/site-packages/autoware_auto_vehicle_msgs/__init__.py
[0.588s] -- Up-to-date: /home/tasl/autoware.universe-carla-ros-bridge/install/autoware_auto_vehicle_msgs/lib/python3.8/site-packages/autoware_auto_vehicle_msgs/msg
[0.588s] -- Up-to-date: /home/tasl/autoware.universe-carla-ros-bridge/install/autoware_auto_vehicle_msgs/lib/python3.8/site-packages/autoware_auto_vehicle_msgs/msg/_steering_report_s.c
[0.588s] -- Up-to-date: /home/tasl/autoware.universe-carla-ros-bridge/install/autoware_auto_vehicle_msgs/lib/python3.8/site-packages/autoware_auto_vehicle_msgs/msg/_velocity_report_s.c
[0.588s] -- Up-to-date: /home/tasl/autoware.universe-carla-ros-bridge/install/autoware_auto_vehicle_msgs/lib/python3.8/site-packages/autoware_auto_vehicle_msgs/msg/__init__.py
[0.589s] -- Up-to-date: /home/tasl/autoware.universe-carla-ros-bridge/install/autoware_auto_vehicle_msgs/lib/python3.8/site-packages/autoware_auto_vehicle_msgs/msg/_steering_report.py
[0.589s] -- Up-to-date: /home/tasl/autoware.universe-carla-ros-bridge/install/autoware_auto_vehicle_msgs/lib/python3.8/site-packages/autoware_auto_vehicle_msgs/msg/_velocity_report.py
[0.589s] -- Up-to-date: /home/tasl/autoware.universe-carla-ros-bridge/install/autoware_auto_vehicle_msgs/lib/python3.8/site-packages/autoware_auto_vehicle_msgs/autoware_auto_vehicle_msgs_s__rosidl_typesupport_fastrtps_c.cpython-38-x86_64-linux-gnu.so
[0.589s] -- Up-to-date: /home/tasl/autoware.universe-carla-ros-bridge/install/autoware_auto_vehicle_msgs/lib/python3.8/site-packages/autoware_auto_vehicle_msgs/autoware_auto_vehicle_msgs_s__rosidl_typesupport_introspection_c.cpython-38-x86_64-linux-gnu.so
[0.592s] -- Up-to-date: /home/tasl/autoware.universe-carla-ros-bridge/install/autoware_auto_vehicle_msgs/lib/python3.8/site-packages/autoware_auto_vehicle_msgs/autoware_auto_vehicle_msgs_s__rosidl_typesupport_c.cpython-38-x86_64-linux-gnu.so
[0.592s] -- Up-to-date: /home/tasl/autoware.universe-carla-ros-bridge/install/autoware_auto_vehicle_msgs/lib/libautoware_auto_vehicle_msgs__python.so
[0.592s] -- Up-to-date: /home/tasl/autoware.universe-carla-ros-bridge/install/autoware_auto_vehicle_msgs/share/ament_index/resource_index/package_run_dependencies/autoware_auto_vehicle_msgs
[0.593s] -- Up-to-date: /home/tasl/autoware.universe-carla-ros-bridge/install/autoware_auto_vehicle_msgs/share/ament_index/resource_index/parent_prefix_path/autoware_auto_vehicle_msgs
[0.593s] -- Up-to-date: /home/tasl/autoware.universe-carla-ros-bridge/install/autoware_auto_vehicle_msgs/share/autoware_auto_vehicle_msgs/environment/ament_prefix_path.sh
[0.593s] -- Up-to-date: /home/tasl/autoware.universe-carla-ros-bridge/install/autoware_auto_vehicle_msgs/share/autoware_auto_vehicle_msgs/environment/ament_prefix_path.dsv
[0.593s] -- Up-to-date: /home/tasl/autoware.universe-carla-ros-bridge/install/autoware_auto_vehicle_msgs/share/autoware_auto_vehicle_msgs/environment/path.sh
[0.593s] -- Up-to-date: /home/tasl/autoware.universe-carla-ros-bridge/install/autoware_auto_vehicle_msgs/share/autoware_auto_vehicle_msgs/environment/path.dsv
[0.593s] -- Up-to-date: /home/tasl/autoware.universe-carla-ros-bridge/install/autoware_auto_vehicle_msgs/share/autoware_auto_vehicle_msgs/local_setup.bash
[0.594s] -- Up-to-date: /home/tasl/autoware.universe-carla-ros-bridge/install/autoware_auto_vehicle_msgs/share/autoware_auto_vehicle_msgs/local_setup.sh
[0.594s] -- Up-to-date: /home/tasl/autoware.universe-carla-ros-bridge/install/autoware_auto_vehicle_msgs/share/autoware_auto_vehicle_msgs/local_setup.zsh
[0.594s] -- Up-to-date: /home/tasl/autoware.universe-carla-ros-bridge/install/autoware_auto_vehicle_msgs/share/autoware_auto_vehicle_msgs/local_setup.dsv
[0.594s] -- Installing: /home/tasl/autoware.universe-carla-ros-bridge/install/autoware_auto_vehicle_msgs/share/autoware_auto_vehicle_msgs/package.dsv
[0.595s] -- Up-to-date: /home/tasl/autoware.universe-carla-ros-bridge/install/autoware_auto_vehicle_msgs/share/ament_index/resource_index/packages/autoware_auto_vehicle_msgs
[0.595s] -- Up-to-date: /home/tasl/autoware.universe-carla-ros-bridge/install/autoware_auto_vehicle_msgs/share/autoware_auto_vehicle_msgs/cmake/autoware_auto_vehicle_msgs__rosidl_generator_cExport.cmake
[0.596s] -- Up-to-date: /home/tasl/autoware.universe-carla-ros-bridge/install/autoware_auto_vehicle_msgs/share/autoware_auto_vehicle_msgs/cmake/autoware_auto_vehicle_msgs__rosidl_generator_cExport-noconfig.cmake
[0.596s] -- Up-to-date: /home/tasl/autoware.universe-carla-ros-bridge/install/autoware_auto_vehicle_msgs/share/autoware_auto_vehicle_msgs/cmake/autoware_auto_vehicle_msgs__rosidl_typesupport_introspection_cExport.cmake
[0.596s] -- Up-to-date: /home/tasl/autoware.universe-carla-ros-bridge/install/autoware_auto_vehicle_msgs/share/autoware_auto_vehicle_msgs/cmake/autoware_auto_vehicle_msgs__rosidl_typesupport_introspection_cExport-noconfig.cmake
[0.596s] -- Up-to-date: /home/tasl/autoware.universe-carla-ros-bridge/install/autoware_auto_vehicle_msgs/share/autoware_auto_vehicle_msgs/cmake/autoware_auto_vehicle_msgs__rosidl_typesupport_cExport.cmake
[0.596s] -- Up-to-date: /home/tasl/autoware.universe-carla-ros-bridge/install/autoware_auto_vehicle_msgs/share/autoware_auto_vehicle_msgs/cmake/autoware_auto_vehicle_msgs__rosidl_typesupport_cExport-noconfig.cmake
[0.597s] -- Up-to-date: /home/tasl/autoware.universe-carla-ros-bridge/install/autoware_auto_vehicle_msgs/share/autoware_auto_vehicle_msgs/cmake/autoware_auto_vehicle_msgs__rosidl_generator_cppExport.cmake
[0.597s] -- Up-to-date: /home/tasl/autoware.universe-carla-ros-bridge/install/autoware_auto_vehicle_msgs/share/autoware_auto_vehicle_msgs/cmake/autoware_auto_vehicle_msgs__rosidl_typesupport_introspection_cppExport.cmake
[0.597s] -- Up-to-date: /home/tasl/autoware.universe-carla-ros-bridge/install/autoware_auto_vehicle_msgs/share/autoware_auto_vehicle_msgs/cmake/autoware_auto_vehicle_msgs__rosidl_typesupport_introspection_cppExport-noconfig.cmake
[0.597s] -- Up-to-date: /home/tasl/autoware.universe-carla-ros-bridge/install/autoware_auto_vehicle_msgs/share/autoware_auto_vehicle_msgs/cmake/autoware_auto_vehicle_msgs__rosidl_typesupport_cppExport.cmake
[0.597s] -- Up-to-date: /home/tasl/autoware.universe-carla-ros-bridge/install/autoware_auto_vehicle_msgs/share/autoware_auto_vehicle_msgs/cmake/autoware_auto_vehicle_msgs__rosidl_typesupport_cppExport-noconfig.cmake
[0.597s] -- Up-to-date: /home/tasl/autoware.universe-carla-ros-bridge/install/autoware_auto_vehicle_msgs/share/autoware_auto_vehicle_msgs/cmake/rosidl_cmake-extras.cmake
[0.598s] -- Up-to-date: /home/tasl/autoware.universe-carla-ros-bridge/install/autoware_auto_vehicle_msgs/share/autoware_auto_vehicle_msgs/cmake/ament_cmake_export_dependencies-extras.cmake
[0.598s] -- Up-to-date: /home/tasl/autoware.universe-carla-ros-bridge/install/autoware_auto_vehicle_msgs/share/autoware_auto_vehicle_msgs/cmake/ament_cmake_export_libraries-extras.cmake
[0.598s] -- Up-to-date: /home/tasl/autoware.universe-carla-ros-bridge/install/autoware_auto_vehicle_msgs/share/autoware_auto_vehicle_msgs/cmake/ament_cmake_export_targets-extras.cmake
[0.598s] -- Up-to-date: /home/tasl/autoware.universe-carla-ros-bridge/install/autoware_auto_vehicle_msgs/share/autoware_auto_vehicle_msgs/cmake/ament_cmake_export_include_directories-extras.cmake
[0.601s] -- Up-to-date: /home/tasl/autoware.universe-carla-ros-bridge/install/autoware_auto_vehicle_msgs/share/autoware_auto_vehicle_msgs/cmake/rosidl_cmake_export_typesupport_libraries-extras.cmake
[0.601s] -- Up-to-date: /home/tasl/autoware.universe-carla-ros-bridge/install/autoware_auto_vehicle_msgs/share/autoware_auto_vehicle_msgs/cmake/rosidl_cmake_export_typesupport_targets-extras.cmake
[0.603s] -- Up-to-date: /home/tasl/autoware.universe-carla-ros-bridge/install/autoware_auto_vehicle_msgs/share/autoware_auto_vehicle_msgs/cmake/autoware_auto_vehicle_msgsConfig.cmake
[0.603s] -- Up-to-date: /home/tasl/autoware.universe-carla-ros-bridge/install/autoware_auto_vehicle_msgs/share/autoware_auto_vehicle_msgs/cmake/autoware_auto_vehicle_msgsConfig-version.cmake
[0.606s] Invoked command in '/home/tasl/autoware.universe-carla-ros-bridge/build/autoware_auto_vehicle_msgs' returned '0': CMAKE_PREFIX_PATH=${CMAKE_PREFIX_PATH}:/opt/ros/galactic /usr/bin/cmake --install /home/tasl/autoware.universe-carla-ros-bridge/build/autoware_auto_vehicle_msgs
