[0.023s] Invoking command in '/home/tasl/autoware.universe-carla-ros-bridge/build/autoware_control_msgs': CMAKE_PREFIX_PATH=/opt/ros/galactic /usr/bin/cmake /home/tasl/autoware.universe-carla-ros-bridge/autoware_control_msgs -DCMAKE_INSTALL_PREFIX=/home/tasl/autoware.universe-carla-ros-bridge/install/autoware_control_msgs
[0.037s] -- Found ament_cmake_auto: 1.1.5 (/opt/ros/galactic/share/ament_cmake_auto/cmake)
[0.067s] -- Found PythonInterp: /usr/bin/python3 (found suitable version "3.8.10", minimum required is "3") 
[0.067s] -- Using PYTHON_EXECUTABLE: /usr/bin/python3
[0.236s] -- Using all available rosidl_typesupport_c: rosidl_typesupport_fastrtps_c;rosidl_typesupport_introspection_c
[0.242s] -- Found rosidl_adapter: 2.2.2 (/opt/ros/galactic/share/rosidl_adapter/cmake)
[0.303s] -- Found OpenSSL: /usr/lib/x86_64-linux-gnu/libcrypto.so (found version "1.1.1f")  
[0.328s] -- Found FastRTPS: /opt/ros/galactic/include  
[0.396s] -- Using all available rosidl_typesupport_cpp: rosidl_typesupport_fastrtps_cpp;rosidl_typesupport_introspection_cpp
[0.451s] -- Found PythonInterp: /usr/bin/python3 (found version "3.8.10") 
[0.522s] -- Found ament_cmake_cppcheck: 0.10.7 (/opt/ros/galactic/share/ament_cmake_cppcheck/cmake)
[0.524s] -- Found ament_cmake_cpplint: 0.10.7 (/opt/ros/galactic/share/ament_cmake_cpplint/cmake)
[0.526s] -- Found ament_cmake_uncrustify: 0.10.7 (/opt/ros/galactic/share/ament_cmake_uncrustify/cmake)
[0.527s] -- Found ament_cmake_ros: 0.9.2 (/opt/ros/galactic/share/ament_cmake_ros/cmake)
[0.617s] -- Using all available rosidl_typesupport_c: rosidl_typesupport_fastrtps_c;rosidl_typesupport_introspection_c
[0.631s] -- Using all available rosidl_typesupport_cpp: rosidl_typesupport_fastrtps_cpp;rosidl_typesupport_introspection_cpp
[0.655s] -- Found PythonInterp: /usr/bin/python3 (found suitable version "3.8.10", minimum required is "3.5") 
[0.656s] -- Found python_cmake_module: 0.8.1 (/opt/ros/galactic/share/python_cmake_module/cmake)
[0.678s] -- Found PythonLibs: /usr/lib/x86_64-linux-gnu/libpython3.8.so (found suitable version "3.8.10", minimum required is "3.5") 
[0.678s] -- Using PYTHON_EXECUTABLE: /usr/bin/python3
[0.678s] -- Using PYTHON_INCLUDE_DIRS: /usr/include/python3.8
[0.678s] -- Using PYTHON_LIBRARIES: /usr/lib/x86_64-linux-gnu/libpython3.8.so
[0.696s] -- Found PythonExtra: .so  
[0.960s] -- Found ament_cmake_flake8: 0.10.7 (/opt/ros/galactic/share/ament_cmake_flake8/cmake)
[0.962s] -- Found ament_cmake_pep257: 0.10.7 (/opt/ros/galactic/share/ament_cmake_pep257/cmake)
[0.964s] -- Found ament_lint_auto: 0.10.7 (/opt/ros/galactic/share/ament_lint_auto/cmake)
[0.976s] -- Added test 'copyright' to check source files copyright and LICENSE
[0.977s] -- Added test 'lint_cmake' to check CMake code style
[0.977s] -- Added test 'xmllint' to check XML markup files
[0.981s] -- Configuring done
[1.021s] -- Generating done
[1.024s] -- Build files have been written to: /home/tasl/autoware.universe-carla-ros-bridge/build/autoware_control_msgs
[1.033s] Invoked command in '/home/tasl/autoware.universe-carla-ros-bridge/build/autoware_control_msgs' returned '0': CMAKE_PREFIX_PATH=/opt/ros/galactic /usr/bin/cmake /home/tasl/autoware.universe-carla-ros-bridge/autoware_control_msgs -DCMAKE_INSTALL_PREFIX=/home/tasl/autoware.universe-carla-ros-bridge/install/autoware_control_msgs
[1.036s] Invoking command in '/home/tasl/autoware.universe-carla-ros-bridge/build/autoware_control_msgs': CMAKE_PREFIX_PATH=/opt/ros/galactic /usr/bin/cmake --build /home/tasl/autoware.universe-carla-ros-bridge/build/autoware_control_msgs -- -j16 -l16
[1.076s] [  1%] [34m[1mGenerating C code for ROS interfaces[0m
[1.077s] [35m[1mScanning dependencies of target autoware_control_msgs__cpp[0m
[1.087s] [  3%] [34m[1mGenerating C++ code for ROS interfaces[0m
[1.685s] [35m[1mScanning dependencies of target autoware_control_msgs__rosidl_generator_c[0m
[1.696s] [  7%] [32mBuilding C object CMakeFiles/autoware_control_msgs__rosidl_generator_c.dir/rosidl_generator_c/autoware_control_msgs/msg/detail/longitudinal__functions.c.o[0m
[1.696s] [  7%] [32mBuilding C object CMakeFiles/autoware_control_msgs__rosidl_generator_c.dir/rosidl_generator_c/autoware_control_msgs/msg/detail/control__functions.c.o[0m
[1.697s] [ 10%] [32mBuilding C object CMakeFiles/autoware_control_msgs__rosidl_generator_c.dir/rosidl_generator_c/autoware_control_msgs/msg/detail/control_horizon__functions.c.o[0m
[1.698s] [ 10%] [32mBuilding C object CMakeFiles/autoware_control_msgs__rosidl_generator_c.dir/rosidl_generator_c/autoware_control_msgs/msg/detail/lateral__functions.c.o[0m
[1.744s] [ 12%] [32m[1mLinking C shared library libautoware_control_msgs__rosidl_generator_c.so[0m
[1.775s] [ 12%] Built target autoware_control_msgs__cpp
[1.785s] [ 16%] [34m[1mGenerating C++ type support for eProsima Fast-RTPS[0m
[1.785s] [ 16%] [34m[1mGenerating C++ type support dispatch for ROS interfaces[0m
[1.785s] [ 16%] Built target autoware_control_msgs__rosidl_generator_c
[1.788s] [ 18%] [34m[1mGenerating C++ introspection for ROS interfaces[0m
[1.793s] [ 20%] [34m[1mGenerating C introspection for ROS interfaces[0m
[1.796s] [ 21%] [34m[1mGenerating C type support dispatch for ROS interfaces[0m
[2.633s] [35m[1mScanning dependencies of target autoware_control_msgs__rosidl_typesupport_c[0m
[2.637s] [35m[1mScanning dependencies of target autoware_control_msgs__rosidl_typesupport_cpp[0m
[2.637s] [35m[1mScanning dependencies of target autoware_control_msgs__rosidl_typesupport_introspection_c[0m
[2.651s] [ 23%] [32mBuilding CXX object CMakeFiles/autoware_control_msgs__rosidl_typesupport_c.dir/rosidl_typesupport_c/autoware_control_msgs/msg/control__type_support.cpp.o[0m
[2.653s] [ 25%] [32mBuilding CXX object CMakeFiles/autoware_control_msgs__rosidl_typesupport_c.dir/rosidl_typesupport_c/autoware_control_msgs/msg/lateral__type_support.cpp.o[0m
[2.654s] [ 27%] [32mBuilding CXX object CMakeFiles/autoware_control_msgs__rosidl_typesupport_c.dir/rosidl_typesupport_c/autoware_control_msgs/msg/control_horizon__type_support.cpp.o[0m
[2.663s] [ 29%] [32mBuilding CXX object CMakeFiles/autoware_control_msgs__rosidl_typesupport_c.dir/rosidl_typesupport_c/autoware_control_msgs/msg/longitudinal__type_support.cpp.o[0m
[2.677s] [ 30%] [32mBuilding CXX object CMakeFiles/autoware_control_msgs__rosidl_typesupport_cpp.dir/rosidl_typesupport_cpp/autoware_control_msgs/msg/control__type_support.cpp.o[0m
[2.687s] [ 32%] [32mBuilding CXX object CMakeFiles/autoware_control_msgs__rosidl_typesupport_cpp.dir/rosidl_typesupport_cpp/autoware_control_msgs/msg/control_horizon__type_support.cpp.o[0m
[2.692s] [ 34%] [32mBuilding CXX object CMakeFiles/autoware_control_msgs__rosidl_typesupport_cpp.dir/rosidl_typesupport_cpp/autoware_control_msgs/msg/longitudinal__type_support.cpp.o[0m
[2.693s] [ 36%] [32mBuilding C object CMakeFiles/autoware_control_msgs__rosidl_typesupport_introspection_c.dir/rosidl_typesupport_introspection_c/autoware_control_msgs/msg/detail/control__type_support.c.o[0m
[2.693s] [35m[1mScanning dependencies of target autoware_control_msgs__rosidl_typesupport_introspection_cpp[0m
[2.696s] [ 38%] [32mBuilding C object CMakeFiles/autoware_control_msgs__rosidl_typesupport_introspection_c.dir/rosidl_typesupport_introspection_c/autoware_control_msgs/msg/detail/lateral__type_support.c.o[0m
[2.705s] [ 40%] [32mBuilding CXX object CMakeFiles/autoware_control_msgs__rosidl_typesupport_cpp.dir/rosidl_typesupport_cpp/autoware_control_msgs/msg/lateral__type_support.cpp.o[0m
[2.710s] [ 41%] [32mBuilding C object CMakeFiles/autoware_control_msgs__rosidl_typesupport_introspection_c.dir/rosidl_typesupport_introspection_c/autoware_control_msgs/msg/detail/control_horizon__type_support.c.o[0m
[2.721s] [ 43%] [32mBuilding C object CMakeFiles/autoware_control_msgs__rosidl_typesupport_introspection_c.dir/rosidl_typesupport_introspection_c/autoware_control_msgs/msg/detail/longitudinal__type_support.c.o[0m
[2.724s] [35m[1mScanning dependencies of target autoware_control_msgs__rosidl_typesupport_fastrtps_cpp[0m
[2.728s] [ 45%] [32mBuilding CXX object CMakeFiles/autoware_control_msgs__rosidl_typesupport_introspection_cpp.dir/rosidl_typesupport_introspection_cpp/autoware_control_msgs/msg/detail/control__type_support.cpp.o[0m
[2.738s] [ 47%] [32mBuilding CXX object CMakeFiles/autoware_control_msgs__rosidl_typesupport_introspection_cpp.dir/rosidl_typesupport_introspection_cpp/autoware_control_msgs/msg/detail/control_horizon__type_support.cpp.o[0m
[2.744s] [ 49%] [32mBuilding CXX object CMakeFiles/autoware_control_msgs__rosidl_typesupport_introspection_cpp.dir/rosidl_typesupport_introspection_cpp/autoware_control_msgs/msg/detail/longitudinal__type_support.cpp.o[0m
[2.744s] [ 50%] [32mBuilding CXX object CMakeFiles/autoware_control_msgs__rosidl_typesupport_introspection_cpp.dir/rosidl_typesupport_introspection_cpp/autoware_control_msgs/msg/detail/lateral__type_support.cpp.o[0m
[2.750s] [ 52%] [32m[1mLinking CXX shared library libautoware_control_msgs__rosidl_typesupport_c.so[0m
[2.752s] [ 54%] [32mBuilding CXX object CMakeFiles/autoware_control_msgs__rosidl_typesupport_fastrtps_cpp.dir/rosidl_typesupport_fastrtps_cpp/autoware_control_msgs/msg/detail/dds_fastrtps/control__type_support.cpp.o[0m
[2.755s] [ 56%] [32mBuilding CXX object CMakeFiles/autoware_control_msgs__rosidl_typesupport_fastrtps_cpp.dir/rosidl_typesupport_fastrtps_cpp/autoware_control_msgs/msg/detail/dds_fastrtps/control_horizon__type_support.cpp.o[0m
[2.756s] [ 58%] [32mBuilding CXX object CMakeFiles/autoware_control_msgs__rosidl_typesupport_fastrtps_cpp.dir/rosidl_typesupport_fastrtps_cpp/autoware_control_msgs/msg/detail/dds_fastrtps/lateral__type_support.cpp.o[0m
[2.762s] [ 60%] [32mBuilding CXX object CMakeFiles/autoware_control_msgs__rosidl_typesupport_fastrtps_cpp.dir/rosidl_typesupport_fastrtps_cpp/autoware_control_msgs/msg/detail/dds_fastrtps/longitudinal__type_support.cpp.o[0m
[2.813s] [ 61%] [32m[1mLinking C shared library libautoware_control_msgs__rosidl_typesupport_introspection_c.so[0m
[2.838s] [ 61%] Built target autoware_control_msgs__rosidl_typesupport_c
[2.867s] [ 61%] Built target autoware_control_msgs__rosidl_typesupport_introspection_c
[3.117s] [ 63%] [32m[1mLinking CXX shared library libautoware_control_msgs__rosidl_typesupport_cpp.so[0m
[3.168s] [ 63%] Built target autoware_control_msgs__rosidl_typesupport_cpp
[3.243s] [ 65%] [32m[1mLinking CXX shared library libautoware_control_msgs__rosidl_typesupport_introspection_cpp.so[0m
[3.345s] [ 65%] Built target autoware_control_msgs__rosidl_typesupport_introspection_cpp
[3.401s] [ 67%] [32m[1mLinking CXX shared library libautoware_control_msgs__rosidl_typesupport_fastrtps_cpp.so[0m
[3.485s] [ 67%] Built target autoware_control_msgs__rosidl_typesupport_fastrtps_cpp
[3.492s] [ 69%] [34m[1mGenerating C type support for eProsima Fast-RTPS[0m
[3.982s] [35m[1mScanning dependencies of target autoware_control_msgs__rosidl_typesupport_fastrtps_c[0m
[3.996s] [ 76%] [32mBuilding CXX object CMakeFiles/autoware_control_msgs__rosidl_typesupport_fastrtps_c.dir/rosidl_typesupport_fastrtps_c/autoware_control_msgs/msg/detail/lateral__type_support_c.cpp.o[0m
[3.996s] [ 76%] [32mBuilding CXX object CMakeFiles/autoware_control_msgs__rosidl_typesupport_fastrtps_c.dir/rosidl_typesupport_fastrtps_c/autoware_control_msgs/msg/detail/control__type_support_c.cpp.o[0m
[3.996s] [ 76%] [32mBuilding CXX object CMakeFiles/autoware_control_msgs__rosidl_typesupport_fastrtps_c.dir/rosidl_typesupport_fastrtps_c/autoware_control_msgs/msg/detail/control_horizon__type_support_c.cpp.o[0m
[3.996s] [ 76%] [32mBuilding CXX object CMakeFiles/autoware_control_msgs__rosidl_typesupport_fastrtps_c.dir/rosidl_typesupport_fastrtps_c/autoware_control_msgs/msg/detail/longitudinal__type_support_c.cpp.o[0m
[4.392s] [ 78%] [32m[1mLinking CXX shared library libautoware_control_msgs__rosidl_typesupport_fastrtps_c.so[0m
[4.484s] [ 78%] Built target autoware_control_msgs__rosidl_typesupport_fastrtps_c
[4.491s] [35m[1mScanning dependencies of target autoware_control_msgs[0m
[4.500s] [ 78%] Built target autoware_control_msgs
[4.510s] [35m[1mScanning dependencies of target autoware_control_msgs__py[0m
[4.518s] [ 80%] [34m[1mGenerating Python code for ROS interfaces[0m
[5.512s] [ 80%] Built target autoware_control_msgs__py
[5.521s] [35m[1mScanning dependencies of target autoware_control_msgs__python[0m
[5.543s] [ 83%] [32mBuilding C object CMakeFiles/autoware_control_msgs__python.dir/rosidl_generator_py/autoware_control_msgs/msg/_lateral_s.c.o[0m
[5.543s] [ 83%] [32mBuilding C object CMakeFiles/autoware_control_msgs__python.dir/rosidl_generator_py/autoware_control_msgs/msg/_control_s.c.o[0m
[5.544s] [ 85%] [32mBuilding C object CMakeFiles/autoware_control_msgs__python.dir/rosidl_generator_py/autoware_control_msgs/msg/_control_horizon_s.c.o[0m
[5.546s] [ 87%] [32mBuilding C object CMakeFiles/autoware_control_msgs__python.dir/rosidl_generator_py/autoware_control_msgs/msg/_longitudinal_s.c.o[0m
[5.624s] [ 89%] [32m[1mLinking C shared library rosidl_generator_py/autoware_control_msgs/libautoware_control_msgs__python.so[0m
[5.656s] [ 89%] Built target autoware_control_msgs__python
[5.665s] [35m[1mScanning dependencies of target autoware_control_msgs__rosidl_typesupport_introspection_c__pyext[0m
[5.665s] [35m[1mScanning dependencies of target autoware_control_msgs__rosidl_typesupport_c__pyext[0m
[5.665s] [35m[1mScanning dependencies of target autoware_control_msgs__rosidl_typesupport_fastrtps_c__pyext[0m
[5.679s] [ 94%] [32mBuilding C object CMakeFiles/autoware_control_msgs__rosidl_typesupport_c__pyext.dir/rosidl_generator_py/autoware_control_msgs/_autoware_control_msgs_s.ep.rosidl_typesupport_c.c.o[0m
[5.679s] [ 94%] [32mBuilding C object CMakeFiles/autoware_control_msgs__rosidl_typesupport_fastrtps_c__pyext.dir/rosidl_generator_py/autoware_control_msgs/_autoware_control_msgs_s.ep.rosidl_typesupport_fastrtps_c.c.o[0m
[5.679s] [ 94%] [32mBuilding C object CMakeFiles/autoware_control_msgs__rosidl_typesupport_introspection_c__pyext.dir/rosidl_generator_py/autoware_control_msgs/_autoware_control_msgs_s.ep.rosidl_typesupport_introspection_c.c.o[0m
[5.746s] [100%] [32m[1mLinking C shared library rosidl_generator_py/autoware_control_msgs/autoware_control_msgs_s__rosidl_typesupport_introspection_c.cpython-38-x86_64-linux-gnu.so[0m
[5.746s] [100%] [32m[1mLinking C shared library rosidl_generator_py/autoware_control_msgs/autoware_control_msgs_s__rosidl_typesupport_c.cpython-38-x86_64-linux-gnu.so[0m
[5.747s] [100%] [32m[1mLinking CXX shared library rosidl_generator_py/autoware_control_msgs/autoware_control_msgs_s__rosidl_typesupport_fastrtps_c.cpython-38-x86_64-linux-gnu.so[0m
[5.776s] [100%] Built target autoware_control_msgs__rosidl_typesupport_introspection_c__pyext
[5.776s] [100%] Built target autoware_control_msgs__rosidl_typesupport_c__pyext
[5.802s] [100%] Built target autoware_control_msgs__rosidl_typesupport_fastrtps_c__pyext
[5.814s] Invoked command in '/home/tasl/autoware.universe-carla-ros-bridge/build/autoware_control_msgs' returned '0': CMAKE_PREFIX_PATH=/opt/ros/galactic /usr/bin/cmake --build /home/tasl/autoware.universe-carla-ros-bridge/build/autoware_control_msgs -- -j16 -l16
[5.875s] Invoking command in '/home/tasl/autoware.universe-carla-ros-bridge/build/autoware_control_msgs': CMAKE_PREFIX_PATH=/opt/ros/galactic /usr/bin/cmake --install /home/tasl/autoware.universe-carla-ros-bridge/build/autoware_control_msgs
[5.883s] -- Install configuration: ""
[5.883s] -- Installing: /home/tasl/autoware.universe-carla-ros-bridge/install/autoware_control_msgs/share/ament_index/resource_index/rosidl_interfaces/autoware_control_msgs
[5.883s] -- Installing: /home/tasl/autoware.universe-carla-ros-bridge/install/autoware_control_msgs/include/autoware_control_msgs
[5.883s] -- Installing: /home/tasl/autoware.universe-carla-ros-bridge/install/autoware_control_msgs/include/autoware_control_msgs/msg
[5.883s] -- Installing: /home/tasl/autoware.universe-carla-ros-bridge/install/autoware_control_msgs/include/autoware_control_msgs/msg/lateral.h
[5.884s] -- Installing: /home/tasl/autoware.universe-carla-ros-bridge/install/autoware_control_msgs/include/autoware_control_msgs/msg/control_horizon.h
[5.884s] -- Installing: /home/tasl/autoware.universe-carla-ros-bridge/install/autoware_control_msgs/include/autoware_control_msgs/msg/detail
[5.884s] -- Installing: /home/tasl/autoware.universe-carla-ros-bridge/install/autoware_control_msgs/include/autoware_control_msgs/msg/detail/control__functions.c
[5.884s] -- Installing: /home/tasl/autoware.universe-carla-ros-bridge/install/autoware_control_msgs/include/autoware_control_msgs/msg/detail/lateral__functions.c
[5.884s] -- Installing: /home/tasl/autoware.universe-carla-ros-bridge/install/autoware_control_msgs/include/autoware_control_msgs/msg/detail/longitudinal__functions.c
[5.884s] -- Installing: /home/tasl/autoware.universe-carla-ros-bridge/install/autoware_control_msgs/include/autoware_control_msgs/msg/detail/control__functions.h
[5.884s] -- Installing: /home/tasl/autoware.universe-carla-ros-bridge/install/autoware_control_msgs/include/autoware_control_msgs/msg/detail/lateral__type_support.h
[5.884s] -- Installing: /home/tasl/autoware.universe-carla-ros-bridge/install/autoware_control_msgs/include/autoware_control_msgs/msg/detail/longitudinal__type_support.h
[5.884s] -- Installing: /home/tasl/autoware.universe-carla-ros-bridge/install/autoware_control_msgs/include/autoware_control_msgs/msg/detail/lateral__functions.h
[5.884s] -- Installing: /home/tasl/autoware.universe-carla-ros-bridge/install/autoware_control_msgs/include/autoware_control_msgs/msg/detail/control_horizon__struct.h
[5.885s] -- Installing: /home/tasl/autoware.universe-carla-ros-bridge/install/autoware_control_msgs/include/autoware_control_msgs/msg/detail/control_horizon__type_support.h
[5.885s] -- Installing: /home/tasl/autoware.universe-carla-ros-bridge/install/autoware_control_msgs/include/autoware_control_msgs/msg/detail/longitudinal__functions.h
[5.885s] -- Installing: /home/tasl/autoware.universe-carla-ros-bridge/install/autoware_control_msgs/include/autoware_control_msgs/msg/detail/control_horizon__functions.h
[5.885s] -- Installing: /home/tasl/autoware.universe-carla-ros-bridge/install/autoware_control_msgs/include/autoware_control_msgs/msg/detail/control__struct.h
[5.885s] -- Installing: /home/tasl/autoware.universe-carla-ros-bridge/install/autoware_control_msgs/include/autoware_control_msgs/msg/detail/longitudinal__struct.h
[5.885s] -- Installing: /home/tasl/autoware.universe-carla-ros-bridge/install/autoware_control_msgs/include/autoware_control_msgs/msg/detail/lateral__struct.h
[5.885s] -- Installing: /home/tasl/autoware.universe-carla-ros-bridge/install/autoware_control_msgs/include/autoware_control_msgs/msg/detail/control__type_support.h
[5.885s] -- Installing: /home/tasl/autoware.universe-carla-ros-bridge/install/autoware_control_msgs/include/autoware_control_msgs/msg/detail/control_horizon__functions.c
[5.885s] -- Installing: /home/tasl/autoware.universe-carla-ros-bridge/install/autoware_control_msgs/include/autoware_control_msgs/msg/control.h
[5.885s] -- Installing: /home/tasl/autoware.universe-carla-ros-bridge/install/autoware_control_msgs/include/autoware_control_msgs/msg/longitudinal.h
[5.886s] -- Installing: /home/tasl/autoware.universe-carla-ros-bridge/install/autoware_control_msgs/include/autoware_control_msgs/msg/rosidl_generator_c__visibility_control.h
[5.886s] -- Installing: /home/tasl/autoware.universe-carla-ros-bridge/install/autoware_control_msgs/share/autoware_control_msgs/environment/library_path.sh
[5.886s] -- Installing: /home/tasl/autoware.universe-carla-ros-bridge/install/autoware_control_msgs/share/autoware_control_msgs/environment/library_path.dsv
[5.886s] -- Installing: /home/tasl/autoware.universe-carla-ros-bridge/install/autoware_control_msgs/lib/libautoware_control_msgs__rosidl_generator_c.so
[5.886s] -- Set runtime path of "/home/tasl/autoware.universe-carla-ros-bridge/install/autoware_control_msgs/lib/libautoware_control_msgs__rosidl_generator_c.so" to ""
[5.886s] -- Up-to-date: /home/tasl/autoware.universe-carla-ros-bridge/install/autoware_control_msgs/include/autoware_control_msgs
[5.886s] -- Up-to-date: /home/tasl/autoware.universe-carla-ros-bridge/install/autoware_control_msgs/include/autoware_control_msgs/msg
[5.887s] -- Up-to-date: /home/tasl/autoware.universe-carla-ros-bridge/install/autoware_control_msgs/include/autoware_control_msgs/msg/detail
[5.887s] -- Installing: /home/tasl/autoware.universe-carla-ros-bridge/install/autoware_control_msgs/include/autoware_control_msgs/msg/detail/control__rosidl_typesupport_fastrtps_c.h
[5.887s] -- Installing: /home/tasl/autoware.universe-carla-ros-bridge/install/autoware_control_msgs/include/autoware_control_msgs/msg/detail/lateral__rosidl_typesupport_fastrtps_c.h
[5.887s] -- Installing: /home/tasl/autoware.universe-carla-ros-bridge/install/autoware_control_msgs/include/autoware_control_msgs/msg/detail/control_horizon__rosidl_typesupport_fastrtps_c.h
[5.887s] -- Installing: /home/tasl/autoware.universe-carla-ros-bridge/install/autoware_control_msgs/include/autoware_control_msgs/msg/detail/longitudinal__rosidl_typesupport_fastrtps_c.h
[5.887s] -- Installing: /home/tasl/autoware.universe-carla-ros-bridge/install/autoware_control_msgs/include/autoware_control_msgs/msg/rosidl_typesupport_fastrtps_c__visibility_control.h
[5.887s] -- Installing: /home/tasl/autoware.universe-carla-ros-bridge/install/autoware_control_msgs/lib/libautoware_control_msgs__rosidl_typesupport_fastrtps_c.so
[5.887s] -- Set runtime path of "/home/tasl/autoware.universe-carla-ros-bridge/install/autoware_control_msgs/lib/libautoware_control_msgs__rosidl_typesupport_fastrtps_c.so" to ""
[5.887s] -- Up-to-date: /home/tasl/autoware.universe-carla-ros-bridge/install/autoware_control_msgs/include/autoware_control_msgs
[5.887s] -- Up-to-date: /home/tasl/autoware.universe-carla-ros-bridge/install/autoware_control_msgs/include/autoware_control_msgs/msg
[5.887s] -- Up-to-date: /home/tasl/autoware.universe-carla-ros-bridge/install/autoware_control_msgs/include/autoware_control_msgs/msg/detail
[5.888s] -- Installing: /home/tasl/autoware.universe-carla-ros-bridge/install/autoware_control_msgs/include/autoware_control_msgs/msg/detail/control_horizon__rosidl_typesupport_fastrtps_cpp.hpp
[5.888s] -- Installing: /home/tasl/autoware.universe-carla-ros-bridge/install/autoware_control_msgs/include/autoware_control_msgs/msg/detail/lateral__rosidl_typesupport_fastrtps_cpp.hpp
[5.888s] -- Installing: /home/tasl/autoware.universe-carla-ros-bridge/install/autoware_control_msgs/include/autoware_control_msgs/msg/detail/longitudinal__rosidl_typesupport_fastrtps_cpp.hpp
[5.888s] -- Installing: /home/tasl/autoware.universe-carla-ros-bridge/install/autoware_control_msgs/include/autoware_control_msgs/msg/detail/dds_fastrtps
[5.888s] -- Installing: /home/tasl/autoware.universe-carla-ros-bridge/install/autoware_control_msgs/include/autoware_control_msgs/msg/detail/control__rosidl_typesupport_fastrtps_cpp.hpp
[5.888s] -- Installing: /home/tasl/autoware.universe-carla-ros-bridge/install/autoware_control_msgs/include/autoware_control_msgs/msg/rosidl_typesupport_fastrtps_cpp__visibility_control.h
[5.888s] -- Installing: /home/tasl/autoware.universe-carla-ros-bridge/install/autoware_control_msgs/lib/libautoware_control_msgs__rosidl_typesupport_fastrtps_cpp.so
[5.888s] -- Set runtime path of "/home/tasl/autoware.universe-carla-ros-bridge/install/autoware_control_msgs/lib/libautoware_control_msgs__rosidl_typesupport_fastrtps_cpp.so" to ""
[5.889s] -- Up-to-date: /home/tasl/autoware.universe-carla-ros-bridge/install/autoware_control_msgs/include/autoware_control_msgs
[5.889s] -- Up-to-date: /home/tasl/autoware.universe-carla-ros-bridge/install/autoware_control_msgs/include/autoware_control_msgs/msg
[5.889s] -- Installing: /home/tasl/autoware.universe-carla-ros-bridge/install/autoware_control_msgs/include/autoware_control_msgs/msg/rosidl_typesupport_introspection_c__visibility_control.h
[5.889s] -- Up-to-date: /home/tasl/autoware.universe-carla-ros-bridge/install/autoware_control_msgs/include/autoware_control_msgs/msg/detail
[5.889s] -- Installing: /home/tasl/autoware.universe-carla-ros-bridge/install/autoware_control_msgs/include/autoware_control_msgs/msg/detail/control_horizon__type_support.c
[5.889s] -- Installing: /home/tasl/autoware.universe-carla-ros-bridge/install/autoware_control_msgs/include/autoware_control_msgs/msg/detail/longitudinal__type_support.c
[5.889s] -- Installing: /home/tasl/autoware.universe-carla-ros-bridge/install/autoware_control_msgs/include/autoware_control_msgs/msg/detail/longitudinal__rosidl_typesupport_introspection_c.h
[5.889s] -- Installing: /home/tasl/autoware.universe-carla-ros-bridge/install/autoware_control_msgs/include/autoware_control_msgs/msg/detail/lateral__type_support.c
[5.889s] -- Installing: /home/tasl/autoware.universe-carla-ros-bridge/install/autoware_control_msgs/include/autoware_control_msgs/msg/detail/control_horizon__rosidl_typesupport_introspection_c.h
[5.889s] -- Installing: /home/tasl/autoware.universe-carla-ros-bridge/install/autoware_control_msgs/include/autoware_control_msgs/msg/detail/control__type_support.c
[5.889s] -- Installing: /home/tasl/autoware.universe-carla-ros-bridge/install/autoware_control_msgs/include/autoware_control_msgs/msg/detail/control__rosidl_typesupport_introspection_c.h
[5.889s] -- Installing: /home/tasl/autoware.universe-carla-ros-bridge/install/autoware_control_msgs/include/autoware_control_msgs/msg/detail/lateral__rosidl_typesupport_introspection_c.h
[5.889s] -- Installing: /home/tasl/autoware.universe-carla-ros-bridge/install/autoware_control_msgs/lib/libautoware_control_msgs__rosidl_typesupport_introspection_c.so
[5.889s] -- Set runtime path of "/home/tasl/autoware.universe-carla-ros-bridge/install/autoware_control_msgs/lib/libautoware_control_msgs__rosidl_typesupport_introspection_c.so" to ""
[5.889s] -- Installing: /home/tasl/autoware.universe-carla-ros-bridge/install/autoware_control_msgs/lib/libautoware_control_msgs__rosidl_typesupport_c.so
[5.889s] -- Set runtime path of "/home/tasl/autoware.universe-carla-ros-bridge/install/autoware_control_msgs/lib/libautoware_control_msgs__rosidl_typesupport_c.so" to ""
[5.890s] -- Up-to-date: /home/tasl/autoware.universe-carla-ros-bridge/install/autoware_control_msgs/include/autoware_control_msgs
[5.890s] -- Up-to-date: /home/tasl/autoware.universe-carla-ros-bridge/install/autoware_control_msgs/include/autoware_control_msgs/msg
[5.890s] -- Installing: /home/tasl/autoware.universe-carla-ros-bridge/install/autoware_control_msgs/include/autoware_control_msgs/msg/control.hpp
[5.890s] -- Installing: /home/tasl/autoware.universe-carla-ros-bridge/install/autoware_control_msgs/include/autoware_control_msgs/msg/longitudinal.hpp
[5.890s] -- Installing: /home/tasl/autoware.universe-carla-ros-bridge/install/autoware_control_msgs/include/autoware_control_msgs/msg/lateral.hpp
[5.890s] -- Up-to-date: /home/tasl/autoware.universe-carla-ros-bridge/install/autoware_control_msgs/include/autoware_control_msgs/msg/detail
[5.890s] -- Installing: /home/tasl/autoware.universe-carla-ros-bridge/install/autoware_control_msgs/include/autoware_control_msgs/msg/detail/lateral__struct.hpp
[5.890s] -- Installing: /home/tasl/autoware.universe-carla-ros-bridge/install/autoware_control_msgs/include/autoware_control_msgs/msg/detail/control__builder.hpp
[5.890s] -- Installing: /home/tasl/autoware.universe-carla-ros-bridge/install/autoware_control_msgs/include/autoware_control_msgs/msg/detail/control_horizon__builder.hpp
[5.890s] -- Installing: /home/tasl/autoware.universe-carla-ros-bridge/install/autoware_control_msgs/include/autoware_control_msgs/msg/detail/longitudinal__struct.hpp
[5.890s] -- Installing: /home/tasl/autoware.universe-carla-ros-bridge/install/autoware_control_msgs/include/autoware_control_msgs/msg/detail/lateral__traits.hpp
[5.890s] -- Installing: /home/tasl/autoware.universe-carla-ros-bridge/install/autoware_control_msgs/include/autoware_control_msgs/msg/detail/control__traits.hpp
[5.890s] -- Installing: /home/tasl/autoware.universe-carla-ros-bridge/install/autoware_control_msgs/include/autoware_control_msgs/msg/detail/longitudinal__traits.hpp
[5.890s] -- Installing: /home/tasl/autoware.universe-carla-ros-bridge/install/autoware_control_msgs/include/autoware_control_msgs/msg/detail/control_horizon__traits.hpp
[5.890s] -- Installing: /home/tasl/autoware.universe-carla-ros-bridge/install/autoware_control_msgs/include/autoware_control_msgs/msg/detail/control__struct.hpp
[5.891s] -- Installing: /home/tasl/autoware.universe-carla-ros-bridge/install/autoware_control_msgs/include/autoware_control_msgs/msg/detail/control_horizon__struct.hpp
[5.891s] -- Installing: /home/tasl/autoware.universe-carla-ros-bridge/install/autoware_control_msgs/include/autoware_control_msgs/msg/detail/longitudinal__builder.hpp
[5.891s] -- Installing: /home/tasl/autoware.universe-carla-ros-bridge/install/autoware_control_msgs/include/autoware_control_msgs/msg/detail/lateral__builder.hpp
[5.891s] -- Installing: /home/tasl/autoware.universe-carla-ros-bridge/install/autoware_control_msgs/include/autoware_control_msgs/msg/control_horizon.hpp
[5.891s] -- Up-to-date: /home/tasl/autoware.universe-carla-ros-bridge/install/autoware_control_msgs/include/autoware_control_msgs
[5.891s] -- Up-to-date: /home/tasl/autoware.universe-carla-ros-bridge/install/autoware_control_msgs/include/autoware_control_msgs/msg
[5.891s] -- Up-to-date: /home/tasl/autoware.universe-carla-ros-bridge/install/autoware_control_msgs/include/autoware_control_msgs/msg/detail
[5.891s] -- Installing: /home/tasl/autoware.universe-carla-ros-bridge/install/autoware_control_msgs/include/autoware_control_msgs/msg/detail/control__rosidl_typesupport_introspection_cpp.hpp
[5.891s] -- Installing: /home/tasl/autoware.universe-carla-ros-bridge/install/autoware_control_msgs/include/autoware_control_msgs/msg/detail/longitudinal__type_support.cpp
[5.891s] -- Installing: /home/tasl/autoware.universe-carla-ros-bridge/install/autoware_control_msgs/include/autoware_control_msgs/msg/detail/longitudinal__rosidl_typesupport_introspection_cpp.hpp
[5.891s] -- Installing: /home/tasl/autoware.universe-carla-ros-bridge/install/autoware_control_msgs/include/autoware_control_msgs/msg/detail/control_horizon__type_support.cpp
[5.891s] -- Installing: /home/tasl/autoware.universe-carla-ros-bridge/install/autoware_control_msgs/include/autoware_control_msgs/msg/detail/lateral__rosidl_typesupport_introspection_cpp.hpp
[5.891s] -- Installing: /home/tasl/autoware.universe-carla-ros-bridge/install/autoware_control_msgs/include/autoware_control_msgs/msg/detail/lateral__type_support.cpp
[5.891s] -- Installing: /home/tasl/autoware.universe-carla-ros-bridge/install/autoware_control_msgs/include/autoware_control_msgs/msg/detail/control__type_support.cpp
[5.891s] -- Installing: /home/tasl/autoware.universe-carla-ros-bridge/install/autoware_control_msgs/include/autoware_control_msgs/msg/detail/control_horizon__rosidl_typesupport_introspection_cpp.hpp
[5.891s] -- Installing: /home/tasl/autoware.universe-carla-ros-bridge/install/autoware_control_msgs/lib/libautoware_control_msgs__rosidl_typesupport_introspection_cpp.so
[5.891s] -- Set runtime path of "/home/tasl/autoware.universe-carla-ros-bridge/install/autoware_control_msgs/lib/libautoware_control_msgs__rosidl_typesupport_introspection_cpp.so" to ""
[5.892s] -- Installing: /home/tasl/autoware.universe-carla-ros-bridge/install/autoware_control_msgs/lib/libautoware_control_msgs__rosidl_typesupport_cpp.so
[5.892s] -- Set runtime path of "/home/tasl/autoware.universe-carla-ros-bridge/install/autoware_control_msgs/lib/libautoware_control_msgs__rosidl_typesupport_cpp.so" to ""
[5.892s] -- Installing: /home/tasl/autoware.universe-carla-ros-bridge/install/autoware_control_msgs/share/autoware_control_msgs/environment/pythonpath.sh
[5.892s] -- Installing: /home/tasl/autoware.universe-carla-ros-bridge/install/autoware_control_msgs/share/autoware_control_msgs/environment/pythonpath.dsv
[5.892s] -- Installing: /home/tasl/autoware.universe-carla-ros-bridge/install/autoware_control_msgs/lib/python3.8/site-packages/autoware_control_msgs/__init__.py
[5.918s] Compiling '/home/tasl/autoware.universe-carla-ros-bridge/install/autoware_control_msgs/lib/python3.8/site-packages/autoware_control_msgs/__init__.py'...
[5.921s] -- Installing: /home/tasl/autoware.universe-carla-ros-bridge/install/autoware_control_msgs/lib/python3.8/site-packages/autoware_control_msgs/msg
[5.921s] -- Installing: /home/tasl/autoware.universe-carla-ros-bridge/install/autoware_control_msgs/lib/python3.8/site-packages/autoware_control_msgs/msg/_control_horizon.py
[5.921s] -- Installing: /home/tasl/autoware.universe-carla-ros-bridge/install/autoware_control_msgs/lib/python3.8/site-packages/autoware_control_msgs/msg/_control_horizon_s.c
[5.921s] -- Installing: /home/tasl/autoware.universe-carla-ros-bridge/install/autoware_control_msgs/lib/python3.8/site-packages/autoware_control_msgs/msg/__init__.py
[5.921s] -- Installing: /home/tasl/autoware.universe-carla-ros-bridge/install/autoware_control_msgs/lib/python3.8/site-packages/autoware_control_msgs/msg/_control_s.c
[5.921s] -- Installing: /home/tasl/autoware.universe-carla-ros-bridge/install/autoware_control_msgs/lib/python3.8/site-packages/autoware_control_msgs/msg/_lateral_s.c
[5.921s] -- Installing: /home/tasl/autoware.universe-carla-ros-bridge/install/autoware_control_msgs/lib/python3.8/site-packages/autoware_control_msgs/msg/_control.py
[5.922s] -- Installing: /home/tasl/autoware.universe-carla-ros-bridge/install/autoware_control_msgs/lib/python3.8/site-packages/autoware_control_msgs/msg/_longitudinal_s.c
[5.922s] -- Installing: /home/tasl/autoware.universe-carla-ros-bridge/install/autoware_control_msgs/lib/python3.8/site-packages/autoware_control_msgs/msg/_lateral.py
[5.922s] -- Installing: /home/tasl/autoware.universe-carla-ros-bridge/install/autoware_control_msgs/lib/python3.8/site-packages/autoware_control_msgs/msg/_longitudinal.py
[5.922s] -- Installing: /home/tasl/autoware.universe-carla-ros-bridge/install/autoware_control_msgs/lib/python3.8/site-packages/autoware_control_msgs/autoware_control_msgs_s__rosidl_typesupport_fastrtps_c.cpython-38-x86_64-linux-gnu.so
[5.923s] -- Set runtime path of "/home/tasl/autoware.universe-carla-ros-bridge/install/autoware_control_msgs/lib/python3.8/site-packages/autoware_control_msgs/autoware_control_msgs_s__rosidl_typesupport_fastrtps_c.cpython-38-x86_64-linux-gnu.so" to ""
[5.923s] -- Installing: /home/tasl/autoware.universe-carla-ros-bridge/install/autoware_control_msgs/lib/python3.8/site-packages/autoware_control_msgs/autoware_control_msgs_s__rosidl_typesupport_introspection_c.cpython-38-x86_64-linux-gnu.so
[5.923s] -- Set runtime path of "/home/tasl/autoware.universe-carla-ros-bridge/install/autoware_control_msgs/lib/python3.8/site-packages/autoware_control_msgs/autoware_control_msgs_s__rosidl_typesupport_introspection_c.cpython-38-x86_64-linux-gnu.so" to ""
[5.923s] -- Installing: /home/tasl/autoware.universe-carla-ros-bridge/install/autoware_control_msgs/lib/python3.8/site-packages/autoware_control_msgs/autoware_control_msgs_s__rosidl_typesupport_c.cpython-38-x86_64-linux-gnu.so
[5.924s] -- Set runtime path of "/home/tasl/autoware.universe-carla-ros-bridge/install/autoware_control_msgs/lib/python3.8/site-packages/autoware_control_msgs/autoware_control_msgs_s__rosidl_typesupport_c.cpython-38-x86_64-linux-gnu.so" to ""
[5.924s] -- Installing: /home/tasl/autoware.universe-carla-ros-bridge/install/autoware_control_msgs/lib/libautoware_control_msgs__python.so
[5.924s] -- Set runtime path of "/home/tasl/autoware.universe-carla-ros-bridge/install/autoware_control_msgs/lib/libautoware_control_msgs__python.so" to ""
[5.924s] -- Installing: /home/tasl/autoware.universe-carla-ros-bridge/install/autoware_control_msgs/share/autoware_control_msgs/msg/Control.idl
[5.924s] -- Installing: /home/tasl/autoware.universe-carla-ros-bridge/install/autoware_control_msgs/share/autoware_control_msgs/msg/ControlHorizon.idl
[5.924s] -- Installing: /home/tasl/autoware.universe-carla-ros-bridge/install/autoware_control_msgs/share/autoware_control_msgs/msg/Lateral.idl
[5.924s] -- Installing: /home/tasl/autoware.universe-carla-ros-bridge/install/autoware_control_msgs/share/autoware_control_msgs/msg/Longitudinal.idl
[5.924s] -- Installing: /home/tasl/autoware.universe-carla-ros-bridge/install/autoware_control_msgs/share/autoware_control_msgs/msg/Control.msg
[5.925s] -- Installing: /home/tasl/autoware.universe-carla-ros-bridge/install/autoware_control_msgs/share/autoware_control_msgs/msg/ControlHorizon.msg
[5.925s] -- Installing: /home/tasl/autoware.universe-carla-ros-bridge/install/autoware_control_msgs/share/autoware_control_msgs/msg/Lateral.msg
[5.925s] -- Installing: /home/tasl/autoware.universe-carla-ros-bridge/install/autoware_control_msgs/share/autoware_control_msgs/msg/Longitudinal.msg
[5.925s] -- Installing: /home/tasl/autoware.universe-carla-ros-bridge/install/autoware_control_msgs/share/ament_index/resource_index/package_run_dependencies/autoware_control_msgs
[5.925s] -- Installing: /home/tasl/autoware.universe-carla-ros-bridge/install/autoware_control_msgs/share/ament_index/resource_index/parent_prefix_path/autoware_control_msgs
[5.925s] -- Installing: /home/tasl/autoware.universe-carla-ros-bridge/install/autoware_control_msgs/share/autoware_control_msgs/environment/ament_prefix_path.sh
[5.925s] -- Installing: /home/tasl/autoware.universe-carla-ros-bridge/install/autoware_control_msgs/share/autoware_control_msgs/environment/ament_prefix_path.dsv
[5.925s] -- Installing: /home/tasl/autoware.universe-carla-ros-bridge/install/autoware_control_msgs/share/autoware_control_msgs/environment/path.sh
[5.925s] -- Installing: /home/tasl/autoware.universe-carla-ros-bridge/install/autoware_control_msgs/share/autoware_control_msgs/environment/path.dsv
[5.925s] -- Installing: /home/tasl/autoware.universe-carla-ros-bridge/install/autoware_control_msgs/share/autoware_control_msgs/local_setup.bash
[5.926s] -- Installing: /home/tasl/autoware.universe-carla-ros-bridge/install/autoware_control_msgs/share/autoware_control_msgs/local_setup.sh
[5.926s] -- Installing: /home/tasl/autoware.universe-carla-ros-bridge/install/autoware_control_msgs/share/autoware_control_msgs/local_setup.zsh
[5.926s] -- Installing: /home/tasl/autoware.universe-carla-ros-bridge/install/autoware_control_msgs/share/autoware_control_msgs/local_setup.dsv
[5.926s] -- Installing: /home/tasl/autoware.universe-carla-ros-bridge/install/autoware_control_msgs/share/autoware_control_msgs/package.dsv
[5.926s] -- Installing: /home/tasl/autoware.universe-carla-ros-bridge/install/autoware_control_msgs/share/ament_index/resource_index/packages/autoware_control_msgs
[5.926s] -- Installing: /home/tasl/autoware.universe-carla-ros-bridge/install/autoware_control_msgs/share/autoware_control_msgs/cmake/autoware_control_msgs__rosidl_generator_cExport.cmake
[5.926s] -- Installing: /home/tasl/autoware.universe-carla-ros-bridge/install/autoware_control_msgs/share/autoware_control_msgs/cmake/autoware_control_msgs__rosidl_generator_cExport-noconfig.cmake
[5.926s] -- Installing: /home/tasl/autoware.universe-carla-ros-bridge/install/autoware_control_msgs/share/autoware_control_msgs/cmake/autoware_control_msgs__rosidl_typesupport_introspection_cExport.cmake
[5.927s] -- Installing: /home/tasl/autoware.universe-carla-ros-bridge/install/autoware_control_msgs/share/autoware_control_msgs/cmake/autoware_control_msgs__rosidl_typesupport_introspection_cExport-noconfig.cmake
[5.927s] -- Installing: /home/tasl/autoware.universe-carla-ros-bridge/install/autoware_control_msgs/share/autoware_control_msgs/cmake/autoware_control_msgs__rosidl_typesupport_cExport.cmake
[5.927s] -- Installing: /home/tasl/autoware.universe-carla-ros-bridge/install/autoware_control_msgs/share/autoware_control_msgs/cmake/autoware_control_msgs__rosidl_typesupport_cExport-noconfig.cmake
[5.927s] -- Installing: /home/tasl/autoware.universe-carla-ros-bridge/install/autoware_control_msgs/share/autoware_control_msgs/cmake/autoware_control_msgs__rosidl_generator_cppExport.cmake
[5.927s] -- Installing: /home/tasl/autoware.universe-carla-ros-bridge/install/autoware_control_msgs/share/autoware_control_msgs/cmake/autoware_control_msgs__rosidl_typesupport_introspection_cppExport.cmake
[5.927s] -- Installing: /home/tasl/autoware.universe-carla-ros-bridge/install/autoware_control_msgs/share/autoware_control_msgs/cmake/autoware_control_msgs__rosidl_typesupport_introspection_cppExport-noconfig.cmake
[5.927s] -- Installing: /home/tasl/autoware.universe-carla-ros-bridge/install/autoware_control_msgs/share/autoware_control_msgs/cmake/autoware_control_msgs__rosidl_typesupport_cppExport.cmake
[5.928s] -- Installing: /home/tasl/autoware.universe-carla-ros-bridge/install/autoware_control_msgs/share/autoware_control_msgs/cmake/autoware_control_msgs__rosidl_typesupport_cppExport-noconfig.cmake
[5.928s] -- Installing: /home/tasl/autoware.universe-carla-ros-bridge/install/autoware_control_msgs/share/autoware_control_msgs/cmake/rosidl_cmake-extras.cmake
[5.928s] -- Installing: /home/tasl/autoware.universe-carla-ros-bridge/install/autoware_control_msgs/share/autoware_control_msgs/cmake/ament_cmake_export_dependencies-extras.cmake
[5.928s] -- Installing: /home/tasl/autoware.universe-carla-ros-bridge/install/autoware_control_msgs/share/autoware_control_msgs/cmake/ament_cmake_export_libraries-extras.cmake
[5.928s] -- Installing: /home/tasl/autoware.universe-carla-ros-bridge/install/autoware_control_msgs/share/autoware_control_msgs/cmake/ament_cmake_export_targets-extras.cmake
[5.928s] -- Installing: /home/tasl/autoware.universe-carla-ros-bridge/install/autoware_control_msgs/share/autoware_control_msgs/cmake/ament_cmake_export_include_directories-extras.cmake
[5.928s] -- Installing: /home/tasl/autoware.universe-carla-ros-bridge/install/autoware_control_msgs/share/autoware_control_msgs/cmake/rosidl_cmake_export_typesupport_libraries-extras.cmake
[5.928s] -- Installing: /home/tasl/autoware.universe-carla-ros-bridge/install/autoware_control_msgs/share/autoware_control_msgs/cmake/rosidl_cmake_export_typesupport_targets-extras.cmake
[5.929s] -- Installing: /home/tasl/autoware.universe-carla-ros-bridge/install/autoware_control_msgs/share/autoware_control_msgs/cmake/autoware_control_msgsConfig.cmake
[5.929s] -- Installing: /home/tasl/autoware.universe-carla-ros-bridge/install/autoware_control_msgs/share/autoware_control_msgs/cmake/autoware_control_msgsConfig-version.cmake
[5.929s] -- Installing: /home/tasl/autoware.universe-carla-ros-bridge/install/autoware_control_msgs/share/autoware_control_msgs/package.xml
[5.935s] Invoked command in '/home/tasl/autoware.universe-carla-ros-bridge/build/autoware_control_msgs' returned '0': CMAKE_PREFIX_PATH=/opt/ros/galactic /usr/bin/cmake --install /home/tasl/autoware.universe-carla-ros-bridge/build/autoware_control_msgs
