[0.012s] Invoking command in '/home/tasl/autoware.auto-ros-bridge/build/autoware_control_msgs': CMAKE_PREFIX_PATH=${CMAKE_PREFIX_PATH}:/opt/ros/galactic /usr/bin/cmake --build /home/tasl/autoware.auto-ros-bridge/build/autoware_control_msgs -- -j16 -l16
[0.046s] [  1%] Built target autoware_control_msgs__cpp
[0.047s] [ 12%] Built target autoware_control_msgs__rosidl_generator_c
[0.063s] [ 23%] Built target autoware_control_msgs__rosidl_typesupport_introspection_c
[0.064s] [ 34%] Built target autoware_control_msgs__rosidl_typesupport_cpp
[0.065s] [ 45%] Built target autoware_control_msgs__rosidl_typesupport_c
[0.066s] [ 56%] Built target autoware_control_msgs__rosidl_typesupport_introspection_cpp
[0.067s] [ 67%] Built target autoware_control_msgs__rosidl_typesupport_fastrtps_cpp
[0.084s] [ 78%] Built target autoware_control_msgs__rosidl_typesupport_fastrtps_c
[0.096s] [ 78%] Built target autoware_control_msgs
[0.109s] [ 80%] Built target autoware_control_msgs__py
[0.138s] [ 89%] Built target autoware_control_msgs__python
[0.184s] [100%] Built target autoware_control_msgs__rosidl_typesupport_introspection_c__pyext
[0.185s] [100%] Built target autoware_control_msgs__rosidl_typesupport_fastrtps_c__pyext
[0.185s] [100%] Built target autoware_control_msgs__rosidl_typesupport_c__pyext
[0.197s] Invoked command in '/home/tasl/autoware.auto-ros-bridge/build/autoware_control_msgs' returned '0': CMAKE_PREFIX_PATH=${CMAKE_PREFIX_PATH}:/opt/ros/galactic /usr/bin/cmake --build /home/tasl/autoware.auto-ros-bridge/build/autoware_control_msgs -- -j16 -l16
[0.256s] Invoking command in '/home/tasl/autoware.auto-ros-bridge/build/autoware_control_msgs': CMAKE_PREFIX_PATH=${CMAKE_PREFIX_PATH}:/opt/ros/galactic /usr/bin/cmake --install /home/tasl/autoware.auto-ros-bridge/build/autoware_control_msgs
[0.265s] -- Install configuration: ""
[0.266s] -- Up-to-date: /home/tasl/autoware.auto-ros-bridge/install/autoware_control_msgs/share/ament_index/resource_index/rosidl_interfaces/autoware_control_msgs
[0.266s] -- Up-to-date: /home/tasl/autoware.auto-ros-bridge/install/autoware_control_msgs/include/autoware_control_msgs
[0.266s] -- Up-to-date: /home/tasl/autoware.auto-ros-bridge/install/autoware_control_msgs/include/autoware_control_msgs/msg
[0.266s] -- Up-to-date: /home/tasl/autoware.auto-ros-bridge/install/autoware_control_msgs/include/autoware_control_msgs/msg/lateral.h
[0.266s] -- Up-to-date: /home/tasl/autoware.auto-ros-bridge/install/autoware_control_msgs/include/autoware_control_msgs/msg/control_horizon.h
[0.266s] -- Up-to-date: /home/tasl/autoware.auto-ros-bridge/install/autoware_control_msgs/include/autoware_control_msgs/msg/detail
[0.266s] -- Up-to-date: /home/tasl/autoware.auto-ros-bridge/install/autoware_control_msgs/include/autoware_control_msgs/msg/detail/control__functions.c
[0.266s] -- Up-to-date: /home/tasl/autoware.auto-ros-bridge/install/autoware_control_msgs/include/autoware_control_msgs/msg/detail/lateral__functions.c
[0.266s] -- Up-to-date: /home/tasl/autoware.auto-ros-bridge/install/autoware_control_msgs/include/autoware_control_msgs/msg/detail/longitudinal__functions.c
[0.266s] -- Up-to-date: /home/tasl/autoware.auto-ros-bridge/install/autoware_control_msgs/include/autoware_control_msgs/msg/detail/control__functions.h
[0.266s] -- Up-to-date: /home/tasl/autoware.auto-ros-bridge/install/autoware_control_msgs/include/autoware_control_msgs/msg/detail/lateral__type_support.h
[0.266s] -- Up-to-date: /home/tasl/autoware.auto-ros-bridge/install/autoware_control_msgs/include/autoware_control_msgs/msg/detail/longitudinal__type_support.h
[0.266s] -- Up-to-date: /home/tasl/autoware.auto-ros-bridge/install/autoware_control_msgs/include/autoware_control_msgs/msg/detail/lateral__functions.h
[0.266s] -- Up-to-date: /home/tasl/autoware.auto-ros-bridge/install/autoware_control_msgs/include/autoware_control_msgs/msg/detail/control_horizon__struct.h
[0.267s] -- Up-to-date: /home/tasl/autoware.auto-ros-bridge/install/autoware_control_msgs/include/autoware_control_msgs/msg/detail/control_horizon__type_support.h
[0.267s] -- Up-to-date: /home/tasl/autoware.auto-ros-bridge/install/autoware_control_msgs/include/autoware_control_msgs/msg/detail/longitudinal__functions.h
[0.267s] -- Up-to-date: /home/tasl/autoware.auto-ros-bridge/install/autoware_control_msgs/include/autoware_control_msgs/msg/detail/control_horizon__functions.h
[0.267s] -- Up-to-date: /home/tasl/autoware.auto-ros-bridge/install/autoware_control_msgs/include/autoware_control_msgs/msg/detail/control__struct.h
[0.267s] -- Up-to-date: /home/tasl/autoware.auto-ros-bridge/install/autoware_control_msgs/include/autoware_control_msgs/msg/detail/longitudinal__struct.h
[0.267s] -- Up-to-date: /home/tasl/autoware.auto-ros-bridge/install/autoware_control_msgs/include/autoware_control_msgs/msg/detail/lateral__struct.h
[0.267s] -- Up-to-date: /home/tasl/autoware.auto-ros-bridge/install/autoware_control_msgs/include/autoware_control_msgs/msg/detail/control__type_support.h
[0.267s] -- Up-to-date: /home/tasl/autoware.auto-ros-bridge/install/autoware_control_msgs/include/autoware_control_msgs/msg/detail/control_horizon__functions.c
[0.267s] -- Up-to-date: /home/tasl/autoware.auto-ros-bridge/install/autoware_control_msgs/include/autoware_control_msgs/msg/control.h
[0.267s] -- Up-to-date: /home/tasl/autoware.auto-ros-bridge/install/autoware_control_msgs/include/autoware_control_msgs/msg/longitudinal.h
[0.267s] -- Up-to-date: /home/tasl/autoware.auto-ros-bridge/install/autoware_control_msgs/include/autoware_control_msgs/msg/rosidl_generator_c__visibility_control.h
[0.267s] -- Up-to-date: /home/tasl/autoware.auto-ros-bridge/install/autoware_control_msgs/share/autoware_control_msgs/environment/library_path.sh
[0.267s] -- Up-to-date: /home/tasl/autoware.auto-ros-bridge/install/autoware_control_msgs/share/autoware_control_msgs/environment/library_path.dsv
[0.268s] -- Up-to-date: /home/tasl/autoware.auto-ros-bridge/install/autoware_control_msgs/lib/libautoware_control_msgs__rosidl_generator_c.so
[0.269s] -- Up-to-date: /home/tasl/autoware.auto-ros-bridge/install/autoware_control_msgs/include/autoware_control_msgs
[0.269s] -- Up-to-date: /home/tasl/autoware.auto-ros-bridge/install/autoware_control_msgs/include/autoware_control_msgs/msg
[0.269s] -- Up-to-date: /home/tasl/autoware.auto-ros-bridge/install/autoware_control_msgs/include/autoware_control_msgs/msg/detail
[0.269s] -- Up-to-date: /home/tasl/autoware.auto-ros-bridge/install/autoware_control_msgs/include/autoware_control_msgs/msg/detail/control__rosidl_typesupport_fastrtps_c.h
[0.269s] -- Up-to-date: /home/tasl/autoware.auto-ros-bridge/install/autoware_control_msgs/include/autoware_control_msgs/msg/detail/lateral__rosidl_typesupport_fastrtps_c.h
[0.269s] -- Up-to-date: /home/tasl/autoware.auto-ros-bridge/install/autoware_control_msgs/include/autoware_control_msgs/msg/detail/control_horizon__rosidl_typesupport_fastrtps_c.h
[0.269s] -- Up-to-date: /home/tasl/autoware.auto-ros-bridge/install/autoware_control_msgs/include/autoware_control_msgs/msg/detail/longitudinal__rosidl_typesupport_fastrtps_c.h
[0.269s] -- Up-to-date: /home/tasl/autoware.auto-ros-bridge/install/autoware_control_msgs/include/autoware_control_msgs/msg/rosidl_typesupport_fastrtps_c__visibility_control.h
[0.269s] -- Up-to-date: /home/tasl/autoware.auto-ros-bridge/install/autoware_control_msgs/lib/libautoware_control_msgs__rosidl_typesupport_fastrtps_c.so
[0.269s] -- Up-to-date: /home/tasl/autoware.auto-ros-bridge/install/autoware_control_msgs/include/autoware_control_msgs
[0.269s] -- Up-to-date: /home/tasl/autoware.auto-ros-bridge/install/autoware_control_msgs/include/autoware_control_msgs/msg
[0.269s] -- Up-to-date: /home/tasl/autoware.auto-ros-bridge/install/autoware_control_msgs/include/autoware_control_msgs/msg/detail
[0.269s] -- Up-to-date: /home/tasl/autoware.auto-ros-bridge/install/autoware_control_msgs/include/autoware_control_msgs/msg/detail/control_horizon__rosidl_typesupport_fastrtps_cpp.hpp
[0.269s] -- Up-to-date: /home/tasl/autoware.auto-ros-bridge/install/autoware_control_msgs/include/autoware_control_msgs/msg/detail/lateral__rosidl_typesupport_fastrtps_cpp.hpp
[0.270s] -- Up-to-date: /home/tasl/autoware.auto-ros-bridge/install/autoware_control_msgs/include/autoware_control_msgs/msg/detail/longitudinal__rosidl_typesupport_fastrtps_cpp.hpp
[0.270s] -- Up-to-date: /home/tasl/autoware.auto-ros-bridge/install/autoware_control_msgs/include/autoware_control_msgs/msg/detail/dds_fastrtps
[0.270s] -- Up-to-date: /home/tasl/autoware.auto-ros-bridge/install/autoware_control_msgs/include/autoware_control_msgs/msg/detail/control__rosidl_typesupport_fastrtps_cpp.hpp
[0.270s] -- Up-to-date: /home/tasl/autoware.auto-ros-bridge/install/autoware_control_msgs/include/autoware_control_msgs/msg/rosidl_typesupport_fastrtps_cpp__visibility_control.h
[0.270s] -- Up-to-date: /home/tasl/autoware.auto-ros-bridge/install/autoware_control_msgs/lib/libautoware_control_msgs__rosidl_typesupport_fastrtps_cpp.so
[0.270s] -- Up-to-date: /home/tasl/autoware.auto-ros-bridge/install/autoware_control_msgs/include/autoware_control_msgs
[0.270s] -- Up-to-date: /home/tasl/autoware.auto-ros-bridge/install/autoware_control_msgs/include/autoware_control_msgs/msg
[0.270s] -- Up-to-date: /home/tasl/autoware.auto-ros-bridge/install/autoware_control_msgs/include/autoware_control_msgs/msg/rosidl_typesupport_introspection_c__visibility_control.h
[0.270s] -- Up-to-date: /home/tasl/autoware.auto-ros-bridge/install/autoware_control_msgs/include/autoware_control_msgs/msg/detail
[0.270s] -- Up-to-date: /home/tasl/autoware.auto-ros-bridge/install/autoware_control_msgs/include/autoware_control_msgs/msg/detail/control_horizon__type_support.c
[0.270s] -- Up-to-date: /home/tasl/autoware.auto-ros-bridge/install/autoware_control_msgs/include/autoware_control_msgs/msg/detail/longitudinal__type_support.c
[0.270s] -- Up-to-date: /home/tasl/autoware.auto-ros-bridge/install/autoware_control_msgs/include/autoware_control_msgs/msg/detail/longitudinal__rosidl_typesupport_introspection_c.h
[0.270s] -- Up-to-date: /home/tasl/autoware.auto-ros-bridge/install/autoware_control_msgs/include/autoware_control_msgs/msg/detail/lateral__type_support.c
[0.270s] -- Up-to-date: /home/tasl/autoware.auto-ros-bridge/install/autoware_control_msgs/include/autoware_control_msgs/msg/detail/control_horizon__rosidl_typesupport_introspection_c.h
[0.270s] -- Up-to-date: /home/tasl/autoware.auto-ros-bridge/install/autoware_control_msgs/include/autoware_control_msgs/msg/detail/control__type_support.c
[0.270s] -- Up-to-date: /home/tasl/autoware.auto-ros-bridge/install/autoware_control_msgs/include/autoware_control_msgs/msg/detail/control__rosidl_typesupport_introspection_c.h
[0.271s] -- Up-to-date: /home/tasl/autoware.auto-ros-bridge/install/autoware_control_msgs/include/autoware_control_msgs/msg/detail/lateral__rosidl_typesupport_introspection_c.h
[0.271s] -- Up-to-date: /home/tasl/autoware.auto-ros-bridge/install/autoware_control_msgs/lib/libautoware_control_msgs__rosidl_typesupport_introspection_c.so
[0.271s] -- Up-to-date: /home/tasl/autoware.auto-ros-bridge/install/autoware_control_msgs/lib/libautoware_control_msgs__rosidl_typesupport_c.so
[0.271s] -- Up-to-date: /home/tasl/autoware.auto-ros-bridge/install/autoware_control_msgs/include/autoware_control_msgs
[0.271s] -- Up-to-date: /home/tasl/autoware.auto-ros-bridge/install/autoware_control_msgs/include/autoware_control_msgs/msg
[0.271s] -- Up-to-date: /home/tasl/autoware.auto-ros-bridge/install/autoware_control_msgs/include/autoware_control_msgs/msg/control.hpp
[0.271s] -- Up-to-date: /home/tasl/autoware.auto-ros-bridge/install/autoware_control_msgs/include/autoware_control_msgs/msg/longitudinal.hpp
[0.271s] -- Up-to-date: /home/tasl/autoware.auto-ros-bridge/install/autoware_control_msgs/include/autoware_control_msgs/msg/lateral.hpp
[0.271s] -- Up-to-date: /home/tasl/autoware.auto-ros-bridge/install/autoware_control_msgs/include/autoware_control_msgs/msg/detail
[0.271s] -- Up-to-date: /home/tasl/autoware.auto-ros-bridge/install/autoware_control_msgs/include/autoware_control_msgs/msg/detail/lateral__struct.hpp
[0.271s] -- Up-to-date: /home/tasl/autoware.auto-ros-bridge/install/autoware_control_msgs/include/autoware_control_msgs/msg/detail/control__builder.hpp
[0.271s] -- Up-to-date: /home/tasl/autoware.auto-ros-bridge/install/autoware_control_msgs/include/autoware_control_msgs/msg/detail/control_horizon__builder.hpp
[0.271s] -- Up-to-date: /home/tasl/autoware.auto-ros-bridge/install/autoware_control_msgs/include/autoware_control_msgs/msg/detail/longitudinal__struct.hpp
[0.271s] -- Up-to-date: /home/tasl/autoware.auto-ros-bridge/install/autoware_control_msgs/include/autoware_control_msgs/msg/detail/lateral__traits.hpp
[0.271s] -- Up-to-date: /home/tasl/autoware.auto-ros-bridge/install/autoware_control_msgs/include/autoware_control_msgs/msg/detail/control__traits.hpp
[0.271s] -- Up-to-date: /home/tasl/autoware.auto-ros-bridge/install/autoware_control_msgs/include/autoware_control_msgs/msg/detail/longitudinal__traits.hpp
[0.271s] -- Up-to-date: /home/tasl/autoware.auto-ros-bridge/install/autoware_control_msgs/include/autoware_control_msgs/msg/detail/control_horizon__traits.hpp
[0.271s] -- Up-to-date: /home/tasl/autoware.auto-ros-bridge/install/autoware_control_msgs/include/autoware_control_msgs/msg/detail/control__struct.hpp
[0.271s] -- Up-to-date: /home/tasl/autoware.auto-ros-bridge/install/autoware_control_msgs/include/autoware_control_msgs/msg/detail/control_horizon__struct.hpp
[0.272s] -- Up-to-date: /home/tasl/autoware.auto-ros-bridge/install/autoware_control_msgs/include/autoware_control_msgs/msg/detail/longitudinal__builder.hpp
[0.272s] -- Up-to-date: /home/tasl/autoware.auto-ros-bridge/install/autoware_control_msgs/include/autoware_control_msgs/msg/detail/lateral__builder.hpp
[0.272s] -- Up-to-date: /home/tasl/autoware.auto-ros-bridge/install/autoware_control_msgs/include/autoware_control_msgs/msg/control_horizon.hpp
[0.272s] -- Up-to-date: /home/tasl/autoware.auto-ros-bridge/install/autoware_control_msgs/include/autoware_control_msgs
[0.272s] -- Up-to-date: /home/tasl/autoware.auto-ros-bridge/install/autoware_control_msgs/include/autoware_control_msgs/msg
[0.272s] -- Up-to-date: /home/tasl/autoware.auto-ros-bridge/install/autoware_control_msgs/include/autoware_control_msgs/msg/detail
[0.272s] -- Up-to-date: /home/tasl/autoware.auto-ros-bridge/install/autoware_control_msgs/include/autoware_control_msgs/msg/detail/control__rosidl_typesupport_introspection_cpp.hpp
[0.272s] -- Up-to-date: /home/tasl/autoware.auto-ros-bridge/install/autoware_control_msgs/include/autoware_control_msgs/msg/detail/longitudinal__type_support.cpp
[0.272s] -- Up-to-date: /home/tasl/autoware.auto-ros-bridge/install/autoware_control_msgs/include/autoware_control_msgs/msg/detail/longitudinal__rosidl_typesupport_introspection_cpp.hpp
[0.272s] -- Up-to-date: /home/tasl/autoware.auto-ros-bridge/install/autoware_control_msgs/include/autoware_control_msgs/msg/detail/control_horizon__type_support.cpp
[0.272s] -- Up-to-date: /home/tasl/autoware.auto-ros-bridge/install/autoware_control_msgs/include/autoware_control_msgs/msg/detail/lateral__rosidl_typesupport_introspection_cpp.hpp
[0.272s] -- Up-to-date: /home/tasl/autoware.auto-ros-bridge/install/autoware_control_msgs/include/autoware_control_msgs/msg/detail/lateral__type_support.cpp
[0.272s] -- Up-to-date: /home/tasl/autoware.auto-ros-bridge/install/autoware_control_msgs/include/autoware_control_msgs/msg/detail/control__type_support.cpp
[0.272s] -- Up-to-date: /home/tasl/autoware.auto-ros-bridge/install/autoware_control_msgs/include/autoware_control_msgs/msg/detail/control_horizon__rosidl_typesupport_introspection_cpp.hpp
[0.272s] -- Up-to-date: /home/tasl/autoware.auto-ros-bridge/install/autoware_control_msgs/lib/libautoware_control_msgs__rosidl_typesupport_introspection_cpp.so
[0.272s] -- Up-to-date: /home/tasl/autoware.auto-ros-bridge/install/autoware_control_msgs/lib/libautoware_control_msgs__rosidl_typesupport_cpp.so
[0.272s] -- Up-to-date: /home/tasl/autoware.auto-ros-bridge/install/autoware_control_msgs/share/autoware_control_msgs/environment/pythonpath.sh
[0.272s] -- Up-to-date: /home/tasl/autoware.auto-ros-bridge/install/autoware_control_msgs/share/autoware_control_msgs/environment/pythonpath.dsv
[0.273s] -- Up-to-date: /home/tasl/autoware.auto-ros-bridge/install/autoware_control_msgs/lib/python3.8/site-packages/autoware_control_msgs/__init__.py
[0.288s] -- Up-to-date: /home/tasl/autoware.auto-ros-bridge/install/autoware_control_msgs/lib/python3.8/site-packages/autoware_control_msgs/msg
[0.289s] -- Up-to-date: /home/tasl/autoware.auto-ros-bridge/install/autoware_control_msgs/lib/python3.8/site-packages/autoware_control_msgs/msg/_control_horizon.py
[0.289s] -- Up-to-date: /home/tasl/autoware.auto-ros-bridge/install/autoware_control_msgs/lib/python3.8/site-packages/autoware_control_msgs/msg/_control_horizon_s.c
[0.289s] -- Up-to-date: /home/tasl/autoware.auto-ros-bridge/install/autoware_control_msgs/lib/python3.8/site-packages/autoware_control_msgs/msg/__init__.py
[0.289s] -- Up-to-date: /home/tasl/autoware.auto-ros-bridge/install/autoware_control_msgs/lib/python3.8/site-packages/autoware_control_msgs/msg/_control_s.c
[0.289s] -- Up-to-date: /home/tasl/autoware.auto-ros-bridge/install/autoware_control_msgs/lib/python3.8/site-packages/autoware_control_msgs/msg/_lateral_s.c
[0.289s] -- Up-to-date: /home/tasl/autoware.auto-ros-bridge/install/autoware_control_msgs/lib/python3.8/site-packages/autoware_control_msgs/msg/_control.py
[0.289s] -- Up-to-date: /home/tasl/autoware.auto-ros-bridge/install/autoware_control_msgs/lib/python3.8/site-packages/autoware_control_msgs/msg/_longitudinal_s.c
[0.289s] -- Up-to-date: /home/tasl/autoware.auto-ros-bridge/install/autoware_control_msgs/lib/python3.8/site-packages/autoware_control_msgs/msg/_lateral.py
[0.290s] -- Up-to-date: /home/tasl/autoware.auto-ros-bridge/install/autoware_control_msgs/lib/python3.8/site-packages/autoware_control_msgs/msg/_longitudinal.py
[0.290s] -- Up-to-date: /home/tasl/autoware.auto-ros-bridge/install/autoware_control_msgs/lib/python3.8/site-packages/autoware_control_msgs/autoware_control_msgs_s__rosidl_typesupport_fastrtps_c.cpython-38-x86_64-linux-gnu.so
[0.291s] -- Up-to-date: /home/tasl/autoware.auto-ros-bridge/install/autoware_control_msgs/lib/python3.8/site-packages/autoware_control_msgs/autoware_control_msgs_s__rosidl_typesupport_introspection_c.cpython-38-x86_64-linux-gnu.so
[0.292s] -- Up-to-date: /home/tasl/autoware.auto-ros-bridge/install/autoware_control_msgs/lib/python3.8/site-packages/autoware_control_msgs/autoware_control_msgs_s__rosidl_typesupport_c.cpython-38-x86_64-linux-gnu.so
[0.294s] -- Up-to-date: /home/tasl/autoware.auto-ros-bridge/install/autoware_control_msgs/lib/libautoware_control_msgs__python.so
[0.296s] -- Up-to-date: /home/tasl/autoware.auto-ros-bridge/install/autoware_control_msgs/share/autoware_control_msgs/msg/Control.idl
[0.296s] -- Up-to-date: /home/tasl/autoware.auto-ros-bridge/install/autoware_control_msgs/share/autoware_control_msgs/msg/ControlHorizon.idl
[0.297s] -- Up-to-date: /home/tasl/autoware.auto-ros-bridge/install/autoware_control_msgs/share/autoware_control_msgs/msg/Lateral.idl
[0.297s] -- Up-to-date: /home/tasl/autoware.auto-ros-bridge/install/autoware_control_msgs/share/autoware_control_msgs/msg/Longitudinal.idl
[0.298s] -- Up-to-date: /home/tasl/autoware.auto-ros-bridge/install/autoware_control_msgs/share/autoware_control_msgs/msg/Control.msg
[0.298s] -- Up-to-date: /home/tasl/autoware.auto-ros-bridge/install/autoware_control_msgs/share/autoware_control_msgs/msg/ControlHorizon.msg
[0.299s] -- Up-to-date: /home/tasl/autoware.auto-ros-bridge/install/autoware_control_msgs/share/autoware_control_msgs/msg/Lateral.msg
[0.299s] -- Up-to-date: /home/tasl/autoware.auto-ros-bridge/install/autoware_control_msgs/share/autoware_control_msgs/msg/Longitudinal.msg
[0.300s] -- Up-to-date: /home/tasl/autoware.auto-ros-bridge/install/autoware_control_msgs/share/ament_index/resource_index/package_run_dependencies/autoware_control_msgs
[0.300s] -- Up-to-date: /home/tasl/autoware.auto-ros-bridge/install/autoware_control_msgs/share/ament_index/resource_index/parent_prefix_path/autoware_control_msgs
[0.300s] -- Up-to-date: /home/tasl/autoware.auto-ros-bridge/install/autoware_control_msgs/share/autoware_control_msgs/environment/ament_prefix_path.sh
[0.301s] -- Up-to-date: /home/tasl/autoware.auto-ros-bridge/install/autoware_control_msgs/share/autoware_control_msgs/environment/ament_prefix_path.dsv
[0.301s] -- Up-to-date: /home/tasl/autoware.auto-ros-bridge/install/autoware_control_msgs/share/autoware_control_msgs/environment/path.sh
[0.301s] -- Up-to-date: /home/tasl/autoware.auto-ros-bridge/install/autoware_control_msgs/share/autoware_control_msgs/environment/path.dsv
[0.301s] -- Up-to-date: /home/tasl/autoware.auto-ros-bridge/install/autoware_control_msgs/share/autoware_control_msgs/local_setup.bash
[0.301s] -- Up-to-date: /home/tasl/autoware.auto-ros-bridge/install/autoware_control_msgs/share/autoware_control_msgs/local_setup.sh
[0.301s] -- Up-to-date: /home/tasl/autoware.auto-ros-bridge/install/autoware_control_msgs/share/autoware_control_msgs/local_setup.zsh
[0.301s] -- Up-to-date: /home/tasl/autoware.auto-ros-bridge/install/autoware_control_msgs/share/autoware_control_msgs/local_setup.dsv
[0.301s] -- Installing: /home/tasl/autoware.auto-ros-bridge/install/autoware_control_msgs/share/autoware_control_msgs/package.dsv
[0.301s] -- Up-to-date: /home/tasl/autoware.auto-ros-bridge/install/autoware_control_msgs/share/ament_index/resource_index/packages/autoware_control_msgs
[0.302s] -- Up-to-date: /home/tasl/autoware.auto-ros-bridge/install/autoware_control_msgs/share/autoware_control_msgs/cmake/autoware_control_msgs__rosidl_generator_cExport.cmake
[0.302s] -- Up-to-date: /home/tasl/autoware.auto-ros-bridge/install/autoware_control_msgs/share/autoware_control_msgs/cmake/autoware_control_msgs__rosidl_generator_cExport-noconfig.cmake
[0.302s] -- Up-to-date: /home/tasl/autoware.auto-ros-bridge/install/autoware_control_msgs/share/autoware_control_msgs/cmake/autoware_control_msgs__rosidl_typesupport_introspection_cExport.cmake
[0.302s] -- Up-to-date: /home/tasl/autoware.auto-ros-bridge/install/autoware_control_msgs/share/autoware_control_msgs/cmake/autoware_control_msgs__rosidl_typesupport_introspection_cExport-noconfig.cmake
[0.302s] -- Up-to-date: /home/tasl/autoware.auto-ros-bridge/install/autoware_control_msgs/share/autoware_control_msgs/cmake/autoware_control_msgs__rosidl_typesupport_cExport.cmake
[0.302s] -- Up-to-date: /home/tasl/autoware.auto-ros-bridge/install/autoware_control_msgs/share/autoware_control_msgs/cmake/autoware_control_msgs__rosidl_typesupport_cExport-noconfig.cmake
[0.302s] -- Up-to-date: /home/tasl/autoware.auto-ros-bridge/install/autoware_control_msgs/share/autoware_control_msgs/cmake/autoware_control_msgs__rosidl_generator_cppExport.cmake
[0.302s] -- Up-to-date: /home/tasl/autoware.auto-ros-bridge/install/autoware_control_msgs/share/autoware_control_msgs/cmake/autoware_control_msgs__rosidl_typesupport_introspection_cppExport.cmake
[0.302s] -- Up-to-date: /home/tasl/autoware.auto-ros-bridge/install/autoware_control_msgs/share/autoware_control_msgs/cmake/autoware_control_msgs__rosidl_typesupport_introspection_cppExport-noconfig.cmake
[0.302s] -- Up-to-date: /home/tasl/autoware.auto-ros-bridge/install/autoware_control_msgs/share/autoware_control_msgs/cmake/autoware_control_msgs__rosidl_typesupport_cppExport.cmake
[0.302s] -- Up-to-date: /home/tasl/autoware.auto-ros-bridge/install/autoware_control_msgs/share/autoware_control_msgs/cmake/autoware_control_msgs__rosidl_typesupport_cppExport-noconfig.cmake
[0.303s] -- Up-to-date: /home/tasl/autoware.auto-ros-bridge/install/autoware_control_msgs/share/autoware_control_msgs/cmake/rosidl_cmake-extras.cmake
[0.303s] -- Up-to-date: /home/tasl/autoware.auto-ros-bridge/install/autoware_control_msgs/share/autoware_control_msgs/cmake/ament_cmake_export_dependencies-extras.cmake
[0.303s] -- Up-to-date: /home/tasl/autoware.auto-ros-bridge/install/autoware_control_msgs/share/autoware_control_msgs/cmake/ament_cmake_export_libraries-extras.cmake
[0.303s] -- Up-to-date: /home/tasl/autoware.auto-ros-bridge/install/autoware_control_msgs/share/autoware_control_msgs/cmake/ament_cmake_export_targets-extras.cmake
[0.303s] -- Up-to-date: /home/tasl/autoware.auto-ros-bridge/install/autoware_control_msgs/share/autoware_control_msgs/cmake/ament_cmake_export_include_directories-extras.cmake
[0.303s] -- Up-to-date: /home/tasl/autoware.auto-ros-bridge/install/autoware_control_msgs/share/autoware_control_msgs/cmake/rosidl_cmake_export_typesupport_libraries-extras.cmake
[0.303s] -- Up-to-date: /home/tasl/autoware.auto-ros-bridge/install/autoware_control_msgs/share/autoware_control_msgs/cmake/rosidl_cmake_export_typesupport_targets-extras.cmake
[0.303s] -- Up-to-date: /home/tasl/autoware.auto-ros-bridge/install/autoware_control_msgs/share/autoware_control_msgs/cmake/autoware_control_msgsConfig.cmake
[0.303s] -- Up-to-date: /home/tasl/autoware.auto-ros-bridge/install/autoware_control_msgs/share/autoware_control_msgs/cmake/autoware_control_msgsConfig-version.cmake
[0.304s] -- Up-to-date: /home/tasl/autoware.auto-ros-bridge/install/autoware_control_msgs/share/autoware_control_msgs/package.xml
[0.325s] Invoked command in '/home/tasl/autoware.auto-ros-bridge/build/autoware_control_msgs' returned '0': CMAKE_PREFIX_PATH=${CMAKE_PREFIX_PATH}:/opt/ros/galactic /usr/bin/cmake --install /home/tasl/autoware.auto-ros-bridge/build/autoware_control_msgs
