[0.023s] Invoking command in '/home/tasl/autoware.universe-carla-ros-bridge/build/autoware_auto_vehicle_msgs': CMAKE_PREFIX_PATH=/opt/ros/galactic:${CMAKE_PREFIX_PATH} /usr/bin/cmake --build /home/tasl/autoware.universe-carla-ros-bridge/build/autoware_auto_vehicle_msgs -- -j16 -l16
[0.058s] [  2%] Built target autoware_auto_vehicle_msgs__cpp
[0.059s] [ 12%] Built target autoware_auto_vehicle_msgs__rosidl_generator_c
[0.076s] [ 23%] Built target autoware_auto_vehicle_msgs__rosidl_typesupport_cpp
[0.078s] [ 33%] Built target autoware_auto_vehicle_msgs__rosidl_typesupport_introspection_cpp
[0.079s] [ 43%] Built target autoware_auto_vehicle_msgs__rosidl_typesupport_c
[0.082s] [ 53%] Built target autoware_auto_vehicle_msgs__rosidl_typesupport_introspection_c
[0.082s] [ 64%] Built target autoware_auto_vehicle_msgs__rosidl_typesupport_fastrtps_cpp
[0.101s] [ 74%] Built target autoware_auto_vehicle_msgs__rosidl_typesupport_fastrtps_c
[0.115s] [ 74%] Built target autoware_auto_vehicle_msgs
[0.129s] [ 76%] Built target autoware_auto_vehicle_msgs__py
[0.146s] [ 84%] Built target autoware_auto_vehicle_msgs__python
[0.167s] [100%] Built target autoware_auto_vehicle_msgs__rosidl_typesupport_c__pyext
[0.167s] [100%] Built target autoware_auto_vehicle_msgs__rosidl_typesupport_introspection_c__pyext
[0.168s] [100%] Built target autoware_auto_vehicle_msgs__rosidl_typesupport_fastrtps_c__pyext
[0.175s] Invoked command in '/home/tasl/autoware.universe-carla-ros-bridge/build/autoware_auto_vehicle_msgs' returned '0': CMAKE_PREFIX_PATH=/opt/ros/galactic:${CMAKE_PREFIX_PATH} /usr/bin/cmake --build /home/tasl/autoware.universe-carla-ros-bridge/build/autoware_auto_vehicle_msgs -- -j16 -l16
[0.225s] Invoking command in '/home/tasl/autoware.universe-carla-ros-bridge/build/autoware_auto_vehicle_msgs': CMAKE_PREFIX_PATH=/opt/ros/galactic:${CMAKE_PREFIX_PATH} /usr/bin/cmake --install /home/tasl/autoware.universe-carla-ros-bridge/build/autoware_auto_vehicle_msgs
[0.232s] -- Install configuration: ""
[0.232s] -- Up-to-date: /home/tasl/autoware.universe-carla-ros-bridge/install/autoware_auto_vehicle_msgs/share/ament_index/resource_index/rosidl_interfaces/autoware_auto_vehicle_msgs
[0.233s] -- Up-to-date: /home/tasl/autoware.universe-carla-ros-bridge/install/autoware_auto_vehicle_msgs/include/autoware_auto_vehicle_msgs
[0.233s] -- Up-to-date: /home/tasl/autoware.universe-carla-ros-bridge/install/autoware_auto_vehicle_msgs/include/autoware_auto_vehicle_msgs/msg
[0.233s] -- Up-to-date: /home/tasl/autoware.universe-carla-ros-bridge/install/autoware_auto_vehicle_msgs/include/autoware_auto_vehicle_msgs/msg/velocity_report.h
[0.233s] -- Up-to-date: /home/tasl/autoware.universe-carla-ros-bridge/install/autoware_auto_vehicle_msgs/include/autoware_auto_vehicle_msgs/msg/steering_report.h
[0.233s] -- Up-to-date: /home/tasl/autoware.universe-carla-ros-bridge/install/autoware_auto_vehicle_msgs/include/autoware_auto_vehicle_msgs/msg/detail
[0.233s] -- Up-to-date: /home/tasl/autoware.universe-carla-ros-bridge/install/autoware_auto_vehicle_msgs/include/autoware_auto_vehicle_msgs/msg/detail/steering_report__functions.h
[0.233s] -- Up-to-date: /home/tasl/autoware.universe-carla-ros-bridge/install/autoware_auto_vehicle_msgs/include/autoware_auto_vehicle_msgs/msg/detail/steering_report__type_support.h
[0.233s] -- Up-to-date: /home/tasl/autoware.universe-carla-ros-bridge/install/autoware_auto_vehicle_msgs/include/autoware_auto_vehicle_msgs/msg/detail/velocity_report__functions.c
[0.233s] -- Up-to-date: /home/tasl/autoware.universe-carla-ros-bridge/install/autoware_auto_vehicle_msgs/include/autoware_auto_vehicle_msgs/msg/detail/velocity_report__struct.h
[0.233s] -- Up-to-date: /home/tasl/autoware.universe-carla-ros-bridge/install/autoware_auto_vehicle_msgs/include/autoware_auto_vehicle_msgs/msg/detail/steering_report__functions.c
[0.234s] -- Up-to-date: /home/tasl/autoware.universe-carla-ros-bridge/install/autoware_auto_vehicle_msgs/include/autoware_auto_vehicle_msgs/msg/detail/velocity_report__type_support.h
[0.234s] -- Up-to-date: /home/tasl/autoware.universe-carla-ros-bridge/install/autoware_auto_vehicle_msgs/include/autoware_auto_vehicle_msgs/msg/detail/steering_report__struct.h
[0.234s] -- Up-to-date: /home/tasl/autoware.universe-carla-ros-bridge/install/autoware_auto_vehicle_msgs/include/autoware_auto_vehicle_msgs/msg/detail/velocity_report__functions.h
[0.234s] -- Up-to-date: /home/tasl/autoware.universe-carla-ros-bridge/install/autoware_auto_vehicle_msgs/include/autoware_auto_vehicle_msgs/msg/rosidl_generator_c__visibility_control.h
[0.234s] -- Up-to-date: /home/tasl/autoware.universe-carla-ros-bridge/install/autoware_auto_vehicle_msgs/share/autoware_auto_vehicle_msgs/environment/library_path.sh
[0.234s] -- Up-to-date: /home/tasl/autoware.universe-carla-ros-bridge/install/autoware_auto_vehicle_msgs/share/autoware_auto_vehicle_msgs/environment/library_path.dsv
[0.234s] -- Up-to-date: /home/tasl/autoware.universe-carla-ros-bridge/install/autoware_auto_vehicle_msgs/lib/libautoware_auto_vehicle_msgs__rosidl_generator_c.so
[0.234s] -- Up-to-date: /home/tasl/autoware.universe-carla-ros-bridge/install/autoware_auto_vehicle_msgs/include/autoware_auto_vehicle_msgs
[0.234s] -- Up-to-date: /home/tasl/autoware.universe-carla-ros-bridge/install/autoware_auto_vehicle_msgs/include/autoware_auto_vehicle_msgs/msg
[0.234s] -- Up-to-date: /home/tasl/autoware.universe-carla-ros-bridge/install/autoware_auto_vehicle_msgs/include/autoware_auto_vehicle_msgs/msg/detail
[0.235s] -- Up-to-date: /home/tasl/autoware.universe-carla-ros-bridge/install/autoware_auto_vehicle_msgs/include/autoware_auto_vehicle_msgs/msg/detail/steering_report__rosidl_typesupport_fastrtps_c.h
[0.236s] -- Up-to-date: /home/tasl/autoware.universe-carla-ros-bridge/install/autoware_auto_vehicle_msgs/include/autoware_auto_vehicle_msgs/msg/detail/velocity_report__rosidl_typesupport_fastrtps_c.h
[0.237s] -- Up-to-date: /home/tasl/autoware.universe-carla-ros-bridge/install/autoware_auto_vehicle_msgs/include/autoware_auto_vehicle_msgs/msg/rosidl_typesupport_fastrtps_c__visibility_control.h
[0.237s] -- Up-to-date: /home/tasl/autoware.universe-carla-ros-bridge/install/autoware_auto_vehicle_msgs/lib/libautoware_auto_vehicle_msgs__rosidl_typesupport_fastrtps_c.so
[0.237s] -- Up-to-date: /home/tasl/autoware.universe-carla-ros-bridge/install/autoware_auto_vehicle_msgs/include/autoware_auto_vehicle_msgs
[0.237s] -- Up-to-date: /home/tasl/autoware.universe-carla-ros-bridge/install/autoware_auto_vehicle_msgs/include/autoware_auto_vehicle_msgs/msg
[0.238s] -- Up-to-date: /home/tasl/autoware.universe-carla-ros-bridge/install/autoware_auto_vehicle_msgs/include/autoware_auto_vehicle_msgs/msg/detail
[0.238s] -- Up-to-date: /home/tasl/autoware.universe-carla-ros-bridge/install/autoware_auto_vehicle_msgs/include/autoware_auto_vehicle_msgs/msg/detail/steering_report__rosidl_typesupport_fastrtps_cpp.hpp
[0.238s] -- Up-to-date: /home/tasl/autoware.universe-carla-ros-bridge/install/autoware_auto_vehicle_msgs/include/autoware_auto_vehicle_msgs/msg/detail/dds_fastrtps
[0.238s] -- Up-to-date: /home/tasl/autoware.universe-carla-ros-bridge/install/autoware_auto_vehicle_msgs/include/autoware_auto_vehicle_msgs/msg/detail/velocity_report__rosidl_typesupport_fastrtps_cpp.hpp
[0.238s] -- Up-to-date: /home/tasl/autoware.universe-carla-ros-bridge/install/autoware_auto_vehicle_msgs/include/autoware_auto_vehicle_msgs/msg/rosidl_typesupport_fastrtps_cpp__visibility_control.h
[0.238s] -- Up-to-date: /home/tasl/autoware.universe-carla-ros-bridge/install/autoware_auto_vehicle_msgs/lib/libautoware_auto_vehicle_msgs__rosidl_typesupport_fastrtps_cpp.so
[0.238s] -- Up-to-date: /home/tasl/autoware.universe-carla-ros-bridge/install/autoware_auto_vehicle_msgs/include/autoware_auto_vehicle_msgs
[0.238s] -- Up-to-date: /home/tasl/autoware.universe-carla-ros-bridge/install/autoware_auto_vehicle_msgs/include/autoware_auto_vehicle_msgs/msg
[0.238s] -- Up-to-date: /home/tasl/autoware.universe-carla-ros-bridge/install/autoware_auto_vehicle_msgs/include/autoware_auto_vehicle_msgs/msg/rosidl_typesupport_introspection_c__visibility_control.h
[0.238s] -- Up-to-date: /home/tasl/autoware.universe-carla-ros-bridge/install/autoware_auto_vehicle_msgs/include/autoware_auto_vehicle_msgs/msg/detail
[0.238s] -- Up-to-date: /home/tasl/autoware.universe-carla-ros-bridge/install/autoware_auto_vehicle_msgs/include/autoware_auto_vehicle_msgs/msg/detail/velocity_report__type_support.c
[0.238s] -- Up-to-date: /home/tasl/autoware.universe-carla-ros-bridge/install/autoware_auto_vehicle_msgs/include/autoware_auto_vehicle_msgs/msg/detail/velocity_report__rosidl_typesupport_introspection_c.h
[0.239s] -- Up-to-date: /home/tasl/autoware.universe-carla-ros-bridge/install/autoware_auto_vehicle_msgs/include/autoware_auto_vehicle_msgs/msg/detail/steering_report__rosidl_typesupport_introspection_c.h
[0.239s] -- Up-to-date: /home/tasl/autoware.universe-carla-ros-bridge/install/autoware_auto_vehicle_msgs/include/autoware_auto_vehicle_msgs/msg/detail/steering_report__type_support.c
[0.239s] -- Up-to-date: /home/tasl/autoware.universe-carla-ros-bridge/install/autoware_auto_vehicle_msgs/lib/libautoware_auto_vehicle_msgs__rosidl_typesupport_introspection_c.so
[0.239s] -- Up-to-date: /home/tasl/autoware.universe-carla-ros-bridge/install/autoware_auto_vehicle_msgs/lib/libautoware_auto_vehicle_msgs__rosidl_typesupport_c.so
[0.239s] -- Up-to-date: /home/tasl/autoware.universe-carla-ros-bridge/install/autoware_auto_vehicle_msgs/include/autoware_auto_vehicle_msgs
[0.239s] -- Up-to-date: /home/tasl/autoware.universe-carla-ros-bridge/install/autoware_auto_vehicle_msgs/include/autoware_auto_vehicle_msgs/msg
[0.239s] -- Up-to-date: /home/tasl/autoware.universe-carla-ros-bridge/install/autoware_auto_vehicle_msgs/include/autoware_auto_vehicle_msgs/msg/steering_report.hpp
[0.239s] -- Up-to-date: /home/tasl/autoware.universe-carla-ros-bridge/install/autoware_auto_vehicle_msgs/include/autoware_auto_vehicle_msgs/msg/velocity_report.hpp
[0.239s] -- Up-to-date: /home/tasl/autoware.universe-carla-ros-bridge/install/autoware_auto_vehicle_msgs/include/autoware_auto_vehicle_msgs/msg/detail
[0.239s] -- Up-to-date: /home/tasl/autoware.universe-carla-ros-bridge/install/autoware_auto_vehicle_msgs/include/autoware_auto_vehicle_msgs/msg/detail/velocity_report__struct.hpp
[0.239s] -- Up-to-date: /home/tasl/autoware.universe-carla-ros-bridge/install/autoware_auto_vehicle_msgs/include/autoware_auto_vehicle_msgs/msg/detail/steering_report__struct.hpp
[0.239s] -- Up-to-date: /home/tasl/autoware.universe-carla-ros-bridge/install/autoware_auto_vehicle_msgs/include/autoware_auto_vehicle_msgs/msg/detail/velocity_report__traits.hpp
[0.239s] -- Up-to-date: /home/tasl/autoware.universe-carla-ros-bridge/install/autoware_auto_vehicle_msgs/include/autoware_auto_vehicle_msgs/msg/detail/velocity_report__builder.hpp
[0.240s] -- Up-to-date: /home/tasl/autoware.universe-carla-ros-bridge/install/autoware_auto_vehicle_msgs/include/autoware_auto_vehicle_msgs/msg/detail/steering_report__traits.hpp
[0.240s] -- Up-to-date: /home/tasl/autoware.universe-carla-ros-bridge/install/autoware_auto_vehicle_msgs/include/autoware_auto_vehicle_msgs/msg/detail/steering_report__builder.hpp
[0.240s] -- Up-to-date: /home/tasl/autoware.universe-carla-ros-bridge/install/autoware_auto_vehicle_msgs/include/autoware_auto_vehicle_msgs
[0.240s] -- Up-to-date: /home/tasl/autoware.universe-carla-ros-bridge/install/autoware_auto_vehicle_msgs/include/autoware_auto_vehicle_msgs/msg
[0.240s] -- Up-to-date: /home/tasl/autoware.universe-carla-ros-bridge/install/autoware_auto_vehicle_msgs/include/autoware_auto_vehicle_msgs/msg/detail
[0.240s] -- Up-to-date: /home/tasl/autoware.universe-carla-ros-bridge/install/autoware_auto_vehicle_msgs/include/autoware_auto_vehicle_msgs/msg/detail/velocity_report__rosidl_typesupport_introspection_cpp.hpp
[0.240s] -- Up-to-date: /home/tasl/autoware.universe-carla-ros-bridge/install/autoware_auto_vehicle_msgs/include/autoware_auto_vehicle_msgs/msg/detail/velocity_report__type_support.cpp
[0.241s] -- Up-to-date: /home/tasl/autoware.universe-carla-ros-bridge/install/autoware_auto_vehicle_msgs/include/autoware_auto_vehicle_msgs/msg/detail/steering_report__rosidl_typesupport_introspection_cpp.hpp
[0.241s] -- Up-to-date: /home/tasl/autoware.universe-carla-ros-bridge/install/autoware_auto_vehicle_msgs/include/autoware_auto_vehicle_msgs/msg/detail/steering_report__type_support.cpp
[0.241s] -- Up-to-date: /home/tasl/autoware.universe-carla-ros-bridge/install/autoware_auto_vehicle_msgs/lib/libautoware_auto_vehicle_msgs__rosidl_typesupport_introspection_cpp.so
[0.241s] -- Up-to-date: /home/tasl/autoware.universe-carla-ros-bridge/install/autoware_auto_vehicle_msgs/lib/libautoware_auto_vehicle_msgs__rosidl_typesupport_cpp.so
[0.241s] -- Up-to-date: /home/tasl/autoware.universe-carla-ros-bridge/install/autoware_auto_vehicle_msgs/share/autoware_auto_vehicle_msgs/environment/pythonpath.sh
[0.241s] -- Up-to-date: /home/tasl/autoware.universe-carla-ros-bridge/install/autoware_auto_vehicle_msgs/share/autoware_auto_vehicle_msgs/environment/pythonpath.dsv
[0.241s] -- Up-to-date: /home/tasl/autoware.universe-carla-ros-bridge/install/autoware_auto_vehicle_msgs/lib/python3.8/site-packages/autoware_auto_vehicle_msgs/__init__.py
[0.261s] -- Up-to-date: /home/tasl/autoware.universe-carla-ros-bridge/install/autoware_auto_vehicle_msgs/lib/python3.8/site-packages/autoware_auto_vehicle_msgs/msg
[0.262s] -- Up-to-date: /home/tasl/autoware.universe-carla-ros-bridge/install/autoware_auto_vehicle_msgs/lib/python3.8/site-packages/autoware_auto_vehicle_msgs/msg/_steering_report_s.c
[0.262s] -- Up-to-date: /home/tasl/autoware.universe-carla-ros-bridge/install/autoware_auto_vehicle_msgs/lib/python3.8/site-packages/autoware_auto_vehicle_msgs/msg/_velocity_report_s.c
[0.262s] -- Up-to-date: /home/tasl/autoware.universe-carla-ros-bridge/install/autoware_auto_vehicle_msgs/lib/python3.8/site-packages/autoware_auto_vehicle_msgs/msg/__init__.py
[0.262s] -- Up-to-date: /home/tasl/autoware.universe-carla-ros-bridge/install/autoware_auto_vehicle_msgs/lib/python3.8/site-packages/autoware_auto_vehicle_msgs/msg/_steering_report.py
[0.262s] -- Up-to-date: /home/tasl/autoware.universe-carla-ros-bridge/install/autoware_auto_vehicle_msgs/lib/python3.8/site-packages/autoware_auto_vehicle_msgs/msg/_velocity_report.py
[0.262s] -- Up-to-date: /home/tasl/autoware.universe-carla-ros-bridge/install/autoware_auto_vehicle_msgs/lib/python3.8/site-packages/autoware_auto_vehicle_msgs/autoware_auto_vehicle_msgs_s__rosidl_typesupport_fastrtps_c.cpython-38-x86_64-linux-gnu.so
[0.262s] -- Up-to-date: /home/tasl/autoware.universe-carla-ros-bridge/install/autoware_auto_vehicle_msgs/lib/python3.8/site-packages/autoware_auto_vehicle_msgs/autoware_auto_vehicle_msgs_s__rosidl_typesupport_introspection_c.cpython-38-x86_64-linux-gnu.so
[0.263s] -- Up-to-date: /home/tasl/autoware.universe-carla-ros-bridge/install/autoware_auto_vehicle_msgs/lib/python3.8/site-packages/autoware_auto_vehicle_msgs/autoware_auto_vehicle_msgs_s__rosidl_typesupport_c.cpython-38-x86_64-linux-gnu.so
[0.263s] -- Up-to-date: /home/tasl/autoware.universe-carla-ros-bridge/install/autoware_auto_vehicle_msgs/lib/libautoware_auto_vehicle_msgs__python.so
[0.263s] -- Up-to-date: /home/tasl/autoware.universe-carla-ros-bridge/install/autoware_auto_vehicle_msgs/share/ament_index/resource_index/package_run_dependencies/autoware_auto_vehicle_msgs
[0.264s] -- Up-to-date: /home/tasl/autoware.universe-carla-ros-bridge/install/autoware_auto_vehicle_msgs/share/ament_index/resource_index/parent_prefix_path/autoware_auto_vehicle_msgs
[0.264s] -- Up-to-date: /home/tasl/autoware.universe-carla-ros-bridge/install/autoware_auto_vehicle_msgs/share/autoware_auto_vehicle_msgs/environment/ament_prefix_path.sh
[0.264s] -- Up-to-date: /home/tasl/autoware.universe-carla-ros-bridge/install/autoware_auto_vehicle_msgs/share/autoware_auto_vehicle_msgs/environment/ament_prefix_path.dsv
[0.264s] -- Up-to-date: /home/tasl/autoware.universe-carla-ros-bridge/install/autoware_auto_vehicle_msgs/share/autoware_auto_vehicle_msgs/environment/path.sh
[0.264s] -- Up-to-date: /home/tasl/autoware.universe-carla-ros-bridge/install/autoware_auto_vehicle_msgs/share/autoware_auto_vehicle_msgs/environment/path.dsv
[0.264s] -- Up-to-date: /home/tasl/autoware.universe-carla-ros-bridge/install/autoware_auto_vehicle_msgs/share/autoware_auto_vehicle_msgs/local_setup.bash
[0.264s] -- Up-to-date: /home/tasl/autoware.universe-carla-ros-bridge/install/autoware_auto_vehicle_msgs/share/autoware_auto_vehicle_msgs/local_setup.sh
[0.264s] -- Up-to-date: /home/tasl/autoware.universe-carla-ros-bridge/install/autoware_auto_vehicle_msgs/share/autoware_auto_vehicle_msgs/local_setup.zsh
[0.265s] -- Up-to-date: /home/tasl/autoware.universe-carla-ros-bridge/install/autoware_auto_vehicle_msgs/share/autoware_auto_vehicle_msgs/local_setup.dsv
[0.265s] -- Installing: /home/tasl/autoware.universe-carla-ros-bridge/install/autoware_auto_vehicle_msgs/share/autoware_auto_vehicle_msgs/package.dsv
[0.265s] -- Up-to-date: /home/tasl/autoware.universe-carla-ros-bridge/install/autoware_auto_vehicle_msgs/share/ament_index/resource_index/packages/autoware_auto_vehicle_msgs
[0.265s] -- Up-to-date: /home/tasl/autoware.universe-carla-ros-bridge/install/autoware_auto_vehicle_msgs/share/autoware_auto_vehicle_msgs/cmake/autoware_auto_vehicle_msgs__rosidl_generator_cExport.cmake
[0.265s] -- Up-to-date: /home/tasl/autoware.universe-carla-ros-bridge/install/autoware_auto_vehicle_msgs/share/autoware_auto_vehicle_msgs/cmake/autoware_auto_vehicle_msgs__rosidl_generator_cExport-noconfig.cmake
[0.265s] -- Up-to-date: /home/tasl/autoware.universe-carla-ros-bridge/install/autoware_auto_vehicle_msgs/share/autoware_auto_vehicle_msgs/cmake/autoware_auto_vehicle_msgs__rosidl_typesupport_introspection_cExport.cmake
[0.265s] -- Up-to-date: /home/tasl/autoware.universe-carla-ros-bridge/install/autoware_auto_vehicle_msgs/share/autoware_auto_vehicle_msgs/cmake/autoware_auto_vehicle_msgs__rosidl_typesupport_introspection_cExport-noconfig.cmake
[0.265s] -- Up-to-date: /home/tasl/autoware.universe-carla-ros-bridge/install/autoware_auto_vehicle_msgs/share/autoware_auto_vehicle_msgs/cmake/autoware_auto_vehicle_msgs__rosidl_typesupport_cExport.cmake
[0.266s] -- Up-to-date: /home/tasl/autoware.universe-carla-ros-bridge/install/autoware_auto_vehicle_msgs/share/autoware_auto_vehicle_msgs/cmake/autoware_auto_vehicle_msgs__rosidl_typesupport_cExport-noconfig.cmake
[0.266s] -- Up-to-date: /home/tasl/autoware.universe-carla-ros-bridge/install/autoware_auto_vehicle_msgs/share/autoware_auto_vehicle_msgs/cmake/autoware_auto_vehicle_msgs__rosidl_generator_cppExport.cmake
[0.266s] -- Up-to-date: /home/tasl/autoware.universe-carla-ros-bridge/install/autoware_auto_vehicle_msgs/share/autoware_auto_vehicle_msgs/cmake/autoware_auto_vehicle_msgs__rosidl_typesupport_introspection_cppExport.cmake
[0.266s] -- Up-to-date: /home/tasl/autoware.universe-carla-ros-bridge/install/autoware_auto_vehicle_msgs/share/autoware_auto_vehicle_msgs/cmake/autoware_auto_vehicle_msgs__rosidl_typesupport_introspection_cppExport-noconfig.cmake
[0.266s] -- Up-to-date: /home/tasl/autoware.universe-carla-ros-bridge/install/autoware_auto_vehicle_msgs/share/autoware_auto_vehicle_msgs/cmake/autoware_auto_vehicle_msgs__rosidl_typesupport_cppExport.cmake
[0.266s] -- Up-to-date: /home/tasl/autoware.universe-carla-ros-bridge/install/autoware_auto_vehicle_msgs/share/autoware_auto_vehicle_msgs/cmake/autoware_auto_vehicle_msgs__rosidl_typesupport_cppExport-noconfig.cmake
[0.266s] -- Up-to-date: /home/tasl/autoware.universe-carla-ros-bridge/install/autoware_auto_vehicle_msgs/share/autoware_auto_vehicle_msgs/cmake/rosidl_cmake-extras.cmake
[0.266s] -- Up-to-date: /home/tasl/autoware.universe-carla-ros-bridge/install/autoware_auto_vehicle_msgs/share/autoware_auto_vehicle_msgs/cmake/ament_cmake_export_dependencies-extras.cmake
[0.266s] -- Up-to-date: /home/tasl/autoware.universe-carla-ros-bridge/install/autoware_auto_vehicle_msgs/share/autoware_auto_vehicle_msgs/cmake/ament_cmake_export_libraries-extras.cmake
[0.266s] -- Up-to-date: /home/tasl/autoware.universe-carla-ros-bridge/install/autoware_auto_vehicle_msgs/share/autoware_auto_vehicle_msgs/cmake/ament_cmake_export_targets-extras.cmake
[0.266s] -- Up-to-date: /home/tasl/autoware.universe-carla-ros-bridge/install/autoware_auto_vehicle_msgs/share/autoware_auto_vehicle_msgs/cmake/ament_cmake_export_include_directories-extras.cmake
[0.266s] -- Up-to-date: /home/tasl/autoware.universe-carla-ros-bridge/install/autoware_auto_vehicle_msgs/share/autoware_auto_vehicle_msgs/cmake/rosidl_cmake_export_typesupport_libraries-extras.cmake
[0.267s] -- Up-to-date: /home/tasl/autoware.universe-carla-ros-bridge/install/autoware_auto_vehicle_msgs/share/autoware_auto_vehicle_msgs/cmake/rosidl_cmake_export_typesupport_targets-extras.cmake
[0.267s] -- Up-to-date: /home/tasl/autoware.universe-carla-ros-bridge/install/autoware_auto_vehicle_msgs/share/autoware_auto_vehicle_msgs/cmake/autoware_auto_vehicle_msgsConfig.cmake
[0.267s] -- Up-to-date: /home/tasl/autoware.universe-carla-ros-bridge/install/autoware_auto_vehicle_msgs/share/autoware_auto_vehicle_msgs/cmake/autoware_auto_vehicle_msgsConfig-version.cmake
[0.269s] Invoked command in '/home/tasl/autoware.universe-carla-ros-bridge/build/autoware_auto_vehicle_msgs' returned '0': CMAKE_PREFIX_PATH=/opt/ros/galactic:${CMAKE_PREFIX_PATH} /usr/bin/cmake --install /home/tasl/autoware.universe-carla-ros-bridge/build/autoware_auto_vehicle_msgs
