[0.019s] Invoking command in '/home/tasl/autoware.auto-ros-bridge/build/autoware_ros_bridge_carla': /usr/bin/cmake /home/tasl/autoware.auto-ros-bridge/autoware_ros_bridge_carla -DCMAKE_INSTALL_PREFIX=/home/tasl/autoware.auto-ros-bridge/install/autoware_ros_bridge_carla
[0.056s] CMake Error at CMakeLists.txt:9 (find_package):
[0.056s]   By not providing "Findament_cmake.cmake" in CMAKE_MODULE_PATH this project
[0.056s]   has asked CMake to find a package configuration file provided by
[0.056s]   "ament_cmake", but CMake did not find one.
[0.056s] 
[0.057s]   Could not find a package configuration file provided by "ament_cmake" with
[0.057s]   any of the following names:
[0.057s] 
[0.057s]     ament_cmakeConfig.cmake
[0.057s]     ament_cmake-config.cmake
[0.057s] 
[0.057s]   Add the installation prefix of "ament_cmake" to CMAKE_PREFIX_PATH or set
[0.057s]   "ament_cmake_DIR" to a directory containing one of the above files.  If
[0.057s]   "ament_cmake" provides a separate development package or SDK, be sure it
[0.057s]   has been installed.
[0.058s] 
[0.058s] 
[0.058s] -- Configuring incomplete, errors occurred!
[0.059s] See also "/home/tasl/autoware.auto-ros-bridge/build/autoware_ros_bridge_carla/CMakeFiles/CMakeOutput.log".
[0.059s] Invoked command in '/home/tasl/autoware.auto-ros-bridge/build/autoware_ros_bridge_carla' returned '1': /usr/bin/cmake /home/tasl/autoware.auto-ros-bridge/autoware_ros_bridge_carla -DCMAKE_INSTALL_PREFIX=/home/tasl/autoware.auto-ros-bridge/install/autoware_ros_bridge_carla
