[0.019s] Invoking command in '/home/tasl/autoware.universe-carla-ros-bridge/build/autoware_auto_vehicle_msgs': CMAKE_PREFIX_PATH=${CMAKE_PREFIX_PATH}:/opt/ros/galactic /usr/bin/cmake /home/tasl/autoware.universe-carla-ros-bridge/autoware_auto_vehicle_msgs -DCMAKE_INSTALL_PREFIX=/home/tasl/autoware.universe-carla-ros-bridge/install/autoware_auto_vehicle_msgs
[0.057s] -- The C compiler identification is GNU 7.5.0
[0.109s] -- The CXX compiler identification is GNU 9.4.0
[0.113s] -- Check for working C compiler: /usr/bin/cc
[0.164s] -- Check for working C compiler: /usr/bin/cc -- works
[0.164s] -- Detecting C compiler ABI info
[0.218s] -- Detecting C compiler ABI info - done
[0.232s] -- Detecting C compile features
[0.233s] -- Detecting C compile features - done
[0.236s] -- Check for working CXX compiler: /usr/bin/c++
[0.306s] -- Check for working CXX compiler: /usr/bin/c++ -- works
[0.306s] -- Detecting CXX compiler ABI info
[0.370s] -- Detecting CXX compiler ABI info - done
[0.381s] -- Detecting CXX compile features
[0.381s] -- Detecting CXX compile features - done
[0.383s] -- Found ament_cmake_auto: 1.1.5 (/opt/ros/galactic/share/ament_cmake_auto/cmake)
[0.403s] -- Found PythonInterp: /usr/bin/python3 (found suitable version "3.8.10", minimum required is "3") 
[0.404s] -- Using PYTHON_EXECUTABLE: /usr/bin/python3
[0.516s] -- Using all available rosidl_typesupport_c: rosidl_typesupport_fastrtps_c;rosidl_typesupport_introspection_c
[0.525s] -- Found rosidl_adapter: 2.2.2 (/opt/ros/galactic/share/rosidl_adapter/cmake)
[0.601s] -- Found OpenSSL: /usr/lib/x86_64-linux-gnu/libcrypto.so (found version "1.1.1f")  
[0.628s] -- Found FastRTPS: /opt/ros/galactic/include  
[0.696s] -- Using all available rosidl_typesupport_cpp: rosidl_typesupport_fastrtps_cpp;rosidl_typesupport_introspection_cpp
[0.798s] -- Found ament_cmake_cppcheck: 0.10.7 (/opt/ros/galactic/share/ament_cmake_cppcheck/cmake)
[0.800s] -- Found ament_cmake_cpplint: 0.10.7 (/opt/ros/galactic/share/ament_cmake_cpplint/cmake)
[0.801s] -- Found ament_cmake_uncrustify: 0.10.7 (/opt/ros/galactic/share/ament_cmake_uncrustify/cmake)
[0.803s] -- Found ament_cmake_ros: 0.9.2 (/opt/ros/galactic/share/ament_cmake_ros/cmake)
[0.988s] -- Using all available rosidl_typesupport_c: rosidl_typesupport_fastrtps_c;rosidl_typesupport_introspection_c
[1.068s] -- Using all available rosidl_typesupport_cpp: rosidl_typesupport_fastrtps_cpp;rosidl_typesupport_introspection_cpp
[1.090s] -- Found PythonInterp: /usr/bin/python3 (found suitable version "3.8.10", minimum required is "3.5") 
[1.091s] -- Found python_cmake_module: 0.8.1 (/opt/ros/galactic/share/python_cmake_module/cmake)
[1.113s] -- Found PythonLibs: /usr/lib/x86_64-linux-gnu/libpython3.8.so (found suitable version "3.8.10", minimum required is "3.5") 
[1.113s] -- Using PYTHON_EXECUTABLE: /usr/bin/python3
[1.113s] -- Using PYTHON_INCLUDE_DIRS: /usr/include/python3.8
[1.113s] -- Using PYTHON_LIBRARIES: /usr/lib/x86_64-linux-gnu/libpython3.8.so
[1.132s] -- Found PythonExtra: .so  
[1.434s] -- Found ament_cmake_flake8: 0.10.7 (/opt/ros/galactic/share/ament_cmake_flake8/cmake)
[1.435s] -- Found ament_cmake_pep257: 0.10.7 (/opt/ros/galactic/share/ament_cmake_pep257/cmake)
[1.437s] -- Found ament_lint_auto: 0.10.7 (/opt/ros/galactic/share/ament_lint_auto/cmake)
[1.450s] -- Added test 'copyright' to check source files copyright and LICENSE
[1.451s] -- Added test 'lint_cmake' to check CMake code style
[1.451s] -- Added test 'xmllint' to check XML markup files
[1.456s] -- Configuring done
[1.498s] -- Generating done
[1.501s] -- Build files have been written to: /home/tasl/autoware.universe-carla-ros-bridge/build/autoware_auto_vehicle_msgs
[1.508s] Invoked command in '/home/tasl/autoware.universe-carla-ros-bridge/build/autoware_auto_vehicle_msgs' returned '0': CMAKE_PREFIX_PATH=${CMAKE_PREFIX_PATH}:/opt/ros/galactic /usr/bin/cmake /home/tasl/autoware.universe-carla-ros-bridge/autoware_auto_vehicle_msgs -DCMAKE_INSTALL_PREFIX=/home/tasl/autoware.universe-carla-ros-bridge/install/autoware_auto_vehicle_msgs
[1.510s] Invoking command in '/home/tasl/autoware.universe-carla-ros-bridge/build/autoware_auto_vehicle_msgs': CMAKE_PREFIX_PATH=${CMAKE_PREFIX_PATH}:/opt/ros/galactic /usr/bin/cmake --build /home/tasl/autoware.universe-carla-ros-bridge/build/autoware_auto_vehicle_msgs -- -j16 -l16
[1.545s] [  2%] [34m[1mGenerating C code for ROS interfaces[0m
[1.545s] [35m[1mScanning dependencies of target autoware_auto_vehicle_msgs__cpp[0m
[1.554s] [  5%] [34m[1mGenerating C++ code for ROS interfaces[0m
[1.880s] [  5%] Built target autoware_auto_vehicle_msgs__cpp
[1.892s] [  7%] [34m[1mGenerating C++ type support dispatch for ROS interfaces[0m
[1.893s] [ 10%] [34m[1mGenerating C++ type support for eProsima Fast-RTPS[0m
[1.904s] [ 12%] [34m[1mGenerating C++ introspection for ROS interfaces[0m
[1.918s] [35m[1mScanning dependencies of target autoware_auto_vehicle_msgs__rosidl_generator_c[0m
[1.932s] [ 15%] [32mBuilding C object CMakeFiles/autoware_auto_vehicle_msgs__rosidl_generator_c.dir/rosidl_generator_c/autoware_auto_vehicle_msgs/msg/detail/steering_report__functions.c.o[0m
[1.932s] [ 17%] [32mBuilding C object CMakeFiles/autoware_auto_vehicle_msgs__rosidl_generator_c.dir/rosidl_generator_c/autoware_auto_vehicle_msgs/msg/detail/velocity_report__functions.c.o[0m
[1.974s] [ 20%] [32m[1mLinking C shared library libautoware_auto_vehicle_msgs__rosidl_generator_c.so[0m
[2.009s] [ 20%] Built target autoware_auto_vehicle_msgs__rosidl_generator_c
[2.017s] [ 23%] [34m[1mGenerating C type support dispatch for ROS interfaces[0m
[2.030s] [ 25%] [34m[1mGenerating C introspection for ROS interfaces[0m
[2.236s] [35m[1mScanning dependencies of target autoware_auto_vehicle_msgs__rosidl_typesupport_cpp[0m
[2.246s] [35m[1mScanning dependencies of target autoware_auto_vehicle_msgs__rosidl_typesupport_introspection_cpp[0m
[2.250s] [ 28%] [32mBuilding CXX object CMakeFiles/autoware_auto_vehicle_msgs__rosidl_typesupport_cpp.dir/rosidl_typesupport_cpp/autoware_auto_vehicle_msgs/msg/steering_report__type_support.cpp.o[0m
[2.251s] [ 30%] [32mBuilding CXX object CMakeFiles/autoware_auto_vehicle_msgs__rosidl_typesupport_cpp.dir/rosidl_typesupport_cpp/autoware_auto_vehicle_msgs/msg/velocity_report__type_support.cpp.o[0m
[2.261s] [ 33%] [32mBuilding CXX object CMakeFiles/autoware_auto_vehicle_msgs__rosidl_typesupport_introspection_cpp.dir/rosidl_typesupport_introspection_cpp/autoware_auto_vehicle_msgs/msg/detail/steering_report__type_support.cpp.o[0m
[2.262s] [ 35%] [32mBuilding CXX object CMakeFiles/autoware_auto_vehicle_msgs__rosidl_typesupport_introspection_cpp.dir/rosidl_typesupport_introspection_cpp/autoware_auto_vehicle_msgs/msg/detail/velocity_report__type_support.cpp.o[0m
[2.370s] [35m[1mScanning dependencies of target autoware_auto_vehicle_msgs__rosidl_typesupport_fastrtps_cpp[0m
[2.386s] [35m[1mScanning dependencies of target autoware_auto_vehicle_msgs__rosidl_typesupport_c[0m
[2.388s] [ 38%] [32mBuilding CXX object CMakeFiles/autoware_auto_vehicle_msgs__rosidl_typesupport_fastrtps_cpp.dir/rosidl_typesupport_fastrtps_cpp/autoware_auto_vehicle_msgs/msg/detail/dds_fastrtps/steering_report__type_support.cpp.o[0m
[2.403s] [ 41%] [32mBuilding CXX object CMakeFiles/autoware_auto_vehicle_msgs__rosidl_typesupport_fastrtps_cpp.dir/rosidl_typesupport_fastrtps_cpp/autoware_auto_vehicle_msgs/msg/detail/dds_fastrtps/velocity_report__type_support.cpp.o[0m
[2.406s] [ 43%] [32mBuilding CXX object CMakeFiles/autoware_auto_vehicle_msgs__rosidl_typesupport_c.dir/rosidl_typesupport_c/autoware_auto_vehicle_msgs/msg/steering_report__type_support.cpp.o[0m
[2.408s] [ 46%] [32mBuilding CXX object CMakeFiles/autoware_auto_vehicle_msgs__rosidl_typesupport_c.dir/rosidl_typesupport_c/autoware_auto_vehicle_msgs/msg/velocity_report__type_support.cpp.o[0m
[2.488s] [ 48%] [32m[1mLinking CXX shared library libautoware_auto_vehicle_msgs__rosidl_typesupport_c.so[0m
[2.569s] [ 48%] Built target autoware_auto_vehicle_msgs__rosidl_typesupport_c
[2.596s] [35m[1mScanning dependencies of target autoware_auto_vehicle_msgs__rosidl_typesupport_introspection_c[0m
[2.624s] [ 51%] [32mBuilding C object CMakeFiles/autoware_auto_vehicle_msgs__rosidl_typesupport_introspection_c.dir/rosidl_typesupport_introspection_c/autoware_auto_vehicle_msgs/msg/detail/steering_report__type_support.c.o[0m
[2.642s] [ 53%] [32mBuilding C object CMakeFiles/autoware_auto_vehicle_msgs__rosidl_typesupport_introspection_c.dir/rosidl_typesupport_introspection_c/autoware_auto_vehicle_msgs/msg/detail/velocity_report__type_support.c.o[0m
[2.722s] [ 56%] [32m[1mLinking CXX shared library libautoware_auto_vehicle_msgs__rosidl_typesupport_introspection_cpp.so[0m
[2.723s] [ 58%] [32m[1mLinking C shared library libautoware_auto_vehicle_msgs__rosidl_typesupport_introspection_c.so[0m
[2.805s] [ 61%] [32m[1mLinking CXX shared library libautoware_auto_vehicle_msgs__rosidl_typesupport_cpp.so[0m
[2.824s] [ 61%] Built target autoware_auto_vehicle_msgs__rosidl_typesupport_introspection_c
[2.916s] [ 61%] Built target autoware_auto_vehicle_msgs__rosidl_typesupport_introspection_cpp
[2.940s] [ 61%] Built target autoware_auto_vehicle_msgs__rosidl_typesupport_cpp
[3.087s] [ 64%] [32m[1mLinking CXX shared library libautoware_auto_vehicle_msgs__rosidl_typesupport_fastrtps_cpp.so[0m
[3.174s] [ 64%] Built target autoware_auto_vehicle_msgs__rosidl_typesupport_fastrtps_cpp
[3.184s] [ 66%] [34m[1mGenerating C type support for eProsima Fast-RTPS[0m
[3.492s] [35m[1mScanning dependencies of target autoware_auto_vehicle_msgs__rosidl_typesupport_fastrtps_c[0m
[3.505s] [ 69%] [32mBuilding CXX object CMakeFiles/autoware_auto_vehicle_msgs__rosidl_typesupport_fastrtps_c.dir/rosidl_typesupport_fastrtps_c/autoware_auto_vehicle_msgs/msg/detail/steering_report__type_support_c.cpp.o[0m
[3.505s] [ 71%] [32mBuilding CXX object CMakeFiles/autoware_auto_vehicle_msgs__rosidl_typesupport_fastrtps_c.dir/rosidl_typesupport_fastrtps_c/autoware_auto_vehicle_msgs/msg/detail/velocity_report__type_support_c.cpp.o[0m
[3.845s] [ 74%] [32m[1mLinking CXX shared library libautoware_auto_vehicle_msgs__rosidl_typesupport_fastrtps_c.so[0m
[3.929s] [ 74%] Built target autoware_auto_vehicle_msgs__rosidl_typesupport_fastrtps_c
[3.939s] [35m[1mScanning dependencies of target autoware_auto_vehicle_msgs[0m
[3.948s] [ 74%] Built target autoware_auto_vehicle_msgs
[3.956s] [35m[1mScanning dependencies of target autoware_auto_vehicle_msgs__py[0m
[3.965s] [ 76%] [34m[1mGenerating Python code for ROS interfaces[0m
[4.519s] [ 76%] Built target autoware_auto_vehicle_msgs__py
[4.528s] [35m[1mScanning dependencies of target autoware_auto_vehicle_msgs__python[0m
[4.547s] [ 79%] [32mBuilding C object CMakeFiles/autoware_auto_vehicle_msgs__python.dir/rosidl_generator_py/autoware_auto_vehicle_msgs/msg/_steering_report_s.c.o[0m
[4.548s] [ 82%] [32mBuilding C object CMakeFiles/autoware_auto_vehicle_msgs__python.dir/rosidl_generator_py/autoware_auto_vehicle_msgs/msg/_velocity_report_s.c.o[0m
[4.623s] [ 84%] [32m[1mLinking C shared library rosidl_generator_py/autoware_auto_vehicle_msgs/libautoware_auto_vehicle_msgs__python.so[0m
[4.663s] [ 84%] Built target autoware_auto_vehicle_msgs__python
[4.671s] [35m[1mScanning dependencies of target autoware_auto_vehicle_msgs__rosidl_typesupport_fastrtps_c__pyext[0m
[4.671s] [35m[1mScanning dependencies of target autoware_auto_vehicle_msgs__rosidl_typesupport_introspection_c__pyext[0m
[4.674s] [35m[1mScanning dependencies of target autoware_auto_vehicle_msgs__rosidl_typesupport_c__pyext[0m
[4.687s] [ 87%] [32mBuilding C object CMakeFiles/autoware_auto_vehicle_msgs__rosidl_typesupport_introspection_c__pyext.dir/rosidl_generator_py/autoware_auto_vehicle_msgs/_autoware_auto_vehicle_msgs_s.ep.rosidl_typesupport_introspection_c.c.o[0m
[4.689s] [ 89%] [32mBuilding C object CMakeFiles/autoware_auto_vehicle_msgs__rosidl_typesupport_fastrtps_c__pyext.dir/rosidl_generator_py/autoware_auto_vehicle_msgs/_autoware_auto_vehicle_msgs_s.ep.rosidl_typesupport_fastrtps_c.c.o[0m
[4.689s] [ 92%] [32mBuilding C object CMakeFiles/autoware_auto_vehicle_msgs__rosidl_typesupport_c__pyext.dir/rosidl_generator_py/autoware_auto_vehicle_msgs/_autoware_auto_vehicle_msgs_s.ep.rosidl_typesupport_c.c.o[0m
[4.754s] [ 94%] [32m[1mLinking C shared library rosidl_generator_py/autoware_auto_vehicle_msgs/autoware_auto_vehicle_msgs_s__rosidl_typesupport_c.cpython-38-x86_64-linux-gnu.so[0m
[4.755s] [ 97%] [32m[1mLinking CXX shared library rosidl_generator_py/autoware_auto_vehicle_msgs/autoware_auto_vehicle_msgs_s__rosidl_typesupport_fastrtps_c.cpython-38-x86_64-linux-gnu.so[0m
[4.757s] [100%] [32m[1mLinking C shared library rosidl_generator_py/autoware_auto_vehicle_msgs/autoware_auto_vehicle_msgs_s__rosidl_typesupport_introspection_c.cpython-38-x86_64-linux-gnu.so[0m
[4.788s] [100%] Built target autoware_auto_vehicle_msgs__rosidl_typesupport_c__pyext
[4.790s] [100%] Built target autoware_auto_vehicle_msgs__rosidl_typesupport_introspection_c__pyext
[4.813s] [100%] Built target autoware_auto_vehicle_msgs__rosidl_typesupport_fastrtps_c__pyext
[4.823s] Invoked command in '/home/tasl/autoware.universe-carla-ros-bridge/build/autoware_auto_vehicle_msgs' returned '0': CMAKE_PREFIX_PATH=${CMAKE_PREFIX_PATH}:/opt/ros/galactic /usr/bin/cmake --build /home/tasl/autoware.universe-carla-ros-bridge/build/autoware_auto_vehicle_msgs -- -j16 -l16
[4.878s] Invoking command in '/home/tasl/autoware.universe-carla-ros-bridge/build/autoware_auto_vehicle_msgs': CMAKE_PREFIX_PATH=${CMAKE_PREFIX_PATH}:/opt/ros/galactic /usr/bin/cmake --install /home/tasl/autoware.universe-carla-ros-bridge/build/autoware_auto_vehicle_msgs
[4.886s] -- Install configuration: ""
[4.886s] -- Installing: /home/tasl/autoware.universe-carla-ros-bridge/install/autoware_auto_vehicle_msgs/share/ament_index/resource_index/rosidl_interfaces/autoware_auto_vehicle_msgs
[4.886s] -- Installing: /home/tasl/autoware.universe-carla-ros-bridge/install/autoware_auto_vehicle_msgs/include/autoware_auto_vehicle_msgs
[4.887s] -- Installing: /home/tasl/autoware.universe-carla-ros-bridge/install/autoware_auto_vehicle_msgs/include/autoware_auto_vehicle_msgs/msg
[4.887s] -- Installing: /home/tasl/autoware.universe-carla-ros-bridge/install/autoware_auto_vehicle_msgs/include/autoware_auto_vehicle_msgs/msg/velocity_report.h
[4.887s] -- Installing: /home/tasl/autoware.universe-carla-ros-bridge/install/autoware_auto_vehicle_msgs/include/autoware_auto_vehicle_msgs/msg/steering_report.h
[4.887s] -- Installing: /home/tasl/autoware.universe-carla-ros-bridge/install/autoware_auto_vehicle_msgs/include/autoware_auto_vehicle_msgs/msg/detail
[4.887s] -- Installing: /home/tasl/autoware.universe-carla-ros-bridge/install/autoware_auto_vehicle_msgs/include/autoware_auto_vehicle_msgs/msg/detail/steering_report__functions.h
[4.887s] -- Installing: /home/tasl/autoware.universe-carla-ros-bridge/install/autoware_auto_vehicle_msgs/include/autoware_auto_vehicle_msgs/msg/detail/steering_report__type_support.h
[4.887s] -- Installing: /home/tasl/autoware.universe-carla-ros-bridge/install/autoware_auto_vehicle_msgs/include/autoware_auto_vehicle_msgs/msg/detail/velocity_report__functions.c
[4.888s] -- Installing: /home/tasl/autoware.universe-carla-ros-bridge/install/autoware_auto_vehicle_msgs/include/autoware_auto_vehicle_msgs/msg/detail/velocity_report__struct.h
[4.888s] -- Installing: /home/tasl/autoware.universe-carla-ros-bridge/install/autoware_auto_vehicle_msgs/include/autoware_auto_vehicle_msgs/msg/detail/steering_report__functions.c
[4.888s] -- Installing: /home/tasl/autoware.universe-carla-ros-bridge/install/autoware_auto_vehicle_msgs/include/autoware_auto_vehicle_msgs/msg/detail/velocity_report__type_support.h
[4.888s] -- Installing: /home/tasl/autoware.universe-carla-ros-bridge/install/autoware_auto_vehicle_msgs/include/autoware_auto_vehicle_msgs/msg/detail/steering_report__struct.h
[4.888s] -- Installing: /home/tasl/autoware.universe-carla-ros-bridge/install/autoware_auto_vehicle_msgs/include/autoware_auto_vehicle_msgs/msg/detail/velocity_report__functions.h
[4.888s] -- Installing: /home/tasl/autoware.universe-carla-ros-bridge/install/autoware_auto_vehicle_msgs/include/autoware_auto_vehicle_msgs/msg/rosidl_generator_c__visibility_control.h
[4.888s] -- Installing: /home/tasl/autoware.universe-carla-ros-bridge/install/autoware_auto_vehicle_msgs/share/autoware_auto_vehicle_msgs/environment/library_path.sh
[4.888s] -- Installing: /home/tasl/autoware.universe-carla-ros-bridge/install/autoware_auto_vehicle_msgs/share/autoware_auto_vehicle_msgs/environment/library_path.dsv
[4.888s] -- Installing: /home/tasl/autoware.universe-carla-ros-bridge/install/autoware_auto_vehicle_msgs/lib/libautoware_auto_vehicle_msgs__rosidl_generator_c.so
[4.889s] -- Set runtime path of "/home/tasl/autoware.universe-carla-ros-bridge/install/autoware_auto_vehicle_msgs/lib/libautoware_auto_vehicle_msgs__rosidl_generator_c.so" to ""
[4.889s] -- Up-to-date: /home/tasl/autoware.universe-carla-ros-bridge/install/autoware_auto_vehicle_msgs/include/autoware_auto_vehicle_msgs
[4.889s] -- Up-to-date: /home/tasl/autoware.universe-carla-ros-bridge/install/autoware_auto_vehicle_msgs/include/autoware_auto_vehicle_msgs/msg
[4.889s] -- Up-to-date: /home/tasl/autoware.universe-carla-ros-bridge/install/autoware_auto_vehicle_msgs/include/autoware_auto_vehicle_msgs/msg/detail
[4.889s] -- Installing: /home/tasl/autoware.universe-carla-ros-bridge/install/autoware_auto_vehicle_msgs/include/autoware_auto_vehicle_msgs/msg/detail/steering_report__rosidl_typesupport_fastrtps_c.h
[4.889s] -- Installing: /home/tasl/autoware.universe-carla-ros-bridge/install/autoware_auto_vehicle_msgs/include/autoware_auto_vehicle_msgs/msg/detail/velocity_report__rosidl_typesupport_fastrtps_c.h
[4.889s] -- Installing: /home/tasl/autoware.universe-carla-ros-bridge/install/autoware_auto_vehicle_msgs/include/autoware_auto_vehicle_msgs/msg/rosidl_typesupport_fastrtps_c__visibility_control.h
[4.889s] -- Installing: /home/tasl/autoware.universe-carla-ros-bridge/install/autoware_auto_vehicle_msgs/lib/libautoware_auto_vehicle_msgs__rosidl_typesupport_fastrtps_c.so
[4.890s] -- Set runtime path of "/home/tasl/autoware.universe-carla-ros-bridge/install/autoware_auto_vehicle_msgs/lib/libautoware_auto_vehicle_msgs__rosidl_typesupport_fastrtps_c.so" to ""
[4.890s] -- Up-to-date: /home/tasl/autoware.universe-carla-ros-bridge/install/autoware_auto_vehicle_msgs/include/autoware_auto_vehicle_msgs
[4.890s] -- Up-to-date: /home/tasl/autoware.universe-carla-ros-bridge/install/autoware_auto_vehicle_msgs/include/autoware_auto_vehicle_msgs/msg
[4.890s] -- Up-to-date: /home/tasl/autoware.universe-carla-ros-bridge/install/autoware_auto_vehicle_msgs/include/autoware_auto_vehicle_msgs/msg/detail
[4.890s] -- Installing: /home/tasl/autoware.universe-carla-ros-bridge/install/autoware_auto_vehicle_msgs/include/autoware_auto_vehicle_msgs/msg/detail/steering_report__rosidl_typesupport_fastrtps_cpp.hpp
[4.890s] -- Installing: /home/tasl/autoware.universe-carla-ros-bridge/install/autoware_auto_vehicle_msgs/include/autoware_auto_vehicle_msgs/msg/detail/dds_fastrtps
[4.890s] -- Installing: /home/tasl/autoware.universe-carla-ros-bridge/install/autoware_auto_vehicle_msgs/include/autoware_auto_vehicle_msgs/msg/detail/velocity_report__rosidl_typesupport_fastrtps_cpp.hpp
[4.891s] -- Installing: /home/tasl/autoware.universe-carla-ros-bridge/install/autoware_auto_vehicle_msgs/include/autoware_auto_vehicle_msgs/msg/rosidl_typesupport_fastrtps_cpp__visibility_control.h
[4.891s] -- Installing: /home/tasl/autoware.universe-carla-ros-bridge/install/autoware_auto_vehicle_msgs/lib/libautoware_auto_vehicle_msgs__rosidl_typesupport_fastrtps_cpp.so
[4.891s] -- Set runtime path of "/home/tasl/autoware.universe-carla-ros-bridge/install/autoware_auto_vehicle_msgs/lib/libautoware_auto_vehicle_msgs__rosidl_typesupport_fastrtps_cpp.so" to ""
[4.891s] -- Up-to-date: /home/tasl/autoware.universe-carla-ros-bridge/install/autoware_auto_vehicle_msgs/include/autoware_auto_vehicle_msgs
[4.891s] -- Up-to-date: /home/tasl/autoware.universe-carla-ros-bridge/install/autoware_auto_vehicle_msgs/include/autoware_auto_vehicle_msgs/msg
[4.891s] -- Installing: /home/tasl/autoware.universe-carla-ros-bridge/install/autoware_auto_vehicle_msgs/include/autoware_auto_vehicle_msgs/msg/rosidl_typesupport_introspection_c__visibility_control.h
[4.891s] -- Up-to-date: /home/tasl/autoware.universe-carla-ros-bridge/install/autoware_auto_vehicle_msgs/include/autoware_auto_vehicle_msgs/msg/detail
[4.891s] -- Installing: /home/tasl/autoware.universe-carla-ros-bridge/install/autoware_auto_vehicle_msgs/include/autoware_auto_vehicle_msgs/msg/detail/velocity_report__type_support.c
[4.892s] -- Installing: /home/tasl/autoware.universe-carla-ros-bridge/install/autoware_auto_vehicle_msgs/include/autoware_auto_vehicle_msgs/msg/detail/velocity_report__rosidl_typesupport_introspection_c.h
[4.892s] -- Installing: /home/tasl/autoware.universe-carla-ros-bridge/install/autoware_auto_vehicle_msgs/include/autoware_auto_vehicle_msgs/msg/detail/steering_report__rosidl_typesupport_introspection_c.h
[4.892s] -- Installing: /home/tasl/autoware.universe-carla-ros-bridge/install/autoware_auto_vehicle_msgs/include/autoware_auto_vehicle_msgs/msg/detail/steering_report__type_support.c
[4.892s] -- Installing: /home/tasl/autoware.universe-carla-ros-bridge/install/autoware_auto_vehicle_msgs/lib/libautoware_auto_vehicle_msgs__rosidl_typesupport_introspection_c.so
[4.892s] -- Set runtime path of "/home/tasl/autoware.universe-carla-ros-bridge/install/autoware_auto_vehicle_msgs/lib/libautoware_auto_vehicle_msgs__rosidl_typesupport_introspection_c.so" to ""
[4.892s] -- Installing: /home/tasl/autoware.universe-carla-ros-bridge/install/autoware_auto_vehicle_msgs/lib/libautoware_auto_vehicle_msgs__rosidl_typesupport_c.so
[4.893s] -- Set runtime path of "/home/tasl/autoware.universe-carla-ros-bridge/install/autoware_auto_vehicle_msgs/lib/libautoware_auto_vehicle_msgs__rosidl_typesupport_c.so" to ""
[4.893s] -- Up-to-date: /home/tasl/autoware.universe-carla-ros-bridge/install/autoware_auto_vehicle_msgs/include/autoware_auto_vehicle_msgs
[4.893s] -- Up-to-date: /home/tasl/autoware.universe-carla-ros-bridge/install/autoware_auto_vehicle_msgs/include/autoware_auto_vehicle_msgs/msg
[4.893s] -- Installing: /home/tasl/autoware.universe-carla-ros-bridge/install/autoware_auto_vehicle_msgs/include/autoware_auto_vehicle_msgs/msg/steering_report.hpp
[4.893s] -- Installing: /home/tasl/autoware.universe-carla-ros-bridge/install/autoware_auto_vehicle_msgs/include/autoware_auto_vehicle_msgs/msg/velocity_report.hpp
[4.893s] -- Up-to-date: /home/tasl/autoware.universe-carla-ros-bridge/install/autoware_auto_vehicle_msgs/include/autoware_auto_vehicle_msgs/msg/detail
[4.893s] -- Installing: /home/tasl/autoware.universe-carla-ros-bridge/install/autoware_auto_vehicle_msgs/include/autoware_auto_vehicle_msgs/msg/detail/velocity_report__struct.hpp
[4.893s] -- Installing: /home/tasl/autoware.universe-carla-ros-bridge/install/autoware_auto_vehicle_msgs/include/autoware_auto_vehicle_msgs/msg/detail/steering_report__struct.hpp
[4.894s] -- Installing: /home/tasl/autoware.universe-carla-ros-bridge/install/autoware_auto_vehicle_msgs/include/autoware_auto_vehicle_msgs/msg/detail/velocity_report__traits.hpp
[4.894s] -- Installing: /home/tasl/autoware.universe-carla-ros-bridge/install/autoware_auto_vehicle_msgs/include/autoware_auto_vehicle_msgs/msg/detail/velocity_report__builder.hpp
[4.894s] -- Installing: /home/tasl/autoware.universe-carla-ros-bridge/install/autoware_auto_vehicle_msgs/include/autoware_auto_vehicle_msgs/msg/detail/steering_report__traits.hpp
[4.894s] -- Installing: /home/tasl/autoware.universe-carla-ros-bridge/install/autoware_auto_vehicle_msgs/include/autoware_auto_vehicle_msgs/msg/detail/steering_report__builder.hpp
[4.894s] -- Up-to-date: /home/tasl/autoware.universe-carla-ros-bridge/install/autoware_auto_vehicle_msgs/include/autoware_auto_vehicle_msgs
[4.894s] -- Up-to-date: /home/tasl/autoware.universe-carla-ros-bridge/install/autoware_auto_vehicle_msgs/include/autoware_auto_vehicle_msgs/msg
[4.894s] -- Up-to-date: /home/tasl/autoware.universe-carla-ros-bridge/install/autoware_auto_vehicle_msgs/include/autoware_auto_vehicle_msgs/msg/detail
[4.894s] -- Installing: /home/tasl/autoware.universe-carla-ros-bridge/install/autoware_auto_vehicle_msgs/include/autoware_auto_vehicle_msgs/msg/detail/velocity_report__rosidl_typesupport_introspection_cpp.hpp
[4.895s] -- Installing: /home/tasl/autoware.universe-carla-ros-bridge/install/autoware_auto_vehicle_msgs/include/autoware_auto_vehicle_msgs/msg/detail/velocity_report__type_support.cpp
[4.895s] -- Installing: /home/tasl/autoware.universe-carla-ros-bridge/install/autoware_auto_vehicle_msgs/include/autoware_auto_vehicle_msgs/msg/detail/steering_report__rosidl_typesupport_introspection_cpp.hpp
[4.895s] -- Installing: /home/tasl/autoware.universe-carla-ros-bridge/install/autoware_auto_vehicle_msgs/include/autoware_auto_vehicle_msgs/msg/detail/steering_report__type_support.cpp
[4.895s] -- Installing: /home/tasl/autoware.universe-carla-ros-bridge/install/autoware_auto_vehicle_msgs/lib/libautoware_auto_vehicle_msgs__rosidl_typesupport_introspection_cpp.so
[4.895s] -- Set runtime path of "/home/tasl/autoware.universe-carla-ros-bridge/install/autoware_auto_vehicle_msgs/lib/libautoware_auto_vehicle_msgs__rosidl_typesupport_introspection_cpp.so" to ""
[4.895s] -- Installing: /home/tasl/autoware.universe-carla-ros-bridge/install/autoware_auto_vehicle_msgs/lib/libautoware_auto_vehicle_msgs__rosidl_typesupport_cpp.so
[4.895s] -- Set runtime path of "/home/tasl/autoware.universe-carla-ros-bridge/install/autoware_auto_vehicle_msgs/lib/libautoware_auto_vehicle_msgs__rosidl_typesupport_cpp.so" to ""
[4.896s] -- Installing: /home/tasl/autoware.universe-carla-ros-bridge/install/autoware_auto_vehicle_msgs/share/autoware_auto_vehicle_msgs/environment/pythonpath.sh
[4.896s] -- Installing: /home/tasl/autoware.universe-carla-ros-bridge/install/autoware_auto_vehicle_msgs/share/autoware_auto_vehicle_msgs/environment/pythonpath.dsv
[4.896s] -- Installing: /home/tasl/autoware.universe-carla-ros-bridge/install/autoware_auto_vehicle_msgs/lib/python3.8/site-packages/autoware_auto_vehicle_msgs/__init__.py
[4.923s] Compiling '/home/tasl/autoware.universe-carla-ros-bridge/install/autoware_auto_vehicle_msgs/lib/python3.8/site-packages/autoware_auto_vehicle_msgs/__init__.py'...
[4.927s] -- Installing: /home/tasl/autoware.universe-carla-ros-bridge/install/autoware_auto_vehicle_msgs/lib/python3.8/site-packages/autoware_auto_vehicle_msgs/msg
[4.927s] -- Installing: /home/tasl/autoware.universe-carla-ros-bridge/install/autoware_auto_vehicle_msgs/lib/python3.8/site-packages/autoware_auto_vehicle_msgs/msg/_steering_report_s.c
[4.927s] -- Installing: /home/tasl/autoware.universe-carla-ros-bridge/install/autoware_auto_vehicle_msgs/lib/python3.8/site-packages/autoware_auto_vehicle_msgs/msg/_velocity_report_s.c
[4.927s] -- Installing: /home/tasl/autoware.universe-carla-ros-bridge/install/autoware_auto_vehicle_msgs/lib/python3.8/site-packages/autoware_auto_vehicle_msgs/msg/__init__.py
[4.927s] -- Installing: /home/tasl/autoware.universe-carla-ros-bridge/install/autoware_auto_vehicle_msgs/lib/python3.8/site-packages/autoware_auto_vehicle_msgs/msg/_steering_report.py
[4.928s] -- Installing: /home/tasl/autoware.universe-carla-ros-bridge/install/autoware_auto_vehicle_msgs/lib/python3.8/site-packages/autoware_auto_vehicle_msgs/msg/_velocity_report.py
[4.928s] -- Installing: /home/tasl/autoware.universe-carla-ros-bridge/install/autoware_auto_vehicle_msgs/lib/python3.8/site-packages/autoware_auto_vehicle_msgs/autoware_auto_vehicle_msgs_s__rosidl_typesupport_fastrtps_c.cpython-38-x86_64-linux-gnu.so
[4.928s] -- Set runtime path of "/home/tasl/autoware.universe-carla-ros-bridge/install/autoware_auto_vehicle_msgs/lib/python3.8/site-packages/autoware_auto_vehicle_msgs/autoware_auto_vehicle_msgs_s__rosidl_typesupport_fastrtps_c.cpython-38-x86_64-linux-gnu.so" to ""
[4.929s] -- Installing: /home/tasl/autoware.universe-carla-ros-bridge/install/autoware_auto_vehicle_msgs/lib/python3.8/site-packages/autoware_auto_vehicle_msgs/autoware_auto_vehicle_msgs_s__rosidl_typesupport_introspection_c.cpython-38-x86_64-linux-gnu.so
[4.929s] -- Set runtime path of "/home/tasl/autoware.universe-carla-ros-bridge/install/autoware_auto_vehicle_msgs/lib/python3.8/site-packages/autoware_auto_vehicle_msgs/autoware_auto_vehicle_msgs_s__rosidl_typesupport_introspection_c.cpython-38-x86_64-linux-gnu.so" to ""
[4.929s] -- Installing: /home/tasl/autoware.universe-carla-ros-bridge/install/autoware_auto_vehicle_msgs/lib/python3.8/site-packages/autoware_auto_vehicle_msgs/autoware_auto_vehicle_msgs_s__rosidl_typesupport_c.cpython-38-x86_64-linux-gnu.so
[4.930s] -- Set runtime path of "/home/tasl/autoware.universe-carla-ros-bridge/install/autoware_auto_vehicle_msgs/lib/python3.8/site-packages/autoware_auto_vehicle_msgs/autoware_auto_vehicle_msgs_s__rosidl_typesupport_c.cpython-38-x86_64-linux-gnu.so" to ""
[4.930s] -- Installing: /home/tasl/autoware.universe-carla-ros-bridge/install/autoware_auto_vehicle_msgs/lib/libautoware_auto_vehicle_msgs__python.so
[4.930s] -- Set runtime path of "/home/tasl/autoware.universe-carla-ros-bridge/install/autoware_auto_vehicle_msgs/lib/libautoware_auto_vehicle_msgs__python.so" to ""
[4.930s] -- Installing: /home/tasl/autoware.universe-carla-ros-bridge/install/autoware_auto_vehicle_msgs/share/autoware_auto_vehicle_msgs/msg/SteeringReport.idl
[4.931s] -- Installing: /home/tasl/autoware.universe-carla-ros-bridge/install/autoware_auto_vehicle_msgs/share/autoware_auto_vehicle_msgs/msg/VelocityReport.idl
[4.931s] -- Installing: /home/tasl/autoware.universe-carla-ros-bridge/install/autoware_auto_vehicle_msgs/share/ament_index/resource_index/package_run_dependencies/autoware_auto_vehicle_msgs
[4.931s] -- Installing: /home/tasl/autoware.universe-carla-ros-bridge/install/autoware_auto_vehicle_msgs/share/ament_index/resource_index/parent_prefix_path/autoware_auto_vehicle_msgs
[4.931s] -- Installing: /home/tasl/autoware.universe-carla-ros-bridge/install/autoware_auto_vehicle_msgs/share/autoware_auto_vehicle_msgs/environment/ament_prefix_path.sh
[4.931s] -- Installing: /home/tasl/autoware.universe-carla-ros-bridge/install/autoware_auto_vehicle_msgs/share/autoware_auto_vehicle_msgs/environment/ament_prefix_path.dsv
[4.931s] -- Installing: /home/tasl/autoware.universe-carla-ros-bridge/install/autoware_auto_vehicle_msgs/share/autoware_auto_vehicle_msgs/environment/path.sh
[4.931s] -- Installing: /home/tasl/autoware.universe-carla-ros-bridge/install/autoware_auto_vehicle_msgs/share/autoware_auto_vehicle_msgs/environment/path.dsv
[4.931s] -- Installing: /home/tasl/autoware.universe-carla-ros-bridge/install/autoware_auto_vehicle_msgs/share/autoware_auto_vehicle_msgs/local_setup.bash
[4.932s] -- Installing: /home/tasl/autoware.universe-carla-ros-bridge/install/autoware_auto_vehicle_msgs/share/autoware_auto_vehicle_msgs/local_setup.sh
[4.932s] -- Installing: /home/tasl/autoware.universe-carla-ros-bridge/install/autoware_auto_vehicle_msgs/share/autoware_auto_vehicle_msgs/local_setup.zsh
[4.932s] -- Installing: /home/tasl/autoware.universe-carla-ros-bridge/install/autoware_auto_vehicle_msgs/share/autoware_auto_vehicle_msgs/local_setup.dsv
[4.932s] -- Installing: /home/tasl/autoware.universe-carla-ros-bridge/install/autoware_auto_vehicle_msgs/share/autoware_auto_vehicle_msgs/package.dsv
[4.932s] -- Installing: /home/tasl/autoware.universe-carla-ros-bridge/install/autoware_auto_vehicle_msgs/share/ament_index/resource_index/packages/autoware_auto_vehicle_msgs
[4.932s] -- Installing: /home/tasl/autoware.universe-carla-ros-bridge/install/autoware_auto_vehicle_msgs/share/autoware_auto_vehicle_msgs/cmake/autoware_auto_vehicle_msgs__rosidl_generator_cExport.cmake
[4.932s] -- Installing: /home/tasl/autoware.universe-carla-ros-bridge/install/autoware_auto_vehicle_msgs/share/autoware_auto_vehicle_msgs/cmake/autoware_auto_vehicle_msgs__rosidl_generator_cExport-noconfig.cmake
[4.933s] -- Installing: /home/tasl/autoware.universe-carla-ros-bridge/install/autoware_auto_vehicle_msgs/share/autoware_auto_vehicle_msgs/cmake/autoware_auto_vehicle_msgs__rosidl_typesupport_introspection_cExport.cmake
[4.933s] -- Installing: /home/tasl/autoware.universe-carla-ros-bridge/install/autoware_auto_vehicle_msgs/share/autoware_auto_vehicle_msgs/cmake/autoware_auto_vehicle_msgs__rosidl_typesupport_introspection_cExport-noconfig.cmake
[4.934s] -- Installing: /home/tasl/autoware.universe-carla-ros-bridge/install/autoware_auto_vehicle_msgs/share/autoware_auto_vehicle_msgs/cmake/autoware_auto_vehicle_msgs__rosidl_typesupport_cExport.cmake
[4.934s] -- Installing: /home/tasl/autoware.universe-carla-ros-bridge/install/autoware_auto_vehicle_msgs/share/autoware_auto_vehicle_msgs/cmake/autoware_auto_vehicle_msgs__rosidl_typesupport_cExport-noconfig.cmake
[4.934s] -- Installing: /home/tasl/autoware.universe-carla-ros-bridge/install/autoware_auto_vehicle_msgs/share/autoware_auto_vehicle_msgs/cmake/autoware_auto_vehicle_msgs__rosidl_generator_cppExport.cmake
[4.934s] -- Installing: /home/tasl/autoware.universe-carla-ros-bridge/install/autoware_auto_vehicle_msgs/share/autoware_auto_vehicle_msgs/cmake/autoware_auto_vehicle_msgs__rosidl_typesupport_introspection_cppExport.cmake
[4.934s] -- Installing: /home/tasl/autoware.universe-carla-ros-bridge/install/autoware_auto_vehicle_msgs/share/autoware_auto_vehicle_msgs/cmake/autoware_auto_vehicle_msgs__rosidl_typesupport_introspection_cppExport-noconfig.cmake
[4.934s] -- Installing: /home/tasl/autoware.universe-carla-ros-bridge/install/autoware_auto_vehicle_msgs/share/autoware_auto_vehicle_msgs/cmake/autoware_auto_vehicle_msgs__rosidl_typesupport_cppExport.cmake
[4.934s] -- Installing: /home/tasl/autoware.universe-carla-ros-bridge/install/autoware_auto_vehicle_msgs/share/autoware_auto_vehicle_msgs/cmake/autoware_auto_vehicle_msgs__rosidl_typesupport_cppExport-noconfig.cmake
[4.935s] -- Installing: /home/tasl/autoware.universe-carla-ros-bridge/install/autoware_auto_vehicle_msgs/share/autoware_auto_vehicle_msgs/cmake/rosidl_cmake-extras.cmake
[4.935s] -- Installing: /home/tasl/autoware.universe-carla-ros-bridge/install/autoware_auto_vehicle_msgs/share/autoware_auto_vehicle_msgs/cmake/ament_cmake_export_dependencies-extras.cmake
[4.935s] -- Installing: /home/tasl/autoware.universe-carla-ros-bridge/install/autoware_auto_vehicle_msgs/share/autoware_auto_vehicle_msgs/cmake/ament_cmake_export_libraries-extras.cmake
[4.935s] -- Installing: /home/tasl/autoware.universe-carla-ros-bridge/install/autoware_auto_vehicle_msgs/share/autoware_auto_vehicle_msgs/cmake/ament_cmake_export_targets-extras.cmake
[4.935s] -- Installing: /home/tasl/autoware.universe-carla-ros-bridge/install/autoware_auto_vehicle_msgs/share/autoware_auto_vehicle_msgs/cmake/ament_cmake_export_include_directories-extras.cmake
[4.935s] -- Installing: /home/tasl/autoware.universe-carla-ros-bridge/install/autoware_auto_vehicle_msgs/share/autoware_auto_vehicle_msgs/cmake/rosidl_cmake_export_typesupport_libraries-extras.cmake
[4.935s] -- Installing: /home/tasl/autoware.universe-carla-ros-bridge/install/autoware_auto_vehicle_msgs/share/autoware_auto_vehicle_msgs/cmake/rosidl_cmake_export_typesupport_targets-extras.cmake
[4.935s] -- Installing: /home/tasl/autoware.universe-carla-ros-bridge/install/autoware_auto_vehicle_msgs/share/autoware_auto_vehicle_msgs/cmake/autoware_auto_vehicle_msgsConfig.cmake
[4.935s] -- Installing: /home/tasl/autoware.universe-carla-ros-bridge/install/autoware_auto_vehicle_msgs/share/autoware_auto_vehicle_msgs/cmake/autoware_auto_vehicle_msgsConfig-version.cmake
[4.935s] -- Installing: /home/tasl/autoware.universe-carla-ros-bridge/install/autoware_auto_vehicle_msgs/share/autoware_auto_vehicle_msgs/package.xml
[4.939s] Invoked command in '/home/tasl/autoware.universe-carla-ros-bridge/build/autoware_auto_vehicle_msgs' returned '0': CMAKE_PREFIX_PATH=${CMAKE_PREFIX_PATH}:/opt/ros/galactic /usr/bin/cmake --install /home/tasl/autoware.universe-carla-ros-bridge/build/autoware_auto_vehicle_msgs
