[0.046s] Invoking command in '/home/tasl/autoware.universe-carla-ros-bridge/build/autoware_auto_vehicle_msgs': CMAKE_PREFIX_PATH=/opt/ros/galactic:${CMAKE_PREFIX_PATH} /usr/bin/cmake --build /home/tasl/autoware.universe-carla-ros-bridge/build/autoware_auto_vehicle_msgs -- -j16 -l16
[0.102s] [  2%] Built target autoware_auto_vehicle_msgs__cpp
[0.103s] [ 12%] Built target autoware_auto_vehicle_msgs__rosidl_generator_c
[0.138s] [ 23%] Built target autoware_auto_vehicle_msgs__rosidl_typesupport_c
[0.140s] [ 33%] Built target autoware_auto_vehicle_msgs__rosidl_typesupport_introspection_c
[0.141s] [ 43%] Built target autoware_auto_vehicle_msgs__rosidl_typesupport_cpp
[0.143s] [ 53%] Built target autoware_auto_vehicle_msgs__rosidl_typesupport_introspection_cpp
[0.148s] [ 64%] Built target autoware_auto_vehicle_msgs__rosidl_typesupport_fastrtps_cpp
[0.180s] [ 74%] Built target autoware_auto_vehicle_msgs__rosidl_typesupport_fastrtps_c
[0.201s] [ 74%] Built target autoware_auto_vehicle_msgs
[0.220s] [ 76%] Built target autoware_auto_vehicle_msgs__py
[0.248s] [ 84%] Built target autoware_auto_vehicle_msgs__python
[0.278s] [ 89%] Built target autoware_auto_vehicle_msgs__rosidl_typesupport_introspection_c__pyext
[0.279s] [ 94%] Built target autoware_auto_vehicle_msgs__rosidl_typesupport_fastrtps_c__pyext
[0.282s] [100%] Built target autoware_auto_vehicle_msgs__rosidl_typesupport_c__pyext
[0.294s] Invoked command in '/home/tasl/autoware.universe-carla-ros-bridge/build/autoware_auto_vehicle_msgs' returned '0': CMAKE_PREFIX_PATH=/opt/ros/galactic:${CMAKE_PREFIX_PATH} /usr/bin/cmake --build /home/tasl/autoware.universe-carla-ros-bridge/build/autoware_auto_vehicle_msgs -- -j16 -l16
[0.365s] Invoking command in '/home/tasl/autoware.universe-carla-ros-bridge/build/autoware_auto_vehicle_msgs': CMAKE_PREFIX_PATH=/opt/ros/galactic:${CMAKE_PREFIX_PATH} /usr/bin/cmake --install /home/tasl/autoware.universe-carla-ros-bridge/build/autoware_auto_vehicle_msgs
[0.377s] -- Install configuration: ""
[0.378s] -- Up-to-date: /home/tasl/autoware.universe-carla-ros-bridge/install/autoware_auto_vehicle_msgs/share/ament_index/resource_index/rosidl_interfaces/autoware_auto_vehicle_msgs
[0.378s] -- Up-to-date: /home/tasl/autoware.universe-carla-ros-bridge/install/autoware_auto_vehicle_msgs/include/autoware_auto_vehicle_msgs
[0.378s] -- Up-to-date: /home/tasl/autoware.universe-carla-ros-bridge/install/autoware_auto_vehicle_msgs/include/autoware_auto_vehicle_msgs/msg
[0.378s] -- Up-to-date: /home/tasl/autoware.universe-carla-ros-bridge/install/autoware_auto_vehicle_msgs/include/autoware_auto_vehicle_msgs/msg/velocity_report.h
[0.378s] -- Up-to-date: /home/tasl/autoware.universe-carla-ros-bridge/install/autoware_auto_vehicle_msgs/include/autoware_auto_vehicle_msgs/msg/steering_report.h
[0.378s] -- Up-to-date: /home/tasl/autoware.universe-carla-ros-bridge/install/autoware_auto_vehicle_msgs/include/autoware_auto_vehicle_msgs/msg/detail
[0.378s] -- Up-to-date: /home/tasl/autoware.universe-carla-ros-bridge/install/autoware_auto_vehicle_msgs/include/autoware_auto_vehicle_msgs/msg/detail/steering_report__functions.h
[0.378s] -- Up-to-date: /home/tasl/autoware.universe-carla-ros-bridge/install/autoware_auto_vehicle_msgs/include/autoware_auto_vehicle_msgs/msg/detail/steering_report__type_support.h
[0.379s] -- Up-to-date: /home/tasl/autoware.universe-carla-ros-bridge/install/autoware_auto_vehicle_msgs/include/autoware_auto_vehicle_msgs/msg/detail/velocity_report__functions.c
[0.379s] -- Up-to-date: /home/tasl/autoware.universe-carla-ros-bridge/install/autoware_auto_vehicle_msgs/include/autoware_auto_vehicle_msgs/msg/detail/velocity_report__struct.h
[0.379s] -- Up-to-date: /home/tasl/autoware.universe-carla-ros-bridge/install/autoware_auto_vehicle_msgs/include/autoware_auto_vehicle_msgs/msg/detail/steering_report__functions.c
[0.379s] -- Up-to-date: /home/tasl/autoware.universe-carla-ros-bridge/install/autoware_auto_vehicle_msgs/include/autoware_auto_vehicle_msgs/msg/detail/velocity_report__type_support.h
[0.379s] -- Up-to-date: /home/tasl/autoware.universe-carla-ros-bridge/install/autoware_auto_vehicle_msgs/include/autoware_auto_vehicle_msgs/msg/detail/steering_report__struct.h
[0.379s] -- Up-to-date: /home/tasl/autoware.universe-carla-ros-bridge/install/autoware_auto_vehicle_msgs/include/autoware_auto_vehicle_msgs/msg/detail/velocity_report__functions.h
[0.380s] -- Up-to-date: /home/tasl/autoware.universe-carla-ros-bridge/install/autoware_auto_vehicle_msgs/include/autoware_auto_vehicle_msgs/msg/rosidl_generator_c__visibility_control.h
[0.380s] -- Up-to-date: /home/tasl/autoware.universe-carla-ros-bridge/install/autoware_auto_vehicle_msgs/share/autoware_auto_vehicle_msgs/environment/library_path.sh
[0.380s] -- Up-to-date: /home/tasl/autoware.universe-carla-ros-bridge/install/autoware_auto_vehicle_msgs/share/autoware_auto_vehicle_msgs/environment/library_path.dsv
[0.380s] -- Up-to-date: /home/tasl/autoware.universe-carla-ros-bridge/install/autoware_auto_vehicle_msgs/lib/libautoware_auto_vehicle_msgs__rosidl_generator_c.so
[0.380s] -- Up-to-date: /home/tasl/autoware.universe-carla-ros-bridge/install/autoware_auto_vehicle_msgs/include/autoware_auto_vehicle_msgs
[0.380s] -- Up-to-date: /home/tasl/autoware.universe-carla-ros-bridge/install/autoware_auto_vehicle_msgs/include/autoware_auto_vehicle_msgs/msg
[0.381s] -- Up-to-date: /home/tasl/autoware.universe-carla-ros-bridge/install/autoware_auto_vehicle_msgs/include/autoware_auto_vehicle_msgs/msg/detail
[0.381s] -- Up-to-date: /home/tasl/autoware.universe-carla-ros-bridge/install/autoware_auto_vehicle_msgs/include/autoware_auto_vehicle_msgs/msg/detail/steering_report__rosidl_typesupport_fastrtps_c.h
[0.381s] -- Up-to-date: /home/tasl/autoware.universe-carla-ros-bridge/install/autoware_auto_vehicle_msgs/include/autoware_auto_vehicle_msgs/msg/detail/velocity_report__rosidl_typesupport_fastrtps_c.h
[0.381s] -- Up-to-date: /home/tasl/autoware.universe-carla-ros-bridge/install/autoware_auto_vehicle_msgs/include/autoware_auto_vehicle_msgs/msg/rosidl_typesupport_fastrtps_c__visibility_control.h
[0.381s] -- Up-to-date: /home/tasl/autoware.universe-carla-ros-bridge/install/autoware_auto_vehicle_msgs/lib/libautoware_auto_vehicle_msgs__rosidl_typesupport_fastrtps_c.so
[0.381s] -- Up-to-date: /home/tasl/autoware.universe-carla-ros-bridge/install/autoware_auto_vehicle_msgs/include/autoware_auto_vehicle_msgs
[0.382s] -- Up-to-date: /home/tasl/autoware.universe-carla-ros-bridge/install/autoware_auto_vehicle_msgs/include/autoware_auto_vehicle_msgs/msg
[0.382s] -- Up-to-date: /home/tasl/autoware.universe-carla-ros-bridge/install/autoware_auto_vehicle_msgs/include/autoware_auto_vehicle_msgs/msg/detail
[0.382s] -- Up-to-date: /home/tasl/autoware.universe-carla-ros-bridge/install/autoware_auto_vehicle_msgs/include/autoware_auto_vehicle_msgs/msg/detail/steering_report__rosidl_typesupport_fastrtps_cpp.hpp
[0.382s] -- Up-to-date: /home/tasl/autoware.universe-carla-ros-bridge/install/autoware_auto_vehicle_msgs/include/autoware_auto_vehicle_msgs/msg/detail/dds_fastrtps
[0.382s] -- Up-to-date: /home/tasl/autoware.universe-carla-ros-bridge/install/autoware_auto_vehicle_msgs/include/autoware_auto_vehicle_msgs/msg/detail/velocity_report__rosidl_typesupport_fastrtps_cpp.hpp
[0.382s] -- Up-to-date: /home/tasl/autoware.universe-carla-ros-bridge/install/autoware_auto_vehicle_msgs/include/autoware_auto_vehicle_msgs/msg/rosidl_typesupport_fastrtps_cpp__visibility_control.h
[0.382s] -- Up-to-date: /home/tasl/autoware.universe-carla-ros-bridge/install/autoware_auto_vehicle_msgs/lib/libautoware_auto_vehicle_msgs__rosidl_typesupport_fastrtps_cpp.so
[0.382s] -- Up-to-date: /home/tasl/autoware.universe-carla-ros-bridge/install/autoware_auto_vehicle_msgs/include/autoware_auto_vehicle_msgs
[0.382s] -- Up-to-date: /home/tasl/autoware.universe-carla-ros-bridge/install/autoware_auto_vehicle_msgs/include/autoware_auto_vehicle_msgs/msg
[0.383s] -- Up-to-date: /home/tasl/autoware.universe-carla-ros-bridge/install/autoware_auto_vehicle_msgs/include/autoware_auto_vehicle_msgs/msg/rosidl_typesupport_introspection_c__visibility_control.h
[0.383s] -- Up-to-date: /home/tasl/autoware.universe-carla-ros-bridge/install/autoware_auto_vehicle_msgs/include/autoware_auto_vehicle_msgs/msg/detail
[0.383s] -- Up-to-date: /home/tasl/autoware.universe-carla-ros-bridge/install/autoware_auto_vehicle_msgs/include/autoware_auto_vehicle_msgs/msg/detail/velocity_report__type_support.c
[0.384s] -- Up-to-date: /home/tasl/autoware.universe-carla-ros-bridge/install/autoware_auto_vehicle_msgs/include/autoware_auto_vehicle_msgs/msg/detail/velocity_report__rosidl_typesupport_introspection_c.h
[0.384s] -- Up-to-date: /home/tasl/autoware.universe-carla-ros-bridge/install/autoware_auto_vehicle_msgs/include/autoware_auto_vehicle_msgs/msg/detail/steering_report__rosidl_typesupport_introspection_c.h
[0.384s] -- Up-to-date: /home/tasl/autoware.universe-carla-ros-bridge/install/autoware_auto_vehicle_msgs/include/autoware_auto_vehicle_msgs/msg/detail/steering_report__type_support.c
[0.384s] -- Up-to-date: /home/tasl/autoware.universe-carla-ros-bridge/install/autoware_auto_vehicle_msgs/lib/libautoware_auto_vehicle_msgs__rosidl_typesupport_introspection_c.so
[0.384s] -- Up-to-date: /home/tasl/autoware.universe-carla-ros-bridge/install/autoware_auto_vehicle_msgs/lib/libautoware_auto_vehicle_msgs__rosidl_typesupport_c.so
[0.384s] -- Up-to-date: /home/tasl/autoware.universe-carla-ros-bridge/install/autoware_auto_vehicle_msgs/include/autoware_auto_vehicle_msgs
[0.384s] -- Up-to-date: /home/tasl/autoware.universe-carla-ros-bridge/install/autoware_auto_vehicle_msgs/include/autoware_auto_vehicle_msgs/msg
[0.385s] -- Up-to-date: /home/tasl/autoware.universe-carla-ros-bridge/install/autoware_auto_vehicle_msgs/include/autoware_auto_vehicle_msgs/msg/steering_report.hpp
[0.385s] -- Up-to-date: /home/tasl/autoware.universe-carla-ros-bridge/install/autoware_auto_vehicle_msgs/include/autoware_auto_vehicle_msgs/msg/velocity_report.hpp
[0.385s] -- Up-to-date: /home/tasl/autoware.universe-carla-ros-bridge/install/autoware_auto_vehicle_msgs/include/autoware_auto_vehicle_msgs/msg/detail
[0.385s] -- Up-to-date: /home/tasl/autoware.universe-carla-ros-bridge/install/autoware_auto_vehicle_msgs/include/autoware_auto_vehicle_msgs/msg/detail/velocity_report__struct.hpp
[0.385s] -- Up-to-date: /home/tasl/autoware.universe-carla-ros-bridge/install/autoware_auto_vehicle_msgs/include/autoware_auto_vehicle_msgs/msg/detail/steering_report__struct.hpp
[0.385s] -- Up-to-date: /home/tasl/autoware.universe-carla-ros-bridge/install/autoware_auto_vehicle_msgs/include/autoware_auto_vehicle_msgs/msg/detail/velocity_report__traits.hpp
[0.385s] -- Up-to-date: /home/tasl/autoware.universe-carla-ros-bridge/install/autoware_auto_vehicle_msgs/include/autoware_auto_vehicle_msgs/msg/detail/velocity_report__builder.hpp
[0.386s] -- Up-to-date: /home/tasl/autoware.universe-carla-ros-bridge/install/autoware_auto_vehicle_msgs/include/autoware_auto_vehicle_msgs/msg/detail/steering_report__traits.hpp
[0.386s] -- Up-to-date: /home/tasl/autoware.universe-carla-ros-bridge/install/autoware_auto_vehicle_msgs/include/autoware_auto_vehicle_msgs/msg/detail/steering_report__builder.hpp
[0.386s] -- Up-to-date: /home/tasl/autoware.universe-carla-ros-bridge/install/autoware_auto_vehicle_msgs/include/autoware_auto_vehicle_msgs
[0.386s] -- Up-to-date: /home/tasl/autoware.universe-carla-ros-bridge/install/autoware_auto_vehicle_msgs/include/autoware_auto_vehicle_msgs/msg
[0.386s] -- Up-to-date: /home/tasl/autoware.universe-carla-ros-bridge/install/autoware_auto_vehicle_msgs/include/autoware_auto_vehicle_msgs/msg/detail
[0.386s] -- Up-to-date: /home/tasl/autoware.universe-carla-ros-bridge/install/autoware_auto_vehicle_msgs/include/autoware_auto_vehicle_msgs/msg/detail/velocity_report__rosidl_typesupport_introspection_cpp.hpp
[0.386s] -- Up-to-date: /home/tasl/autoware.universe-carla-ros-bridge/install/autoware_auto_vehicle_msgs/include/autoware_auto_vehicle_msgs/msg/detail/velocity_report__type_support.cpp
[0.386s] -- Up-to-date: /home/tasl/autoware.universe-carla-ros-bridge/install/autoware_auto_vehicle_msgs/include/autoware_auto_vehicle_msgs/msg/detail/steering_report__rosidl_typesupport_introspection_cpp.hpp
[0.387s] -- Up-to-date: /home/tasl/autoware.universe-carla-ros-bridge/install/autoware_auto_vehicle_msgs/include/autoware_auto_vehicle_msgs/msg/detail/steering_report__type_support.cpp
[0.387s] -- Up-to-date: /home/tasl/autoware.universe-carla-ros-bridge/install/autoware_auto_vehicle_msgs/lib/libautoware_auto_vehicle_msgs__rosidl_typesupport_introspection_cpp.so
[0.389s] -- Up-to-date: /home/tasl/autoware.universe-carla-ros-bridge/install/autoware_auto_vehicle_msgs/lib/libautoware_auto_vehicle_msgs__rosidl_typesupport_cpp.so
[0.390s] -- Up-to-date: /home/tasl/autoware.universe-carla-ros-bridge/install/autoware_auto_vehicle_msgs/share/autoware_auto_vehicle_msgs/environment/pythonpath.sh
[0.391s] -- Up-to-date: /home/tasl/autoware.universe-carla-ros-bridge/install/autoware_auto_vehicle_msgs/share/autoware_auto_vehicle_msgs/environment/pythonpath.dsv
[0.391s] -- Up-to-date: /home/tasl/autoware.universe-carla-ros-bridge/install/autoware_auto_vehicle_msgs/lib/python3.8/site-packages/autoware_auto_vehicle_msgs/__init__.py
[0.426s] -- Up-to-date: /home/tasl/autoware.universe-carla-ros-bridge/install/autoware_auto_vehicle_msgs/lib/python3.8/site-packages/autoware_auto_vehicle_msgs/msg
[0.426s] -- Up-to-date: /home/tasl/autoware.universe-carla-ros-bridge/install/autoware_auto_vehicle_msgs/lib/python3.8/site-packages/autoware_auto_vehicle_msgs/msg/_steering_report_s.c
[0.426s] -- Up-to-date: /home/tasl/autoware.universe-carla-ros-bridge/install/autoware_auto_vehicle_msgs/lib/python3.8/site-packages/autoware_auto_vehicle_msgs/msg/_velocity_report_s.c
[0.426s] -- Up-to-date: /home/tasl/autoware.universe-carla-ros-bridge/install/autoware_auto_vehicle_msgs/lib/python3.8/site-packages/autoware_auto_vehicle_msgs/msg/__init__.py
[0.426s] -- Up-to-date: /home/tasl/autoware.universe-carla-ros-bridge/install/autoware_auto_vehicle_msgs/lib/python3.8/site-packages/autoware_auto_vehicle_msgs/msg/_steering_report.py
[0.426s] -- Up-to-date: /home/tasl/autoware.universe-carla-ros-bridge/install/autoware_auto_vehicle_msgs/lib/python3.8/site-packages/autoware_auto_vehicle_msgs/msg/_velocity_report.py
[0.426s] -- Up-to-date: /home/tasl/autoware.universe-carla-ros-bridge/install/autoware_auto_vehicle_msgs/lib/python3.8/site-packages/autoware_auto_vehicle_msgs/autoware_auto_vehicle_msgs_s__rosidl_typesupport_fastrtps_c.cpython-38-x86_64-linux-gnu.so
[0.427s] -- Up-to-date: /home/tasl/autoware.universe-carla-ros-bridge/install/autoware_auto_vehicle_msgs/lib/python3.8/site-packages/autoware_auto_vehicle_msgs/autoware_auto_vehicle_msgs_s__rosidl_typesupport_introspection_c.cpython-38-x86_64-linux-gnu.so
[0.427s] -- Up-to-date: /home/tasl/autoware.universe-carla-ros-bridge/install/autoware_auto_vehicle_msgs/lib/python3.8/site-packages/autoware_auto_vehicle_msgs/autoware_auto_vehicle_msgs_s__rosidl_typesupport_c.cpython-38-x86_64-linux-gnu.so
[0.428s] -- Up-to-date: /home/tasl/autoware.universe-carla-ros-bridge/install/autoware_auto_vehicle_msgs/lib/libautoware_auto_vehicle_msgs__python.so
[0.428s] -- Up-to-date: /home/tasl/autoware.universe-carla-ros-bridge/install/autoware_auto_vehicle_msgs/share/ament_index/resource_index/package_run_dependencies/autoware_auto_vehicle_msgs
[0.428s] -- Up-to-date: /home/tasl/autoware.universe-carla-ros-bridge/install/autoware_auto_vehicle_msgs/share/ament_index/resource_index/parent_prefix_path/autoware_auto_vehicle_msgs
[0.429s] -- Up-to-date: /home/tasl/autoware.universe-carla-ros-bridge/install/autoware_auto_vehicle_msgs/share/autoware_auto_vehicle_msgs/environment/ament_prefix_path.sh
[0.429s] -- Up-to-date: /home/tasl/autoware.universe-carla-ros-bridge/install/autoware_auto_vehicle_msgs/share/autoware_auto_vehicle_msgs/environment/ament_prefix_path.dsv
[0.429s] -- Up-to-date: /home/tasl/autoware.universe-carla-ros-bridge/install/autoware_auto_vehicle_msgs/share/autoware_auto_vehicle_msgs/environment/path.sh
[0.429s] -- Up-to-date: /home/tasl/autoware.universe-carla-ros-bridge/install/autoware_auto_vehicle_msgs/share/autoware_auto_vehicle_msgs/environment/path.dsv
[0.429s] -- Up-to-date: /home/tasl/autoware.universe-carla-ros-bridge/install/autoware_auto_vehicle_msgs/share/autoware_auto_vehicle_msgs/local_setup.bash
[0.429s] -- Up-to-date: /home/tasl/autoware.universe-carla-ros-bridge/install/autoware_auto_vehicle_msgs/share/autoware_auto_vehicle_msgs/local_setup.sh
[0.429s] -- Up-to-date: /home/tasl/autoware.universe-carla-ros-bridge/install/autoware_auto_vehicle_msgs/share/autoware_auto_vehicle_msgs/local_setup.zsh
[0.430s] -- Up-to-date: /home/tasl/autoware.universe-carla-ros-bridge/install/autoware_auto_vehicle_msgs/share/autoware_auto_vehicle_msgs/local_setup.dsv
[0.430s] -- Installing: /home/tasl/autoware.universe-carla-ros-bridge/install/autoware_auto_vehicle_msgs/share/autoware_auto_vehicle_msgs/package.dsv
[0.430s] -- Up-to-date: /home/tasl/autoware.universe-carla-ros-bridge/install/autoware_auto_vehicle_msgs/share/ament_index/resource_index/packages/autoware_auto_vehicle_msgs
[0.430s] -- Up-to-date: /home/tasl/autoware.universe-carla-ros-bridge/install/autoware_auto_vehicle_msgs/share/autoware_auto_vehicle_msgs/cmake/autoware_auto_vehicle_msgs__rosidl_generator_cExport.cmake
[0.430s] -- Up-to-date: /home/tasl/autoware.universe-carla-ros-bridge/install/autoware_auto_vehicle_msgs/share/autoware_auto_vehicle_msgs/cmake/autoware_auto_vehicle_msgs__rosidl_generator_cExport-noconfig.cmake
[0.430s] -- Up-to-date: /home/tasl/autoware.universe-carla-ros-bridge/install/autoware_auto_vehicle_msgs/share/autoware_auto_vehicle_msgs/cmake/autoware_auto_vehicle_msgs__rosidl_typesupport_introspection_cExport.cmake
[0.431s] -- Up-to-date: /home/tasl/autoware.universe-carla-ros-bridge/install/autoware_auto_vehicle_msgs/share/autoware_auto_vehicle_msgs/cmake/autoware_auto_vehicle_msgs__rosidl_typesupport_introspection_cExport-noconfig.cmake
[0.431s] -- Up-to-date: /home/tasl/autoware.universe-carla-ros-bridge/install/autoware_auto_vehicle_msgs/share/autoware_auto_vehicle_msgs/cmake/autoware_auto_vehicle_msgs__rosidl_typesupport_cExport.cmake
[0.431s] -- Up-to-date: /home/tasl/autoware.universe-carla-ros-bridge/install/autoware_auto_vehicle_msgs/share/autoware_auto_vehicle_msgs/cmake/autoware_auto_vehicle_msgs__rosidl_typesupport_cExport-noconfig.cmake
[0.431s] -- Up-to-date: /home/tasl/autoware.universe-carla-ros-bridge/install/autoware_auto_vehicle_msgs/share/autoware_auto_vehicle_msgs/cmake/autoware_auto_vehicle_msgs__rosidl_generator_cppExport.cmake
[0.431s] -- Up-to-date: /home/tasl/autoware.universe-carla-ros-bridge/install/autoware_auto_vehicle_msgs/share/autoware_auto_vehicle_msgs/cmake/autoware_auto_vehicle_msgs__rosidl_typesupport_introspection_cppExport.cmake
[0.431s] -- Up-to-date: /home/tasl/autoware.universe-carla-ros-bridge/install/autoware_auto_vehicle_msgs/share/autoware_auto_vehicle_msgs/cmake/autoware_auto_vehicle_msgs__rosidl_typesupport_introspection_cppExport-noconfig.cmake
[0.431s] -- Up-to-date: /home/tasl/autoware.universe-carla-ros-bridge/install/autoware_auto_vehicle_msgs/share/autoware_auto_vehicle_msgs/cmake/autoware_auto_vehicle_msgs__rosidl_typesupport_cppExport.cmake
[0.431s] -- Up-to-date: /home/tasl/autoware.universe-carla-ros-bridge/install/autoware_auto_vehicle_msgs/share/autoware_auto_vehicle_msgs/cmake/autoware_auto_vehicle_msgs__rosidl_typesupport_cppExport-noconfig.cmake
[0.432s] -- Up-to-date: /home/tasl/autoware.universe-carla-ros-bridge/install/autoware_auto_vehicle_msgs/share/autoware_auto_vehicle_msgs/cmake/rosidl_cmake-extras.cmake
[0.432s] -- Up-to-date: /home/tasl/autoware.universe-carla-ros-bridge/install/autoware_auto_vehicle_msgs/share/autoware_auto_vehicle_msgs/cmake/ament_cmake_export_dependencies-extras.cmake
[0.432s] -- Up-to-date: /home/tasl/autoware.universe-carla-ros-bridge/install/autoware_auto_vehicle_msgs/share/autoware_auto_vehicle_msgs/cmake/ament_cmake_export_libraries-extras.cmake
[0.432s] -- Up-to-date: /home/tasl/autoware.universe-carla-ros-bridge/install/autoware_auto_vehicle_msgs/share/autoware_auto_vehicle_msgs/cmake/ament_cmake_export_targets-extras.cmake
[0.432s] -- Up-to-date: /home/tasl/autoware.universe-carla-ros-bridge/install/autoware_auto_vehicle_msgs/share/autoware_auto_vehicle_msgs/cmake/ament_cmake_export_include_directories-extras.cmake
[0.432s] -- Up-to-date: /home/tasl/autoware.universe-carla-ros-bridge/install/autoware_auto_vehicle_msgs/share/autoware_auto_vehicle_msgs/cmake/rosidl_cmake_export_typesupport_libraries-extras.cmake
[0.432s] -- Up-to-date: /home/tasl/autoware.universe-carla-ros-bridge/install/autoware_auto_vehicle_msgs/share/autoware_auto_vehicle_msgs/cmake/rosidl_cmake_export_typesupport_targets-extras.cmake
[0.432s] -- Up-to-date: /home/tasl/autoware.universe-carla-ros-bridge/install/autoware_auto_vehicle_msgs/share/autoware_auto_vehicle_msgs/cmake/autoware_auto_vehicle_msgsConfig.cmake
[0.432s] -- Up-to-date: /home/tasl/autoware.universe-carla-ros-bridge/install/autoware_auto_vehicle_msgs/share/autoware_auto_vehicle_msgs/cmake/autoware_auto_vehicle_msgsConfig-version.cmake
[0.435s] Invoked command in '/home/tasl/autoware.universe-carla-ros-bridge/build/autoware_auto_vehicle_msgs' returned '0': CMAKE_PREFIX_PATH=/opt/ros/galactic:${CMAKE_PREFIX_PATH} /usr/bin/cmake --install /home/tasl/autoware.universe-carla-ros-bridge/build/autoware_auto_vehicle_msgs
