[0.274s] DEBUG:colcon:Command line arguments: ['/usr/bin/colcon', 'build']
[0.274s] DEBUG:colcon:Parsed command line arguments: Namespace(allow_overriding=[], ament_cmake_args=None, base_paths=['.'], build_base='build', catkin_cmake_args=None, catkin_skip_building_tests=False, cmake_args=None, cmake_clean_cache=False, cmake_clean_first=False, cmake_force_configure=False, cmake_target=None, cmake_target_skip_unavailable=False, continue_on_error=False, event_handlers=None, executor='parallel', ignore_user_meta=False, install_base='install', log_base=None, log_level=None, main=<bound method BuildVerb.main of <colcon_core.verb.build.BuildVerb object at 0x7f8e547d89d0>>, merge_install=False, metas=['./colcon.meta'], packages_above=None, packages_above_and_dependencies=None, packages_above_depth=None, packages_end=None, packages_ignore=None, packages_ignore_regex=None, packages_select=None, packages_select_build_failed=False, packages_select_by_dep=None, packages_select_regex=None, packages_select_test_failures=False, packages_skip=None, packages_skip_build_finished=False, packages_skip_by_dep=None, packages_skip_regex=None, packages_skip_test_passed=False, packages_skip_up_to=None, packages_start=None, packages_up_to=None, packages_up_to_regex=None, parallel_workers=16, paths=None, symlink_install=False, test_result_base=None, verb_extension=<colcon_core.verb.build.BuildVerb object at 0x7f8e547d89d0>, verb_name='build', verb_parser=<colcon_defaults.argument_parser.defaults.DefaultArgumentsDecorator object at 0x7f8e54021910>)
[0.304s] Level 1:colcon.colcon_core.package_discovery:discover_packages(colcon_meta) check parameters
[0.304s] Level 1:colcon.colcon_core.package_discovery:discover_packages(recursive) check parameters
[0.304s] Level 1:colcon.colcon_core.package_discovery:discover_packages(ignore) check parameters
[0.304s] Level 1:colcon.colcon_core.package_discovery:discover_packages(path) check parameters
[0.304s] Level 1:colcon.colcon_core.package_discovery:discover_packages(colcon_meta) discover
[0.304s] Level 1:colcon.colcon_core.package_discovery:discover_packages(recursive) discover
[0.304s] INFO:colcon.colcon_core.package_discovery:Crawling recursively for packages in '/home/tasl/autoware.universe-carla-ros-bridge'
[0.304s] Level 1:colcon.colcon_core.package_identification:_identify(.) by extensions ['ignore', 'ignore_ament_install']
[0.304s] Level 1:colcon.colcon_core.package_identification:_identify(.) by extension 'ignore'
[0.304s] Level 1:colcon.colcon_core.package_identification:_identify(.) by extension 'ignore_ament_install'
[0.304s] Level 1:colcon.colcon_core.package_identification:_identify(.) by extensions ['colcon_pkg']
[0.304s] Level 1:colcon.colcon_core.package_identification:_identify(.) by extension 'colcon_pkg'
[0.304s] Level 1:colcon.colcon_core.package_identification:_identify(.) by extensions ['colcon_meta']
[0.304s] Level 1:colcon.colcon_core.package_identification:_identify(.) by extension 'colcon_meta'
[0.304s] Level 1:colcon.colcon_core.package_identification:_identify(.) by extensions ['ros']
[0.304s] Level 1:colcon.colcon_core.package_identification:_identify(.) by extension 'ros'
[0.314s] Level 1:colcon.colcon_core.package_identification:_identify(.) by extensions ['cmake', 'python']
[0.314s] Level 1:colcon.colcon_core.package_identification:_identify(.) by extension 'cmake'
[0.314s] Level 1:colcon.colcon_core.package_identification:_identify(.) by extension 'python'
[0.314s] Level 1:colcon.colcon_core.package_identification:_identify(.) by extensions ['python_setup_py']
[0.314s] Level 1:colcon.colcon_core.package_identification:_identify(.) by extension 'python_setup_py'
[0.314s] Level 1:colcon.colcon_core.package_identification:_identify(autoware_auto_control_msgs) by extensions ['ignore', 'ignore_ament_install']
[0.314s] Level 1:colcon.colcon_core.package_identification:_identify(autoware_auto_control_msgs) by extension 'ignore'
[0.314s] Level 1:colcon.colcon_core.package_identification:_identify(autoware_auto_control_msgs) by extension 'ignore_ament_install'
[0.314s] Level 1:colcon.colcon_core.package_identification:_identify(autoware_auto_control_msgs) by extensions ['colcon_pkg']
[0.314s] Level 1:colcon.colcon_core.package_identification:_identify(autoware_auto_control_msgs) by extension 'colcon_pkg'
[0.314s] Level 1:colcon.colcon_core.package_identification:_identify(autoware_auto_control_msgs) by extensions ['colcon_meta']
[0.314s] Level 1:colcon.colcon_core.package_identification:_identify(autoware_auto_control_msgs) by extension 'colcon_meta'
[0.314s] Level 1:colcon.colcon_core.package_identification:_identify(autoware_auto_control_msgs) by extensions ['ros']
[0.314s] Level 1:colcon.colcon_core.package_identification:_identify(autoware_auto_control_msgs) by extension 'ros'
[0.316s] DEBUG:colcon.colcon_core.package_identification:Package 'autoware_auto_control_msgs' with type 'ros.ament_cmake' and name 'autoware_auto_control_msgs'
[0.316s] Level 1:colcon.colcon_core.package_identification:_identify(autoware_auto_vehicle_msgs) by extensions ['ignore', 'ignore_ament_install']
[0.316s] Level 1:colcon.colcon_core.package_identification:_identify(autoware_auto_vehicle_msgs) by extension 'ignore'
[0.316s] Level 1:colcon.colcon_core.package_identification:_identify(autoware_auto_vehicle_msgs) by extension 'ignore_ament_install'
[0.317s] Level 1:colcon.colcon_core.package_identification:_identify(autoware_auto_vehicle_msgs) by extensions ['colcon_pkg']
[0.317s] Level 1:colcon.colcon_core.package_identification:_identify(autoware_auto_vehicle_msgs) by extension 'colcon_pkg'
[0.317s] Level 1:colcon.colcon_core.package_identification:_identify(autoware_auto_vehicle_msgs) by extensions ['colcon_meta']
[0.317s] Level 1:colcon.colcon_core.package_identification:_identify(autoware_auto_vehicle_msgs) by extension 'colcon_meta'
[0.317s] Level 1:colcon.colcon_core.package_identification:_identify(autoware_auto_vehicle_msgs) by extensions ['ros']
[0.317s] Level 1:colcon.colcon_core.package_identification:_identify(autoware_auto_vehicle_msgs) by extension 'ros'
[0.317s] DEBUG:colcon.colcon_core.package_identification:Package 'autoware_auto_vehicle_msgs' with type 'ros.ament_cmake' and name 'autoware_auto_vehicle_msgs'
[0.317s] Level 1:colcon.colcon_core.package_identification:_identify(autoware_ros_bridge_carla) by extensions ['ignore', 'ignore_ament_install']
[0.317s] Level 1:colcon.colcon_core.package_identification:_identify(autoware_ros_bridge_carla) by extension 'ignore'
[0.317s] Level 1:colcon.colcon_core.package_identification:_identify(autoware_ros_bridge_carla) by extension 'ignore_ament_install'
[0.317s] Level 1:colcon.colcon_core.package_identification:_identify(autoware_ros_bridge_carla) by extensions ['colcon_pkg']
[0.317s] Level 1:colcon.colcon_core.package_identification:_identify(autoware_ros_bridge_carla) by extension 'colcon_pkg'
[0.317s] Level 1:colcon.colcon_core.package_identification:_identify(autoware_ros_bridge_carla) by extensions ['colcon_meta']
[0.317s] Level 1:colcon.colcon_core.package_identification:_identify(autoware_ros_bridge_carla) by extension 'colcon_meta'
[0.318s] Level 1:colcon.colcon_core.package_identification:_identify(autoware_ros_bridge_carla) by extensions ['ros']
[0.318s] Level 1:colcon.colcon_core.package_identification:_identify(autoware_ros_bridge_carla) by extension 'ros'
[0.318s] DEBUG:colcon.colcon_core.package_identification:Package 'autoware_ros_bridge_carla' with type 'ros.ament_cmake' and name 'autoware_ros_bridge_carla'
[0.318s] Level 1:colcon.colcon_core.package_identification:_identify(build) by extensions ['ignore', 'ignore_ament_install']
[0.318s] Level 1:colcon.colcon_core.package_identification:_identify(build) by extension 'ignore'
[0.318s] Level 1:colcon.colcon_core.package_identification:_identify(build) ignored
[0.318s] Level 1:colcon.colcon_core.package_identification:_identify(carla_msgs) by extensions ['ignore', 'ignore_ament_install']
[0.318s] Level 1:colcon.colcon_core.package_identification:_identify(carla_msgs) by extension 'ignore'
[0.319s] Level 1:colcon.colcon_core.package_identification:_identify(carla_msgs) by extension 'ignore_ament_install'
[0.319s] Level 1:colcon.colcon_core.package_identification:_identify(carla_msgs) by extensions ['colcon_pkg']
[0.319s] Level 1:colcon.colcon_core.package_identification:_identify(carla_msgs) by extension 'colcon_pkg'
[0.319s] Level 1:colcon.colcon_core.package_identification:_identify(carla_msgs) by extensions ['colcon_meta']
[0.319s] Level 1:colcon.colcon_core.package_identification:_identify(carla_msgs) by extension 'colcon_meta'
[0.319s] Level 1:colcon.colcon_core.package_identification:_identify(carla_msgs) by extensions ['ros']
[0.319s] Level 1:colcon.colcon_core.package_identification:_identify(carla_msgs) by extension 'ros'
[0.323s] DEBUG:colcon.colcon_core.package_identification:Package 'carla_msgs' with type 'ros.ament_cmake' and name 'carla_msgs'
[0.323s] Level 1:colcon.colcon_core.package_identification:_identify(install) by extensions ['ignore', 'ignore_ament_install']
[0.323s] Level 1:colcon.colcon_core.package_identification:_identify(install) by extension 'ignore'
[0.323s] Level 1:colcon.colcon_core.package_identification:_identify(install) ignored
[0.323s] Level 1:colcon.colcon_core.package_identification:_identify(log) by extensions ['ignore', 'ignore_ament_install']
[0.323s] Level 1:colcon.colcon_core.package_identification:_identify(log) by extension 'ignore'
[0.323s] Level 1:colcon.colcon_core.package_identification:_identify(log) ignored
[0.323s] Level 1:colcon.colcon_core.package_discovery:discover_packages(recursive) using defaults
[0.323s] Level 1:colcon.colcon_core.package_discovery:discover_packages(ignore) discover
[0.323s] Level 1:colcon.colcon_core.package_discovery:discover_packages(ignore) using defaults
[0.323s] Level 1:colcon.colcon_core.package_discovery:discover_packages(path) discover
[0.323s] Level 1:colcon.colcon_core.package_discovery:discover_packages(path) using defaults
[0.341s] Level 1:colcon.colcon_core.package_discovery:discover_packages(prefix_path) check parameters
[0.341s] Level 1:colcon.colcon_core.package_discovery:discover_packages(prefix_path) discover
[0.344s] DEBUG:colcon.colcon_installed_package_information.package_discovery:Found 4 installed packages in /home/tasl/autoware.universe-carla-ros-bridge/install
[0.346s] DEBUG:colcon.colcon_installed_package_information.package_discovery:Found 332 installed packages in /opt/ros/galactic
[0.347s] Level 1:colcon.colcon_core.package_discovery:discover_packages(prefix_path) using defaults
[0.410s] Level 5:colcon.colcon_core.verb:set package 'autoware_auto_control_msgs' build argument 'cmake_args' from command line to 'None'
[0.410s] Level 5:colcon.colcon_core.verb:set package 'autoware_auto_control_msgs' build argument 'cmake_target' from command line to 'None'
[0.410s] Level 5:colcon.colcon_core.verb:set package 'autoware_auto_control_msgs' build argument 'cmake_target_skip_unavailable' from command line to 'False'
[0.410s] Level 5:colcon.colcon_core.verb:set package 'autoware_auto_control_msgs' build argument 'cmake_clean_cache' from command line to 'False'
[0.410s] Level 5:colcon.colcon_core.verb:set package 'autoware_auto_control_msgs' build argument 'cmake_clean_first' from command line to 'False'
[0.410s] Level 5:colcon.colcon_core.verb:set package 'autoware_auto_control_msgs' build argument 'cmake_force_configure' from command line to 'False'
[0.410s] Level 5:colcon.colcon_core.verb:set package 'autoware_auto_control_msgs' build argument 'ament_cmake_args' from command line to 'None'
[0.410s] Level 5:colcon.colcon_core.verb:set package 'autoware_auto_control_msgs' build argument 'catkin_cmake_args' from command line to 'None'
[0.410s] Level 5:colcon.colcon_core.verb:set package 'autoware_auto_control_msgs' build argument 'catkin_skip_building_tests' from command line to 'False'
[0.410s] DEBUG:colcon.colcon_core.verb:Building package 'autoware_auto_control_msgs' with the following arguments: {'ament_cmake_args': None, 'build_base': '/home/tasl/autoware.universe-carla-ros-bridge/build/autoware_auto_control_msgs', 'catkin_cmake_args': None, 'catkin_skip_building_tests': False, 'cmake_args': None, 'cmake_clean_cache': False, 'cmake_clean_first': False, 'cmake_force_configure': False, 'cmake_target': None, 'cmake_target_skip_unavailable': False, 'install_base': '/home/tasl/autoware.universe-carla-ros-bridge/install/autoware_auto_control_msgs', 'merge_install': False, 'path': '/home/tasl/autoware.universe-carla-ros-bridge/autoware_auto_control_msgs', 'symlink_install': False, 'test_result_base': None}
[0.411s] Level 5:colcon.colcon_core.verb:set package 'autoware_auto_vehicle_msgs' build argument 'cmake_args' from command line to 'None'
[0.412s] Level 5:colcon.colcon_core.verb:set package 'autoware_auto_vehicle_msgs' build argument 'cmake_target' from command line to 'None'
[0.412s] Level 5:colcon.colcon_core.verb:set package 'autoware_auto_vehicle_msgs' build argument 'cmake_target_skip_unavailable' from command line to 'False'
[0.412s] Level 5:colcon.colcon_core.verb:set package 'autoware_auto_vehicle_msgs' build argument 'cmake_clean_cache' from command line to 'False'
[0.412s] Level 5:colcon.colcon_core.verb:set package 'autoware_auto_vehicle_msgs' build argument 'cmake_clean_first' from command line to 'False'
[0.412s] Level 5:colcon.colcon_core.verb:set package 'autoware_auto_vehicle_msgs' build argument 'cmake_force_configure' from command line to 'False'
[0.412s] Level 5:colcon.colcon_core.verb:set package 'autoware_auto_vehicle_msgs' build argument 'ament_cmake_args' from command line to 'None'
[0.412s] Level 5:colcon.colcon_core.verb:set package 'autoware_auto_vehicle_msgs' build argument 'catkin_cmake_args' from command line to 'None'
[0.412s] Level 5:colcon.colcon_core.verb:set package 'autoware_auto_vehicle_msgs' build argument 'catkin_skip_building_tests' from command line to 'False'
[0.412s] DEBUG:colcon.colcon_core.verb:Building package 'autoware_auto_vehicle_msgs' with the following arguments: {'ament_cmake_args': None, 'build_base': '/home/tasl/autoware.universe-carla-ros-bridge/build/autoware_auto_vehicle_msgs', 'catkin_cmake_args': None, 'catkin_skip_building_tests': False, 'cmake_args': None, 'cmake_clean_cache': False, 'cmake_clean_first': False, 'cmake_force_configure': False, 'cmake_target': None, 'cmake_target_skip_unavailable': False, 'install_base': '/home/tasl/autoware.universe-carla-ros-bridge/install/autoware_auto_vehicle_msgs', 'merge_install': False, 'path': '/home/tasl/autoware.universe-carla-ros-bridge/autoware_auto_vehicle_msgs', 'symlink_install': False, 'test_result_base': None}
[0.413s] Level 5:colcon.colcon_core.verb:set package 'carla_msgs' build argument 'cmake_args' from command line to 'None'
[0.413s] Level 5:colcon.colcon_core.verb:set package 'carla_msgs' build argument 'cmake_target' from command line to 'None'
[0.413s] Level 5:colcon.colcon_core.verb:set package 'carla_msgs' build argument 'cmake_target_skip_unavailable' from command line to 'False'
[0.413s] Level 5:colcon.colcon_core.verb:set package 'carla_msgs' build argument 'cmake_clean_cache' from command line to 'False'
[0.413s] Level 5:colcon.colcon_core.verb:set package 'carla_msgs' build argument 'cmake_clean_first' from command line to 'False'
[0.413s] Level 5:colcon.colcon_core.verb:set package 'carla_msgs' build argument 'cmake_force_configure' from command line to 'False'
[0.413s] Level 5:colcon.colcon_core.verb:set package 'carla_msgs' build argument 'ament_cmake_args' from command line to 'None'
[0.413s] Level 5:colcon.colcon_core.verb:set package 'carla_msgs' build argument 'catkin_cmake_args' from command line to 'None'
[0.413s] Level 5:colcon.colcon_core.verb:set package 'carla_msgs' build argument 'catkin_skip_building_tests' from command line to 'False'
[0.413s] DEBUG:colcon.colcon_core.verb:Building package 'carla_msgs' with the following arguments: {'ament_cmake_args': None, 'build_base': '/home/tasl/autoware.universe-carla-ros-bridge/build/carla_msgs', 'catkin_cmake_args': None, 'catkin_skip_building_tests': False, 'cmake_args': None, 'cmake_clean_cache': False, 'cmake_clean_first': False, 'cmake_force_configure': False, 'cmake_target': None, 'cmake_target_skip_unavailable': False, 'install_base': '/home/tasl/autoware.universe-carla-ros-bridge/install/carla_msgs', 'merge_install': False, 'path': '/home/tasl/autoware.universe-carla-ros-bridge/carla_msgs', 'symlink_install': False, 'test_result_base': None}
[0.414s] Level 5:colcon.colcon_core.verb:set package 'autoware_ros_bridge_carla' build argument 'cmake_args' from command line to 'None'
[0.414s] Level 5:colcon.colcon_core.verb:set package 'autoware_ros_bridge_carla' build argument 'cmake_target' from command line to 'None'
[0.414s] Level 5:colcon.colcon_core.verb:set package 'autoware_ros_bridge_carla' build argument 'cmake_target_skip_unavailable' from command line to 'False'
[0.414s] Level 5:colcon.colcon_core.verb:set package 'autoware_ros_bridge_carla' build argument 'cmake_clean_cache' from command line to 'False'
[0.414s] Level 5:colcon.colcon_core.verb:set package 'autoware_ros_bridge_carla' build argument 'cmake_clean_first' from command line to 'False'
[0.414s] Level 5:colcon.colcon_core.verb:set package 'autoware_ros_bridge_carla' build argument 'cmake_force_configure' from command line to 'False'
[0.414s] Level 5:colcon.colcon_core.verb:set package 'autoware_ros_bridge_carla' build argument 'ament_cmake_args' from command line to 'None'
[0.414s] Level 5:colcon.colcon_core.verb:set package 'autoware_ros_bridge_carla' build argument 'catkin_cmake_args' from command line to 'None'
[0.414s] Level 5:colcon.colcon_core.verb:set package 'autoware_ros_bridge_carla' build argument 'catkin_skip_building_tests' from command line to 'False'
[0.414s] DEBUG:colcon.colcon_core.verb:Building package 'autoware_ros_bridge_carla' with the following arguments: {'ament_cmake_args': None, 'build_base': '/home/tasl/autoware.universe-carla-ros-bridge/build/autoware_ros_bridge_carla', 'catkin_cmake_args': None, 'catkin_skip_building_tests': False, 'cmake_args': None, 'cmake_clean_cache': False, 'cmake_clean_first': False, 'cmake_force_configure': False, 'cmake_target': None, 'cmake_target_skip_unavailable': False, 'install_base': '/home/tasl/autoware.universe-carla-ros-bridge/install/autoware_ros_bridge_carla', 'merge_install': False, 'path': '/home/tasl/autoware.universe-carla-ros-bridge/autoware_ros_bridge_carla', 'symlink_install': False, 'test_result_base': None}
[0.415s] INFO:colcon.colcon_core.executor:Executing jobs using 'parallel' executor
[0.422s] DEBUG:colcon.colcon_parallel_executor.executor.parallel:run_until_complete
[0.422s] INFO:colcon.colcon_ros.task.ament_cmake.build:Building ROS package in '/home/tasl/autoware.universe-carla-ros-bridge/autoware_auto_control_msgs' with build type 'ament_cmake'
[0.422s] INFO:colcon.colcon_cmake.task.cmake.build:Building CMake package in '/home/tasl/autoware.universe-carla-ros-bridge/autoware_auto_control_msgs'
[0.426s] INFO:colcon.colcon_core.plugin_system:Skipping extension 'colcon_core.shell.bat': Not used on non-Windows systems
[0.427s] INFO:colcon.colcon_core.shell:Skip shell extension 'powershell' for command environment: Not usable outside of PowerShell
[0.427s] DEBUG:colcon.colcon_core.shell:Skip shell extension 'dsv' for command environment
[0.432s] INFO:colcon.colcon_ros.task.ament_cmake.build:Building ROS package in '/home/tasl/autoware.universe-carla-ros-bridge/autoware_auto_vehicle_msgs' with build type 'ament_cmake'
[0.432s] INFO:colcon.colcon_cmake.task.cmake.build:Building CMake package in '/home/tasl/autoware.universe-carla-ros-bridge/autoware_auto_vehicle_msgs'
[0.436s] INFO:colcon.colcon_core.shell:Skip shell extension 'powershell' for command environment: Not usable outside of PowerShell
[0.436s] DEBUG:colcon.colcon_core.shell:Skip shell extension 'dsv' for command environment
[0.441s] INFO:colcon.colcon_ros.task.ament_cmake.build:Building ROS package in '/home/tasl/autoware.universe-carla-ros-bridge/carla_msgs' with build type 'ament_cmake'
[0.442s] INFO:colcon.colcon_cmake.task.cmake.build:Building CMake package in '/home/tasl/autoware.universe-carla-ros-bridge/carla_msgs'
[0.444s] INFO:colcon.colcon_core.shell:Skip shell extension 'powershell' for command environment: Not usable outside of PowerShell
[0.444s] DEBUG:colcon.colcon_core.shell:Skip shell extension 'dsv' for command environment
[0.456s] DEBUG:colcon.colcon_core.event_handler.log_command:Invoking command in '/home/tasl/autoware.universe-carla-ros-bridge/build/autoware_auto_control_msgs': CMAKE_PREFIX_PATH=${CMAKE_PREFIX_PATH}:/opt/ros/galactic /usr/bin/cmake --build /home/tasl/autoware.universe-carla-ros-bridge/build/autoware_auto_control_msgs -- -j16 -l16
[0.460s] DEBUG:colcon.colcon_core.event_handler.log_command:Invoking command in '/home/tasl/autoware.universe-carla-ros-bridge/build/autoware_auto_vehicle_msgs': CMAKE_PREFIX_PATH=${CMAKE_PREFIX_PATH}:/opt/ros/galactic /usr/bin/cmake --build /home/tasl/autoware.universe-carla-ros-bridge/build/autoware_auto_vehicle_msgs -- -j16 -l16
[0.463s] DEBUG:colcon.colcon_core.event_handler.log_command:Invoking command in '/home/tasl/autoware.universe-carla-ros-bridge/build/carla_msgs': CMAKE_PREFIX_PATH=${CMAKE_PREFIX_PATH}:/opt/ros/galactic /usr/bin/cmake --build /home/tasl/autoware.universe-carla-ros-bridge/build/carla_msgs -- -j16 -l16
[0.612s] DEBUG:colcon.colcon_core.event_handler.log_command:Invoked command in '/home/tasl/autoware.universe-carla-ros-bridge/build/autoware_auto_control_msgs' returned '0': CMAKE_PREFIX_PATH=${CMAKE_PREFIX_PATH}:/opt/ros/galactic /usr/bin/cmake --build /home/tasl/autoware.universe-carla-ros-bridge/build/autoware_auto_control_msgs -- -j16 -l16
[0.614s] DEBUG:colcon.colcon_core.event_handler.log_command:Invoked command in '/home/tasl/autoware.universe-carla-ros-bridge/build/autoware_auto_vehicle_msgs' returned '0': CMAKE_PREFIX_PATH=${CMAKE_PREFIX_PATH}:/opt/ros/galactic /usr/bin/cmake --build /home/tasl/autoware.universe-carla-ros-bridge/build/autoware_auto_vehicle_msgs -- -j16 -l16
[0.654s] DEBUG:colcon.colcon_core.event_handler.log_command:Invoked command in '/home/tasl/autoware.universe-carla-ros-bridge/build/carla_msgs' returned '0': CMAKE_PREFIX_PATH=${CMAKE_PREFIX_PATH}:/opt/ros/galactic /usr/bin/cmake --build /home/tasl/autoware.universe-carla-ros-bridge/build/carla_msgs -- -j16 -l16
[0.665s] DEBUG:colcon.colcon_core.event_handler.log_command:Invoking command in '/home/tasl/autoware.universe-carla-ros-bridge/build/autoware_auto_vehicle_msgs': CMAKE_PREFIX_PATH=${CMAKE_PREFIX_PATH}:/opt/ros/galactic /usr/bin/cmake --install /home/tasl/autoware.universe-carla-ros-bridge/build/autoware_auto_vehicle_msgs
[0.671s] DEBUG:colcon.colcon_core.event_handler.log_command:Invoking command in '/home/tasl/autoware.universe-carla-ros-bridge/build/autoware_auto_control_msgs': CMAKE_PREFIX_PATH=${CMAKE_PREFIX_PATH}:/opt/ros/galactic /usr/bin/cmake --install /home/tasl/autoware.universe-carla-ros-bridge/build/autoware_auto_control_msgs
[0.705s] Level 1:colcon.colcon_core.environment:create_environment_scripts_only(autoware_auto_vehicle_msgs)
[0.706s] DEBUG:colcon.colcon_core.event_handler.log_command:Invoked command in '/home/tasl/autoware.universe-carla-ros-bridge/build/autoware_auto_vehicle_msgs' returned '0': CMAKE_PREFIX_PATH=${CMAKE_PREFIX_PATH}:/opt/ros/galactic /usr/bin/cmake --install /home/tasl/autoware.universe-carla-ros-bridge/build/autoware_auto_vehicle_msgs
[0.713s] Level 1:colcon.colcon_core.environment:checking '/home/tasl/autoware.universe-carla-ros-bridge/install/autoware_auto_vehicle_msgs' for CMake module files
[0.714s] Level 1:colcon.colcon_core.environment:checking '/home/tasl/autoware.universe-carla-ros-bridge/install/autoware_auto_vehicle_msgs' for CMake config files
[0.716s] Level 1:colcon.colcon_core.shell:create_environment_hook('autoware_auto_vehicle_msgs', 'cmake_prefix_path')
[0.718s] INFO:colcon.colcon_core.shell:Creating environment hook '/home/tasl/autoware.universe-carla-ros-bridge/install/autoware_auto_vehicle_msgs/share/autoware_auto_vehicle_msgs/hook/cmake_prefix_path.ps1'
[0.719s] INFO:colcon.colcon_core.shell:Creating environment descriptor '/home/tasl/autoware.universe-carla-ros-bridge/install/autoware_auto_vehicle_msgs/share/autoware_auto_vehicle_msgs/hook/cmake_prefix_path.dsv'
[0.719s] INFO:colcon.colcon_core.shell:Creating environment hook '/home/tasl/autoware.universe-carla-ros-bridge/install/autoware_auto_vehicle_msgs/share/autoware_auto_vehicle_msgs/hook/cmake_prefix_path.sh'
[0.720s] Level 1:colcon.colcon_core.environment:checking '/home/tasl/autoware.universe-carla-ros-bridge/install/autoware_auto_vehicle_msgs/lib'
[0.720s] Level 1:colcon.colcon_core.shell:create_environment_hook('autoware_auto_vehicle_msgs', 'ld_library_path_lib')
[0.723s] INFO:colcon.colcon_core.shell:Creating environment hook '/home/tasl/autoware.universe-carla-ros-bridge/install/autoware_auto_vehicle_msgs/share/autoware_auto_vehicle_msgs/hook/ld_library_path_lib.ps1'
[0.723s] INFO:colcon.colcon_core.shell:Creating environment descriptor '/home/tasl/autoware.universe-carla-ros-bridge/install/autoware_auto_vehicle_msgs/share/autoware_auto_vehicle_msgs/hook/ld_library_path_lib.dsv'
[0.723s] INFO:colcon.colcon_core.shell:Creating environment hook '/home/tasl/autoware.universe-carla-ros-bridge/install/autoware_auto_vehicle_msgs/share/autoware_auto_vehicle_msgs/hook/ld_library_path_lib.sh'
[0.724s] Level 1:colcon.colcon_core.environment:checking '/home/tasl/autoware.universe-carla-ros-bridge/install/autoware_auto_vehicle_msgs/bin'
[0.724s] Level 1:colcon.colcon_core.environment:checking '/home/tasl/autoware.universe-carla-ros-bridge/install/autoware_auto_vehicle_msgs/lib/pkgconfig/autoware_auto_vehicle_msgs.pc'
[0.724s] Level 1:colcon.colcon_core.environment:checking '/home/tasl/autoware.universe-carla-ros-bridge/install/autoware_auto_vehicle_msgs/lib/python3.8/site-packages'
[0.724s] Level 1:colcon.colcon_core.shell:create_environment_hook('autoware_auto_vehicle_msgs', 'pythonpath')
[0.726s] INFO:colcon.colcon_core.shell:Creating environment hook '/home/tasl/autoware.universe-carla-ros-bridge/install/autoware_auto_vehicle_msgs/share/autoware_auto_vehicle_msgs/hook/pythonpath.ps1'
[0.726s] INFO:colcon.colcon_core.shell:Creating environment descriptor '/home/tasl/autoware.universe-carla-ros-bridge/install/autoware_auto_vehicle_msgs/share/autoware_auto_vehicle_msgs/hook/pythonpath.dsv'
[0.727s] INFO:colcon.colcon_core.shell:Creating environment hook '/home/tasl/autoware.universe-carla-ros-bridge/install/autoware_auto_vehicle_msgs/share/autoware_auto_vehicle_msgs/hook/pythonpath.sh'
[0.727s] Level 1:colcon.colcon_core.environment:checking '/home/tasl/autoware.universe-carla-ros-bridge/install/autoware_auto_vehicle_msgs/bin'
[0.729s] INFO:colcon.colcon_core.shell:Creating package script '/home/tasl/autoware.universe-carla-ros-bridge/install/autoware_auto_vehicle_msgs/share/autoware_auto_vehicle_msgs/package.ps1'
[0.730s] INFO:colcon.colcon_core.shell:Creating package descriptor '/home/tasl/autoware.universe-carla-ros-bridge/install/autoware_auto_vehicle_msgs/share/autoware_auto_vehicle_msgs/package.dsv'
[0.730s] INFO:colcon.colcon_core.shell:Creating package script '/home/tasl/autoware.universe-carla-ros-bridge/install/autoware_auto_vehicle_msgs/share/autoware_auto_vehicle_msgs/package.sh'
[0.731s] INFO:colcon.colcon_core.shell:Creating package script '/home/tasl/autoware.universe-carla-ros-bridge/install/autoware_auto_vehicle_msgs/share/autoware_auto_vehicle_msgs/package.bash'
[0.731s] INFO:colcon.colcon_core.shell:Creating package script '/home/tasl/autoware.universe-carla-ros-bridge/install/autoware_auto_vehicle_msgs/share/autoware_auto_vehicle_msgs/package.zsh'
[0.732s] Level 1:colcon.colcon_core.environment:create_file_with_runtime_dependencies(/home/tasl/autoware.universe-carla-ros-bridge/install/autoware_auto_vehicle_msgs/share/colcon-core/packages/autoware_auto_vehicle_msgs)
[0.735s] Level 1:colcon.colcon_core.environment:create_environment_scripts_only(autoware_auto_control_msgs)
[0.738s] Level 1:colcon.colcon_core.environment:checking '/home/tasl/autoware.universe-carla-ros-bridge/install/autoware_auto_control_msgs' for CMake module files
[0.739s] DEBUG:colcon.colcon_core.event_handler.log_command:Invoked command in '/home/tasl/autoware.universe-carla-ros-bridge/build/autoware_auto_control_msgs' returned '0': CMAKE_PREFIX_PATH=${CMAKE_PREFIX_PATH}:/opt/ros/galactic /usr/bin/cmake --install /home/tasl/autoware.universe-carla-ros-bridge/build/autoware_auto_control_msgs
[0.740s] Level 1:colcon.colcon_core.environment:checking '/home/tasl/autoware.universe-carla-ros-bridge/install/autoware_auto_control_msgs' for CMake config files
[0.740s] Level 1:colcon.colcon_core.shell:create_environment_hook('autoware_auto_control_msgs', 'cmake_prefix_path')
[0.742s] INFO:colcon.colcon_core.shell:Creating environment hook '/home/tasl/autoware.universe-carla-ros-bridge/install/autoware_auto_control_msgs/share/autoware_auto_control_msgs/hook/cmake_prefix_path.ps1'
[0.743s] INFO:colcon.colcon_core.shell:Creating environment descriptor '/home/tasl/autoware.universe-carla-ros-bridge/install/autoware_auto_control_msgs/share/autoware_auto_control_msgs/hook/cmake_prefix_path.dsv'
[0.743s] INFO:colcon.colcon_core.shell:Creating environment hook '/home/tasl/autoware.universe-carla-ros-bridge/install/autoware_auto_control_msgs/share/autoware_auto_control_msgs/hook/cmake_prefix_path.sh'
[0.743s] Level 1:colcon.colcon_core.environment:checking '/home/tasl/autoware.universe-carla-ros-bridge/install/autoware_auto_control_msgs/lib'
[0.743s] Level 1:colcon.colcon_core.shell:create_environment_hook('autoware_auto_control_msgs', 'ld_library_path_lib')
[0.746s] INFO:colcon.colcon_core.shell:Creating environment hook '/home/tasl/autoware.universe-carla-ros-bridge/install/autoware_auto_control_msgs/share/autoware_auto_control_msgs/hook/ld_library_path_lib.ps1'
[0.746s] INFO:colcon.colcon_core.shell:Creating environment descriptor '/home/tasl/autoware.universe-carla-ros-bridge/install/autoware_auto_control_msgs/share/autoware_auto_control_msgs/hook/ld_library_path_lib.dsv'
[0.746s] INFO:colcon.colcon_core.shell:Creating environment hook '/home/tasl/autoware.universe-carla-ros-bridge/install/autoware_auto_control_msgs/share/autoware_auto_control_msgs/hook/ld_library_path_lib.sh'
[0.746s] Level 1:colcon.colcon_core.environment:checking '/home/tasl/autoware.universe-carla-ros-bridge/install/autoware_auto_control_msgs/bin'
[0.747s] Level 1:colcon.colcon_core.environment:checking '/home/tasl/autoware.universe-carla-ros-bridge/install/autoware_auto_control_msgs/lib/pkgconfig/autoware_auto_control_msgs.pc'
[0.747s] Level 1:colcon.colcon_core.environment:checking '/home/tasl/autoware.universe-carla-ros-bridge/install/autoware_auto_control_msgs/lib/python3.8/site-packages'
[0.747s] Level 1:colcon.colcon_core.shell:create_environment_hook('autoware_auto_control_msgs', 'pythonpath')
[0.749s] INFO:colcon.colcon_core.shell:Creating environment hook '/home/tasl/autoware.universe-carla-ros-bridge/install/autoware_auto_control_msgs/share/autoware_auto_control_msgs/hook/pythonpath.ps1'
[0.749s] INFO:colcon.colcon_core.shell:Creating environment descriptor '/home/tasl/autoware.universe-carla-ros-bridge/install/autoware_auto_control_msgs/share/autoware_auto_control_msgs/hook/pythonpath.dsv'
[0.749s] INFO:colcon.colcon_core.shell:Creating environment hook '/home/tasl/autoware.universe-carla-ros-bridge/install/autoware_auto_control_msgs/share/autoware_auto_control_msgs/hook/pythonpath.sh'
[0.750s] Level 1:colcon.colcon_core.environment:checking '/home/tasl/autoware.universe-carla-ros-bridge/install/autoware_auto_control_msgs/bin'
[0.752s] INFO:colcon.colcon_core.shell:Creating package script '/home/tasl/autoware.universe-carla-ros-bridge/install/autoware_auto_control_msgs/share/autoware_auto_control_msgs/package.ps1'
[0.753s] INFO:colcon.colcon_core.shell:Creating package descriptor '/home/tasl/autoware.universe-carla-ros-bridge/install/autoware_auto_control_msgs/share/autoware_auto_control_msgs/package.dsv'
[0.753s] INFO:colcon.colcon_core.shell:Creating package script '/home/tasl/autoware.universe-carla-ros-bridge/install/autoware_auto_control_msgs/share/autoware_auto_control_msgs/package.sh'
[0.753s] INFO:colcon.colcon_core.shell:Creating package script '/home/tasl/autoware.universe-carla-ros-bridge/install/autoware_auto_control_msgs/share/autoware_auto_control_msgs/package.bash'
[0.753s] INFO:colcon.colcon_core.shell:Creating package script '/home/tasl/autoware.universe-carla-ros-bridge/install/autoware_auto_control_msgs/share/autoware_auto_control_msgs/package.zsh'
[0.754s] Level 1:colcon.colcon_core.environment:create_file_with_runtime_dependencies(/home/tasl/autoware.universe-carla-ros-bridge/install/autoware_auto_control_msgs/share/colcon-core/packages/autoware_auto_control_msgs)
[0.774s] Level 1:colcon.colcon_core.environment:create_environment_scripts_only(autoware_auto_vehicle_msgs)
[0.777s] Level 1:colcon.colcon_core.environment:checking '/home/tasl/autoware.universe-carla-ros-bridge/install/autoware_auto_vehicle_msgs' for CMake module files
[0.778s] Level 1:colcon.colcon_core.environment:checking '/home/tasl/autoware.universe-carla-ros-bridge/install/autoware_auto_vehicle_msgs' for CMake config files
[0.778s] Level 1:colcon.colcon_core.shell:create_environment_hook('autoware_auto_vehicle_msgs', 'cmake_prefix_path')
[0.780s] INFO:colcon.colcon_core.shell:Creating environment hook '/home/tasl/autoware.universe-carla-ros-bridge/install/autoware_auto_vehicle_msgs/share/autoware_auto_vehicle_msgs/hook/cmake_prefix_path.ps1'
[0.781s] INFO:colcon.colcon_core.shell:Creating environment descriptor '/home/tasl/autoware.universe-carla-ros-bridge/install/autoware_auto_vehicle_msgs/share/autoware_auto_vehicle_msgs/hook/cmake_prefix_path.dsv'
[0.781s] INFO:colcon.colcon_core.shell:Creating environment hook '/home/tasl/autoware.universe-carla-ros-bridge/install/autoware_auto_vehicle_msgs/share/autoware_auto_vehicle_msgs/hook/cmake_prefix_path.sh'
[0.781s] Level 1:colcon.colcon_core.environment:checking '/home/tasl/autoware.universe-carla-ros-bridge/install/autoware_auto_vehicle_msgs/lib'
[0.781s] Level 1:colcon.colcon_core.shell:create_environment_hook('autoware_auto_vehicle_msgs', 'ld_library_path_lib')
[0.784s] INFO:colcon.colcon_core.shell:Creating environment hook '/home/tasl/autoware.universe-carla-ros-bridge/install/autoware_auto_vehicle_msgs/share/autoware_auto_vehicle_msgs/hook/ld_library_path_lib.ps1'
[0.784s] INFO:colcon.colcon_core.shell:Creating environment descriptor '/home/tasl/autoware.universe-carla-ros-bridge/install/autoware_auto_vehicle_msgs/share/autoware_auto_vehicle_msgs/hook/ld_library_path_lib.dsv'
[0.784s] INFO:colcon.colcon_core.shell:Creating environment hook '/home/tasl/autoware.universe-carla-ros-bridge/install/autoware_auto_vehicle_msgs/share/autoware_auto_vehicle_msgs/hook/ld_library_path_lib.sh'
[0.785s] Level 1:colcon.colcon_core.environment:checking '/home/tasl/autoware.universe-carla-ros-bridge/install/autoware_auto_vehicle_msgs/bin'
[0.785s] Level 1:colcon.colcon_core.environment:checking '/home/tasl/autoware.universe-carla-ros-bridge/install/autoware_auto_vehicle_msgs/lib/pkgconfig/autoware_auto_vehicle_msgs.pc'
[0.785s] Level 1:colcon.colcon_core.environment:checking '/home/tasl/autoware.universe-carla-ros-bridge/install/autoware_auto_vehicle_msgs/lib/python3.8/site-packages'
[0.785s] Level 1:colcon.colcon_core.shell:create_environment_hook('autoware_auto_vehicle_msgs', 'pythonpath')
[0.787s] INFO:colcon.colcon_core.shell:Creating environment hook '/home/tasl/autoware.universe-carla-ros-bridge/install/autoware_auto_vehicle_msgs/share/autoware_auto_vehicle_msgs/hook/pythonpath.ps1'
[0.788s] INFO:colcon.colcon_core.shell:Creating environment descriptor '/home/tasl/autoware.universe-carla-ros-bridge/install/autoware_auto_vehicle_msgs/share/autoware_auto_vehicle_msgs/hook/pythonpath.dsv'
[0.788s] INFO:colcon.colcon_core.shell:Creating environment hook '/home/tasl/autoware.universe-carla-ros-bridge/install/autoware_auto_vehicle_msgs/share/autoware_auto_vehicle_msgs/hook/pythonpath.sh'
[0.788s] Level 1:colcon.colcon_core.environment:checking '/home/tasl/autoware.universe-carla-ros-bridge/install/autoware_auto_vehicle_msgs/bin'
[0.791s] INFO:colcon.colcon_core.shell:Creating package script '/home/tasl/autoware.universe-carla-ros-bridge/install/autoware_auto_vehicle_msgs/share/autoware_auto_vehicle_msgs/package.ps1'
[0.791s] INFO:colcon.colcon_core.shell:Creating package descriptor '/home/tasl/autoware.universe-carla-ros-bridge/install/autoware_auto_vehicle_msgs/share/autoware_auto_vehicle_msgs/package.dsv'
[0.791s] INFO:colcon.colcon_core.shell:Creating package script '/home/tasl/autoware.universe-carla-ros-bridge/install/autoware_auto_vehicle_msgs/share/autoware_auto_vehicle_msgs/package.sh'
[0.792s] INFO:colcon.colcon_core.shell:Creating package script '/home/tasl/autoware.universe-carla-ros-bridge/install/autoware_auto_vehicle_msgs/share/autoware_auto_vehicle_msgs/package.bash'
[0.792s] INFO:colcon.colcon_core.shell:Creating package script '/home/tasl/autoware.universe-carla-ros-bridge/install/autoware_auto_vehicle_msgs/share/autoware_auto_vehicle_msgs/package.zsh'
[0.792s] Level 1:colcon.colcon_core.environment:create_file_with_runtime_dependencies(/home/tasl/autoware.universe-carla-ros-bridge/install/autoware_auto_vehicle_msgs/share/colcon-core/packages/autoware_auto_vehicle_msgs)
[0.812s] Level 1:colcon.colcon_core.environment:create_environment_scripts_only(autoware_auto_control_msgs)
[0.815s] Level 1:colcon.colcon_core.environment:checking '/home/tasl/autoware.universe-carla-ros-bridge/install/autoware_auto_control_msgs' for CMake module files
[0.816s] Level 1:colcon.colcon_core.environment:checking '/home/tasl/autoware.universe-carla-ros-bridge/install/autoware_auto_control_msgs' for CMake config files
[0.816s] Level 1:colcon.colcon_core.shell:create_environment_hook('autoware_auto_control_msgs', 'cmake_prefix_path')
[0.818s] INFO:colcon.colcon_core.shell:Creating environment hook '/home/tasl/autoware.universe-carla-ros-bridge/install/autoware_auto_control_msgs/share/autoware_auto_control_msgs/hook/cmake_prefix_path.ps1'
[0.819s] INFO:colcon.colcon_core.shell:Creating environment descriptor '/home/tasl/autoware.universe-carla-ros-bridge/install/autoware_auto_control_msgs/share/autoware_auto_control_msgs/hook/cmake_prefix_path.dsv'
[0.819s] INFO:colcon.colcon_core.shell:Creating environment hook '/home/tasl/autoware.universe-carla-ros-bridge/install/autoware_auto_control_msgs/share/autoware_auto_control_msgs/hook/cmake_prefix_path.sh'
[0.819s] Level 1:colcon.colcon_core.environment:checking '/home/tasl/autoware.universe-carla-ros-bridge/install/autoware_auto_control_msgs/lib'
[0.819s] Level 1:colcon.colcon_core.shell:create_environment_hook('autoware_auto_control_msgs', 'ld_library_path_lib')
[0.822s] INFO:colcon.colcon_core.shell:Creating environment hook '/home/tasl/autoware.universe-carla-ros-bridge/install/autoware_auto_control_msgs/share/autoware_auto_control_msgs/hook/ld_library_path_lib.ps1'
[0.822s] INFO:colcon.colcon_core.shell:Creating environment descriptor '/home/tasl/autoware.universe-carla-ros-bridge/install/autoware_auto_control_msgs/share/autoware_auto_control_msgs/hook/ld_library_path_lib.dsv'
[0.822s] INFO:colcon.colcon_core.shell:Creating environment hook '/home/tasl/autoware.universe-carla-ros-bridge/install/autoware_auto_control_msgs/share/autoware_auto_control_msgs/hook/ld_library_path_lib.sh'
[0.822s] Level 1:colcon.colcon_core.environment:checking '/home/tasl/autoware.universe-carla-ros-bridge/install/autoware_auto_control_msgs/bin'
[0.823s] Level 1:colcon.colcon_core.environment:checking '/home/tasl/autoware.universe-carla-ros-bridge/install/autoware_auto_control_msgs/lib/pkgconfig/autoware_auto_control_msgs.pc'
[0.823s] Level 1:colcon.colcon_core.environment:checking '/home/tasl/autoware.universe-carla-ros-bridge/install/autoware_auto_control_msgs/lib/python3.8/site-packages'
[0.823s] Level 1:colcon.colcon_core.shell:create_environment_hook('autoware_auto_control_msgs', 'pythonpath')
[0.825s] INFO:colcon.colcon_core.shell:Creating environment hook '/home/tasl/autoware.universe-carla-ros-bridge/install/autoware_auto_control_msgs/share/autoware_auto_control_msgs/hook/pythonpath.ps1'
[0.825s] INFO:colcon.colcon_core.shell:Creating environment descriptor '/home/tasl/autoware.universe-carla-ros-bridge/install/autoware_auto_control_msgs/share/autoware_auto_control_msgs/hook/pythonpath.dsv'
[0.826s] INFO:colcon.colcon_core.shell:Creating environment hook '/home/tasl/autoware.universe-carla-ros-bridge/install/autoware_auto_control_msgs/share/autoware_auto_control_msgs/hook/pythonpath.sh'
[0.826s] Level 1:colcon.colcon_core.environment:checking '/home/tasl/autoware.universe-carla-ros-bridge/install/autoware_auto_control_msgs/bin'
[0.828s] INFO:colcon.colcon_core.shell:Creating package script '/home/tasl/autoware.universe-carla-ros-bridge/install/autoware_auto_control_msgs/share/autoware_auto_control_msgs/package.ps1'
[0.829s] INFO:colcon.colcon_core.shell:Creating package descriptor '/home/tasl/autoware.universe-carla-ros-bridge/install/autoware_auto_control_msgs/share/autoware_auto_control_msgs/package.dsv'
[0.829s] INFO:colcon.colcon_core.shell:Creating package script '/home/tasl/autoware.universe-carla-ros-bridge/install/autoware_auto_control_msgs/share/autoware_auto_control_msgs/package.sh'
[0.829s] INFO:colcon.colcon_core.shell:Creating package script '/home/tasl/autoware.universe-carla-ros-bridge/install/autoware_auto_control_msgs/share/autoware_auto_control_msgs/package.bash'
[0.830s] INFO:colcon.colcon_core.shell:Creating package script '/home/tasl/autoware.universe-carla-ros-bridge/install/autoware_auto_control_msgs/share/autoware_auto_control_msgs/package.zsh'
[0.830s] Level 1:colcon.colcon_core.environment:create_file_with_runtime_dependencies(/home/tasl/autoware.universe-carla-ros-bridge/install/autoware_auto_control_msgs/share/colcon-core/packages/autoware_auto_control_msgs)
[0.858s] DEBUG:colcon.colcon_core.event_handler.log_command:Invoking command in '/home/tasl/autoware.universe-carla-ros-bridge/build/carla_msgs': CMAKE_PREFIX_PATH=${CMAKE_PREFIX_PATH}:/opt/ros/galactic /usr/bin/cmake --install /home/tasl/autoware.universe-carla-ros-bridge/build/carla_msgs
[0.907s] Level 1:colcon.colcon_core.environment:create_environment_scripts_only(carla_msgs)
[0.910s] Level 1:colcon.colcon_core.environment:checking '/home/tasl/autoware.universe-carla-ros-bridge/install/carla_msgs' for CMake module files
[0.911s] DEBUG:colcon.colcon_core.event_handler.log_command:Invoked command in '/home/tasl/autoware.universe-carla-ros-bridge/build/carla_msgs' returned '0': CMAKE_PREFIX_PATH=${CMAKE_PREFIX_PATH}:/opt/ros/galactic /usr/bin/cmake --install /home/tasl/autoware.universe-carla-ros-bridge/build/carla_msgs
[0.911s] Level 1:colcon.colcon_core.environment:checking '/home/tasl/autoware.universe-carla-ros-bridge/install/carla_msgs' for CMake config files
[0.912s] Level 1:colcon.colcon_core.shell:create_environment_hook('carla_msgs', 'cmake_prefix_path')
[0.914s] INFO:colcon.colcon_core.shell:Creating environment hook '/home/tasl/autoware.universe-carla-ros-bridge/install/carla_msgs/share/carla_msgs/hook/cmake_prefix_path.ps1'
[0.914s] INFO:colcon.colcon_core.shell:Creating environment descriptor '/home/tasl/autoware.universe-carla-ros-bridge/install/carla_msgs/share/carla_msgs/hook/cmake_prefix_path.dsv'
[0.914s] INFO:colcon.colcon_core.shell:Creating environment hook '/home/tasl/autoware.universe-carla-ros-bridge/install/carla_msgs/share/carla_msgs/hook/cmake_prefix_path.sh'
[0.915s] Level 1:colcon.colcon_core.environment:checking '/home/tasl/autoware.universe-carla-ros-bridge/install/carla_msgs/lib'
[0.915s] Level 1:colcon.colcon_core.shell:create_environment_hook('carla_msgs', 'ld_library_path_lib')
[0.917s] INFO:colcon.colcon_core.shell:Creating environment hook '/home/tasl/autoware.universe-carla-ros-bridge/install/carla_msgs/share/carla_msgs/hook/ld_library_path_lib.ps1'
[0.917s] INFO:colcon.colcon_core.shell:Creating environment descriptor '/home/tasl/autoware.universe-carla-ros-bridge/install/carla_msgs/share/carla_msgs/hook/ld_library_path_lib.dsv'
[0.917s] INFO:colcon.colcon_core.shell:Creating environment hook '/home/tasl/autoware.universe-carla-ros-bridge/install/carla_msgs/share/carla_msgs/hook/ld_library_path_lib.sh'
[0.918s] Level 1:colcon.colcon_core.environment:checking '/home/tasl/autoware.universe-carla-ros-bridge/install/carla_msgs/bin'
[0.918s] Level 1:colcon.colcon_core.environment:checking '/home/tasl/autoware.universe-carla-ros-bridge/install/carla_msgs/lib/pkgconfig/carla_msgs.pc'
[0.918s] Level 1:colcon.colcon_core.environment:checking '/home/tasl/autoware.universe-carla-ros-bridge/install/carla_msgs/lib/python3.8/site-packages'
[0.918s] Level 1:colcon.colcon_core.shell:create_environment_hook('carla_msgs', 'pythonpath')
[0.920s] INFO:colcon.colcon_core.shell:Creating environment hook '/home/tasl/autoware.universe-carla-ros-bridge/install/carla_msgs/share/carla_msgs/hook/pythonpath.ps1'
[0.920s] INFO:colcon.colcon_core.shell:Creating environment descriptor '/home/tasl/autoware.universe-carla-ros-bridge/install/carla_msgs/share/carla_msgs/hook/pythonpath.dsv'
[0.920s] INFO:colcon.colcon_core.shell:Creating environment hook '/home/tasl/autoware.universe-carla-ros-bridge/install/carla_msgs/share/carla_msgs/hook/pythonpath.sh'
[0.921s] Level 1:colcon.colcon_core.environment:checking '/home/tasl/autoware.universe-carla-ros-bridge/install/carla_msgs/bin'
[0.923s] INFO:colcon.colcon_core.shell:Creating package script '/home/tasl/autoware.universe-carla-ros-bridge/install/carla_msgs/share/carla_msgs/package.ps1'
[0.923s] INFO:colcon.colcon_core.shell:Creating package descriptor '/home/tasl/autoware.universe-carla-ros-bridge/install/carla_msgs/share/carla_msgs/package.dsv'
[0.924s] INFO:colcon.colcon_core.shell:Creating package script '/home/tasl/autoware.universe-carla-ros-bridge/install/carla_msgs/share/carla_msgs/package.sh'
[0.924s] INFO:colcon.colcon_core.shell:Creating package script '/home/tasl/autoware.universe-carla-ros-bridge/install/carla_msgs/share/carla_msgs/package.bash'
[0.924s] INFO:colcon.colcon_core.shell:Creating package script '/home/tasl/autoware.universe-carla-ros-bridge/install/carla_msgs/share/carla_msgs/package.zsh'
[0.924s] Level 1:colcon.colcon_core.environment:create_file_with_runtime_dependencies(/home/tasl/autoware.universe-carla-ros-bridge/install/carla_msgs/share/colcon-core/packages/carla_msgs)
[1.121s] Level 1:colcon.colcon_core.environment:create_environment_scripts_only(carla_msgs)
[1.124s] Level 1:colcon.colcon_core.environment:checking '/home/tasl/autoware.universe-carla-ros-bridge/install/carla_msgs' for CMake module files
[1.124s] Level 1:colcon.colcon_core.environment:checking '/home/tasl/autoware.universe-carla-ros-bridge/install/carla_msgs' for CMake config files
[1.125s] Level 1:colcon.colcon_core.shell:create_environment_hook('carla_msgs', 'cmake_prefix_path')
[1.127s] INFO:colcon.colcon_core.shell:Creating environment hook '/home/tasl/autoware.universe-carla-ros-bridge/install/carla_msgs/share/carla_msgs/hook/cmake_prefix_path.ps1'
[1.128s] INFO:colcon.colcon_core.shell:Creating environment descriptor '/home/tasl/autoware.universe-carla-ros-bridge/install/carla_msgs/share/carla_msgs/hook/cmake_prefix_path.dsv'
[1.128s] INFO:colcon.colcon_core.shell:Creating environment hook '/home/tasl/autoware.universe-carla-ros-bridge/install/carla_msgs/share/carla_msgs/hook/cmake_prefix_path.sh'
[1.128s] Level 1:colcon.colcon_core.environment:checking '/home/tasl/autoware.universe-carla-ros-bridge/install/carla_msgs/lib'
[1.128s] Level 1:colcon.colcon_core.shell:create_environment_hook('carla_msgs', 'ld_library_path_lib')
[1.131s] INFO:colcon.colcon_core.shell:Creating environment hook '/home/tasl/autoware.universe-carla-ros-bridge/install/carla_msgs/share/carla_msgs/hook/ld_library_path_lib.ps1'
[1.131s] INFO:colcon.colcon_core.shell:Creating environment descriptor '/home/tasl/autoware.universe-carla-ros-bridge/install/carla_msgs/share/carla_msgs/hook/ld_library_path_lib.dsv'
[1.131s] INFO:colcon.colcon_core.shell:Creating environment hook '/home/tasl/autoware.universe-carla-ros-bridge/install/carla_msgs/share/carla_msgs/hook/ld_library_path_lib.sh'
[1.131s] Level 1:colcon.colcon_core.environment:checking '/home/tasl/autoware.universe-carla-ros-bridge/install/carla_msgs/bin'
[1.131s] Level 1:colcon.colcon_core.environment:checking '/home/tasl/autoware.universe-carla-ros-bridge/install/carla_msgs/lib/pkgconfig/carla_msgs.pc'
[1.131s] Level 1:colcon.colcon_core.environment:checking '/home/tasl/autoware.universe-carla-ros-bridge/install/carla_msgs/lib/python3.8/site-packages'
[1.131s] Level 1:colcon.colcon_core.shell:create_environment_hook('carla_msgs', 'pythonpath')
[1.134s] INFO:colcon.colcon_core.shell:Creating environment hook '/home/tasl/autoware.universe-carla-ros-bridge/install/carla_msgs/share/carla_msgs/hook/pythonpath.ps1'
[1.134s] INFO:colcon.colcon_core.shell:Creating environment descriptor '/home/tasl/autoware.universe-carla-ros-bridge/install/carla_msgs/share/carla_msgs/hook/pythonpath.dsv'
[1.134s] INFO:colcon.colcon_core.shell:Creating environment hook '/home/tasl/autoware.universe-carla-ros-bridge/install/carla_msgs/share/carla_msgs/hook/pythonpath.sh'
[1.134s] Level 1:colcon.colcon_core.environment:checking '/home/tasl/autoware.universe-carla-ros-bridge/install/carla_msgs/bin'
[1.137s] INFO:colcon.colcon_core.shell:Creating package script '/home/tasl/autoware.universe-carla-ros-bridge/install/carla_msgs/share/carla_msgs/package.ps1'
[1.137s] INFO:colcon.colcon_core.shell:Creating package descriptor '/home/tasl/autoware.universe-carla-ros-bridge/install/carla_msgs/share/carla_msgs/package.dsv'
[1.137s] INFO:colcon.colcon_core.shell:Creating package script '/home/tasl/autoware.universe-carla-ros-bridge/install/carla_msgs/share/carla_msgs/package.sh'
[1.138s] INFO:colcon.colcon_core.shell:Creating package script '/home/tasl/autoware.universe-carla-ros-bridge/install/carla_msgs/share/carla_msgs/package.bash'
[1.138s] INFO:colcon.colcon_core.shell:Creating package script '/home/tasl/autoware.universe-carla-ros-bridge/install/carla_msgs/share/carla_msgs/package.zsh'
[1.139s] Level 1:colcon.colcon_core.environment:create_file_with_runtime_dependencies(/home/tasl/autoware.universe-carla-ros-bridge/install/carla_msgs/share/colcon-core/packages/carla_msgs)
[1.139s] INFO:colcon.colcon_ros.task.ament_cmake.build:Building ROS package in '/home/tasl/autoware.universe-carla-ros-bridge/autoware_ros_bridge_carla' with build type 'ament_cmake'
[1.139s] INFO:colcon.colcon_cmake.task.cmake.build:Building CMake package in '/home/tasl/autoware.universe-carla-ros-bridge/autoware_ros_bridge_carla'
[1.141s] INFO:colcon.colcon_core.shell:Skip shell extension 'powershell' for command environment: Not usable outside of PowerShell
[1.141s] DEBUG:colcon.colcon_core.shell:Skip shell extension 'dsv' for command environment
[1.155s] DEBUG:colcon.colcon_core.event_handler.log_command:Invoking command in '/home/tasl/autoware.universe-carla-ros-bridge/build/autoware_ros_bridge_carla': AMENT_PREFIX_PATH=/home/tasl/autoware.universe-carla-ros-bridge/install/carla_msgs:${AMENT_PREFIX_PATH} CMAKE_PREFIX_PATH=/opt/ros/galactic:/home/tasl/autoware.universe-carla-ros-bridge/install/carla_msgs:/home/tasl/autoware.universe-carla-ros-bridge/install/autoware_auto_vehicle_msgs:/home/tasl/autoware.universe-carla-ros-bridge/install/autoware_auto_control_msgs:/home/tasl/autoware.universe-carla-ros-bridge/install/autoware_ros_bridge_carla LD_LIBRARY_PATH=/home/tasl/autoware.universe-carla-ros-bridge/install/carla_msgs/lib:${LD_LIBRARY_PATH} PYTHONPATH=/home/tasl/autoware.universe-carla-ros-bridge/install/carla_msgs/lib/python3.8/site-packages:${PYTHONPATH} /usr/bin/cmake --build /home/tasl/autoware.universe-carla-ros-bridge/build/autoware_ros_bridge_carla -- -j16 -l16
[4.332s] DEBUG:colcon.colcon_core.event_handler.log_command:Invoked command in '/home/tasl/autoware.universe-carla-ros-bridge/build/autoware_ros_bridge_carla' returned '2': AMENT_PREFIX_PATH=/home/tasl/autoware.universe-carla-ros-bridge/install/carla_msgs:${AMENT_PREFIX_PATH} CMAKE_PREFIX_PATH=/opt/ros/galactic:/home/tasl/autoware.universe-carla-ros-bridge/install/carla_msgs:/home/tasl/autoware.universe-carla-ros-bridge/install/autoware_auto_vehicle_msgs:/home/tasl/autoware.universe-carla-ros-bridge/install/autoware_auto_control_msgs:/home/tasl/autoware.universe-carla-ros-bridge/install/autoware_ros_bridge_carla LD_LIBRARY_PATH=/home/tasl/autoware.universe-carla-ros-bridge/install/carla_msgs/lib:${LD_LIBRARY_PATH} PYTHONPATH=/home/tasl/autoware.universe-carla-ros-bridge/install/carla_msgs/lib/python3.8/site-packages:${PYTHONPATH} /usr/bin/cmake --build /home/tasl/autoware.universe-carla-ros-bridge/build/autoware_ros_bridge_carla -- -j16 -l16
[4.357s] Level 1:colcon.colcon_core.environment:create_environment_scripts_only(autoware_ros_bridge_carla)
[4.360s] Level 1:colcon.colcon_core.environment:checking '/home/tasl/autoware.universe-carla-ros-bridge/install/autoware_ros_bridge_carla' for CMake module files
[4.360s] Level 1:colcon.colcon_core.environment:checking '/home/tasl/autoware.universe-carla-ros-bridge/install/autoware_ros_bridge_carla' for CMake config files
[4.361s] Level 1:colcon.colcon_core.shell:create_environment_hook('autoware_ros_bridge_carla', 'cmake_prefix_path')
[4.363s] INFO:colcon.colcon_core.shell:Creating environment hook '/home/tasl/autoware.universe-carla-ros-bridge/install/autoware_ros_bridge_carla/share/autoware_ros_bridge_carla/hook/cmake_prefix_path.ps1'
[4.363s] INFO:colcon.colcon_core.shell:Creating environment descriptor '/home/tasl/autoware.universe-carla-ros-bridge/install/autoware_ros_bridge_carla/share/autoware_ros_bridge_carla/hook/cmake_prefix_path.dsv'
[4.363s] INFO:colcon.colcon_core.shell:Creating environment hook '/home/tasl/autoware.universe-carla-ros-bridge/install/autoware_ros_bridge_carla/share/autoware_ros_bridge_carla/hook/cmake_prefix_path.sh'
[4.364s] Level 1:colcon.colcon_core.environment:checking '/home/tasl/autoware.universe-carla-ros-bridge/install/autoware_ros_bridge_carla/lib'
[4.364s] Level 1:colcon.colcon_core.environment:checking '/home/tasl/autoware.universe-carla-ros-bridge/install/autoware_ros_bridge_carla/bin'
[4.364s] Level 1:colcon.colcon_core.environment:checking '/home/tasl/autoware.universe-carla-ros-bridge/install/autoware_ros_bridge_carla/lib/pkgconfig/autoware_ros_bridge_carla.pc'
[4.364s] Level 1:colcon.colcon_core.environment:checking '/home/tasl/autoware.universe-carla-ros-bridge/install/autoware_ros_bridge_carla/lib/python3.8/site-packages'
[4.364s] Level 1:colcon.colcon_core.environment:checking '/home/tasl/autoware.universe-carla-ros-bridge/install/autoware_ros_bridge_carla/bin'
[4.367s] INFO:colcon.colcon_core.shell:Creating package script '/home/tasl/autoware.universe-carla-ros-bridge/install/autoware_ros_bridge_carla/share/autoware_ros_bridge_carla/package.ps1'
[4.367s] INFO:colcon.colcon_core.shell:Creating package descriptor '/home/tasl/autoware.universe-carla-ros-bridge/install/autoware_ros_bridge_carla/share/autoware_ros_bridge_carla/package.dsv'
[4.367s] INFO:colcon.colcon_core.shell:Creating package script '/home/tasl/autoware.universe-carla-ros-bridge/install/autoware_ros_bridge_carla/share/autoware_ros_bridge_carla/package.sh'
[4.368s] INFO:colcon.colcon_core.shell:Creating package script '/home/tasl/autoware.universe-carla-ros-bridge/install/autoware_ros_bridge_carla/share/autoware_ros_bridge_carla/package.bash'
[4.368s] INFO:colcon.colcon_core.shell:Creating package script '/home/tasl/autoware.universe-carla-ros-bridge/install/autoware_ros_bridge_carla/share/autoware_ros_bridge_carla/package.zsh'
[4.368s] Level 1:colcon.colcon_core.environment:create_file_with_runtime_dependencies(/home/tasl/autoware.universe-carla-ros-bridge/install/autoware_ros_bridge_carla/share/colcon-core/packages/autoware_ros_bridge_carla)
[4.378s] DEBUG:colcon.colcon_parallel_executor.executor.parallel:closing loop
[4.379s] DEBUG:colcon.colcon_parallel_executor.executor.parallel:loop closed
[4.379s] DEBUG:colcon.colcon_parallel_executor.executor.parallel:run_until_complete finished with '2'
[4.379s] DEBUG:colcon.colcon_core.event_reactor:joining thread
[4.384s] INFO:colcon.colcon_core.plugin_system:Skipping extension 'colcon_notification.desktop_notification.terminal_notifier': Not used on non-Darwin systems
[4.384s] INFO:colcon.colcon_core.plugin_system:Skipping extension 'colcon_notification.desktop_notification.win32': Not used on non-Windows systems
[4.385s] INFO:colcon.colcon_notification.desktop_notification:Sending desktop notification using 'notify2'
[4.398s] DEBUG:colcon.colcon_core.event_reactor:joined thread
[4.402s] INFO:colcon.colcon_core.shell:Creating prefix script '/home/tasl/autoware.universe-carla-ros-bridge/install/local_setup.ps1'
[4.403s] INFO:colcon.colcon_core.shell:Creating prefix util module '/home/tasl/autoware.universe-carla-ros-bridge/install/_local_setup_util_ps1.py'
[4.404s] INFO:colcon.colcon_core.shell:Creating prefix chain script '/home/tasl/autoware.universe-carla-ros-bridge/install/setup.ps1'
[4.405s] INFO:colcon.colcon_core.shell:Creating prefix script '/home/tasl/autoware.universe-carla-ros-bridge/install/local_setup.sh'
[4.405s] INFO:colcon.colcon_core.shell:Creating prefix util module '/home/tasl/autoware.universe-carla-ros-bridge/install/_local_setup_util_sh.py'
[4.406s] INFO:colcon.colcon_core.shell:Creating prefix chain script '/home/tasl/autoware.universe-carla-ros-bridge/install/setup.sh'
[4.407s] INFO:colcon.colcon_core.shell:Creating prefix script '/home/tasl/autoware.universe-carla-ros-bridge/install/local_setup.bash'
[4.407s] INFO:colcon.colcon_core.shell:Creating prefix chain script '/home/tasl/autoware.universe-carla-ros-bridge/install/setup.bash'
[4.409s] INFO:colcon.colcon_core.shell:Creating prefix script '/home/tasl/autoware.universe-carla-ros-bridge/install/local_setup.zsh'
[4.409s] INFO:colcon.colcon_core.shell:Creating prefix chain script '/home/tasl/autoware.universe-carla-ros-bridge/install/setup.zsh'
